---------------------------------------------------------------------------------------------------------------
      name:  <unnamed>
       log:  C:\Users\peleg\OneDrive\Documents\Victor\Other\Teacher Bonuses\For publication\Reproduction\logs\R
> eplication_T7_19Oct19.log
  log type:  text
 opened on:  19 Oct 2019, 11:38:56

. 
. use data\PublicationDataSet, clear

. 
. *rename some variables so that it easier to loop through the groups
. rename house_avwage00_02H hi

. 
. gen girl=(boy!=1)

. gen hiXtreatment=(hi==1 & treatment==1)

. gen hiXafter=(hi==1 & after==1)

. gen hiXaftXtreat=(hi==1 & after==1 & treatment==1)

. 
. local i = 0

. foreach var1 in att_lgcr att_lgsc awr_lgcr e_awr_lgcr educav educem m_ahim {
  2.                         gen `var1'hi=att_lgcr*hi
  3.                         }

. 
. 
. *This table only details results for the NE sample, but this can be changed here                
. foreach sample in NE {
  2.   
. 
.         local i = `i' + 1
  3.                                                 
.         foreach group in q4 {
  4.                 
.                 *preserve and restore the data if you add sample or groups      
.                 *preserve
.                         keep if `sample' == 1 & `group' == 1 
  5. 
.                         di "***************************************************************"
  6.                         di "***************************************************************"
  7.                         di ""
  8.                         di "Sample: `sample'"
  9.                         di ""
 10.                         di "Group: `group'"
 11.                         di ""
 12.                         di "***************************************************************"
 13.                         di "***************************************************************"
 14.                         
.                         *choose variables
.                         foreach var in marr kids {
 15.                         *choose years after graduation
.                         foreach yearsAfterSchool in 11{
 16.                         
.                         
.                         
.                                 di "*********************************************************"
 17.                                 di ""
 18.                                 di "SIMPLE DD with FE and controls"
 19.                                 di ""
 20.                                 di "Outcome: `var'"
 21.                                 di ""
 22.                                 di "Cohorts: 2000,2001"
 23.                                 di ""
 24.                                 di "Sample: `sample'"
 25.                                 di ""
 26.                                 di "*********************************************************"
 27.                                 di ""
 28.                                 
.                                 *i is used to run both with and without weighting (see text)            
.                                 if `i' != 3 {
 29.                                 di "all"        
 30.                                 reg `var'_`yearsAfterSchool'_afterSchool afterXtreatment boy att_lgcr att_
> lgsc awr_lgcr e_awr_lgcr att_lgcrhi att_lgschi awr_lgcrhi e_awr_lgcrhi asiafr ole  educav educem m_ahim educa
> vhi educemhi m_ahimhi i.year i.school_code [fweight=hoodWeight], cluster(school_code)
 31.                                 sum `var'_`yearsAfterSchool'_afterSchool if year==2000 & treatment==1 & `s
> ample' == 1 & `group' == 1 [fweight=hoodWeight]
 32. 
.                                 di "boys"       
 33.                                 reg `var'_`yearsAfterSchool'_afterSchool afterXtreatment boy   att_lgcr at
> t_lgsc awr_lgcr e_awr_lgcr att_lgcrhi att_lgschi awr_lgcrhi e_awr_lgcrhi asiafr ole  educav educem m_ahim edu
> cavhi educemhi m_ahimhi i.year i.school_code [fweight=hoodWeight] if boy==1, cluster(school_code)
 34.                                 sum `var'_`yearsAfterSchool'_afterSchool if year==2000 & treatment==1 & `s
> ample' == 1 & `group' == 1 & boy==1 [fweight=hoodWeight]
 35. 
.                                 
.                                 di "girls"              
 36.                                 reg `var'_`yearsAfterSchool'_afterSchool afterXtreatment boy    att_lgcr a
> tt_lgsc awr_lgcr e_awr_lgcr att_lgcrhi att_lgschi awr_lgcrhi e_awr_lgcrhi asiafr ole  educav educem m_ahim ed
> ucavhi educemhi m_ahimhi i.year i.school_code [fweight=hoodWeight] if boy==0, cluster(school_code)
 37.                                 sum `var'_`yearsAfterSchool'_afterSchool if year==2000 & treatment==1 & `s
> ample' == 1 & `group' == 1 & boy==0 [fweight=hoodWeight]
 38. 
.                                 di "high income"
 39.                                 reg `var'_`yearsAfterSchool'_afterSchool afterXtreatment boy   att_lgcr at
> t_lgsc awr_lgcr e_awr_lgcr att_lgcrhi att_lgschi awr_lgcrhi e_awr_lgcrhi asiafr ole  educav educem m_ahim edu
> cavhi educemhi m_ahimhi i.year i.school_code [fweight=hoodWeight] if hi==1, cluster(school_code)
 40.                                 sum `var'_`yearsAfterSchool'_afterSchool if year==2000 & treatment==1 & `s
> ample' == 1 & `group' == 1 & hi==1 [fweight=hoodWeight]
 41. 
.                                 di "low income"
 42.                                 reg `var'_`yearsAfterSchool'_afterSchool afterXtreatment boy   att_lgcr at
> t_lgsc awr_lgcr e_awr_lgcr att_lgcrhi att_lgschi awr_lgcrhi e_awr_lgcrhi asiafr ole  educav educem m_ahim edu
> cavhi educemhi m_ahimhi i.year i.school_code [fweight=hoodWeight] if hi==0, cluster(school_code)
 43.                                 sum `var'_`yearsAfterSchool'_afterSchool if year==2000 & treatment==1 & `s
> ample' == 1 & `group' == 1 & hi==0 [fweight=hoodWeight]
 44. 
.                                 
.                                 di "low income and cluster semelmos year"
 45.                                 reg `var'_`yearsAfterSchool'_afterSchool afterXtreatment boy   att_lgcr at
> t_lgsc awr_lgcr e_awr_lgcr att_lgcrhi att_lgschi awr_lgcrhi e_awr_lgcrhi asiafr ole  educav educem m_ahim edu
> cavhi educemhi m_ahimhi i.year i.school_code [fweight=hoodWeight] if hi==0, cluster(school_codeYear)
 46.                                 sum `var'_`yearsAfterSchool'_afterSchool if year==2000 & treatment==1 & `s
> ample' == 1 & `group' == 1 & hi==0 [fweight=hoodWeight]
 47. 
.                                 }
 48.                                                         
.                                 
.                                 
.                                 
.                                 else{
 49.                                 xi: reg `var'_`yearsAfterSchool'_afterSchool afterXtreatment att_lgcr att_
> lgsc awr_lgcr e_awr_lgcr asiafr ole boy educav educem m_ahim i.year i.school_code, cluster(school_code)
 50.                                 }
 51.                                 }
 52.                                 
.                                 }
 53.                                 *restore if more groups are run                         
.                                 *restore
.                                 }               
 54. 
.                         */
.                                 }
(3,361 observations deleted)
***************************************************************
***************************************************************

Sample: NE

Group: q4

***************************************************************
***************************************************************
*********************************************************

SIMPLE DD with FE and controls

Outcome: marr

Cohorts: 2000,2001

Sample: NE

*********************************************************

all
note: att_lgschi omitted because of collinearity
note: awr_lgcrhi omitted because of collinearity
note: e_awr_lgcrhi omitted because of collinearity
note: educavhi omitted because of collinearity
note: educemhi omitted because of collinearity
note: m_ahimhi omitted because of collinearity

Linear regression                               Number of obs     =     15,903
                                                F(12, 35)         =          .
                                                Prob > F          =          .
                                                R-squared         =     0.1174
                                                Root MSE          =     .46968

                              (Std. Err. adjusted for 36 clusters in school_code)
---------------------------------------------------------------------------------
                |               Robust
marr_11_after~l |      Coef.   Std. Err.      t    P>|t|     [95% Conf. Interval]
----------------+----------------------------------------------------------------
afterXtreatment |  -.0109714   .0184829    -0.59   0.557    -.0484937     .026551
            boy |  -.2476961   .0144478   -17.14   0.000    -.2770267   -.2183655
       att_lgcr |   .0106047   .0055541     1.91   0.064    -.0006706    .0218801
       att_lgsc |  -.0010836   .0003274    -3.31   0.002    -.0017482    -.000419
       awr_lgcr |  -.0076515   .0071109    -1.08   0.289    -.0220875    .0067845
     e_awr_lgcr |  -.0033045   .0097861    -0.34   0.738    -.0231714    .0165623
     att_lgcrhi |   -.000545   .0020894    -0.26   0.796    -.0047867    .0036968
     att_lgschi |          0  (omitted)
     awr_lgcrhi |          0  (omitted)
   e_awr_lgcrhi |          0  (omitted)
         asiafr |    .024215   .0124704     1.94   0.060    -.0011013    .0495313
            ole |   .0353607    .054505     0.65   0.521    -.0752904    .1460118
         educav |  -.0001224   .0031083    -0.04   0.969    -.0064327    .0061879
         educem |   .0029352   .0024083     1.22   0.231    -.0019539    .0078243
         m_ahim |   .0020765   .0045073     0.46   0.648    -.0070739    .0112268
       educavhi |          0  (omitted)
       educemhi |          0  (omitted)
       m_ahimhi |          0  (omitted)
                |
           year |
          2001  |  -.0768508   .0094342    -8.15   0.000    -.0960033   -.0576982
                |
    school_code |
             2  |   .1197294   .0183405     6.53   0.000     .0824963    .1569625
             4  |   .2806491   .0185012    15.17   0.000     .2430896    .3182085
             8  |   -.221584   .0137314   -16.14   0.000    -.2494602   -.1937077
             9  |   .0571803    .014302     4.00   0.000     .0281457    .0862149
            10  |  -.0290732   .0055932    -5.20   0.000    -.0404279   -.0177185
            12  |    .051321   .0125081     4.10   0.000     .0259282    .0767138
            15  |   .1629449   .0153897    10.59   0.000     .1317022    .1941876
            16  |   .0926845   .0122501     7.57   0.000     .0678154    .1175536
            17  |   .2200526   .0144467    15.23   0.000     .1907243    .2493809
            18  |  -.0459363   .0194012    -2.37   0.024    -.0853229   -.0065498
            19  |   .0993222   .0121826     8.15   0.000     .0745901    .1240542
            20  |   .0504844   .0144549     3.49   0.001     .0211395    .0798294
            21  |   .2813012   .0157169    17.90   0.000     .2493943    .3132082
            22  |   .0266082   .0042567     6.25   0.000     .0179667    .0352497
            23  |   .2508596   .0148892    16.85   0.000      .220633    .2810862
            24  |   .0930611   .0101268     9.19   0.000     .0725026    .1136197
            25  |  -.1147504   .0134114    -8.56   0.000     -.141977   -.0875239
            26  |   .0089622   .0189584     0.47   0.639    -.0295255    .0474498
            27  |   .0966954   .0205441     4.71   0.000     .0549885    .1384022
            28  |   .0148543   .0104482     1.42   0.164    -.0063567    .0360654
            29  |   .0005164   .0072373     0.07   0.944    -.0141762    .0152089
            30  |   -.073018    .014032    -5.20   0.000    -.1015044   -.0445315
            32  |   .1697956   .0201797     8.41   0.000     .1288286    .2107625
            35  |   .3324871   .0131284    25.33   0.000      .305835    .3591392
            36  |   .1016549   .0145501     6.99   0.000     .0721168    .1311931
            37  |  -.0358198   .0059014    -6.07   0.000    -.0478004   -.0238392
            38  |   .2424491   .0146915    16.50   0.000     .2126238    .2722744
            39  |   .3022747   .0204803    14.76   0.000     .2606975    .3438518
            40  |   .1128199   .0172809     6.53   0.000     .0777379    .1479019
            41  |  -.1466057   .0100919   -14.53   0.000    -.1670932   -.1261181
            42  |   .0590982   .0111061     5.32   0.000     .0365515    .0816448
            44  |   .0010757   .0266325     0.04   0.968    -.0529912    .0551425
            46  |   .0415878   .0123899     3.36   0.002     .0164349    .0667406
            47  |  -.2279067   .0073194   -31.14   0.000    -.2427658   -.2130475
            48  |   .2367403   .0182896    12.94   0.000     .1996105    .2738701
                |
          _cons |   .6360007   .0465592    13.66   0.000     .5414805    .7305209
---------------------------------------------------------------------------------

    Variable |        Obs        Mean    Std. Dev.       Min        Max
-------------+---------------------------------------------------------
marr_11_af~l |      4,171    .5835531    .4930286          0          1
boys
note: boy omitted because of collinearity
note: att_lgschi omitted because of collinearity
note: awr_lgcrhi omitted because of collinearity
note: e_awr_lgcrhi omitted because of collinearity
note: educavhi omitted because of collinearity
note: educemhi omitted because of collinearity
note: m_ahimhi omitted because of collinearity

Linear regression                               Number of obs     =      7,710
                                                F(11, 33)         =          .
                                                Prob > F          =          .
                                                R-squared         =     0.0897
                                                Root MSE          =     .47222

                              (Std. Err. adjusted for 34 clusters in school_code)
---------------------------------------------------------------------------------
                |               Robust
marr_11_after~l |      Coef.   Std. Err.      t    P>|t|     [95% Conf. Interval]
----------------+----------------------------------------------------------------
afterXtreatment |  -.0054831   .0287024    -0.19   0.850    -.0638786    .0529125
            boy |          0  (omitted)
       att_lgcr |   .0056121   .0077662     0.72   0.475    -.0101884    .0214127
       att_lgsc |   -.001433   .0005406    -2.65   0.012    -.0025328   -.0003333
       awr_lgcr |  -.0014195   .0096571    -0.15   0.884    -.0210671    .0182281
     e_awr_lgcr |  -.0076815   .0159782    -0.48   0.634    -.0401894    .0248264
     att_lgcrhi |   .0005926   .0029516     0.20   0.842    -.0054125    .0065978
     att_lgschi |          0  (omitted)
     awr_lgcrhi |          0  (omitted)
   e_awr_lgcrhi |          0  (omitted)
         asiafr |   .0218093    .018673     1.17   0.251    -.0161813    .0597999
            ole |  -.0243234   .0655515    -0.37   0.713     -.157689    .1090421
         educav |   .0008578   .0042016     0.20   0.839    -.0076904    .0094061
         educem |   .0026454   .0039313     0.67   0.506     -.005353    .0106437
         m_ahim |   .0132218   .0060785     2.18   0.037      .000855    .0255886
       educavhi |          0  (omitted)
       educemhi |          0  (omitted)
       m_ahimhi |          0  (omitted)
                |
           year |
          2001  |  -.0969305   .0118248    -8.20   0.000    -.1209883   -.0728726
                |
    school_code |
             2  |   .1112643   .0206787     5.38   0.000     .0691932    .1533354
             4  |   .2225882   .0237452     9.37   0.000     .1742782    .2708982
             8  |  -.1644265    .020816    -7.90   0.000     -.206777   -.1220761
             9  |    .073972   .0144776     5.11   0.000      .044517     .103427
            10  |  -.0969592   .0088532   -10.95   0.000    -.1149711   -.0789473
            12  |   .0341558   .0117993     2.89   0.007       .01015    .0581616
            15  |   .5714548   .0233148    24.51   0.000     .5240206    .6188891
            16  |   .0296058   .0146245     2.02   0.051     -.000148    .0593596
            17  |   .2204635   .0196735    11.21   0.000     .1804375    .2604895
            18  |  -.0026455   .0246744    -0.11   0.915     -.052846    .0475549
            19  |   .0420595   .0173866     2.42   0.021     .0066863    .0774327
            20  |   .0713818    .013783     5.18   0.000     .0433402    .0994235
            22  |   .0328751   .0076212     4.31   0.000     .0173696    .0483806
            23  |   .2511177   .0198685    12.64   0.000     .2106948    .2915405
            24  |    .096216   .0151109     6.37   0.000     .0654726    .1269594
            25  |  -.0878457   .0217711    -4.03   0.000    -.1321392   -.0435521
            26  |   .0600827   .0255884     2.35   0.025     .0080227    .1121427
            28  |   .0209106   .0148152     1.41   0.167    -.0092311    .0510524
            29  |   .0296816   .0107842     2.75   0.010      .007741    .0516221
            30  |  -.0410976   .0159628    -2.57   0.015    -.0735742   -.0086211
            32  |   .1619616   .0227511     7.12   0.000     .1156742    .2082489
            35  |   .3140955   .0162933    19.28   0.000     .2809464    .3472445
            36  |   .2028862    .017245    11.76   0.000     .1678009    .2379714
            37  |  -.0806764   .0078411   -10.29   0.000    -.0966292   -.0647235
            38  |   .2379946   .0226214    10.52   0.000      .191971    .2840183
            39  |   .2226847   .0261568     8.51   0.000     .1694682    .2759012
            40  |   .1254586   .0182832     6.86   0.000     .0882611    .1626561
            41  |  -.1706344   .0175317    -9.73   0.000    -.2063029    -.134966
            42  |   .0633331   .0172664     3.67   0.001     .0282044    .0984618
            44  |  -.1007071   .0311329    -3.23   0.003    -.1640475   -.0373668
            46  |   .0753188   .0182792     4.12   0.000     .0381296    .1125081
            47  |  -.1612598   .0083844   -19.23   0.000     -.178318   -.1442017
            48  |   .3035184   .0208596    14.55   0.000     .2610791    .3459576
                |
          _cons |   .3838785   .0483423     7.94   0.000     .2855254    .4822316
---------------------------------------------------------------------------------

    Variable |        Obs        Mean    Std. Dev.       Min        Max
-------------+---------------------------------------------------------
marr_11_af~l |      2,126    .4934149    .5000743          0          1
girls
note: boy omitted because of collinearity
note: att_lgschi omitted because of collinearity
note: awr_lgcrhi omitted because of collinearity
note: e_awr_lgcrhi omitted because of collinearity
note: educavhi omitted because of collinearity
note: educemhi omitted because of collinearity
note: m_ahimhi omitted because of collinearity

Linear regression                               Number of obs     =      8,193
                                                F(11, 29)         =          .
                                                Prob > F          =          .
                                                R-squared         =     0.0751
                                                Root MSE          =     .46511

                              (Std. Err. adjusted for 30 clusters in school_code)
---------------------------------------------------------------------------------
                |               Robust
marr_11_after~l |      Coef.   Std. Err.      t    P>|t|     [95% Conf. Interval]
----------------+----------------------------------------------------------------
afterXtreatment |  -.0069192   .0220927    -0.31   0.756    -.0521039    .0382655
            boy |          0  (omitted)
       att_lgcr |   .0187149   .0084637     2.21   0.035     .0014047     .036025
       att_lgsc |  -.0006651   .0003502    -1.90   0.067    -.0013813     .000051
       awr_lgcr |  -.0159279   .0093332    -1.71   0.099    -.0350165    .0031607
     e_awr_lgcr |  -.0009443   .0160347    -0.06   0.953    -.0337389    .0318502
     att_lgcrhi |  -.0015795    .002374    -0.67   0.511    -.0064348    .0032759
     att_lgschi |          0  (omitted)
     awr_lgcrhi |          0  (omitted)
   e_awr_lgcrhi |          0  (omitted)
         asiafr |   .0261392   .0142406     1.84   0.077     -.002986    .0552645
            ole |   .1025992   .0671163     1.53   0.137     -.034669    .2398674
         educav |  -.0017326   .0028052    -0.62   0.542    -.0074698    .0040047
         educem |   .0029901   .0031275     0.96   0.347    -.0034064    .0093865
         m_ahim |  -.0070057   .0054636    -1.28   0.210    -.0181799    .0041685
       educavhi |          0  (omitted)
       educemhi |          0  (omitted)
       m_ahimhi |          0  (omitted)
                |
           year |
          2001  |  -.0670243   .0124906    -5.37   0.000    -.0925705   -.0414781
                |
    school_code |
             4  |    .334883   .0208558    16.06   0.000     .2922281    .3775379
             8  |  -.2582037   .0143126   -18.04   0.000    -.2874763   -.2289312
             9  |    .035227   .0215422     1.64   0.113    -.0088318    .0792858
            10  |   .0195437   .0065845     2.97   0.006     .0060769    .0330105
            12  |   .0518401   .0235536     2.20   0.036     .0036675    .1000127
            15  |   .1677968   .0139497    12.03   0.000     .1392665    .1963271
            16  |    .181185   .0162305    11.16   0.000     .1479899      .21438
            18  |   -.079434   .0285506    -2.78   0.009    -.1378265   -.0210415
            19  |   .1535587   .0151243    10.15   0.000      .122626    .1844915
            20  |   .0052145   .0278443     0.19   0.853    -.0517336    .0621625
            21  |   .2914766    .013728    21.23   0.000     .2633997    .3195535
            22  |   .0186762   .0075509     2.47   0.019     .0032328    .0341196
            24  |   .0908111   .0129965     6.99   0.000     .0642302     .117392
            25  |   -.139634   .0130429   -10.71   0.000    -.1663097   -.1129583
            26  |  -.0204752   .0248498    -0.82   0.417    -.0712987    .0303483
            27  |   .1073859   .0217558     4.94   0.000     .0628903    .1518816
            28  |   .0137768   .0141892     0.97   0.340    -.0152433     .042797
            29  |  -.0566519   .0106806    -5.30   0.000    -.0784962   -.0348075
            30  |  -.1164503   .0304093    -3.83   0.001    -.1786443   -.0542563
            36  |   .0457714   .0165459     2.77   0.010     .0119313    .0796116
            37  |  -.0018288   .0075312    -0.24   0.810    -.0172318    .0135742
            39  |   .3636021   .0237976    15.28   0.000     .3149305    .4122737
            40  |   .0428934   .0307539     1.39   0.174    -.0200055    .1057923
            41  |  -.1307253   .0117156   -11.16   0.000    -.1546864   -.1067642
            42  |   .0505739   .0143868     3.52   0.001     .0211496    .0799982
            44  |   .0260575   .0399374     0.65   0.519    -.0556236    .1077385
            46  |    -.00169   .0147702    -0.11   0.910    -.0318985    .0285185
            47  |  -.2653922   .0088425   -30.01   0.000    -.2834773   -.2473072
            48  |   .1781062   .0235731     7.56   0.000     .1298937    .2263186
                |
          _cons |   .6367875   .0620818    10.26   0.000     .5098159    .7637591
---------------------------------------------------------------------------------

    Variable |        Obs        Mean    Std. Dev.       Min        Max
-------------+---------------------------------------------------------
marr_11_af~l |      2,045    .6772616     .467638          0          1
high income
note: att_lgcrhi omitted because of collinearity
note: att_lgschi omitted because of collinearity
note: awr_lgcrhi omitted because of collinearity
note: e_awr_lgcrhi omitted because of collinearity
note: educavhi omitted because of collinearity
note: educemhi omitted because of collinearity
note: m_ahimhi omitted because of collinearity

Linear regression                               Number of obs     =      9,065
                                                F(11, 35)         =          .
                                                Prob > F          =          .
                                                R-squared         =     0.1157
                                                Root MSE          =     .47142

                              (Std. Err. adjusted for 36 clusters in school_code)
---------------------------------------------------------------------------------
                |               Robust
marr_11_after~l |      Coef.   Std. Err.      t    P>|t|     [95% Conf. Interval]
----------------+----------------------------------------------------------------
afterXtreatment |  -.0029428   .0269074    -0.11   0.914    -.0575678    .0516822
            boy |  -.2388185   .0144402   -16.54   0.000    -.2681336   -.2095033
       att_lgcr |    .025737   .0065232     3.95   0.000     .0124943    .0389797
       att_lgsc |  -.0006747   .0004515    -1.49   0.144    -.0015914     .000242
       awr_lgcr |  -.0204214   .0088394    -2.31   0.027    -.0383664   -.0024764
     e_awr_lgcr |  -.0027097   .0099946    -0.27   0.788    -.0229998    .0175803
     att_lgcrhi |          0  (omitted)
     att_lgschi |          0  (omitted)
     awr_lgcrhi |          0  (omitted)
   e_awr_lgcrhi |          0  (omitted)
         asiafr |   .0009558   .0135218     0.07   0.944    -.0264949    .0284065
            ole |     .04278   .0678106     0.63   0.532    -.0948829    .1804429
         educav |  -.0015876   .0031433    -0.51   0.617    -.0079688    .0047935
         educem |   .0003296   .0033666     0.10   0.923    -.0065049    .0071642
         m_ahim |   .0110874   .0056399     1.97   0.057    -.0003622    .0225369
       educavhi |          0  (omitted)
       educemhi |          0  (omitted)
       m_ahimhi |          0  (omitted)
                |
           year |
          2001  |  -.0889895   .0164866    -5.40   0.000    -.1224591   -.0555199
                |
    school_code |
             2  |   .1529852   .0209063     7.32   0.000      .110543    .1954273
             4  |   .2287938   .0208343    10.98   0.000      .186498    .2710897
             8  |  -.2016515   .0161742   -12.47   0.000    -.2344869   -.1688162
             9  |   .0633919   .0170647     3.71   0.001     .0287487    .0980351
            10  |  -.0577427   .0061422    -9.40   0.000    -.0702121   -.0452733
            12  |   .0730639    .015683     4.66   0.000     .0412257    .1049022
            15  |   .1202765   .0193198     6.23   0.000     .0810552    .1594977
            16  |   .0764625   .0153082     4.99   0.000     .0453853    .1075397
            17  |   .2285857   .0174775    13.08   0.000     .1931044     .264067
            18  |  -.0400495   .0318862    -1.26   0.217     -.104782    .0246829
            19  |   .1422603   .0148837     9.56   0.000     .1120448    .1724758
            20  |   .1514744   .0161955     9.35   0.000     .1185957     .184353
            21  |    .314308   .0186341    16.87   0.000     .2764787    .3521373
            22  |   .0523225   .0038551    13.57   0.000     .0444962    .0601487
            23  |   .2777023   .0199619    13.91   0.000     .2371774    .3182272
            24  |   .0833305   .0153183     5.44   0.000     .0522328    .1144282
            25  |  -.0954365   .0155051    -6.16   0.000    -.1269135   -.0639594
            26  |   .0394062   .0223454     1.76   0.087    -.0059573    .0847697
            27  |   .0728871   .0271057     2.69   0.011     .0178597    .1279145
            28  |   .0107652   .0163027     0.66   0.513     -.022331    .0438613
            29  |  -.0230571   .0147955    -1.56   0.128    -.0530935    .0069794
            30  |  -.0563363    .023465    -2.40   0.022    -.1039728   -.0086999
            32  |   .3050964    .025368    12.03   0.000     .2535966    .3565963
            35  |   .3120599   .0142754    21.86   0.000     .2830793    .3410404
            36  |   .1868421   .0234426     7.97   0.000      .139251    .2344332
            37  |  -.0403592   .0079578    -5.07   0.000    -.0565145   -.0242039
            38  |   .2573657    .021567    11.93   0.000     .2135825     .301149
            39  |     .36987   .0196308    18.84   0.000     .3300173    .4097227
            40  |   .1858079   .0171472    10.84   0.000     .1509971    .2206186
            41  |  -.1364932   .0147802    -9.23   0.000    -.1664987   -.1064878
            42  |   .0158929   .0193456     0.82   0.417    -.0233808    .0551667
            44  |  -.0872825   .0318395    -2.74   0.010      -.15192    -.022645
            46  |   .0055215   .0184382     0.30   0.766      -.03191    .0429531
            47  |  -.2160557    .009332   -23.15   0.000    -.2350007   -.1971107
            48  |   .2332889   .0210553    11.08   0.000     .1905443    .2760335
                |
          _cons |   .6086611   .0483551    12.59   0.000     .5104951    .7068271
---------------------------------------------------------------------------------

    Variable |        Obs        Mean    Std. Dev.       Min        Max
-------------+---------------------------------------------------------
marr_11_af~l |      2,317    .5537333    .4972117          0          1
low income
note: att_lgcrhi omitted because of collinearity
note: att_lgschi omitted because of collinearity
note: awr_lgcrhi omitted because of collinearity
note: e_awr_lgcrhi omitted because of collinearity
note: educavhi omitted because of collinearity
note: educemhi omitted because of collinearity
note: m_ahimhi omitted because of collinearity

Linear regression                               Number of obs     =      6,838
                                                F(11, 35)         =          .
                                                Prob > F          =          .
                                                R-squared         =     0.1305
                                                Root MSE          =     .46314

                              (Std. Err. adjusted for 36 clusters in school_code)
---------------------------------------------------------------------------------
                |               Robust
marr_11_after~l |      Coef.   Std. Err.      t    P>|t|     [95% Conf. Interval]
----------------+----------------------------------------------------------------
afterXtreatment |  -.0331428   .0235357    -1.41   0.168    -.0809228    .0146372
            boy |  -.2551393   .0214905   -11.87   0.000    -.2987673   -.2115113
       att_lgcr |  -.0060951   .0076168    -0.80   0.429    -.0215581    .0093679
       att_lgsc |  -.0010237   .0003838    -2.67   0.012    -.0018029   -.0002446
       awr_lgcr |   .0047813   .0064881     0.74   0.466    -.0083903    .0179529
     e_awr_lgcr |  -.0214436   .0216892    -0.99   0.330     -.065475    .0225879
     att_lgcrhi |          0  (omitted)
     att_lgschi |          0  (omitted)
     awr_lgcrhi |          0  (omitted)
   e_awr_lgcrhi |          0  (omitted)
         asiafr |    .045151   .0199723     2.26   0.030     .0046051     .085697
            ole |   .0067892   .0969821     0.07   0.945    -.1900948    .2036733
         educav |    .001715   .0043529     0.39   0.696    -.0071218    .0105518
         educem |   .0051439   .0026761     1.92   0.063    -.0002888    .0105766
         m_ahim |   -.002299   .0056405    -0.41   0.686    -.0137498    .0091519
       educavhi |          0  (omitted)
       educemhi |          0  (omitted)
       m_ahimhi |          0  (omitted)
                |
           year |
          2001  |  -.0497033   .0152555    -3.26   0.002    -.0806737   -.0187329
                |
    school_code |
             2  |   .0661464   .0216188     3.06   0.004     .0222579    .1100349
             4  |   .2444573   .0214793    11.38   0.000     .2008521    .2880625
             8  |  -.3042215   .0191446   -15.89   0.000     -.343087    -.265356
             9  |   .0028653   .0171282     0.17   0.868    -.0319068    .0376375
            10  |  -.0353596   .0105121    -3.36   0.002    -.0567003   -.0140189
            12  |   .0010276   .0139939     0.07   0.942    -.0273815    .0294367
            15  |   .2000698   .0223529     8.95   0.000     .1546909    .2454487
            16  |   .0617629   .0173564     3.56   0.001     .0265276    .0969982
            17  |    .140572   .0271778     5.17   0.000     .0853981    .1957459
            18  |  -.0695723   .0288509    -2.41   0.021    -.1281427   -.0110019
            19  |   .0079731   .0156577     0.51   0.614    -.0238138    .0397599
            20  |  -.0340664   .0134492    -2.53   0.016    -.0613697   -.0067631
            21  |   .1813378   .0213637     8.49   0.000     .1379671    .2247085
            22  |  -.0483583   .0096594    -5.01   0.000    -.0679679   -.0287486
            23  |   .1487373   .0262588     5.66   0.000      .095429    .2020455
            24  |    .064691   .0131594     4.92   0.000      .037976     .091406
            25  |  -.2203315   .0205836   -10.70   0.000    -.2621185   -.1785445
            26  |  -.1075532   .0228154    -4.71   0.000    -.1538709   -.0612356
            27  |    .111738   .0306221     3.65   0.001     .0495718    .1739042
            28  |  -.0004346   .0158264    -0.03   0.978    -.0325639    .0316947
            29  |   .0001989    .010999     0.02   0.986    -.0221302    .0225279
            30  |  -.1371333    .020849    -6.58   0.000     -.179459   -.0948076
            32  |   .0752896   .0246226     3.06   0.004     .0253031     .125276
            35  |   .3429243   .0205669    16.67   0.000     .3011714    .3846772
            36  |   -.012425   .0140849    -0.88   0.384     -.041019    .0161689
            37  |  -.0751265   .0143325    -5.24   0.000     -.104223   -.0460301
            38  |   .1789761   .0249636     7.17   0.000     .1282973    .2296549
            39  |   .2538326   .0249493    10.17   0.000     .2031829    .3044824
            40  |   .0101854   .0221871     0.46   0.649    -.0348567    .0552275
            41  |  -.1789125   .0163892   -10.92   0.000    -.2121844   -.1456406
            42  |   .0630677   .0118306     5.33   0.000     .0390504    .0870851
            44  |     .02187    .023978     0.91   0.368    -.0268079    .0705479
            46  |   .0599036   .0198233     3.02   0.005     .0196601     .100147
            47  |  -.2821038   .0075745   -37.24   0.000    -.2974808   -.2667269
            48  |    .219124   .0198842    11.02   0.000      .178757    .2594911
                |
          _cons |   .6759796   .0483233    13.99   0.000     .5778781     .774081
---------------------------------------------------------------------------------

    Variable |        Obs        Mean    Std. Dev.       Min        Max
-------------+---------------------------------------------------------
marr_11_af~l |      1,854    .6208198    .4853139          0          1
low income and cluster semelmos year
note: att_lgcrhi omitted because of collinearity
note: att_lgschi omitted because of collinearity
note: awr_lgcrhi omitted because of collinearity
note: e_awr_lgcrhi omitted because of collinearity
note: educavhi omitted because of collinearity
note: educemhi omitted because of collinearity
note: m_ahimhi omitted because of collinearity

Linear regression                               Number of obs     =      6,838
                                                F(11, 35)         =          .
                                                Prob > F          =          .
                                                R-squared         =     0.1305
                                                Root MSE          =     .46314

                          (Std. Err. adjusted for 36 clusters in school_codeYear)
---------------------------------------------------------------------------------
                |               Robust
marr_11_after~l |      Coef.   Std. Err.      t    P>|t|     [95% Conf. Interval]
----------------+----------------------------------------------------------------
afterXtreatment |  -.0331428   .0235357    -1.41   0.168    -.0809228    .0146372
            boy |  -.2551393   .0214905   -11.87   0.000    -.2987673   -.2115113
       att_lgcr |  -.0060951   .0076168    -0.80   0.429    -.0215581    .0093679
       att_lgsc |  -.0010237   .0003838    -2.67   0.012    -.0018029   -.0002446
       awr_lgcr |   .0047813   .0064881     0.74   0.466    -.0083903    .0179529
     e_awr_lgcr |  -.0214436   .0216892    -0.99   0.330     -.065475    .0225879
     att_lgcrhi |          0  (omitted)
     att_lgschi |          0  (omitted)
     awr_lgcrhi |          0  (omitted)
   e_awr_lgcrhi |          0  (omitted)
         asiafr |    .045151   .0199723     2.26   0.030     .0046051     .085697
            ole |   .0067892   .0969821     0.07   0.945    -.1900948    .2036733
         educav |    .001715   .0043529     0.39   0.696    -.0071218    .0105518
         educem |   .0051439   .0026761     1.92   0.063    -.0002888    .0105766
         m_ahim |   -.002299   .0056405    -0.41   0.686    -.0137498    .0091519
       educavhi |          0  (omitted)
       educemhi |          0  (omitted)
       m_ahimhi |          0  (omitted)
                |
           year |
          2001  |  -.0497033   .0152555    -3.26   0.002    -.0806737   -.0187329
                |
    school_code |
             2  |   .0661464   .0216188     3.06   0.004     .0222579    .1100349
             4  |   .2444573   .0214793    11.38   0.000     .2008521    .2880625
             8  |  -.3042215   .0191446   -15.89   0.000     -.343087    -.265356
             9  |   .0028653   .0171282     0.17   0.868    -.0319068    .0376375
            10  |  -.0353596   .0105121    -3.36   0.002    -.0567003   -.0140189
            12  |   .0010276   .0139939     0.07   0.942    -.0273815    .0294367
            15  |   .2000698   .0223529     8.95   0.000     .1546909    .2454487
            16  |   .0617629   .0173564     3.56   0.001     .0265276    .0969982
            17  |    .140572   .0271778     5.17   0.000     .0853981    .1957459
            18  |  -.0695723   .0288509    -2.41   0.021    -.1281427   -.0110019
            19  |   .0079731   .0156577     0.51   0.614    -.0238138    .0397599
            20  |  -.0340664   .0134492    -2.53   0.016    -.0613697   -.0067631
            21  |   .1813378   .0213637     8.49   0.000     .1379671    .2247085
            22  |  -.0483583   .0096594    -5.01   0.000    -.0679679   -.0287486
            23  |   .1487373   .0262588     5.66   0.000      .095429    .2020455
            24  |    .064691   .0131594     4.92   0.000      .037976     .091406
            25  |  -.2203315   .0205836   -10.70   0.000    -.2621185   -.1785445
            26  |  -.1075532   .0228154    -4.71   0.000    -.1538709   -.0612356
            27  |    .111738   .0306221     3.65   0.001     .0495718    .1739042
            28  |  -.0004346   .0158264    -0.03   0.978    -.0325639    .0316947
            29  |   .0001989    .010999     0.02   0.986    -.0221302    .0225279
            30  |  -.1371333    .020849    -6.58   0.000     -.179459   -.0948076
            32  |   .0752896   .0246226     3.06   0.004     .0253031     .125276
            35  |   .3429243   .0205669    16.67   0.000     .3011714    .3846772
            36  |   -.012425   .0140849    -0.88   0.384     -.041019    .0161689
            37  |  -.0751265   .0143325    -5.24   0.000     -.104223   -.0460301
            38  |   .1789761   .0249636     7.17   0.000     .1282973    .2296549
            39  |   .2538326   .0249493    10.17   0.000     .2031829    .3044824
            40  |   .0101854   .0221871     0.46   0.649    -.0348567    .0552275
            41  |  -.1789125   .0163892   -10.92   0.000    -.2121844   -.1456406
            42  |   .0630677   .0118306     5.33   0.000     .0390504    .0870851
            44  |     .02187    .023978     0.91   0.368    -.0268079    .0705479
            46  |   .0599036   .0198233     3.02   0.005     .0196601     .100147
            47  |  -.2821038   .0075745   -37.24   0.000    -.2974808   -.2667269
            48  |    .219124   .0198842    11.02   0.000      .178757    .2594911
                |
          _cons |   .6759796   .0483233    13.99   0.000     .5778781     .774081
---------------------------------------------------------------------------------

    Variable |        Obs        Mean    Std. Dev.       Min        Max
-------------+---------------------------------------------------------
marr_11_af~l |      1,854    .6208198    .4853139          0          1
*********************************************************

SIMPLE DD with FE and controls

Outcome: kids

Cohorts: 2000,2001

Sample: NE

*********************************************************

all
note: att_lgschi omitted because of collinearity
note: awr_lgcrhi omitted because of collinearity
note: e_awr_lgcrhi omitted because of collinearity
note: educavhi omitted because of collinearity
note: educemhi omitted because of collinearity
note: m_ahimhi omitted because of collinearity

Linear regression                               Number of obs     =     15,903
                                                F(12, 35)         =          .
                                                Prob > F          =          .
                                                R-squared         =     0.1429
                                                Root MSE          =     .45452

                              (Std. Err. adjusted for 36 clusters in school_code)
---------------------------------------------------------------------------------
                |               Robust
kids_11_after~l |      Coef.   Std. Err.      t    P>|t|     [95% Conf. Interval]
----------------+----------------------------------------------------------------
afterXtreatment |   -.002442   .0152958    -0.16   0.874    -.0334942    .0286101
            boy |  -.2523841   .0160804   -15.70   0.000    -.2850292   -.2197391
       att_lgcr |    .009134   .0051899     1.76   0.087    -.0014021    .0196702
       att_lgsc |  -.0012178   .0003551    -3.43   0.002    -.0019386    -.000497
       awr_lgcr |  -.0079325   .0061426    -1.29   0.205    -.0204026    .0045377
     e_awr_lgcr |   -.003356    .009699    -0.35   0.731     -.023046    .0163341
     att_lgcrhi |   -.004644   .0019737    -2.35   0.024    -.0086509    -.000637
     att_lgschi |          0  (omitted)
     awr_lgcrhi |          0  (omitted)
   e_awr_lgcrhi |          0  (omitted)
         asiafr |   .0157878   .0145344     1.09   0.285    -.0137185    .0452942
            ole |   .0048796   .0516981     0.09   0.925     -.100073    .1098323
         educav |  -.0012844   .0040154    -0.32   0.751    -.0094361    .0068673
         educem |   .0035161   .0029516     1.19   0.242    -.0024759    .0095082
         m_ahim |   .0050907   .0044974     1.13   0.265    -.0040396    .0142209
       educavhi |          0  (omitted)
       educemhi |          0  (omitted)
       m_ahimhi |          0  (omitted)
                |
           year |
          2001  |   -.089306   .0099521    -8.97   0.000    -.1095098   -.0691023
                |
    school_code |
             2  |   .0858721   .0184659     4.65   0.000     .0483843    .1233599
             4  |   .2828317   .0168467    16.79   0.000     .2486312    .3170322
             8  |  -.1614068   .0122731   -13.15   0.000    -.1863226    -.136491
             9  |   .1306595   .0131358     9.95   0.000     .1039924    .1573266
            10  |   -.016202   .0049956    -3.24   0.003    -.0263437   -.0060604
            12  |   .1659404   .0121338    13.68   0.000     .1413075    .1905733
            15  |   .2568082   .0148237    17.32   0.000     .2267146    .2869019
            16  |   .0817517   .0101131     8.08   0.000      .061221    .1022824
            17  |   .2171213   .0130271    16.67   0.000      .190675    .2435677
            18  |  -.0677491   .0214772    -3.15   0.003    -.1113502   -.0241481
            19  |   .1383436   .0124615    11.10   0.000     .1130455    .1636418
            20  |   .0939842   .0148887     6.31   0.000     .0637584    .1242099
            21  |   .4052888   .0142277    28.49   0.000      .376405    .4341727
            22  |   .0472008   .0041224    11.45   0.000     .0388319    .0555698
            23  |   .2449092   .0137447    17.82   0.000      .217006    .2728124
            24  |   .1585843   .0105869    14.98   0.000     .1370919    .1800768
            25  |  -.0929421   .0106555    -8.72   0.000     -.114574   -.0713103
            26  |   .0408384   .0175174     2.33   0.026     .0052761    .0764006
            27  |   .1814146   .0224741     8.07   0.000     .1357897    .2270395
            28  |   .0596737   .0081223     7.35   0.000     .0431846    .0761628
            29  |   .0218242   .0076341     2.86   0.007      .006326    .0373223
            30  |  -.0871333   .0155324    -5.61   0.000    -.1186658   -.0556009
            32  |    .261345   .0207286    12.61   0.000     .2192636    .3034263
            35  |   .3634702   .0146825    24.76   0.000     .3336632    .3932771
            36  |   .1632718   .0139749    11.68   0.000     .1349013    .1916424
            37  |   .0036833   .0062363     0.59   0.559    -.0089771    .0163437
            38  |   .2767748   .0149845    18.47   0.000     .2463547     .307195
            39  |   .3298323   .0194729    16.94   0.000     .2903002    .3693643
            40  |    .143394   .0169064     8.48   0.000     .1090723    .1777157
            41  |  -.0921377   .0094144    -9.79   0.000      -.11125   -.0730254
            42  |   .0931206   .0119087     7.82   0.000     .0689445    .1172966
            44  |   .1691786    .028444     5.95   0.000     .1114342    .2269231
            46  |   .0658665   .0108709     6.06   0.000     .0437975    .0879355
            47  |  -.1517739   .0078818   -19.26   0.000    -.1677749    -.135773
            48  |   .2912371   .0168268    17.31   0.000     .2570769    .3253974
                |
          _cons |   .5022734   .0541957     9.27   0.000     .3922502    .6122966
---------------------------------------------------------------------------------

    Variable |        Obs        Mean    Std. Dev.       Min        Max
-------------+---------------------------------------------------------
kids_11_af~l |      4,171    .4512107    .4976736          0          1
boys
note: boy omitted because of collinearity
note: att_lgschi omitted because of collinearity
note: awr_lgcrhi omitted because of collinearity
note: e_awr_lgcrhi omitted because of collinearity
note: educavhi omitted because of collinearity
note: educemhi omitted because of collinearity
note: m_ahimhi omitted because of collinearity

Linear regression                               Number of obs     =      7,710
                                                F(11, 33)         =          .
                                                Prob > F          =          .
                                                R-squared         =     0.0873
                                                Root MSE          =     .43056

                              (Std. Err. adjusted for 34 clusters in school_code)
---------------------------------------------------------------------------------
                |               Robust
kids_11_after~l |      Coef.   Std. Err.      t    P>|t|     [95% Conf. Interval]
----------------+----------------------------------------------------------------
afterXtreatment |  -.0028553   .0244423    -0.12   0.908    -.0525836    .0468729
            boy |          0  (omitted)
       att_lgcr |   .0036754   .0057721     0.64   0.529    -.0080679    .0154188
       att_lgsc |  -.0012995   .0005019    -2.59   0.014    -.0023206   -.0002785
       awr_lgcr |     .00117   .0077291     0.15   0.881    -.0145551     .016895
     e_awr_lgcr |  -.0003677   .0120975    -0.03   0.976    -.0249803    .0242448
     att_lgcrhi |  -.0044034   .0026535    -1.66   0.107    -.0098021    .0009953
     att_lgschi |          0  (omitted)
     awr_lgcrhi |          0  (omitted)
   e_awr_lgcrhi |          0  (omitted)
         asiafr |   .0053947   .0263452     0.20   0.839    -.0482051    .0589945
            ole |   .0198453   .0569233     0.35   0.730    -.0959661    .1356567
         educav |   .0005135   .0037031     0.14   0.891    -.0070205    .0080475
         educem |   .0013292   .0031744     0.42   0.678    -.0051292    .0077875
         m_ahim |   .0125404   .0053732     2.33   0.026     .0016085    .0234724
       educavhi |          0  (omitted)
       educemhi |          0  (omitted)
       m_ahimhi |          0  (omitted)
                |
           year |
          2001  |  -.0897902   .0158578    -5.66   0.000    -.1220532   -.0575272
                |
    school_code |
             2  |   .0541275   .0162728     3.33   0.002     .0210202    .0872348
             4  |   .1401782   .0176584     7.94   0.000     .1042518    .1761045
             8  |  -.1069783   .0202063    -5.29   0.000    -.1480885   -.0658682
             9  |   .0993371   .0151567     6.55   0.000     .0685006    .1301736
            10  |  -.0669269   .0083738    -7.99   0.000    -.0839635   -.0498903
            12  |   .1184784   .0141591     8.37   0.000     .0896714    .1472854
            15  |   .7514578   .0237494    31.64   0.000     .7031393    .7997763
            16  |   .0440815   .0117458     3.75   0.001     .0201844    .0679786
            17  |    .180914   .0172263    10.50   0.000     .1458669    .2159611
            18  |  -.0867215   .0298275    -2.91   0.006     -.147406   -.0260369
            19  |   .0805757   .0144464     5.58   0.000     .0511842    .1099672
            20  |   .0917879   .0104866     8.75   0.000     .0704527    .1131231
            22  |   .0268188   .0053475     5.02   0.000     .0159392    .0376984
            23  |   .2167669   .0180061    12.04   0.000     .1801333    .2534006
            24  |   .1338087   .0128426    10.42   0.000     .1076802    .1599371
            25  |  -.0597909   .0188379    -3.17   0.003    -.0981168   -.0214649
            26  |   .0706393   .0224145     3.15   0.003     .0250366    .1162421
            28  |   .0293865   .0126465     2.32   0.026     .0036569    .0551161
            29  |    .000691   .0097886     0.07   0.944     -.019224     .020606
            30  |  -.0610867   .0181378    -3.37   0.002    -.0979883   -.0241851
            32  |   .2258986   .0185321    12.19   0.000     .1881946    .2636025
            35  |   .3208318   .0174804    18.35   0.000     .2852677    .3563959
            36  |   .1019435   .0138767     7.35   0.000     .0737111    .1301759
            37  |  -.0585046   .0086745    -6.74   0.000     -.076153   -.0408561
            38  |   .2443475   .0216743    11.27   0.000     .2002508    .2884442
            39  |    .190467   .0201358     9.46   0.000     .1495004    .2314335
            40  |   .1133605    .012447     9.11   0.000     .0880369    .1386842
            41  |  -.1078702   .0150189    -7.18   0.000    -.1384263   -.0773141
            42  |   .0605881   .0139968     4.33   0.000     .0321114    .0890647
            44  |   .0258847   .0260025     1.00   0.327    -.0270177    .0787871
            46  |   .0956654   .0159147     6.01   0.000     .0632867    .1280441
            47  |  -.0904833   .0090871    -9.96   0.000    -.1089711   -.0719955
            48  |   .2848892   .0168089    16.95   0.000     .2506911    .3190872
                |
          _cons |   .2626657   .0446214     5.89   0.000     .1718827    .3534487
---------------------------------------------------------------------------------

    Variable |        Obs        Mean    Std. Dev.       Min        Max
-------------+---------------------------------------------------------
kids_11_af~l |      2,126    .3381938    .4732062          0          1
girls
note: boy omitted because of collinearity
note: att_lgschi omitted because of collinearity
note: awr_lgcrhi omitted because of collinearity
note: e_awr_lgcrhi omitted because of collinearity
note: educavhi omitted because of collinearity
note: educemhi omitted because of collinearity
note: m_ahimhi omitted because of collinearity

Linear regression                               Number of obs     =      8,193
                                                F(11, 29)         =          .
                                                Prob > F          =          .
                                                R-squared         =     0.1080
                                                Root MSE          =     .47323

                              (Std. Err. adjusted for 30 clusters in school_code)
---------------------------------------------------------------------------------
                |               Robust
kids_11_after~l |      Coef.   Std. Err.      t    P>|t|     [95% Conf. Interval]
----------------+----------------------------------------------------------------
afterXtreatment |  -.0013174    .022696    -0.06   0.954     -.047736    .0451011
            boy |          0  (omitted)
       att_lgcr |   .0151318    .008317     1.82   0.079    -.0018783    .0321419
       att_lgsc |  -.0012155   .0005891    -2.06   0.048    -.0024203   -.0000107
       awr_lgcr |  -.0177695   .0081781    -2.17   0.038    -.0344956   -.0010434
     e_awr_lgcr |   -.011847   .0199567    -0.59   0.557    -.0526631     .028969
     att_lgcrhi |  -.0046298   .0029641    -1.56   0.129     -.010692    .0014324
     att_lgschi |          0  (omitted)
     awr_lgcrhi |          0  (omitted)
   e_awr_lgcrhi |          0  (omitted)
         asiafr |   .0277756   .0134131     2.07   0.047     .0003427    .0552085
            ole |  -.0058311   .0673883    -0.09   0.932    -.1436557    .1319935
         educav |  -.0035503   .0046417    -0.76   0.451    -.0130435     .005943
         educem |   .0058618   .0032791     1.79   0.084    -.0008447    .0125683
         m_ahim |  -.0015047   .0057816    -0.26   0.797    -.0133294      .01032
       educavhi |          0  (omitted)
       educemhi |          0  (omitted)
       m_ahimhi |          0  (omitted)
                |
           year |
          2001  |  -.0902395   .0178508    -5.06   0.000    -.1267484   -.0537306
                |
    school_code |
             4  |   .4171036   .0227003    18.37   0.000     .3706762    .4635311
             8  |  -.1967183   .0120622   -16.31   0.000    -.2213884   -.1720483
             9  |   .1589918   .0203201     7.82   0.000     .1174325     .200551
            10  |   .0225317   .0066847     3.37   0.002     .0088599    .0362035
            12  |   .1971478   .0243587     8.09   0.000     .1473286     .246967
            15  |   .2944506   .0129042    22.82   0.000     .2680586    .3208426
            16  |   .1209761   .0149378     8.10   0.000      .090425    .1515273
            18  |  -.0489055   .0291481    -1.68   0.104      -.10852    .0107091
            19  |   .1908436   .0205678     9.28   0.000     .1487777    .2329096
            20  |   .0802932   .0280355     2.86   0.008     .0229541    .1376322
            21  |   .4434571   .0137694    32.21   0.000     .4152955    .4716187
            22  |   .0674906   .0084246     8.01   0.000     .0502604    .0847207
            24  |   .1815385   .0189141     9.60   0.000     .1428548    .2202221
            25  |  -.1253337   .0091058   -13.76   0.000    -.1439573   -.1067101
            26  |   .0340046   .0229897     1.48   0.150    -.0130145    .0810238
            27  |    .227788   .0243894     9.34   0.000     .1779062    .2776698
            28  |   .0857266   .0134765     6.36   0.000     .0581641    .1132891
            29  |   .0352886   .0136844     2.58   0.015     .0073009    .0632763
            30  |   -.128493   .0291684    -4.41   0.000    -.1881491   -.0688368
            36  |   .2151346   .0179105    12.01   0.000     .1785035    .2517656
            37  |     .05987    .007866     7.61   0.000     .0437822    .0759578
            39  |   .4558419   .0245463    18.57   0.000     .4056391    .5060446
            40  |    .148245    .029075     5.10   0.000     .0887799    .2077101
            41  |  -.0775095   .0133679    -5.80   0.000      -.10485    -.050169
            42  |   .1172709   .0196749     5.96   0.000     .0770313    .1575106
            44  |   .2247766   .0480667     4.68   0.000     .1264692     .323084
            46  |   .0204659   .0149761     1.37   0.182    -.0101636    .0510954
            47  |  -.1744001   .0081426   -21.42   0.000    -.1910537   -.1577466
            48  |   .3027254   .0241252    12.55   0.000      .253384    .3520669
                |
          _cons |   .5007224    .085464     5.86   0.000     .3259288     .675516
---------------------------------------------------------------------------------

    Variable |        Obs        Mean    Std. Dev.       Min        Max
-------------+---------------------------------------------------------
kids_11_af~l |      2,045    .5687042    .4953784          0          1
high income
note: att_lgcrhi omitted because of collinearity
note: att_lgschi omitted because of collinearity
note: awr_lgcrhi omitted because of collinearity
note: e_awr_lgcrhi omitted because of collinearity
note: educavhi omitted because of collinearity
note: educemhi omitted because of collinearity
note: m_ahimhi omitted because of collinearity

Linear regression                               Number of obs     =      9,065
                                                F(11, 35)         =          .
                                                Prob > F          =          .
                                                R-squared         =     0.1304
                                                Root MSE          =     .44792

                              (Std. Err. adjusted for 36 clusters in school_code)
---------------------------------------------------------------------------------
                |               Robust
kids_11_after~l |      Coef.   Std. Err.      t    P>|t|     [95% Conf. Interval]
----------------+----------------------------------------------------------------
afterXtreatment |   .0056782   .0201355     0.28   0.780     -.035199    .0465554
            boy |  -.2197328   .0177254   -12.40   0.000    -.2557172   -.1837484
       att_lgcr |   .0168558   .0058801     2.87   0.007     .0049185    .0287931
       att_lgsc |  -.0008359   .0004518    -1.85   0.073    -.0017531    .0000813
       awr_lgcr |  -.0183242   .0070617    -2.59   0.014    -.0326603   -.0039882
     e_awr_lgcr |  -.0064849   .0090254    -0.72   0.477    -.0248074    .0118375
     att_lgcrhi |          0  (omitted)
     att_lgschi |          0  (omitted)
     awr_lgcrhi |          0  (omitted)
   e_awr_lgcrhi |          0  (omitted)
         asiafr |   .0036329   .0133102     0.27   0.787    -.0233882    .0306539
            ole |   .0414893   .0756908     0.55   0.587    -.1121711    .1951498
         educav |  -.0013159    .003217    -0.41   0.685    -.0078467    .0052149
         educem |   .0007387   .0031243     0.24   0.814     -.005604    .0070815
         m_ahim |    .010367    .005487     1.89   0.067    -.0007722    .0215062
       educavhi |          0  (omitted)
       educemhi |          0  (omitted)
       m_ahimhi |          0  (omitted)
                |
           year |
          2001  |  -.1016186   .0131581    -7.72   0.000    -.1283311   -.0749062
                |
    school_code |
             2  |   .1434388   .0184807     7.76   0.000     .1059211    .1809566
             4  |   .2751908   .0170449    16.15   0.000     .2405877    .3097938
             8  |  -.1521688   .0142061   -10.71   0.000    -.1810087   -.1233289
             9  |   .1278152   .0137613     9.29   0.000     .0998783     .155752
            10  |  -.0498187   .0052237    -9.54   0.000    -.0604234    -.039214
            12  |   .1725253   .0124943    13.81   0.000     .1471605    .1978901
            15  |   .2132225   .0174786    12.20   0.000      .177739     .248706
            16  |   .0583298    .011885     4.91   0.000      .034202    .0824575
            17  |   .2162916   .0146609    14.75   0.000     .1865284    .2460548
            18  |  -.0617836   .0356012    -1.74   0.091    -.1340578    .0104906
            19  |   .1769292   .0118863    14.89   0.000     .1527988    .2010596
            20  |   .1569261   .0137294    11.43   0.000     .1290539    .1847983
            21  |   .4748789   .0162883    29.15   0.000     .4418119    .5079458
            22  |   .0629586   .0035968    17.50   0.000     .0556567    .0702605
            23  |   .2310763   .0169433    13.64   0.000     .1966797     .265473
            24  |   .1501191   .0111663    13.44   0.000     .1274503    .1727878
            25  |  -.0965726   .0117786    -8.20   0.000    -.1204845   -.0726606
            26  |   .1025798   .0194765     5.27   0.000     .0630405    .1421192
            27  |   .1946031   .0269856     7.21   0.000     .1398194    .2493868
            28  |   .0450964   .0114948     3.92   0.000     .0217608    .0684321
            29  |   .0059187   .0119532     0.50   0.624    -.0183475    .0301849
            30  |  -.0842847   .0254569    -3.31   0.002    -.1359651   -.0326044
            32  |   .2829968   .0235286    12.03   0.000     .2352311    .3307625
            35  |     .31474   .0170712    18.44   0.000     .2800837    .3493963
            36  |   .2369407   .0159402    14.86   0.000     .2045804    .2693009
            37  |   -.010238   .0071407    -1.43   0.161    -.0247343    .0042583
            38  |   .2473198   .0188953    13.09   0.000     .2089603    .2856793
            39  |   .3853332   .0160677    23.98   0.000     .3527141    .4179523
            40  |   .2188955   .0174047    12.58   0.000     .1835622    .2542289
            41  |  -.0857909   .0110051    -7.80   0.000    -.1081324   -.0634494
            42  |   .0793997    .013575     5.85   0.000      .051841    .1069584
            44  |   .1187462   .0308131     3.85   0.000     .0561922    .1813002
            46  |   .0384433   .0133041     2.89   0.007     .0114344    .0654521
            47  |  -.1362133   .0089548   -15.21   0.000    -.1543926    -.118034
            48  |   .3348636   .0189674    17.65   0.000     .2963577    .3733695
                |
          _cons |   .4654722    .063642     7.31   0.000      .336272    .5946724
---------------------------------------------------------------------------------

    Variable |        Obs        Mean    Std. Dev.       Min        Max
-------------+---------------------------------------------------------
kids_11_af~l |      2,317    .4074234    .4914609          0          1
low income
note: att_lgcrhi omitted because of collinearity
note: att_lgschi omitted because of collinearity
note: awr_lgcrhi omitted because of collinearity
note: e_awr_lgcrhi omitted because of collinearity
note: educavhi omitted because of collinearity
note: educemhi omitted because of collinearity
note: m_ahimhi omitted because of collinearity

Linear regression                               Number of obs     =      6,838
                                                F(11, 35)         =          .
                                                Prob > F          =          .
                                                R-squared         =     0.1552
                                                Root MSE          =     .45978

                              (Std. Err. adjusted for 36 clusters in school_code)
---------------------------------------------------------------------------------
                |               Robust
kids_11_after~l |      Coef.   Std. Err.      t    P>|t|     [95% Conf. Interval]
----------------+----------------------------------------------------------------
afterXtreatment |  -.0171901   .0251663    -0.68   0.499    -.0682804    .0339003
            boy |  -.2913348   .0204746   -14.23   0.000    -.3329005   -.2497691
       att_lgcr |  -.0042549   .0064534    -0.66   0.514     -.017356    .0088462
       att_lgsc |  -.0012005   .0003837    -3.13   0.004    -.0019794   -.0004216
       awr_lgcr |   .0017345   .0068011     0.26   0.800    -.0120725    .0155414
     e_awr_lgcr |  -.0027803     .01493    -0.19   0.853    -.0330899    .0275292
     att_lgcrhi |          0  (omitted)
     att_lgschi |          0  (omitted)
     awr_lgcrhi |          0  (omitted)
   e_awr_lgcrhi |          0  (omitted)
         asiafr |   .0219339   .0254581     0.86   0.395    -.0297487    .0736165
            ole |  -.0926463   .0862145    -1.07   0.290     -.267671    .0823785
         educav |  -.0016431   .0055724    -0.29   0.770    -.0129556    .0096695
         educem |   .0065293   .0037615     1.74   0.091    -.0011069    .0141656
         m_ahim |   .0035954   .0056739     0.63   0.530    -.0079232    .0151141
       educavhi |          0  (omitted)
       educemhi |          0  (omitted)
       m_ahimhi |          0  (omitted)
                |
           year |
          2001  |  -.0652675   .0173318    -3.77   0.001     -.100453    -.030082
                |
    school_code |
             2  |   .0258972   .0229403     1.13   0.267    -.0206741    .0724686
             4  |   .2459777   .0227154    10.83   0.000     .1998629    .2920925
             8  |  -.1904761   .0184911   -10.30   0.000    -.2280151   -.1529371
             9  |   .1004462   .0185058     5.43   0.000     .0628775    .1380149
            10  |  -.0055642   .0115225    -0.48   0.632    -.0289561    .0178277
            12  |   .1344841   .0153841     8.74   0.000     .1032528    .1657155
            15  |   .3082359   .0225052    13.70   0.000     .2625479    .3539238
            16  |   .0709732   .0161653     4.39   0.000      .038156    .1037905
            17  |   .1623713   .0194475     8.35   0.000     .1228909    .2018517
            18  |  -.0878441   .0302951    -2.90   0.006    -.1493465   -.0263417
            19  |   .0656882   .0161833     4.06   0.000     .0328344    .0985421
            20  |   .0347519   .0166937     2.08   0.045      .000862    .0686418
            21  |   .2805445   .0194402    14.43   0.000     .2410787    .3200103
            22  |   -.005781   .0093098    -0.62   0.539    -.0246808    .0131189
            23  |   .2328176   .0188316    12.36   0.000     .1945874    .2710477
            24  |   .1400253   .0129618    10.80   0.000     .1137114    .1663392
            25  |  -.0891927   .0171198    -5.21   0.000    -.1239477   -.0544376
            26  |  -.1007354   .0248206    -4.06   0.000    -.1511239   -.0503468
            27  |   .1362615   .0253995     5.36   0.000     .0846978    .1878253
            28  |   .0712219   .0129991     5.48   0.000     .0448324    .0976115
            29  |   .0113101   .0101683     1.11   0.274    -.0093327    .0319529
            30  |  -.1096374    .025705    -4.27   0.000    -.1618214   -.0574534
            32  |   .2511919   .0259068     9.70   0.000     .1985983    .3037855
            35  |   .4836678   .0202682    23.86   0.000     .4425212    .5248144
            36  |    .075724   .0160108     4.73   0.000     .0432204    .1082277
            37  |  -.0045147    .013766    -0.33   0.745    -.0324611    .0234318
            38  |   .2915275   .0185837    15.69   0.000     .2538006    .3292544
            39  |   .2867038   .0265676    10.79   0.000     .2327686    .3406389
            40  |   .0389384   .0233694     1.67   0.105     -.008504    .0863808
            41  |  -.1145872   .0172199    -6.65   0.000    -.1495454    -.079629
            42  |   .0809566   .0119891     6.75   0.000     .0566173    .1052959
            44  |   .1720502   .0292106     5.89   0.000     .1127495    .2313509
            46  |   .0857794    .016521     5.19   0.000       .05224    .1193188
            47  |  -.2089973   .0091397   -22.87   0.000    -.2275519   -.1904426
            48  |   .2655642   .0224503    11.83   0.000     .2199876    .3111408
                |
          _cons |   .5486674   .0530985    10.33   0.000     .4408718    .6564631
---------------------------------------------------------------------------------

    Variable |        Obs        Mean    Std. Dev.       Min        Max
-------------+---------------------------------------------------------
kids_11_af~l |      1,854    .5059331    .5000997          0          1
low income and cluster semelmos year
note: att_lgcrhi omitted because of collinearity
note: att_lgschi omitted because of collinearity
note: awr_lgcrhi omitted because of collinearity
note: e_awr_lgcrhi omitted because of collinearity
note: educavhi omitted because of collinearity
note: educemhi omitted because of collinearity
note: m_ahimhi omitted because of collinearity

Linear regression                               Number of obs     =      6,838
                                                F(11, 35)         =          .
                                                Prob > F          =          .
                                                R-squared         =     0.1552
                                                Root MSE          =     .45978

                          (Std. Err. adjusted for 36 clusters in school_codeYear)
---------------------------------------------------------------------------------
                |               Robust
kids_11_after~l |      Coef.   Std. Err.      t    P>|t|     [95% Conf. Interval]
----------------+----------------------------------------------------------------
afterXtreatment |  -.0171901   .0251663    -0.68   0.499    -.0682804    .0339003
            boy |  -.2913348   .0204746   -14.23   0.000    -.3329005   -.2497691
       att_lgcr |  -.0042549   .0064534    -0.66   0.514     -.017356    .0088462
       att_lgsc |  -.0012005   .0003837    -3.13   0.004    -.0019794   -.0004216
       awr_lgcr |   .0017345   .0068011     0.26   0.800    -.0120725    .0155414
     e_awr_lgcr |  -.0027803     .01493    -0.19   0.853    -.0330899    .0275292
     att_lgcrhi |          0  (omitted)
     att_lgschi |          0  (omitted)
     awr_lgcrhi |          0  (omitted)
   e_awr_lgcrhi |          0  (omitted)
         asiafr |   .0219339   .0254581     0.86   0.395    -.0297487    .0736165
            ole |  -.0926463   .0862145    -1.07   0.290     -.267671    .0823785
         educav |  -.0016431   .0055724    -0.29   0.770    -.0129556    .0096695
         educem |   .0065293   .0037615     1.74   0.091    -.0011069    .0141656
         m_ahim |   .0035954   .0056739     0.63   0.530    -.0079232    .0151141
       educavhi |          0  (omitted)
       educemhi |          0  (omitted)
       m_ahimhi |          0  (omitted)
                |
           year |
          2001  |  -.0652675   .0173318    -3.77   0.001     -.100453    -.030082
                |
    school_code |
             2  |   .0258972   .0229403     1.13   0.267    -.0206741    .0724686
             4  |   .2459777   .0227154    10.83   0.000     .1998629    .2920925
             8  |  -.1904761   .0184911   -10.30   0.000    -.2280151   -.1529371
             9  |   .1004462   .0185058     5.43   0.000     .0628775    .1380149
            10  |  -.0055642   .0115225    -0.48   0.632    -.0289561    .0178277
            12  |   .1344841   .0153841     8.74   0.000     .1032528    .1657155
            15  |   .3082359   .0225052    13.70   0.000     .2625479    .3539238
            16  |   .0709732   .0161653     4.39   0.000      .038156    .1037905
            17  |   .1623713   .0194475     8.35   0.000     .1228909    .2018517
            18  |  -.0878441   .0302951    -2.90   0.006    -.1493465   -.0263417
            19  |   .0656882   .0161833     4.06   0.000     .0328344    .0985421
            20  |   .0347519   .0166937     2.08   0.045      .000862    .0686418
            21  |   .2805445   .0194402    14.43   0.000     .2410787    .3200103
            22  |   -.005781   .0093098    -0.62   0.539    -.0246808    .0131189
            23  |   .2328176   .0188316    12.36   0.000     .1945874    .2710477
            24  |   .1400253   .0129618    10.80   0.000     .1137114    .1663392
            25  |  -.0891927   .0171198    -5.21   0.000    -.1239477   -.0544376
            26  |  -.1007354   .0248206    -4.06   0.000    -.1511239   -.0503468
            27  |   .1362615   .0253995     5.36   0.000     .0846978    .1878253
            28  |   .0712219   .0129991     5.48   0.000     .0448324    .0976115
            29  |   .0113101   .0101683     1.11   0.274    -.0093327    .0319529
            30  |  -.1096374    .025705    -4.27   0.000    -.1618214   -.0574534
            32  |   .2511919   .0259068     9.70   0.000     .1985983    .3037855
            35  |   .4836678   .0202682    23.86   0.000     .4425212    .5248144
            36  |    .075724   .0160108     4.73   0.000     .0432204    .1082277
            37  |  -.0045147    .013766    -0.33   0.745    -.0324611    .0234318
            38  |   .2915275   .0185837    15.69   0.000     .2538006    .3292544
            39  |   .2867038   .0265676    10.79   0.000     .2327686    .3406389
            40  |   .0389384   .0233694     1.67   0.105     -.008504    .0863808
            41  |  -.1145872   .0172199    -6.65   0.000    -.1495454    -.079629
            42  |   .0809566   .0119891     6.75   0.000     .0566173    .1052959
            44  |   .1720502   .0292106     5.89   0.000     .1127495    .2313509
            46  |   .0857794    .016521     5.19   0.000       .05224    .1193188
            47  |  -.2089973   .0091397   -22.87   0.000    -.2275519   -.1904426
            48  |   .2655642   .0224503    11.83   0.000     .2199876    .3111408
                |
          _cons |   .5486674   .0530985    10.33   0.000     .4408718    .6564631
---------------------------------------------------------------------------------

    Variable |        Obs        Mean    Std. Dev.       Min        Max
-------------+---------------------------------------------------------
kids_11_af~l |      1,854    .5059331    .5000997          0          1

.                                 
.                                 cap log close
