---------------------------------------------------------------------------------------------------------------
      name:  <unnamed>
       log:  C:\Users\peleg\OneDrive\Documents\Victor\Other\Teacher Bonuses\For publication\Reproduction\logs\R
> eplication_DID_T2_4_5_contolled_19Oct19RD4q.log
  log type:  text
 opened on:  19 Oct 2019, 11:12:21
(5,208 observations deleted)
i.year            _Iyear_2000-2001    (naturally coded; _Iyear_2000 omitted)
i.school_code     _Ischool_co_1-47    (naturally coded; _Ischool_co_1 omitted)
note: _Ischool_co_3 omitted because of collinearity
note: _Ischool_co_6 omitted because of collinearity
note: _Ischool_co_7 omitted because of collinearity
note: _Ischool_co_11 omitted because of collinearity
note: _Ischool_co_13 omitted because of collinearity
note: _Ischool_co_45 omitted because of collinearity

Linear regression                               Number of obs     =     11,561
                                                F(11, 20)         =          .
                                                Prob > F          =          .
                                                R-squared         =     0.1810
                                                Root MSE          =     .34033

                              (Std. Err. adjusted for 21 clusters in school_code)
---------------------------------------------------------------------------------
                |               Robust
A_12_afterSch~l |      Coef.   Std. Err.      t    P>|t|     [95% Conf. Interval]
----------------+----------------------------------------------------------------
afterXtreatment |    .060383   .0204198     2.96   0.008     .0177881    .1029779
       att_lgcr |  -.0266097   .0053094    -5.01   0.000    -.0376848   -.0155345
       att_lgsc |   .0024699   .0006112     4.04   0.001      .001195    .0037449
       awr_lgcr |   .0463711   .0063176     7.34   0.000     .0331929    .0595493
     e_awr_lgcr |   .0153735   .0197818     0.78   0.446    -.0258907    .0566377
         asiafr |  -.0148731   .0170983    -0.87   0.395    -.0505396    .0207933
            ole |  -.0105269   .0439738    -0.24   0.813    -.1022545    .0812008
            boy |  -.0239124   .0109611    -2.18   0.041    -.0467767    -.001048
         educav |   .0042835   .0018393     2.33   0.030     .0004467    .0081203
         educem |   .0038293   .0029004     1.32   0.202    -.0022208    .0098795
         m_ahim |  -.0073747   .0049076    -1.50   0.149    -.0176118    .0028623
    _Iyear_2001 |  -.0633776   .0139211    -4.55   0.000    -.0924164   -.0343387
  _Ischool_co_3 |          0  (omitted)
  _Ischool_co_4 |  -.1373418    .023164    -5.93   0.000    -.1856612   -.0890225
  _Ischool_co_6 |          0  (omitted)
  _Ischool_co_7 |          0  (omitted)
  _Ischool_co_9 |   -.019717    .020235    -0.97   0.341    -.0619264    .0224924
 _Ischool_co_11 |          0  (omitted)
 _Ischool_co_13 |          0  (omitted)
 _Ischool_co_16 |   -.188772   .0171795   -10.99   0.000    -.2246078   -.1529363
 _Ischool_co_19 |  -.1665039   .0130287   -12.78   0.000    -.1936813   -.1393264
 _Ischool_co_20 |  -.0905423   .0203873    -4.44   0.000    -.1330695   -.0480151
 _Ischool_co_22 |  -.1325113   .0071302   -18.58   0.000    -.1473846    -.117638
 _Ischool_co_23 |  -.1807717   .0167516   -10.79   0.000     -.215715   -.1458284
 _Ischool_co_24 |  -.1741973   .0123608   -14.09   0.000    -.1999814   -.1484131
 _Ischool_co_28 |  -.0309466   .0112102    -2.76   0.012    -.0543306   -.0075626
 _Ischool_co_29 |  -.1382627   .0168319    -8.21   0.000    -.1733735   -.1031518
 _Ischool_co_30 |  -.0891907   .0175498    -5.08   0.000    -.1257989   -.0525826
 _Ischool_co_35 |   .0934255   .0135921     6.87   0.000     .0650729    .1217781
 _Ischool_co_36 |  -.2060119   .0255378    -8.07   0.000    -.2592828   -.1527411
 _Ischool_co_37 |  -.0856849   .0095911    -8.93   0.000    -.1056915   -.0656783
 _Ischool_co_38 |  -.1879517   .0188345    -9.98   0.000    -.2272397   -.1486636
 _Ischool_co_39 |   -.093125    .024589    -3.79   0.001    -.1444168   -.0418333
 _Ischool_co_41 |  -.0541015   .0133079    -4.07   0.001    -.0818613   -.0263417
 _Ischool_co_42 |  -.1018844   .0123731    -8.23   0.000    -.1276942   -.0760745
 _Ischool_co_44 |  -.0873263   .0330836    -2.64   0.016    -.1563375   -.0183151
 _Ischool_co_45 |          0  (omitted)
 _Ischool_co_47 |  -.2399554   .0071339   -33.64   0.000    -.2548366   -.2250743
          _cons |   .0288958   .0536128     0.54   0.596    -.0829385    .1407301
---------------------------------------------------------------------------------

    Variable |        Obs        Mean    Std. Dev.       Min        Max
-------------+---------------------------------------------------------
A_12_after~l |      3,064    .2092037    .4068065          0          1
.02041979
number of unweighted observations

    Variable |        Obs        Mean    Std. Dev.       Min        Max
-------------+---------------------------------------------------------
A_12_after~l |      2,471    .2019425    .4015308          0          1
i.year            _Iyear_2000-2001    (naturally coded; _Iyear_2000 omitted)
i.school_code     _Ischool_co_1-47    (naturally coded; _Ischool_co_1 omitted)

Linear regression                               Number of obs     =      8,230
                                                F(2, 26)          =          .
                                                Prob > F          =          .
                                                R-squared         =     0.1131
                                                Root MSE          =     .36788

                              (Std. Err. adjusted for 27 clusters in school_code)
---------------------------------------------------------------------------------
                |               Robust
A_12_afterSch~l |      Coef.   Std. Err.      t    P>|t|     [95% Conf. Interval]
----------------+----------------------------------------------------------------
afterXtreatment |       .026   .0269469     0.96   0.344    -.0293902    .0813903
       att_lgcr |   .0359686   .0043771     8.22   0.000     .0269714    .0449658
    _Iyear_2001 |  -.0336253   .0234658    -1.43   0.164    -.0818599    .0146093
  _Ischool_co_3 |  -.1682551   .0144356   -11.66   0.000    -.1979279   -.1385824
  _Ischool_co_4 |  -.1323426   .0130033   -10.18   0.000    -.1590713   -.1056138
  _Ischool_co_6 |  -.0761514   .0011383   -66.90   0.000    -.0784912   -.0738116
  _Ischool_co_7 |  -.0904017   .0049306   -18.33   0.000    -.1005367   -.0802666
  _Ischool_co_9 |  -.1343883   .0064414   -20.86   0.000    -.1476288   -.1211477
 _Ischool_co_11 |  -.2716113   .0110762   -24.52   0.000    -.2943787   -.2488439
 _Ischool_co_13 |  -.1420447   .0126782   -11.20   0.000    -.1681052   -.1159842
 _Ischool_co_16 |  -.1751281   .0102381   -17.11   0.000    -.1961728   -.1540834
 _Ischool_co_19 |  -.2134829   .0136671   -15.62   0.000    -.2415759   -.1853898
 _Ischool_co_20 |  -.2324812   .0005348  -434.70   0.000    -.2335805   -.2313819
 _Ischool_co_22 |  -.1069879   .0027568   -38.81   0.000    -.1126545   -.1013213
 _Ischool_co_23 |  -.2974764   .0152363   -19.52   0.000    -.3287951   -.2661577
 _Ischool_co_24 |  -.2115249   .0141551   -14.94   0.000    -.2406211   -.1824287
 _Ischool_co_28 |  -.0836093   .0132329    -6.32   0.000    -.1108098   -.0564087
 _Ischool_co_29 |  -.2418044   .0096815   -24.98   0.000    -.2617049   -.2219039
 _Ischool_co_30 |  -.0643546   .0123715    -5.20   0.000    -.0897845   -.0389246
 _Ischool_co_35 |   .0690042   .0087701     7.87   0.000      .050977    .0870313
 _Ischool_co_36 |  -.3060863   .0160681   -19.05   0.000    -.3391148   -.2730579
 _Ischool_co_37 |  -.1457605   .0044478   -32.77   0.000    -.1549031   -.1366178
 _Ischool_co_38 |   -.297472   .0156528   -19.00   0.000    -.3296467   -.2652972
 _Ischool_co_39 |  -.1358167   .0085468   -15.89   0.000    -.1533849   -.1182485
 _Ischool_co_41 |  -.0718803   .0137706    -5.22   0.000    -.1001861   -.0435745
 _Ischool_co_42 |  -.1373043   .0127767   -10.75   0.000    -.1635671   -.1110415
 _Ischool_co_44 |  -.1733678   .0176089    -9.85   0.000    -.2095633   -.1371722
 _Ischool_co_45 |   -.197485   .0035025   -56.38   0.000    -.2046844   -.1902856
 _Ischool_co_47 |  -.2314229    .001829  -126.53   0.000    -.2351825   -.2276632
          _cons |   .1515701   .0229425     6.61   0.000     .1044112    .1987289
---------------------------------------------------------------------------------
i.year            _Iyear_2000-2001    (naturally coded; _Iyear_2000 omitted)
i.school_code     _Ischool_co_1-47    (naturally coded; _Ischool_co_1 omitted)
note: _Ischool_co_3 omitted because of collinearity
note: _Ischool_co_6 omitted because of collinearity
note: _Ischool_co_7 omitted because of collinearity
note: _Ischool_co_11 omitted because of collinearity
note: _Ischool_co_13 omitted because of collinearity
note: _Ischool_co_45 omitted because of collinearity

Linear regression                               Number of obs     =     11,561
                                                F(11, 20)         =          .
                                                Prob > F          =          .
                                                R-squared         =     0.1786
                                                Root MSE          =     1.4828

                              (Std. Err. adjusted for 21 clusters in school_code)
---------------------------------------------------------------------------------
                |               Robust
uni_12_afterS~l |      Coef.   Std. Err.      t    P>|t|     [95% Conf. Interval]
----------------+----------------------------------------------------------------
afterXtreatment |   .2424502   .1026242     2.36   0.028     .0283799    .4565206
       att_lgcr |  -.0998377   .0198813    -5.02   0.000    -.1413093    -.058366
       att_lgsc |   .0083309   .0022238     3.75   0.001     .0036921    .0129696
       awr_lgcr |   .2048206   .0346591     5.91   0.000     .1325229    .2771182
     e_awr_lgcr |   .0967314   .1125026     0.86   0.400     -.137945    .3314078
         asiafr |  -.1098043   .0640681    -1.71   0.102     -.243448    .0238395
            ole |   .1542248    .214724     0.72   0.481    -.2936815    .6021312
            boy |  -.0578298   .0368751    -1.57   0.133    -.1347499    .0190904
         educav |   .0191784   .0073707     2.60   0.017     .0038035    .0345533
         educem |   .0188252   .0117553     1.60   0.125    -.0056958    .0433463
         m_ahim |  -.0331388   .0209205    -1.58   0.129    -.0767783    .0105006
    _Iyear_2001 |  -.2809602   .0783316    -3.59   0.002    -.4443571   -.1175633
  _Ischool_co_3 |          0  (omitted)
  _Ischool_co_4 |   -.410298   .1181841    -3.47   0.002    -.6568257   -.1637702
  _Ischool_co_6 |          0  (omitted)
  _Ischool_co_7 |          0  (omitted)
  _Ischool_co_9 |  -.2726471    .077624    -3.51   0.002     -.434568   -.1107263
 _Ischool_co_11 |          0  (omitted)
 _Ischool_co_13 |          0  (omitted)
 _Ischool_co_16 |  -.7526619   .0849032    -8.86   0.000    -.9297669   -.5755569
 _Ischool_co_19 |  -.6044564   .0594136   -10.17   0.000    -.7283909   -.4805219
 _Ischool_co_20 |  -.3444743   .0911908    -3.78   0.001    -.5346949   -.1542537
 _Ischool_co_22 |  -.4660922   .0404109   -11.53   0.000    -.5503878   -.3817965
 _Ischool_co_23 |  -.8405866   .0717475   -11.72   0.000    -.9902493   -.6909238
 _Ischool_co_24 |  -.7296735   .0669783   -10.89   0.000    -.8693877   -.5899594
 _Ischool_co_28 |  -.0585673   .0534003    -1.10   0.286    -.1699584    .0528239
 _Ischool_co_29 |  -.6090596   .0703839    -8.65   0.000    -.7558779   -.4622412
 _Ischool_co_30 |  -.3983336   .0734029    -5.43   0.000    -.5514493   -.2452179
 _Ischool_co_35 |   .3503241   .0660058     5.31   0.000     .2126384    .4880099
 _Ischool_co_36 |  -.8181036   .1178938    -6.94   0.000    -1.064026   -.5721813
 _Ischool_co_37 |  -.1340874   .0381081    -3.52   0.002    -.2135794   -.0545953
 _Ischool_co_38 |  -.9109456   .0867127   -10.51   0.000    -1.091825   -.7300659
 _Ischool_co_39 |  -.2840405    .115488    -2.46   0.023    -.5249442   -.0431368
 _Ischool_co_41 |  -.1372429    .057571    -2.38   0.027    -.2573339    -.017152
 _Ischool_co_42 |  -.2933248   .0643771    -4.56   0.000    -.4276132   -.1590365
 _Ischool_co_44 |  -.2737508   .1448952    -1.89   0.073    -.5759968    .0284952
 _Ischool_co_45 |          0  (omitted)
 _Ischool_co_47 |  -1.115898   .0335352   -33.28   0.000    -1.185851   -1.045944
          _cons |  -.0191789   .2047964    -0.09   0.926    -.4463767    .4080188
---------------------------------------------------------------------------------

    Variable |        Obs        Mean    Std. Dev.       Min        Max
-------------+---------------------------------------------------------
uni_12_aft~l |      3,064    .7934073     1.85556          0         11
.10262421
number of unweighted observations

    Variable |        Obs        Mean    Std. Dev.       Min        Max
-------------+---------------------------------------------------------
uni_12_aft~l |      2,471    .7940105     1.89311          0         11
i.year            _Iyear_2000-2001    (naturally coded; _Iyear_2000 omitted)
i.school_code     _Ischool_co_1-47    (naturally coded; _Ischool_co_1 omitted)
note: _Ischool_co_3 omitted because of collinearity
note: _Ischool_co_6 omitted because of collinearity
note: _Ischool_co_7 omitted because of collinearity
note: _Ischool_co_11 omitted because of collinearity
note: _Ischool_co_13 omitted because of collinearity
note: _Ischool_co_45 omitted because of collinearity

Linear regression                               Number of obs     =     11,561
                                                F(11, 20)         =          .
                                                Prob > F          =          .
                                                R-squared         =     0.0588
                                                Root MSE          =     .35192

                              (Std. Err. adjusted for 21 clusters in school_code)
---------------------------------------------------------------------------------
                |               Robust
B_12_afterSch~l |      Coef.   Std. Err.      t    P>|t|     [95% Conf. Interval]
----------------+----------------------------------------------------------------
afterXtreatment |  -.0174465   .0260242    -0.67   0.510     -.071732    .0368389
       att_lgcr |  -.0172338   .0059415    -2.90   0.009    -.0296275   -.0048402
       att_lgsc |   .0013765   .0003647     3.77   0.001     .0006157    .0021372
       awr_lgcr |   .0263587   .0047225     5.58   0.000     .0165077    .0362097
     e_awr_lgcr |  -.0357244   .0070532    -5.06   0.000    -.0504372   -.0210116
         asiafr |   .0114193   .0088307     1.29   0.211    -.0070012    .0298398
            ole |  -.0516242   .0663081    -0.78   0.445    -.1899405     .086692
            boy |   .0105337   .0105196     1.00   0.329    -.0114098    .0324773
         educav |   .0025138   .0019922     1.26   0.222    -.0016418    .0066694
         educem |   .0007649   .0031507     0.24   0.811    -.0058072    .0073371
         m_ahim |  -.0010228   .0027934    -0.37   0.718    -.0068497    .0048041
    _Iyear_2001 |    .026805   .0192005     1.40   0.178    -.0132466    .0668565
  _Ischool_co_3 |          0  (omitted)
  _Ischool_co_4 |  -.1813495   .0145948   -12.43   0.000    -.2117938   -.1509053
  _Ischool_co_6 |          0  (omitted)
  _Ischool_co_7 |          0  (omitted)
  _Ischool_co_9 |  -.0551915   .0073453    -7.51   0.000    -.0705136   -.0398693
 _Ischool_co_11 |          0  (omitted)
 _Ischool_co_13 |          0  (omitted)
 _Ischool_co_16 |  -.0521518   .0087542    -5.96   0.000    -.0704127   -.0338908
 _Ischool_co_19 |  -.1376064   .0124453   -11.06   0.000    -.1635669   -.1116458
 _Ischool_co_20 |   .0278966   .0091967     3.03   0.007     .0087127    .0470805
 _Ischool_co_22 |  -.1222688     .00366   -33.41   0.000    -.1299035   -.1146342
 _Ischool_co_23 |  -.1263554   .0132272    -9.55   0.000    -.1539468    -.098764
 _Ischool_co_24 |  -.1363507   .0129195   -10.55   0.000    -.1633003   -.1094012
 _Ischool_co_28 |  -.0293724   .0123792    -2.37   0.028    -.0551949   -.0035499
 _Ischool_co_29 |  -.0611205   .0104313    -5.86   0.000    -.0828799   -.0393611
 _Ischool_co_30 |   .0658412   .0214453     3.07   0.006     .0211071    .1105754
 _Ischool_co_35 |  -.0978733   .0084611   -11.57   0.000    -.1155228   -.0802238
 _Ischool_co_36 |  -.1192485    .011773   -10.13   0.000    -.1438066   -.0946904
 _Ischool_co_37 |  -.0912349   .0071441   -12.77   0.000    -.1061371   -.0763326
 _Ischool_co_38 |  -.0788036   .0139903    -5.63   0.000    -.1079869   -.0496204
 _Ischool_co_39 |  -.0728542   .0138571    -5.26   0.000    -.1017596   -.0439487
 _Ischool_co_41 |   .0402207   .0134657     2.99   0.007     .0121317    .0683097
 _Ischool_co_42 |  -.1517446   .0132998   -11.41   0.000    -.1794874   -.1240018
 _Ischool_co_44 |   -.071936   .0147877    -4.86   0.000    -.1027825   -.0410894
 _Ischool_co_45 |          0  (omitted)
 _Ischool_co_47 |  -.0263793   .0072763    -3.63   0.002    -.0415574   -.0112011
          _cons |   .0876665   .0257562     3.40   0.003     .0339399    .1413931
---------------------------------------------------------------------------------

    Variable |        Obs        Mean    Std. Dev.       Min        Max
-------------+---------------------------------------------------------
B_12_after~l |      3,064    .1599217    .3665932          0          1
.02602416
number of unweighted observations

    Variable |        Obs        Mean    Std. Dev.       Min        Max
-------------+---------------------------------------------------------
B_12_after~l |      2,471    .1732092    .3785046          0          1
i.year            _Iyear_2000-2001    (naturally coded; _Iyear_2000 omitted)
i.school_code     _Ischool_co_1-47    (naturally coded; _Ischool_co_1 omitted)
note: _Ischool_co_3 omitted because of collinearity
note: _Ischool_co_6 omitted because of collinearity
note: _Ischool_co_7 omitted because of collinearity
note: _Ischool_co_11 omitted because of collinearity
note: _Ischool_co_13 omitted because of collinearity
note: _Ischool_co_45 omitted because of collinearity

Linear regression                               Number of obs     =     11,561
                                                F(11, 20)         =          .
                                                Prob > F          =          .
                                                R-squared         =     0.0562
                                                Root MSE          =     1.0598

                              (Std. Err. adjusted for 21 clusters in school_code)
---------------------------------------------------------------------------------
                |               Robust
col_12_afterS~l |      Coef.   Std. Err.      t    P>|t|     [95% Conf. Interval]
----------------+----------------------------------------------------------------
afterXtreatment |  -.0473553   .0656419    -0.72   0.479    -.1842818    .0895713
       att_lgcr |  -.0492064   .0138416    -3.55   0.002    -.0780794   -.0203334
       att_lgsc |   .0028979   .0011332     2.56   0.019      .000534    .0052617
       awr_lgcr |   .0805853   .0128681     6.26   0.000     .0537428    .1074278
     e_awr_lgcr |  -.1074405   .0234548    -4.58   0.000    -.1563664   -.0585146
         asiafr |   .0726626   .0377382     1.93   0.069    -.0060578    .1513831
            ole |  -.1360018   .2554766    -0.53   0.600    -.6689166     .396913
            boy |  -.0074046    .033443    -0.22   0.827    -.0771655    .0623563
         educav |   .0120598   .0065205     1.85   0.079    -.0015417    .0256613
         educem |   .0019308   .0093528     0.21   0.839    -.0175789    .0214405
         m_ahim |  -.0119123   .0063726    -1.87   0.076    -.0252053    .0013806
    _Iyear_2001 |   .0768956   .0539706     1.42   0.170    -.0356852    .1894763
  _Ischool_co_3 |          0  (omitted)
  _Ischool_co_4 |  -.4192819   .0419675    -9.99   0.000    -.5068245   -.3317393
  _Ischool_co_6 |          0  (omitted)
  _Ischool_co_7 |          0  (omitted)
  _Ischool_co_9 |  -.1047165   .0224787    -4.66   0.000    -.1516063   -.0578267
 _Ischool_co_11 |          0  (omitted)
 _Ischool_co_13 |          0  (omitted)
 _Ischool_co_16 |  -.1865903   .0238045    -7.84   0.000    -.2362455    -.136935
 _Ischool_co_19 |  -.3773554   .0341679   -11.04   0.000    -.4486284   -.3060825
 _Ischool_co_20 |   .0794409   .0350875     2.26   0.035     .0062497     .152632
 _Ischool_co_22 |  -.3014442   .0092816   -32.48   0.000    -.3208052   -.2820832
 _Ischool_co_23 |  -.3987457   .0343107   -11.62   0.000    -.4703166   -.3271749
 _Ischool_co_24 |  -.3817901   .0332325   -11.49   0.000     -.451112   -.3124682
 _Ischool_co_28 |  -.0585835    .028668    -2.04   0.054     -.118384     .001217
 _Ischool_co_29 |  -.1366021   .0317963    -4.30   0.000     -.202928   -.0702761
 _Ischool_co_30 |   .3534155   .0731005     4.83   0.000     .2009305    .5059005
 _Ischool_co_35 |  -.2968413    .032403    -9.16   0.000    -.3644328   -.2292497
 _Ischool_co_36 |   -.419716   .0284589   -14.75   0.000    -.4790802   -.3603517
 _Ischool_co_37 |  -.2321825   .0179671   -12.92   0.000    -.2696612   -.1947038
 _Ischool_co_38 |  -.2392961   .0367868    -6.50   0.000     -.316032   -.1625602
 _Ischool_co_39 |  -.0373798   .0414104    -0.90   0.377    -.1237605    .0490009
 _Ischool_co_41 |   .1821193   .0333911     5.45   0.000     .1124666     .251772
 _Ischool_co_42 |  -.4524634   .0299422   -15.11   0.000    -.5149218   -.3900051
 _Ischool_co_44 |   -.187924    .055356    -3.39   0.003    -.3033946   -.0724534
 _Ischool_co_45 |          0  (omitted)
 _Ischool_co_47 |  -.0417407    .022412    -1.86   0.077    -.0884913    .0050099
          _cons |    .209365   .1046411     2.00   0.059    -.0089126    .4276425
---------------------------------------------------------------------------------

    Variable |        Obs        Mean    Std. Dev.       Min        Max
-------------+---------------------------------------------------------
col_12_aft~l |      3,064    .4226501    1.106722          0          7
.06564188
number of unweighted observations

    Variable |        Obs        Mean    Std. Dev.       Min        Max
-------------+---------------------------------------------------------
col_12_aft~l |      2,471     .446378    1.116792          0          7
i.year            _Iyear_2000-2001    (naturally coded; _Iyear_2000 omitted)
i.school_code     _Ischool_co_1-47    (naturally coded; _Ischool_co_1 omitted)
note: _Ischool_co_3 omitted because of collinearity
note: _Ischool_co_6 omitted because of collinearity
note: _Ischool_co_7 omitted because of collinearity
note: _Ischool_co_11 omitted because of collinearity
note: _Ischool_co_13 omitted because of collinearity
note: _Ischool_co_45 omitted because of collinearity

Linear regression                               Number of obs     =     11,561
                                                F(11, 20)         =          .
                                                Prob > F          =          .
                                                R-squared         =     0.2074
                                                Root MSE          =     .44428

                              (Std. Err. adjusted for 21 clusters in school_code)
---------------------------------------------------------------------------------
                |               Robust
E_12_afterSch~l |      Coef.   Std. Err.      t    P>|t|     [95% Conf. Interval]
----------------+----------------------------------------------------------------
afterXtreatment |   .0414382   .0223871     1.85   0.079    -.0052606    .0881369
       att_lgcr |  -.0321309   .0135188    -2.38   0.028    -.0603305   -.0039312
       att_lgsc |   .0049807   .0009815     5.07   0.000     .0029333    .0070281
       awr_lgcr |   .0542354   .0069294     7.83   0.000     .0397808    .0686899
     e_awr_lgcr |  -.0200154   .0174446    -1.15   0.265    -.0564042    .0163733
         asiafr |  -.0194619   .0173061    -1.12   0.274    -.0555619     .016638
            ole |  -.0351028    .069285    -0.51   0.618    -.1796288    .1094231
            boy |  -.0060171   .0157067    -0.38   0.706    -.0387806    .0267464
         educav |   .0035745   .0020729     1.72   0.100    -.0007495    .0078985
         educem |   .0001334   .0040049     0.03   0.974    -.0082206    .0084874
         m_ahim |  -.0052136   .0083771    -0.62   0.541    -.0226879    .0122607
    _Iyear_2001 |  -.0345139   .0109174    -3.16   0.005    -.0572872   -.0117405
  _Ischool_co_3 |          0  (omitted)
  _Ischool_co_4 |  -.2113481   .0494217    -4.28   0.000    -.3144401   -.1082562
  _Ischool_co_6 |          0  (omitted)
  _Ischool_co_7 |          0  (omitted)
  _Ischool_co_9 |  -.0651564   .0340818    -1.91   0.070    -.1362498     .005937
 _Ischool_co_11 |          0  (omitted)
 _Ischool_co_13 |          0  (omitted)
 _Ischool_co_16 |  -.1895761   .0221237    -8.57   0.000    -.2357253   -.1434269
 _Ischool_co_19 |  -.3151137     .01621   -19.44   0.000    -.3489271   -.2813002
 _Ischool_co_20 |  -.0708464    .035254    -2.01   0.058    -.1443849    .0026922
 _Ischool_co_22 |  -.1193003   .0094269   -12.66   0.000    -.1389646   -.0996361
 _Ischool_co_23 |  -.0403528   .0296819    -1.36   0.189    -.1022682    .0215627
 _Ischool_co_24 |  -.3390377   .0133661   -25.37   0.000    -.3669189   -.3111565
 _Ischool_co_28 |  -.0555036   .0136002    -4.08   0.001    -.0838732   -.0271341
 _Ischool_co_29 |  -.0293885   .0289035    -1.02   0.321    -.0896802    .0309031
 _Ischool_co_30 |  -.0623852   .0203492    -3.07   0.006    -.1048329   -.0199374
 _Ischool_co_35 |  -.0316092   .0205163    -1.54   0.139    -.0744054    .0111871
 _Ischool_co_36 |   -.178718   .0296088    -6.04   0.000    -.2404809   -.1169551
 _Ischool_co_37 |  -.1186041   .0169938    -6.98   0.000    -.1540527   -.0831556
 _Ischool_co_38 |  -.1464562    .031688    -4.62   0.000    -.2125562   -.0803562
 _Ischool_co_39 |  -.2127686   .0529434    -4.02   0.001    -.3232066   -.1023306
 _Ischool_co_41 |   .0252708   .0129503     1.95   0.065    -.0017431    .0522847
 _Ischool_co_42 |  -.2784378   .0146357   -19.02   0.000    -.3089673   -.2479082
 _Ischool_co_44 |   .0517909   .0445744     1.16   0.259    -.0411896    .1447714
 _Ischool_co_45 |          0  (omitted)
 _Ischool_co_47 |   -.182628   .0146037   -12.51   0.000    -.2130907   -.1521652
          _cons |   .2228824   .0848763     2.63   0.016     .0458334    .3999313
---------------------------------------------------------------------------------

    Variable |        Obs        Mean    Std. Dev.       Min        Max
-------------+---------------------------------------------------------
E_12_after~l |      3,064    .5166449    .4998044          0          1
.02238713
number of unweighted observations

    Variable |        Obs        Mean    Std. Dev.       Min        Max
-------------+---------------------------------------------------------
E_12_after~l |      2,471    .5167948     .499819          0          1
i.year            _Iyear_2000-2001    (naturally coded; _Iyear_2000 omitted)
i.school_code     _Ischool_co_1-47    (naturally coded; _Ischool_co_1 omitted)
note: _Ischool_co_3 omitted because of collinearity
note: _Ischool_co_6 omitted because of collinearity
note: _Ischool_co_7 omitted because of collinearity
note: _Ischool_co_11 omitted because of collinearity
note: _Ischool_co_13 omitted because of collinearity
note: _Ischool_co_45 omitted because of collinearity

Linear regression                               Number of obs     =     11,561
                                                F(11, 20)         =          .
                                                Prob > F          =          .
                                                R-squared         =     0.2374
                                                Root MSE          =     1.9044

                              (Std. Err. adjusted for 21 clusters in school_code)
---------------------------------------------------------------------------------
                |               Robust
educ_12_after~l |      Coef.   Std. Err.      t    P>|t|     [95% Conf. Interval]
----------------+----------------------------------------------------------------
afterXtreatment |   .1907621   .0919631     2.07   0.051    -.0010695    .3825936
       att_lgcr |  -.1493676   .0303336    -4.92   0.000    -.2126424   -.0860927
       att_lgsc |   .0186429   .0028387     6.57   0.000     .0127215    .0245643
       awr_lgcr |   .2886199   .0290137     9.95   0.000     .2280985    .3491414
     e_awr_lgcr |   -.051706   .1132597    -0.46   0.653    -.2879616    .1845496
         asiafr |  -.1164618   .0796351    -1.46   0.159    -.2825777     .049654
            ole |   .0568783   .3174108     0.18   0.860     -.605229    .7189857
            boy |  -.0136225   .0913537    -0.15   0.883    -.2041831     .176938
         educav |   .0296243   .0118007     2.51   0.021     .0050084    .0542402
         educem |   .0265232   .0157255     1.69   0.107    -.0062795     .059326
         m_ahim |  -.0374696   .0288971    -1.30   0.210     -.097748    .0228087
    _Iyear_2001 |  -.2148588   .0668468    -3.21   0.004    -.3542989   -.0754187
  _Ischool_co_3 |          0  (omitted)
  _Ischool_co_4 |  -.2533767   .1927699    -1.31   0.204    -.6554876    .1487343
  _Ischool_co_6 |          0  (omitted)
  _Ischool_co_7 |          0  (omitted)
  _Ischool_co_9 |  -.2462271   .1231719    -2.00   0.059    -.5031592     .010705
 _Ischool_co_11 |          0  (omitted)
 _Ischool_co_13 |          0  (omitted)
 _Ischool_co_16 |  -.8692947   .0993142    -8.75   0.000    -1.076461   -.6621288
 _Ischool_co_19 |  -1.128971   .0617301   -18.29   0.000    -1.257738   -1.000204
 _Ischool_co_20 |  -.1619818    .125768    -1.29   0.212    -.4243293    .1003657
 _Ischool_co_22 |   -.363187   .0454208    -8.00   0.000     -.457933   -.2684409
 _Ischool_co_23 |  -.7129463   .0900607    -7.92   0.000    -.9008096    -.525083
 _Ischool_co_24 |   -1.39464   .0619574   -22.51   0.000    -1.523881   -1.265399
 _Ischool_co_28 |  -.1642098   .0510199    -3.22   0.004    -.2706355    -.057784
 _Ischool_co_29 |  -.1312481   .0997022    -1.32   0.203    -.3392232    .0767269
 _Ischool_co_30 |  -.3225802   .0740845    -4.35   0.000    -.4771177   -.1680428
 _Ischool_co_35 |   .0099991   .0884364     0.11   0.911    -.1744759    .1944741
 _Ischool_co_36 |  -.8406545   .1308123    -6.43   0.000    -1.113524   -.5677847
 _Ischool_co_37 |  -.1172517   .0552273    -2.12   0.046    -.2324539   -.0020495
 _Ischool_co_38 |  -.9951758   .1077405    -9.24   0.000    -1.219919    -.770433
 _Ischool_co_39 |  -.4076145   .2008511    -2.03   0.056    -.8265826    .0113536
 _Ischool_co_41 |   .0337624   .0526991     0.64   0.529     -.076166    .1436908
 _Ischool_co_42 |  -.9899018   .0684633   -14.46   0.000    -1.132714   -.8470899
 _Ischool_co_44 |  -.1330903   .1881215    -0.71   0.487    -.5255049    .2593243
 _Ischool_co_45 |          0  (omitted)
 _Ischool_co_47 |  -.9506841   .0587382   -16.19   0.000     -1.07321   -.8281584
          _cons |   .1324207   .3332766     0.40   0.695    -.5627821    .8276235
---------------------------------------------------------------------------------

    Variable |        Obs        Mean    Std. Dev.       Min        Max
-------------+---------------------------------------------------------
educ_12_af~l |      3,064    1.952023    2.390122          0         11
.09196306
number of unweighted observations

    Variable |        Obs        Mean    Std. Dev.       Min        Max
-------------+---------------------------------------------------------
educ_12_af~l |      2,471    1.937272    2.400007          0         11
i.year            _Iyear_2000-2001    (naturally coded; _Iyear_2000 omitted)
i.school_code     _Ischool_co_1-47    (naturally coded; _Ischool_co_1 omitted)
note: _Ischool_co_3 omitted because of collinearity
note: _Ischool_co_6 omitted because of collinearity
note: _Ischool_co_7 omitted because of collinearity
note: _Ischool_co_11 omitted because of collinearity
note: _Ischool_co_13 omitted because of collinearity
note: _Ischool_co_45 omitted because of collinearity

Linear regression                               Number of obs     =     11,561
                                                F(11, 20)         =          .
                                                Prob > F          =          .
                                                R-squared         =     0.0843
                                                Root MSE          =      52485

                              (Std. Err. adjusted for 21 clusters in school_code)
---------------------------------------------------------------------------------
                |               Robust
sum_wage_11_a~a |      Coef.   Std. Err.      t    P>|t|     [95% Conf. Interval]
----------------+----------------------------------------------------------------
afterXtreatment |   6731.499   3463.021     1.94   0.066    -492.2369    13955.24
       att_lgcr |  -905.3674   905.2996    -1.00   0.329    -2793.789    983.0545
       att_lgsc |   161.4539   70.76149     2.28   0.034       13.848    309.0598
       awr_lgcr |   2875.263    918.406     3.13   0.005     959.5015    4791.024
     e_awr_lgcr |   -650.816    2568.92    -0.25   0.803     -6009.49    4707.858
         asiafr |    3425.43   1831.182     1.87   0.076     -394.349    7245.209
            ole |  -165.6841   8973.222    -0.02   0.985     -18883.5    18552.13
            boy |   23606.24   2069.004    11.41   0.000     19290.37    27922.11
         educav |   422.9044   323.4482     1.31   0.206    -251.7967    1097.605
         educem |   360.0757   285.8116     1.26   0.222    -236.1169    956.2683
         m_ahim |  -879.6839   761.6364    -1.15   0.262    -2468.429    709.0617
    _Iyear_2001 |  -5640.464   1610.798    -3.50   0.002     -9000.53   -2280.398
  _Ischool_co_3 |          0  (omitted)
  _Ischool_co_4 |  -11633.36   2368.722    -4.91   0.000    -16574.42   -6692.289
  _Ischool_co_6 |          0  (omitted)
  _Ischool_co_7 |          0  (omitted)
  _Ischool_co_9 |  -3073.386   3326.704    -0.92   0.367    -10012.77    3865.996
 _Ischool_co_11 |          0  (omitted)
 _Ischool_co_13 |          0  (omitted)
 _Ischool_co_16 |  -6366.044   1342.471    -4.74   0.000    -9166.388     -3565.7
 _Ischool_co_19 |   5617.271   2109.785     2.66   0.015     1216.336    10018.21
 _Ischool_co_20 |   -3652.39    2746.42    -1.33   0.199    -9381.323    2076.543
 _Ischool_co_22 |  -3694.796   1055.195    -3.50   0.002    -5895.894   -1493.699
 _Ischool_co_23 |   886.4958   2157.608     0.41   0.686    -3614.195    5387.186
 _Ischool_co_24 |  -954.5053   2109.412    -0.45   0.656    -5354.663    3445.652
 _Ischool_co_28 |   4318.781   2041.956     2.12   0.047     59.33471    8578.227
 _Ischool_co_29 |  -2326.885   1933.803    -1.20   0.243    -6360.726    1706.957
 _Ischool_co_30 |   3673.289   2907.883     1.26   0.221     -2392.45    9739.027
 _Ischool_co_35 |  -14906.62   1602.568    -9.30   0.000    -18249.51   -11563.72
 _Ischool_co_36 |  -8199.799   3157.834    -2.60   0.017    -14786.92   -1612.673
 _Ischool_co_37 |  -2555.304   1618.945    -1.58   0.130    -5932.363    821.7553
 _Ischool_co_38 |  -17602.64   2338.728    -7.53   0.000    -22481.14   -12724.14
 _Ischool_co_39 |  -13086.92   3844.879    -3.40   0.003    -21107.19   -5066.641
 _Ischool_co_41 |  -893.6103   2220.178    -0.40   0.692    -5524.821      3737.6
 _Ischool_co_42 |   2239.996   2264.045     0.99   0.334    -2482.719    6962.711
 _Ischool_co_44 |   5477.672   4111.533     1.33   0.198    -3098.837    14054.18
 _Ischool_co_45 |          0  (omitted)
 _Ischool_co_47 |   -11255.6   787.5179   -14.29   0.000    -12898.33   -9612.866
          _cons |   32506.38   6387.843     5.09   0.000     19181.57    45831.19
---------------------------------------------------------------------------------

    Variable |        Obs        Mean    Std. Dev.       Min        Max
-------------+---------------------------------------------------------
s~1_afterS~a |      3,064    63822.97    54846.31          0   340768.1
3463.0214
number of unweighted observations

    Variable |        Obs        Mean    Std. Dev.       Min        Max
-------------+---------------------------------------------------------
s~1_afterS~a |      2,471    65149.26    56756.24          0   340768.1
i.year            _Iyear_2000-2001    (naturally coded; _Iyear_2000 omitted)
i.school_code     _Ischool_co_1-47    (naturally coded; _Ischool_co_1 omitted)
note: _Ischool_co_3 omitted because of collinearity
note: _Ischool_co_6 omitted because of collinearity
note: _Ischool_co_7 omitted because of collinearity
note: _Ischool_co_11 omitted because of collinearity
note: _Ischool_co_13 omitted because of collinearity
note: _Ischool_co_45 omitted because of collinearity

Linear regression                               Number of obs     =     11,561
                                                F(11, 20)         =          .
                                                Prob > F          =          .
                                                R-squared         =     0.0189
                                                Root MSE          =     .34741

                              (Std. Err. adjusted for 21 clusters in school_code)
---------------------------------------------------------------------------------
                |               Robust
work_11_after~a |      Coef.   Std. Err.      t    P>|t|     [95% Conf. Interval]
----------------+----------------------------------------------------------------
afterXtreatment |   .0082472   .0100495     0.82   0.422    -.0127158    .0292102
       att_lgcr |   .0027705   .0033917     0.82   0.424    -.0043044    .0098455
       att_lgsc |   .0001588    .000439     0.36   0.721     -.000757    .0010746
       awr_lgcr |  -.0026242   .0051127    -0.51   0.613    -.0132892    .0080407
     e_awr_lgcr |   .0054872   .0052041     1.05   0.304    -.0053684    .0163427
         asiafr |    .012915   .0070364     1.84   0.081    -.0017628    .0275927
            ole |  -.0329915   .0514737    -0.64   0.529    -.1403638    .0743809
            boy |   .0036465   .0279682     0.13   0.898    -.0546941    .0619872
         educav |  -.0002776   .0013869    -0.20   0.843    -.0031707    .0026155
         educem |   -.001357   .0013186    -1.03   0.316    -.0041075    .0013935
         m_ahim |  -.0032234   .0035791    -0.90   0.379    -.0106892    .0042424
    _Iyear_2001 |  -.0009088   .0072486    -0.13   0.901     -.016029    .0142115
  _Ischool_co_3 |          0  (omitted)
  _Ischool_co_4 |  -.0895799   .0112807    -7.94   0.000     -.113111   -.0660487
  _Ischool_co_6 |          0  (omitted)
  _Ischool_co_7 |          0  (omitted)
  _Ischool_co_9 |   .0790628   .0111448     7.09   0.000     .0558151    .1023105
 _Ischool_co_11 |          0  (omitted)
 _Ischool_co_13 |          0  (omitted)
 _Ischool_co_16 |   .0061768   .0074844     0.83   0.419    -.0094355     .021789
 _Ischool_co_19 |   .0876589   .0062688    13.98   0.000     .0745823    .1007355
 _Ischool_co_20 |   .0699845   .0095353     7.34   0.000     .0500943    .0898747
 _Ischool_co_22 |   .0392086   .0021798    17.99   0.000     .0346616    .0437556
 _Ischool_co_23 |   .0353146   .0144913     2.44   0.024     .0050864    .0655429
 _Ischool_co_24 |   .0126203   .0060937     2.07   0.052    -.0000909    .0253316
 _Ischool_co_28 |   .0083323   .0066663     1.25   0.226    -.0055735     .022238
 _Ischool_co_29 |  -.0178331   .0074087    -2.41   0.026    -.0332874   -.0023788
 _Ischool_co_30 |   .0566733   .0154381     3.67   0.002       .02447    .0888765
 _Ischool_co_35 |   .0428707   .0172909     2.48   0.022     .0068024    .0789389
 _Ischool_co_36 |   .0373858   .0076364     4.90   0.000     .0214566    .0533151
 _Ischool_co_37 |   .0138649   .0057695     2.40   0.026       .00183    .0258997
 _Ischool_co_38 |  -.0735392   .0147529    -4.98   0.000    -.1043133   -.0427651
 _Ischool_co_39 |  -.1183184   .0156602    -7.56   0.000    -.1509851   -.0856518
 _Ischool_co_41 |   .0159408   .0064489     2.47   0.023     .0024885     .029393
 _Ischool_co_42 |   .0394064   .0049624     7.94   0.000     .0290551    .0497576
 _Ischool_co_44 |   .0571091   .0156483     3.65   0.002     .0244674    .0897508
 _Ischool_co_45 |          0  (omitted)
 _Ischool_co_47 |   .0027181    .003563     0.76   0.454    -.0047142    .0101505
          _cons |     .84664   .0387493    21.85   0.000     .7658105    .9274696
---------------------------------------------------------------------------------

    Variable |        Obs        Mean    Std. Dev.       Min        Max
-------------+---------------------------------------------------------
work_11_af~a |      3,064    .8417102    .3650721          0          1
.01004954
number of unweighted observations

    Variable |        Obs        Mean    Std. Dev.       Min        Max
-------------+---------------------------------------------------------
work_11_af~a |      2,471    .8458114    .3612025          0          1
i.year            _Iyear_2000-2001    (naturally coded; _Iyear_2000 omitted)
i.school_code     _Ischool_co_1-47    (naturally coded; _Ischool_co_1 omitted)
note: _Ischool_co_3 omitted because of collinearity
note: _Ischool_co_6 omitted because of collinearity
note: _Ischool_co_7 omitted because of collinearity
note: _Ischool_co_11 omitted because of collinearity
note: _Ischool_co_13 omitted because of collinearity
note: _Ischool_co_45 omitted because of collinearity

Linear regression                               Number of obs     =     11,561
                                                F(11, 20)         =          .
                                                Prob > F          =          .
                                                R-squared         =     0.0609
                                                Root MSE          =     28.931

                              (Std. Err. adjusted for 21 clusters in school_code)
---------------------------------------------------------------------------------
                |               Robust
pctle_wage_11~l |      Coef.   Std. Err.      t    P>|t|     [95% Conf. Interval]
----------------+----------------------------------------------------------------
afterXtreatment |   3.017618   1.423065     2.12   0.047     .0491566     5.98608
       att_lgcr |  -.3630238   .4663206    -0.78   0.445    -1.335752     .609704
       att_lgsc |   .0840921   .0359652     2.34   0.030     .0090699    .1591142
       awr_lgcr |   1.051116   .5149141     2.04   0.055    -.0229762    2.125208
     e_awr_lgcr |  -.6621567    .914151    -0.72   0.477    -2.569042    1.244729
         asiafr |   2.914291   1.233658     2.36   0.028     .3409244    5.487657
            ole |  -.6242967   5.073341    -0.12   0.903     -11.2071    9.958508
            boy |   10.74036   1.207338     8.90   0.000     8.221902    13.25883
         educav |   .0350027   .1808833     0.19   0.849    -.3423133    .4123187
         educem |   .2631123   .1394535     1.89   0.074    -.0277827    .5540072
         m_ahim |  -.4337025   .3637821    -1.19   0.247    -1.192539    .3251336
    _Iyear_2001 |  -2.107246   .7744176    -2.72   0.013    -3.722652   -.4918391
  _Ischool_co_3 |          0  (omitted)
  _Ischool_co_4 |  -6.547625   1.205679    -5.43   0.000    -9.062627   -4.032624
  _Ischool_co_6 |          0  (omitted)
  _Ischool_co_7 |          0  (omitted)
  _Ischool_co_9 |   1.246676   1.635236     0.76   0.455    -2.164367    4.657719
 _Ischool_co_11 |          0  (omitted)
 _Ischool_co_13 |          0  (omitted)
 _Ischool_co_16 |   -1.67632   .6616288    -2.53   0.020    -3.056453   -.2961863
 _Ischool_co_19 |   6.156392   .7897456     7.80   0.000     4.509012    7.803772
 _Ischool_co_20 |   .8121616   1.345495     0.60   0.553    -1.994492    3.618815
 _Ischool_co_22 |    .333949   .4258326     0.78   0.442    -.5543222     1.22222
 _Ischool_co_23 |   3.087284   .8717051     3.54   0.002     1.268939    4.905629
 _Ischool_co_24 |  -.2990699    .848522    -0.35   0.728    -2.069056    1.470916
 _Ischool_co_28 |    2.18297    .878928     2.48   0.022     .3495581    4.016382
 _Ischool_co_29 |  -.9653892   .9921438    -0.97   0.342    -3.034965    1.104187
 _Ischool_co_30 |   3.637654   1.458401     2.49   0.021     .5954829    6.679825
 _Ischool_co_35 |  -4.808634   1.053001    -4.57   0.000    -7.005155   -2.612113
 _Ischool_co_36 |   -.974611   1.217552    -0.80   0.433     -3.51438    1.565158
 _Ischool_co_37 |   .0859319   .8190512     0.10   0.917    -1.622579    1.794443
 _Ischool_co_38 |  -8.764057   .9681089    -9.05   0.000     -10.7835   -6.744618
 _Ischool_co_39 |  -8.459672   1.868256    -4.53   0.000    -12.35679   -4.562558
 _Ischool_co_41 |  -.2042297   .8498748    -0.24   0.813    -1.977037    1.568578
 _Ischool_co_42 |   1.739399   .8519449     2.04   0.055    -.0377267    3.516525
 _Ischool_co_44 |   4.735653   1.903234     2.49   0.022     .7655766    8.705729
 _Ischool_co_45 |          0  (omitted)
 _Ischool_co_47 |  -4.313293   .3371743   -12.79   0.000    -5.016626    -3.60996
          _cons |   34.94057   3.142304    11.12   0.000     28.38584     41.4953
---------------------------------------------------------------------------------

    Variable |        Obs        Mean    Std. Dev.       Min        Max
-------------+---------------------------------------------------------
p~1_afterS~l |      3,064    49.36097    30.27154          1        100
1.423065
number of unweighted observations

    Variable |        Obs        Mean    Std. Dev.       Min        Max
-------------+---------------------------------------------------------
p~1_afterS~l |      2,471    49.81425    30.54782          1        100
i.year            _Iyear_2000-2001    (naturally coded; _Iyear_2000 omitted)
i.school_code     _Ischool_co_1-47    (naturally coded; _Ischool_co_1 omitted)
note: _Ischool_co_3 omitted because of collinearity
note: _Ischool_co_6 omitted because of collinearity
note: _Ischool_co_7 omitted because of collinearity
note: _Ischool_co_11 omitted because of collinearity
note: _Ischool_co_13 omitted because of collinearity
note: _Ischool_co_45 omitted because of collinearity

Linear regression                               Number of obs     =     11,561
                                                F(11, 20)         =          .
                                                Prob > F          =          .
                                                R-squared         =     0.0173
                                                Root MSE          =     .26078

                              (Std. Err. adjusted for 21 clusters in school_code)
---------------------------------------------------------------------------------
                |               Robust
avt_11_afterS~l |      Coef.   Std. Err.      t    P>|t|     [95% Conf. Interval]
----------------+----------------------------------------------------------------
afterXtreatment |  -.0037686   .0189344    -0.20   0.844     -.043265    .0357278
       att_lgcr |   .0101638   .0046354     2.19   0.040     .0004946    .0198331
       att_lgsc |   -.000081   .0001636    -0.50   0.626    -.0004223    .0002603
       awr_lgcr |  -.0078604   .0024978    -3.15   0.005    -.0130707   -.0026501
     e_awr_lgcr |  -.0068471   .0091232    -0.75   0.462    -.0258777    .0121835
         asiafr |   -.000735   .0084179    -0.09   0.931    -.0182945    .0168245
            ole |  -.0068115   .0207861    -0.33   0.747    -.0501706    .0365476
            boy |  -.0410744   .0108116    -3.80   0.001     -.063627   -.0185217
         educav |   .0007294   .0008977     0.81   0.426    -.0011431     .002602
         educem |  -.0036945   .0013585    -2.72   0.013    -.0065282   -.0008608
         m_ahim |   .0022134   .0018366     1.21   0.242    -.0016177    .0060445
    _Iyear_2001 |   .0083606    .018753     0.45   0.661    -.0307575    .0474787
  _Ischool_co_3 |          0  (omitted)
  _Ischool_co_4 |  -.0518565   .0063882    -8.12   0.000     -.065182   -.0385309
  _Ischool_co_6 |          0  (omitted)
  _Ischool_co_7 |          0  (omitted)
  _Ischool_co_9 |   .0073511   .0113068     0.65   0.523    -.0162344    .0309366
 _Ischool_co_11 |          0  (omitted)
 _Ischool_co_13 |          0  (omitted)
 _Ischool_co_16 |   .0524499   .0054103     9.69   0.000     .0411642    .0637355
 _Ischool_co_19 |   .0225142   .0075556     2.98   0.007     .0067536    .0382748
 _Ischool_co_20 |   .0235032   .0063677     3.69   0.001     .0102203     .036786
 _Ischool_co_22 |     .04451   .0050483     8.82   0.000     .0339794    .0550406
 _Ischool_co_23 |  -.0062563   .0091187    -0.69   0.501    -.0252775     .012765
 _Ischool_co_24 |   .0025205   .0089633     0.28   0.781    -.0161766    .0212176
 _Ischool_co_28 |   .0200615   .0082664     2.43   0.025      .002818     .037305
 _Ischool_co_29 |  -.0119901   .0090752    -1.32   0.201    -.0309206    .0069404
 _Ischool_co_30 |  -.0050243   .0096992    -0.52   0.610    -.0252565    .0152079
 _Ischool_co_35 |   .0192464   .0047567     4.05   0.001     .0093242    .0291687
 _Ischool_co_36 |  -.0136518   .0089162    -1.53   0.141    -.0322506     .004947
 _Ischool_co_37 |   .0282356   .0066706     4.23   0.000     .0143211    .0421502
 _Ischool_co_38 |   .0173848   .0080988     2.15   0.044      .000491    .0342787
 _Ischool_co_39 |  -.0575343   .0075553    -7.62   0.000    -.0732944   -.0417742
 _Ischool_co_41 |    .008554   .0076221     1.12   0.275    -.0073454    .0244533
 _Ischool_co_42 |   .0220024    .006918     3.18   0.005     .0075718    .0364331
 _Ischool_co_44 |  -.0031496   .0082219    -0.38   0.706    -.0203003    .0140011
 _Ischool_co_45 |          0  (omitted)
 _Ischool_co_47 |   .0254111   .0034081     7.46   0.000      .018302    .0325203
          _cons |   .0984092   .0110193     8.93   0.000     .0754234    .1213949
---------------------------------------------------------------------------------

    Variable |        Obs        Mean    Std. Dev.       Min        Max
-------------+---------------------------------------------------------
avt_11_aft~l |      3,064    .0691906    .2538194          0          1
.01893436
number of unweighted observations

    Variable |        Obs        Mean    Std. Dev.       Min        Max
-------------+---------------------------------------------------------
avt_11_aft~l |      2,471    .0683934    .2524708          0          1
i.year            _Iyear_2000-2001    (naturally coded; _Iyear_2000 omitted)
i.school_code     _Ischool_co_1-47    (naturally coded; _Ischool_co_1 omitted)
note: _Ischool_co_3 omitted because of collinearity
note: _Ischool_co_6 omitted because of collinearity
note: _Ischool_co_7 omitted because of collinearity
note: _Ischool_co_11 omitted because of collinearity
note: _Ischool_co_13 omitted because of collinearity
note: _Ischool_co_45 omitted because of collinearity

Linear regression                               Number of obs     =     11,561
                                                F(11, 20)         =          .
                                                Prob > F          =          .
                                                R-squared         =     0.0106
                                                Root MSE          =     3290.9

                              (Std. Err. adjusted for 21 clusters in school_code)
---------------------------------------------------------------------------------
                |               Robust
avt_tot_11_af~l |      Coef.   Std. Err.      t    P>|t|     [95% Conf. Interval]
----------------+----------------------------------------------------------------
afterXtreatment |  -111.7395   186.3111    -0.60   0.555    -500.3776    276.8986
       att_lgcr |   66.73962   47.02564     1.42   0.171    -31.35414    164.8334
       att_lgsc |  -1.698588   1.902825    -0.89   0.383    -5.667811    2.270636
       awr_lgcr |  -33.43034   35.34442    -0.95   0.356    -107.1575    40.29683
     e_awr_lgcr |  -68.80421   88.83009    -0.77   0.448    -254.1005    116.4921
         asiafr |   41.70602    110.439     0.38   0.710    -188.6657    272.0777
            ole |  -1.888798   298.3248    -0.01   0.995    -624.1833    620.4058
            boy |  -369.3622   120.6158    -3.06   0.006    -620.9624    -117.762
         educav |   9.548014   12.81252     0.75   0.465    -17.17844    36.27447
         educem |  -39.04327   16.86165    -2.32   0.031    -74.21605   -3.870478
         m_ahim |   28.11003   30.35206     0.93   0.365    -35.20325    91.42331
    _Iyear_2001 |   188.4513   139.2244     1.35   0.191    -101.9657    478.8682
  _Ischool_co_3 |          0  (omitted)
  _Ischool_co_4 |  -451.2928    73.0853    -6.17   0.000     -603.746   -298.8395
  _Ischool_co_6 |          0  (omitted)
  _Ischool_co_7 |          0  (omitted)
  _Ischool_co_9 |  -185.5915   128.0482    -1.45   0.163    -452.6954    81.51243
 _Ischool_co_11 |          0  (omitted)
 _Ischool_co_13 |          0  (omitted)
 _Ischool_co_16 |   617.7811   55.41814    11.15   0.000     502.1809    733.3813
 _Ischool_co_19 |   74.10778   85.21043     0.87   0.395     -103.638    251.8536
 _Ischool_co_20 |   145.6058   75.72549     1.92   0.069    -12.35476    303.5664
 _Ischool_co_22 |   497.7267   47.98202    10.37   0.000      397.638    597.8155
 _Ischool_co_23 |  -34.50954   110.3248    -0.31   0.758     -264.643     195.624
 _Ischool_co_24 |  -85.61435   90.28568    -0.95   0.354     -273.947    102.7183
 _Ischool_co_28 |    259.702   84.86914     3.06   0.006     82.66809    436.7359
 _Ischool_co_29 |   -91.5982   75.02807    -1.22   0.236     -248.104    64.90761
 _Ischool_co_30 |  -144.4226    122.845    -1.18   0.254    -400.6727    111.8276
 _Ischool_co_35 |   199.4287   64.65204     3.08   0.006     64.56687    334.2905
 _Ischool_co_36 |  -200.4399   117.6117    -1.70   0.104    -445.7736    44.89387
 _Ischool_co_37 |   347.0055   72.72577     4.77   0.000     195.3022    498.7088
 _Ischool_co_38 |   354.9281   107.2597     3.31   0.004     131.1884    578.6679
 _Ischool_co_39 |  -674.9623   104.2652    -6.47   0.000    -892.4558   -457.4689
 _Ischool_co_41 |    73.8049   96.57339     0.76   0.454    -127.6437    275.2535
 _Ischool_co_42 |   206.5202   82.30939     2.51   0.021     34.82583    378.2146
 _Ischool_co_44 |  -40.32547   106.2684    -0.38   0.708    -261.9975    181.3466
 _Ischool_co_45 |          0  (omitted)
 _Ischool_co_47 |   63.97213    44.9761     1.42   0.170    -29.84638    157.7906
          _cons |   1026.021   142.1875     7.22   0.000     729.4226    1322.619
---------------------------------------------------------------------------------

    Variable |        Obs        Mean    Std. Dev.       Min        Max
-------------+---------------------------------------------------------
avt_tot_11~l |      3,064    725.4912    3193.258          0      25622
186.31107
number of unweighted observations

    Variable |        Obs        Mean    Std. Dev.       Min        Max
-------------+---------------------------------------------------------
avt_tot_11~l |      2,471    714.9207    3164.256          0      28227
i.year            _Iyear_2000-2001    (naturally coded; _Iyear_2000 omitted)
i.school_code     _Ischool_co_1-47    (naturally coded; _Ischool_co_1 omitted)
note: _Ischool_co_3 omitted because of collinearity
note: _Ischool_co_6 omitted because of collinearity
note: _Ischool_co_7 omitted because of collinearity
note: _Ischool_co_11 omitted because of collinearity
note: _Ischool_co_13 omitted because of collinearity
note: _Ischool_co_45 omitted because of collinearity

Linear regression                               Number of obs     =     11,561
                                                F(11, 20)         =          .
                                                Prob > F          =          .
                                                R-squared         =     0.0229
                                                Root MSE          =     4.3626

                              (Std. Err. adjusted for 21 clusters in school_code)
---------------------------------------------------------------------------------
                |               Robust
months_11_aft~a |      Coef.   Std. Err.      t    P>|t|     [95% Conf. Interval]
----------------+----------------------------------------------------------------
afterXtreatment |   .3933688   .1638035     2.40   0.026     .0516807    .7350568
       att_lgcr |  -.0261587   .0684552    -0.38   0.706    -.1689537    .1166362
       att_lgsc |    .003362   .0050971     0.66   0.517    -.0072704    .0139944
       awr_lgcr |   .0462356   .0776284     0.60   0.558    -.1156943    .2081656
     e_awr_lgcr |   .0414598   .1108894     0.37   0.712    -.1898514     .272771
         asiafr |   .2954604   .1434677     2.06   0.053     -.003808    .5947287
            ole |  -.5416039   .6102355    -0.89   0.385    -1.814533    .7313251
            boy |   .5433855   .2769054     1.96   0.064    -.0342291       1.121
         educav |  -.0197447   .0221067    -0.89   0.382    -.0658586    .0263691
         educem |   .0301799   .0214484     1.41   0.175    -.0145606    .0749204
         m_ahim |  -.0415777   .0542793    -0.77   0.453    -.1548024     .071647
    _Iyear_2001 |  -.3656142   .0923968    -3.96   0.001    -.5583506   -.1728779
  _Ischool_co_3 |          0  (omitted)
  _Ischool_co_4 |  -.8559659   .1741502    -4.92   0.000    -1.219237    -.492695
  _Ischool_co_6 |          0  (omitted)
  _Ischool_co_7 |          0  (omitted)
  _Ischool_co_9 |   .7425886   .1704557     4.36   0.000     .3870242    1.098153
 _Ischool_co_11 |          0  (omitted)
 _Ischool_co_13 |          0  (omitted)
 _Ischool_co_16 |  -.1004052   .1124807    -0.89   0.383    -.3350358    .1342254
 _Ischool_co_19 |   1.274999   .1142398    11.16   0.000     1.036699    1.513299
 _Ischool_co_20 |   .8462225   .1457134     5.81   0.000     .5422697    1.150175
 _Ischool_co_22 |   .2473075   .0558625     4.43   0.000     .1307804    .3638347
 _Ischool_co_23 |   .6612649   .1912784     3.46   0.002     .2622652    1.060265
 _Ischool_co_24 |   .3342711    .079721     4.19   0.000      .167976    .5005663
 _Ischool_co_28 |   .3978784   .1076504     3.70   0.001     .1733236    .6224332
 _Ischool_co_29 |   -.039784   .1345939    -0.30   0.771    -.3205419    .2409738
 _Ischool_co_30 |   1.529207    .185072     8.26   0.000     1.143154     1.91526
 _Ischool_co_35 |   .3190624   .2048871     1.56   0.135    -.1083245    .7464494
 _Ischool_co_36 |   .7178913   .1226564     5.85   0.000     .4620345    .9737481
 _Ischool_co_37 |   .1573408   .0945191     1.66   0.112    -.0398226    .3545043
 _Ischool_co_38 |  -1.243065   .1998376    -6.22   0.000    -1.659919   -.8262114
 _Ischool_co_39 |  -1.408318   .2319749    -6.07   0.000    -1.892209   -.9244266
 _Ischool_co_41 |   .0106174   .1042092     0.10   0.920    -.2067591    .2279939
 _Ischool_co_42 |   .4320801   .0933958     4.63   0.000     .2372598    .6269004
 _Ischool_co_44 |   1.201928   .2193276     5.48   0.000     .7444187    1.659437
 _Ischool_co_45 |          0  (omitted)
 _Ischool_co_47 |  -.0876522   .0485695    -1.80   0.086    -.1889664    .0136619
          _cons |   8.443129   .4384337    19.26   0.000     7.528572    9.357685
---------------------------------------------------------------------------------

    Variable |        Obs        Mean    Std. Dev.       Min        Max
-------------+---------------------------------------------------------
months_11_~a |      3,064    9.076697     4.54588          0         12
.16380346
number of unweighted observations

    Variable |        Obs        Mean    Std. Dev.       Min        Max
-------------+---------------------------------------------------------
months_11_~a |      2,471    9.078106    4.548699          0         12
i.year            _Iyear_2000-2001    (naturally coded; _Iyear_2000 omitted)
i.school_code     _Ischool_co_1-47    (naturally coded; _Ischool_co_1 omitted)
note: _Ischool_co_3 omitted because of collinearity
note: _Ischool_co_6 omitted because of collinearity
note: _Ischool_co_7 omitted because of collinearity
note: _Ischool_co_11 omitted because of collinearity
note: _Ischool_co_13 omitted because of collinearity
note: _Ischool_co_45 omitted because of collinearity

Linear regression                               Number of obs     =     11,561
                                                F(11, 20)         =          .
                                                Prob > F          =          .
                                                R-squared         =     0.1023
                                                Root MSE          =     .47439

                              (Std. Err. adjusted for 21 clusters in school_code)
---------------------------------------------------------------------------------
                |               Robust
        married |      Coef.   Std. Err.      t    P>|t|     [95% Conf. Interval]
----------------+----------------------------------------------------------------
afterXtreatment |   -.021684   .0214944    -1.01   0.325    -.0665205    .0231524
       att_lgcr |   .0088727   .0090497     0.98   0.339    -.0100046      .02775
       att_lgsc |  -.0009118   .0003263    -2.79   0.011    -.0015924   -.0002313
       awr_lgcr |  -.0040373   .0106008    -0.38   0.707    -.0261501    .0180755
     e_awr_lgcr |  -.0246004   .0151955    -1.62   0.121    -.0562976    .0070967
         asiafr |   .0210844   .0157316     1.34   0.195     -.011731    .0538999
            ole |   .0547967     .05931     0.92   0.367    -.0689219    .1785152
            boy |  -.2395825   .0140228   -17.09   0.000    -.2688336   -.2103314
         educav |    .001663   .0026784     0.62   0.542    -.0039241    .0072501
         educem |  -.0004346   .0025384    -0.17   0.866    -.0057297    .0048605
         m_ahim |   .0056801   .0059372     0.96   0.350    -.0067047     .018065
    _Iyear_2001 |  -.0652282   .0095939    -6.80   0.000    -.0852407   -.0452156
  _Ischool_co_3 |          0  (omitted)
  _Ischool_co_4 |   .2575326   .0197091    13.07   0.000     .2164202     .298645
  _Ischool_co_6 |          0  (omitted)
  _Ischool_co_7 |          0  (omitted)
  _Ischool_co_9 |   .0357309   .0158032     2.26   0.035     .0027661    .0686957
 _Ischool_co_11 |          0  (omitted)
 _Ischool_co_13 |          0  (omitted)
 _Ischool_co_16 |   .0879404   .0128252     6.86   0.000     .0611875    .1146932
 _Ischool_co_19 |   .0826692   .0138005     5.99   0.000     .0538819    .1114565
 _Ischool_co_20 |   .0544571   .0154007     3.54   0.002     .0223318    .0865824
 _Ischool_co_22 |   .0274829   .0032189     8.54   0.000     .0207684    .0341974
 _Ischool_co_23 |   .2386898   .0176462    13.53   0.000     .2018806     .275499
 _Ischool_co_24 |   .0822624   .0116997     7.03   0.000     .0578572    .1066676
 _Ischool_co_28 |   .0027198   .0124376     0.22   0.829    -.0232246    .0286642
 _Ischool_co_29 |  -.0140942   .0082801    -1.70   0.104    -.0313662    .0031778
 _Ischool_co_30 |  -.0857206   .0138489    -6.19   0.000    -.1146089   -.0568322
 _Ischool_co_35 |   .3132916    .017074    18.35   0.000     .2776758    .3489074
 _Ischool_co_36 |   .0928675     .01619     5.74   0.000     .0590958    .1266393
 _Ischool_co_37 |  -.0430676   .0079875    -5.39   0.000    -.0597291    -.026406
 _Ischool_co_38 |   .2246097   .0181597    12.37   0.000     .1867294    .2624901
 _Ischool_co_39 |   .2738311   .0221692    12.35   0.000      .227587    .3200751
 _Ischool_co_41 |  -.1541571   .0124746   -12.36   0.000    -.1801787   -.1281355
 _Ischool_co_42 |   .0386079    .012906     2.99   0.007     .0116865    .0655293
 _Ischool_co_44 |  -.0364133   .0307892    -1.18   0.251    -.1006385    .0278119
 _Ischool_co_45 |          0  (omitted)
 _Ischool_co_47 |  -.2236678   .0098523   -22.70   0.000    -.2442192   -.2031163
          _cons |   .6092046   .0624136     9.76   0.000     .4790121     .739397
---------------------------------------------------------------------------------

    Variable |        Obs        Mean    Std. Dev.       Min        Max
-------------+---------------------------------------------------------
     married |      3,064     .537859     .498646          0          1
.02149437
number of unweighted observations

    Variable |        Obs        Mean    Std. Dev.       Min        Max
-------------+---------------------------------------------------------
     married |      2,471    .5042493    .5000831          0          1
i.year            _Iyear_2000-2001    (naturally coded; _Iyear_2000 omitted)
i.school_code     _Ischool_co_1-47    (naturally coded; _Ischool_co_1 omitted)
note: _Ischool_co_3 omitted because of collinearity
note: _Ischool_co_6 omitted because of collinearity
note: _Ischool_co_7 omitted because of collinearity
note: _Ischool_co_11 omitted because of collinearity
note: _Ischool_co_13 omitted because of collinearity
note: _Ischool_co_45 omitted because of collinearity

Linear regression                               Number of obs     =     11,561
                                                F(11, 20)         =          .
                                                Prob > F          =          .
                                                R-squared         =     0.1390
                                                Root MSE          =     .45619

                              (Std. Err. adjusted for 21 clusters in school_code)
---------------------------------------------------------------------------------
                |               Robust
           kids |      Coef.   Std. Err.      t    P>|t|     [95% Conf. Interval]
----------------+----------------------------------------------------------------
afterXtreatment |  -.0049287   .0178794    -0.28   0.786    -.0422245    .0323671
       att_lgcr |   .0115727   .0063142     1.83   0.082    -.0015984    .0247439
       att_lgsc |  -.0013137   .0004002    -3.28   0.004    -.0021485   -.0004789
       awr_lgcr |  -.0117132   .0083636    -1.40   0.177    -.0291593    .0057329
     e_awr_lgcr |  -.0206712   .0115695    -1.79   0.089    -.0448048    .0034624
         asiafr |   .0276318   .0171669     1.61   0.123    -.0081777    .0634413
            ole |   .0625772   .0588428     1.06   0.300    -.0601668    .1853212
            boy |  -.2777099    .015565   -17.84   0.000     -.310178   -.2452418
         educav |  -.0025293   .0056164    -0.45   0.657     -.014245    .0091864
         educem |   .0030317   .0039693     0.76   0.454    -.0052482    .0113117
         m_ahim |   .0057757   .0060763     0.95   0.353    -.0068992    .0184507
    _Iyear_2001 |  -.0937371   .0119972    -7.81   0.000    -.1187628   -.0687114
  _Ischool_co_3 |          0  (omitted)
  _Ischool_co_4 |   .2903768   .0196341    14.79   0.000     .2494207    .3313329
  _Ischool_co_6 |          0  (omitted)
  _Ischool_co_7 |          0  (omitted)
  _Ischool_co_9 |   .1193075   .0165975     7.19   0.000     .0846856    .1539293
 _Ischool_co_11 |          0  (omitted)
 _Ischool_co_13 |          0  (omitted)
 _Ischool_co_16 |   .0886702   .0101688     8.72   0.000     .0674584     .109882
 _Ischool_co_19 |   .1381173   .0139637     9.89   0.000     .1089896     .167245
 _Ischool_co_20 |   .0912086   .0177524     5.14   0.000     .0541777    .1282396
 _Ischool_co_22 |   .0572066   .0034785    16.45   0.000     .0499506    .0644626
 _Ischool_co_23 |   .2511362   .0158476    15.85   0.000     .2180786    .2841938
 _Ischool_co_24 |   .1574662   .0119968    13.13   0.000     .1324412    .1824911
 _Ischool_co_28 |   .0563249    .009133     6.17   0.000     .0372738    .0753761
 _Ischool_co_29 |   .0164801   .0090893     1.81   0.085    -.0024798      .03544
 _Ischool_co_30 |  -.0922828   .0182066    -5.07   0.000    -.1302611   -.0543046
 _Ischool_co_35 |   .3724219   .0187898    19.82   0.000     .3332269    .4116168
 _Ischool_co_36 |   .1515746   .0174228     8.70   0.000     .1152312     .187918
 _Ischool_co_37 |   .0003175   .0082703     0.04   0.970     -.016934    .0175689
 _Ischool_co_38 |   .2834516   .0186239    15.22   0.000     .2446029    .3223003
 _Ischool_co_39 |   .3368267   .0229167    14.70   0.000     .2890234      .38463
 _Ischool_co_41 |  -.0945614   .0112763    -8.39   0.000    -.1180833   -.0710396
 _Ischool_co_42 |   .0860846   .0152485     5.65   0.000     .0542768    .1178924
 _Ischool_co_44 |   .1536614   .0376017     4.09   0.001     .0752256    .2320971
 _Ischool_co_45 |          0  (omitted)
 _Ischool_co_47 |  -.1521857   .0101809   -14.95   0.000    -.1734226   -.1309488
          _cons |   .5279185    .071407     7.39   0.000     .3789661    .6768708
---------------------------------------------------------------------------------

    Variable |        Obs        Mean    Std. Dev.       Min        Max
-------------+---------------------------------------------------------
        kids |      3,064    .4265666    .4946589          0          1
.01787939
number of unweighted observations

    Variable |        Obs        Mean    Std. Dev.       Min        Max
-------------+---------------------------------------------------------
        kids |      2,471    .4018616    .4903735          0          1
i.year            _Iyear_2000-2001    (naturally coded; _Iyear_2000 omitted)
i.school_code     _Ischool_co_1-47    (naturally coded; _Ischool_co_1 omitted)
note: _Ischool_co_3 omitted because of collinearity
note: _Ischool_co_6 omitted because of collinearity
note: _Ischool_co_7 omitted because of collinearity
note: _Ischool_co_11 omitted because of collinearity
note: _Ischool_co_13 omitted because of collinearity
note: _Ischool_co_45 omitted because of collinearity

Linear regression                               Number of obs     =     11,561
                                                F(11, 20)         =          .
                                                Prob > F          =          .
                                                R-squared         =     0.1776
                                                Root MSE          =     .89459

                              (Std. Err. adjusted for 21 clusters in school_code)
---------------------------------------------------------------------------------
                |               Robust
        yeladim |      Coef.   Std. Err.      t    P>|t|     [95% Conf. Interval]
----------------+----------------------------------------------------------------
afterXtreatment |   .0104581   .0578803     0.18   0.858    -.1102781    .1311943
       att_lgcr |   .0234867   .0130552     1.80   0.087     -.003746    .0507193
       att_lgsc |  -.0032332    .001222    -2.65   0.016    -.0057823   -.0006842
       awr_lgcr |  -.0160478   .0180523    -0.89   0.385    -.0537041    .0216086
     e_awr_lgcr |  -.0372651   .0246639    -1.51   0.146     -.088713    .0141828
         asiafr |  -.0132191   .0344074    -0.38   0.705    -.0849916    .0585534
            ole |   .1307665   .1257292     1.04   0.311    -.1315001     .393033
            boy |  -.5793156   .0618946    -9.36   0.000    -.7084255   -.4502056
         educav |   .0028433   .0080942     0.35   0.729    -.0140409    .0197275
         educem |  -.0009553   .0046156    -0.21   0.838    -.0105832    .0086726
         m_ahim |   .0258705   .0109541     2.36   0.028     .0030206    .0487204
    _Iyear_2001 |  -.2004033   .0470072    -4.26   0.000    -.2984585    -.102348
  _Ischool_co_3 |          0  (omitted)
  _Ischool_co_4 |   .7535412   .0529426    14.23   0.000     .6431048    .8639776
  _Ischool_co_6 |          0  (omitted)
  _Ischool_co_7 |          0  (omitted)
  _Ischool_co_9 |   .2847323   .0392919     7.25   0.000     .2027709    .3666938
 _Ischool_co_11 |          0  (omitted)
 _Ischool_co_13 |          0  (omitted)
 _Ischool_co_16 |   .2493875   .0245513    10.16   0.000     .1981745    .3006006
 _Ischool_co_19 |   .2777913   .0430777     6.45   0.000     .1879328    .3676499
 _Ischool_co_20 |   .1808332   .0411034     4.40   0.000      .095093    .2665734
 _Ischool_co_22 |    .123979   .0093465    13.26   0.000     .1044825    .1434755
 _Ischool_co_23 |   .5355351   .0473341    11.31   0.000     .4367979    .6342723
 _Ischool_co_24 |   .3053765   .0309911     9.85   0.000     .2407301    .3700228
 _Ischool_co_28 |   .1228322   .0285544     4.30   0.000     .0632687    .1823956
 _Ischool_co_29 |    .065039   .0204897     3.17   0.005     .0222983    .1077798
 _Ischool_co_30 |  -.1336641   .0289218    -4.62   0.000    -.1939939   -.0733343
 _Ischool_co_35 |   .8583292   .0404498    21.22   0.000     .7739525     .942706
 _Ischool_co_36 |   .6110433   .0499752    12.23   0.000     .5067968    .7152897
 _Ischool_co_37 |   -.009736    .017826    -0.55   0.591    -.0469205    .0274485
 _Ischool_co_38 |   .7786806   .0527898    14.75   0.000     .6685631    .8887982
 _Ischool_co_39 |   1.018429   .0626978    16.24   0.000     .8876436    1.149214
 _Ischool_co_41 |  -.1212059   .0374921    -3.23   0.004    -.1994131   -.0429987
 _Ischool_co_42 |   .1986156   .0362393     5.48   0.000     .1230217    .2742094
 _Ischool_co_44 |   .4640571   .0943739     4.92   0.000     .2671967    .6609176
 _Ischool_co_45 |          0  (omitted)
 _Ischool_co_47 |  -.2506965   .0233522   -10.74   0.000    -.2994082   -.2019847
          _cons |   .8825291   .1433473     6.16   0.000     .5835119    1.181546
---------------------------------------------------------------------------------

    Variable |        Obs        Mean    Std. Dev.       Min        Max
-------------+---------------------------------------------------------
     yeladim |      3,064    .7601175    1.042155          0          6
.05788031
number of unweighted observations

    Variable |        Obs        Mean    Std. Dev.       Min        Max
-------------+---------------------------------------------------------
     yeladim |      2,471    .6948604    1.009655          0          6
i.year            _Iyear_2000-2001    (naturally coded; _Iyear_2000 omitted)
i.school_code     _Ischool_co_1-47    (naturally coded; _Ischool_co_1 omitted)
note: _Ischool_co_3 omitted because of collinearity
note: _Ischool_co_6 omitted because of collinearity
note: _Ischool_co_7 omitted because of collinearity
note: _Ischool_co_11 omitted because of collinearity
note: _Ischool_co_13 omitted because of collinearity
note: _Ischool_co_45 omitted because of collinearity

Linear regression                               Number of obs     =      6,128
                                                F(11, 20)         =          .
                                                Prob > F          =          .
                                                R-squared         =     0.2406
                                                Root MSE          =     2.2965

                              (Std. Err. adjusted for 21 clusters in school_code)
---------------------------------------------------------------------------------
                |               Robust
age_at_marria~s |      Coef.   Std. Err.      t    P>|t|     [95% Conf. Interval]
----------------+----------------------------------------------------------------
afterXtreatment |  -.5234265   .2223682    -2.35   0.029    -.9872784   -.0595747
       att_lgcr |  -.0598608   .0375142    -1.60   0.126    -.1381139    .0183924
       att_lgsc |   .0059053   .0041945     1.41   0.175    -.0028443    .0146549
       awr_lgcr |    .051343   .0322973     1.59   0.128     -.016028    .1187139
     e_awr_lgcr |   .0156678   .0848941     0.18   0.855    -.1614181    .1927538
         asiafr |   .0165054   .0921787     0.18   0.860    -.1757759    .2087867
            ole |  -.5832575    .534606    -1.09   0.288    -1.698426    .5319111
            boy |   2.146046   .2691033     7.97   0.000     1.584706    2.707385
         educav |  -.0010676    .036612    -0.03   0.977    -.0774388    .0753037
         educem |  -.0181773   .0323817    -0.56   0.581    -.0857243    .0493696
         m_ahim |   .0035767   .0511954     0.07   0.945     -.103215    .1103684
    _Iyear_2001 |   .1397785   .1713015     0.82   0.424    -.2175502    .4971071
  _Ischool_co_3 |          0  (omitted)
  _Ischool_co_4 |  -2.315047   .2309268   -10.03   0.000    -2.796752   -1.833342
  _Ischool_co_6 |          0  (omitted)
  _Ischool_co_7 |          0  (omitted)
  _Ischool_co_9 |  -1.146604   .1216271    -9.43   0.000    -1.400314   -.8928946
 _Ischool_co_11 |          0  (omitted)
 _Ischool_co_13 |          0  (omitted)
 _Ischool_co_16 |  -.3370312   .1313121    -2.57   0.018    -.6109434   -.0631189
 _Ischool_co_19 |  -1.210714    .166807    -7.26   0.000    -1.558667   -.8627604
 _Ischool_co_20 |  -.7566868   .0903409    -8.38   0.000    -.9451345   -.5682391
 _Ischool_co_22 |  -.4419802   .0493605    -8.95   0.000    -.5449443    -.339016
 _Ischool_co_23 |  -1.602656   .2179862    -7.35   0.000    -2.057367   -1.147945
 _Ischool_co_24 |  -.7122334   .1061204    -6.71   0.000    -.9335967   -.4908702
 _Ischool_co_28 |  -.5408168   .0977888    -5.53   0.000    -.7448006    -.336833
 _Ischool_co_29 |  -.2924017   .0952183    -3.07   0.006    -.4910236   -.0937797
 _Ischool_co_30 |  -.2070366   .1754025    -1.18   0.252    -.5729198    .1588466
 _Ischool_co_35 |  -2.291717   .2127379   -10.77   0.000     -2.73548   -1.847953
 _Ischool_co_36 |  -2.115387   .1093394   -19.35   0.000    -2.343465   -1.887309
 _Ischool_co_37 |  -.2883992    .058761    -4.91   0.000    -.4109725   -.1658258
 _Ischool_co_38 |  -2.120997   .2297067    -9.23   0.000    -2.600156   -1.641837
 _Ischool_co_39 |  -3.614932   .2422312   -14.92   0.000    -4.120217   -3.109647
 _Ischool_co_41 |   .1975679   .1157504     1.71   0.103    -.0438833     .439019
 _Ischool_co_42 |  -.8903599   .1190848    -7.48   0.000    -1.138766   -.6419535
 _Ischool_co_44 |  -1.613742   .3014946    -5.35   0.000    -2.242649   -.9848355
 _Ischool_co_45 |          0  (omitted)
 _Ischool_co_47 |   .6699434   .0698182     9.60   0.000     .5243052    .8155816
          _cons |   24.61918   .4531983    54.32   0.000     23.67382    25.56453
---------------------------------------------------------------------------------

    Variable |        Obs        Mean    Std. Dev.       Min        Max
-------------+---------------------------------------------------------
age_at_mar~s |      1,740    24.58563    2.882822         16         30
number of unweighted observations

    Variable |        Obs        Mean    Std. Dev.       Min        Max
-------------+---------------------------------------------------------
age_at_mar~s |      1,329    24.55982    2.969663         16         30
i.year            _Iyear_2000-2001    (naturally coded; _Iyear_2000 omitted)
i.school_code     _Ischool_co_1-47    (naturally coded; _Ischool_co_1 omitted)
note: _Ischool_co_3 omitted because of collinearity
note: _Ischool_co_6 omitted because of collinearity
note: _Ischool_co_7 omitted because of collinearity
note: _Ischool_co_11 omitted because of collinearity
note: _Ischool_co_13 omitted because of collinearity
note: _Ischool_co_45 omitted because of collinearity

Linear regression                               Number of obs     =      6,128
                                                F(11, 20)         =          .
                                                Prob > F          =          .
                                                R-squared         =     0.2406
                                                Root MSE          =     2.2965

                              (Std. Err. adjusted for 21 clusters in school_code)
---------------------------------------------------------------------------------
                |               Robust
age_at_marria~s |      Coef.   Std. Err.      t    P>|t|     [95% Conf. Interval]
----------------+----------------------------------------------------------------
afterXtreatment |  -.5234265   .2223682    -2.35   0.029    -.9872784   -.0595747
       att_lgcr |  -.0598608   .0375142    -1.60   0.126    -.1381139    .0183924
       att_lgsc |   .0059053   .0041945     1.41   0.175    -.0028443    .0146549
       awr_lgcr |    .051343   .0322973     1.59   0.128     -.016028    .1187139
     e_awr_lgcr |   .0156678   .0848941     0.18   0.855    -.1614181    .1927538
         asiafr |   .0165054   .0921787     0.18   0.860    -.1757759    .2087867
            ole |  -.5832575    .534606    -1.09   0.288    -1.698426    .5319111
            boy |   2.146046   .2691033     7.97   0.000     1.584706    2.707385
         educav |  -.0010676    .036612    -0.03   0.977    -.0774388    .0753037
         educem |  -.0181773   .0323817    -0.56   0.581    -.0857243    .0493696
         m_ahim |   .0035767   .0511954     0.07   0.945     -.103215    .1103684
    _Iyear_2001 |   .1397785   .1713015     0.82   0.424    -.2175502    .4971071
  _Ischool_co_3 |          0  (omitted)
  _Ischool_co_4 |  -2.315047   .2309268   -10.03   0.000    -2.796752   -1.833342
  _Ischool_co_6 |          0  (omitted)
  _Ischool_co_7 |          0  (omitted)
  _Ischool_co_9 |  -1.146604   .1216271    -9.43   0.000    -1.400314   -.8928946
 _Ischool_co_11 |          0  (omitted)
 _Ischool_co_13 |          0  (omitted)
 _Ischool_co_16 |  -.3370312   .1313121    -2.57   0.018    -.6109434   -.0631189
 _Ischool_co_19 |  -1.210714    .166807    -7.26   0.000    -1.558667   -.8627604
 _Ischool_co_20 |  -.7566868   .0903409    -8.38   0.000    -.9451345   -.5682391
 _Ischool_co_22 |  -.4419802   .0493605    -8.95   0.000    -.5449443    -.339016
 _Ischool_co_23 |  -1.602656   .2179862    -7.35   0.000    -2.057367   -1.147945
 _Ischool_co_24 |  -.7122334   .1061204    -6.71   0.000    -.9335967   -.4908702
 _Ischool_co_28 |  -.5408168   .0977888    -5.53   0.000    -.7448006    -.336833
 _Ischool_co_29 |  -.2924017   .0952183    -3.07   0.006    -.4910236   -.0937797
 _Ischool_co_30 |  -.2070366   .1754025    -1.18   0.252    -.5729198    .1588466
 _Ischool_co_35 |  -2.291717   .2127379   -10.77   0.000     -2.73548   -1.847953
 _Ischool_co_36 |  -2.115387   .1093394   -19.35   0.000    -2.343465   -1.887309
 _Ischool_co_37 |  -.2883992    .058761    -4.91   0.000    -.4109725   -.1658258
 _Ischool_co_38 |  -2.120997   .2297067    -9.23   0.000    -2.600156   -1.641837
 _Ischool_co_39 |  -3.614932   .2422312   -14.92   0.000    -4.120217   -3.109647
 _Ischool_co_41 |   .1975679   .1157504     1.71   0.103    -.0438833     .439019
 _Ischool_co_42 |  -.8903599   .1190848    -7.48   0.000    -1.138766   -.6419535
 _Ischool_co_44 |  -1.613742   .3014946    -5.35   0.000    -2.242649   -.9848355
 _Ischool_co_45 |          0  (omitted)
 _Ischool_co_47 |   .6699434   .0698182     9.60   0.000     .5243052    .8155816
          _cons |   24.61918   .4531983    54.32   0.000     23.67382    25.56453
---------------------------------------------------------------------------------

    Variable |        Obs        Mean    Std. Dev.       Min        Max
-------------+---------------------------------------------------------
age_at_mar~s |      1,740    24.58563    2.882822         16         30
.22236816
number of unweighted observations

    Variable |        Obs        Mean    Std. Dev.       Min        Max
-------------+---------------------------------------------------------
age_at_mar~s |      1,329    24.55982    2.969663         16         30
i.year            _Iyear_2000-2001    (naturally coded; _Iyear_2000 omitted)
i.school_code     _Ischool_co_1-47    (naturally coded; _Ischool_co_1 omitted)
note: _Ischool_co_3 omitted because of collinearity
note: _Ischool_co_6 omitted because of collinearity
note: _Ischool_co_7 omitted because of collinearity
note: _Ischool_co_11 omitted because of collinearity
note: _Ischool_co_13 omitted because of collinearity
note: _Ischool_co_45 omitted because of collinearity

Linear regression                               Number of obs     =      4,685
                                                F(11, 20)         =          .
                                                Prob > F          =          .
                                                R-squared         =     0.2146
                                                Root MSE          =     2.2711

                              (Std. Err. adjusted for 21 clusters in school_code)
---------------------------------------------------------------------------------
                |               Robust
age_at_first_~s |      Coef.   Std. Err.      t    P>|t|     [95% Conf. Interval]
----------------+----------------------------------------------------------------
afterXtreatment |  -.5524586   .2264712    -2.44   0.024    -1.024869   -.0800479
       att_lgcr |  -.0655172   .0412286    -1.59   0.128    -.1515185    .0204841
       att_lgsc |   .0086977   .0038073     2.28   0.033     .0007559    .0166396
       awr_lgcr |   .0771147   .0376459     2.05   0.054    -.0014133    .1556427
     e_awr_lgcr |  -.1641243   .0620417    -2.65   0.016     -.293541   -.0347077
         asiafr |   .2039908    .077031     2.65   0.015      .043307    .3646747
            ole |  -.2073251   .6502431    -0.32   0.753    -1.563708    1.149058
            boy |   1.930162   .2447516     7.89   0.000     1.419619    2.440705
         educav |   -.014749   .0266455    -0.55   0.586    -.0703305    .0408325
         educem |   .0153768   .0234181     0.66   0.519    -.0334726    .0642261
         m_ahim |   .0179486   .0547701     0.33   0.747    -.0962999    .1321971
    _Iyear_2001 |  -.0178533   .1703371    -0.10   0.918    -.3731702    .3374637
  _Ischool_co_3 |          0  (omitted)
  _Ischool_co_4 |  -1.751866    .219739    -7.97   0.000    -2.210234   -1.293499
  _Ischool_co_6 |          0  (omitted)
  _Ischool_co_7 |          0  (omitted)
  _Ischool_co_9 |  -1.069975   .1467086    -7.29   0.000    -1.376004    -.763946
 _Ischool_co_11 |          0  (omitted)
 _Ischool_co_13 |          0  (omitted)
 _Ischool_co_16 |  -.3488868   .1160096    -3.01   0.007    -.5908786   -.1068949
 _Ischool_co_19 |  -1.030107   .1413954    -7.29   0.000    -1.325052   -.7351612
 _Ischool_co_20 |  -.2175461   .1262541    -1.72   0.100    -.4809076    .0458154
 _Ischool_co_22 |  -.1640696   .0403691    -4.06   0.001    -.2482781   -.0798612
 _Ischool_co_23 |  -1.360946   .2039959    -6.67   0.000    -1.786474   -.9354184
 _Ischool_co_24 |  -.6922289   .0922151    -7.51   0.000    -.8845862   -.4998717
 _Ischool_co_28 |  -.2769233   .0978046    -2.83   0.010    -.4809403   -.0729064
 _Ischool_co_29 |   .0612929   .0728013     0.84   0.410    -.0905679    .2131536
 _Ischool_co_30 |  -.3951256   .2905987    -1.36   0.189    -1.001304    .2110527
 _Ischool_co_35 |  -2.035257   .2223689    -9.15   0.000     -2.49911   -1.571404
 _Ischool_co_36 |  -2.009722   .1223487   -16.43   0.000    -2.264936   -1.754507
 _Ischool_co_37 |  -.0192424   .0636394    -0.30   0.765    -.1519918     .113507
 _Ischool_co_38 |   -2.25849   .2221182   -10.17   0.000    -2.721821    -1.79516
 _Ischool_co_39 |  -3.056276   .2525706   -12.10   0.000    -3.583129   -2.529423
 _Ischool_co_41 |   .2467847   .0981374     2.51   0.021     .0420738    .4514957
 _Ischool_co_42 |  -.6892463   .0955462    -7.21   0.000    -.8885521   -.4899405
 _Ischool_co_44 |  -1.149538    .245637    -4.68   0.000    -1.661928   -.6371484
 _Ischool_co_45 |          0  (omitted)
 _Ischool_co_47 |   .6066907   .0756732     8.02   0.000     .4488392    .7645421
          _cons |   25.03953   .3964208    63.16   0.000     24.21261    25.86645
---------------------------------------------------------------------------------

    Variable |        Obs        Mean    Std. Dev.       Min        Max
-------------+---------------------------------------------------------
age_at_fir~s |      1,307    25.52257    2.659331         17         30
number of unweighted observations

    Variable |        Obs        Mean    Std. Dev.       Min        Max
-------------+---------------------------------------------------------
age_at_fir~s |        993    25.49547    2.755535         17         30
i.year            _Iyear_2000-2001    (naturally coded; _Iyear_2000 omitted)
i.school_code     _Ischool_co_1-47    (naturally coded; _Ischool_co_1 omitted)
note: _Ischool_co_3 omitted because of collinearity
note: _Ischool_co_6 omitted because of collinearity
note: _Ischool_co_7 omitted because of collinearity
note: _Ischool_co_11 omitted because of collinearity
note: _Ischool_co_13 omitted because of collinearity
note: _Ischool_co_45 omitted because of collinearity

Linear regression                               Number of obs     =      4,685
                                                F(11, 20)         =          .
                                                Prob > F          =          .
                                                R-squared         =     0.2146
                                                Root MSE          =     2.2711

                              (Std. Err. adjusted for 21 clusters in school_code)
---------------------------------------------------------------------------------
                |               Robust
age_at_first_~s |      Coef.   Std. Err.      t    P>|t|     [95% Conf. Interval]
----------------+----------------------------------------------------------------
afterXtreatment |  -.5524586   .2264712    -2.44   0.024    -1.024869   -.0800479
       att_lgcr |  -.0655172   .0412286    -1.59   0.128    -.1515185    .0204841
       att_lgsc |   .0086977   .0038073     2.28   0.033     .0007559    .0166396
       awr_lgcr |   .0771147   .0376459     2.05   0.054    -.0014133    .1556427
     e_awr_lgcr |  -.1641243   .0620417    -2.65   0.016     -.293541   -.0347077
         asiafr |   .2039908    .077031     2.65   0.015      .043307    .3646747
            ole |  -.2073251   .6502431    -0.32   0.753    -1.563708    1.149058
            boy |   1.930162   .2447516     7.89   0.000     1.419619    2.440705
         educav |   -.014749   .0266455    -0.55   0.586    -.0703305    .0408325
         educem |   .0153768   .0234181     0.66   0.519    -.0334726    .0642261
         m_ahim |   .0179486   .0547701     0.33   0.747    -.0962999    .1321971
    _Iyear_2001 |  -.0178533   .1703371    -0.10   0.918    -.3731702    .3374637
  _Ischool_co_3 |          0  (omitted)
  _Ischool_co_4 |  -1.751866    .219739    -7.97   0.000    -2.210234   -1.293499
  _Ischool_co_6 |          0  (omitted)
  _Ischool_co_7 |          0  (omitted)
  _Ischool_co_9 |  -1.069975   .1467086    -7.29   0.000    -1.376004    -.763946
 _Ischool_co_11 |          0  (omitted)
 _Ischool_co_13 |          0  (omitted)
 _Ischool_co_16 |  -.3488868   .1160096    -3.01   0.007    -.5908786   -.1068949
 _Ischool_co_19 |  -1.030107   .1413954    -7.29   0.000    -1.325052   -.7351612
 _Ischool_co_20 |  -.2175461   .1262541    -1.72   0.100    -.4809076    .0458154
 _Ischool_co_22 |  -.1640696   .0403691    -4.06   0.001    -.2482781   -.0798612
 _Ischool_co_23 |  -1.360946   .2039959    -6.67   0.000    -1.786474   -.9354184
 _Ischool_co_24 |  -.6922289   .0922151    -7.51   0.000    -.8845862   -.4998717
 _Ischool_co_28 |  -.2769233   .0978046    -2.83   0.010    -.4809403   -.0729064
 _Ischool_co_29 |   .0612929   .0728013     0.84   0.410    -.0905679    .2131536
 _Ischool_co_30 |  -.3951256   .2905987    -1.36   0.189    -1.001304    .2110527
 _Ischool_co_35 |  -2.035257   .2223689    -9.15   0.000     -2.49911   -1.571404
 _Ischool_co_36 |  -2.009722   .1223487   -16.43   0.000    -2.264936   -1.754507
 _Ischool_co_37 |  -.0192424   .0636394    -0.30   0.765    -.1519918     .113507
 _Ischool_co_38 |   -2.25849   .2221182   -10.17   0.000    -2.721821    -1.79516
 _Ischool_co_39 |  -3.056276   .2525706   -12.10   0.000    -3.583129   -2.529423
 _Ischool_co_41 |   .2467847   .0981374     2.51   0.021     .0420738    .4514957
 _Ischool_co_42 |  -.6892463   .0955462    -7.21   0.000    -.8885521   -.4899405
 _Ischool_co_44 |  -1.149538    .245637    -4.68   0.000    -1.661928   -.6371484
 _Ischool_co_45 |          0  (omitted)
 _Ischool_co_47 |   .6066907   .0756732     8.02   0.000     .4488392    .7645421
          _cons |   25.03953   .3964208    63.16   0.000     24.21261    25.86645
---------------------------------------------------------------------------------

    Variable |        Obs        Mean    Std. Dev.       Min        Max
-------------+---------------------------------------------------------
age_at_fir~s |      1,307    25.52257    2.659331         17         30
number of unweighted observations

    Variable |        Obs        Mean    Std. Dev.       Min        Max
-------------+---------------------------------------------------------
age_at_fir~s |        993    25.49547    2.755535         17         30
2
4
6
8
10
12
14
16
18
