---------------------------------------------------------------------------------------------------------------
      name:  <unnamed>
       log:  C:\Users\peleg\OneDrive\Documents\Victor\Other\Teacher Bonuses\For publication\Reproduction\logs\R
> eplication_DID_T2_4_5_uncontolled_19Oct19NE4q.log
  log type:  text
 opened on:  19 Oct 2019, 11:17:10
(3,361 observations deleted)
i.year            _Iyear_2000-2001    (naturally coded; _Iyear_2000 omitted)
i.school_code     _Ischool_co_1-48    (naturally coded; _Ischool_co_1 omitted)

Linear regression                               Number of obs     =     15,903
                                                F(2, 35)          =          .
                                                Prob > F          =          .
                                                R-squared         =     0.1394
                                                Root MSE          =     .36615

                              (Std. Err. adjusted for 36 clusters in school_code)
---------------------------------------------------------------------------------
                |               Robust
A_12_afterSch~l |      Coef.   Std. Err.      t    P>|t|     [95% Conf. Interval]
----------------+----------------------------------------------------------------
afterXtreatment |   .0393535    .020863     1.89   0.068    -.0030007    .0817077
       att_lgcr |   .0321291     .00646     4.97   0.000     .0190145    .0452437
    _Iyear_2001 |  -.0553137   .0156947    -3.52   0.001    -.0871755   -.0234518
  _Ischool_co_2 |  -.3299585   .0080097   -41.19   0.000    -.3462191   -.3136979
  _Ischool_co_4 |  -.1439522   .0191157    -7.53   0.000    -.1827592   -.1051452
  _Ischool_co_8 |   .0763629   .0127101     6.01   0.000     .0505599    .1021659
  _Ischool_co_9 |     -.1289   .0095547   -13.49   0.000    -.1482972   -.1095029
 _Ischool_co_10 |  -.0434992   .0031153   -13.96   0.000    -.0498236   -.0371748
 _Ischool_co_12 |  -.2297736   .0099694   -23.05   0.000    -.2500127   -.2095346
 _Ischool_co_15 |  -.1485974   .0241329    -6.16   0.000    -.1975898    -.099605
 _Ischool_co_16 |  -.1856359   .0134891   -13.76   0.000    -.2130201   -.1582516
 _Ischool_co_17 |   .0391168   .0203265     1.92   0.062    -.0021481    .0803817
 _Ischool_co_18 |   .0401948   .0156367     2.57   0.015     .0084506    .0719391
 _Ischool_co_19 |   -.210108   .0096193   -21.84   0.000    -.2296363   -.1905797
 _Ischool_co_20 |  -.2330316   .0006575  -354.41   0.000    -.2343664   -.2316967
 _Ischool_co_21 |  -.2994853   .0195468   -15.32   0.000    -.3391673   -.2598032
 _Ischool_co_22 |  -.1094188   .0040642   -26.92   0.000    -.1176696   -.1011681
 _Ischool_co_23 |  -.2825019   .0202011   -13.98   0.000    -.3235123   -.2414915
 _Ischool_co_24 |  -.2012405   .0116587   -17.26   0.000    -.2249089   -.1775721
 _Ischool_co_25 |    .012953   .0134097     0.97   0.341    -.0142702    .0401761
 _Ischool_co_26 |  -.1331453     .01121   -11.88   0.000    -.1559028   -.1103877
 _Ischool_co_27 |   .0009343   .0386431     0.02   0.981    -.0775154     .079384
 _Ischool_co_28 |  -.0754454   .0117008    -6.45   0.000    -.0991992   -.0516916
 _Ischool_co_29 |  -.2334367   .0143282   -16.29   0.000    -.2625245   -.2043489
 _Ischool_co_30 |  -.0634575   .0091079    -6.97   0.000    -.0819474   -.0449675
 _Ischool_co_32 |  -.3011436   .0119046   -25.30   0.000    -.3253111    -.276976
 _Ischool_co_35 |   .0761643   .0130719     5.83   0.000     .0496269    .1027016
 _Ischool_co_36 |  -.2897165   .0230747   -12.56   0.000    -.3365606   -.2428723
 _Ischool_co_37 |   -.141948   .0065916   -21.53   0.000    -.1553296   -.1285664
 _Ischool_co_38 |  -.2817046    .022092   -12.75   0.000    -.3265538   -.2368555
 _Ischool_co_39 |  -.1433451   .0126032   -11.37   0.000    -.1689309   -.1177593
 _Ischool_co_40 |  -.0959924   .0059645   -16.09   0.000     -.108101   -.0838838
 _Ischool_co_41 |  -.0638859   .0114161    -5.60   0.000    -.0870619   -.0407099
 _Ischool_co_42 |   -.128075   .0131034    -9.77   0.000    -.1546763   -.1014738
 _Ischool_co_44 |   -.174624   .0140421   -12.44   0.000    -.2031309   -.1461171
 _Ischool_co_46 |  -.0654493   .0163626    -4.00   0.000    -.0986671   -.0322316
 _Ischool_co_47 |  -.2248595   .0023677   -94.97   0.000    -.2296662   -.2200529
 _Ischool_co_48 |  -.2927808   .0030401   -96.31   0.000    -.2989525    -.286609
          _cons |    .174455   .0318262     5.48   0.000     .1098444    .2390656
---------------------------------------------------------------------------------
.02086301
i.year            _Iyear_2000-2001    (naturally coded; _Iyear_2000 omitted)
i.school_code     _Ischool_co_1-48    (naturally coded; _Ischool_co_1 omitted)

Linear regression                               Number of obs     =     15,903
                                                F(2, 35)          =          .
                                                Prob > F          =          .
                                                R-squared         =     0.1435
                                                Root MSE          =     1.6341

                              (Std. Err. adjusted for 36 clusters in school_code)
---------------------------------------------------------------------------------
                |               Robust
uni_12_afterS~l |      Coef.   Std. Err.      t    P>|t|     [95% Conf. Interval]
----------------+----------------------------------------------------------------
afterXtreatment |   .2061721   .1016066     2.03   0.050    -.0001004    .4124446
       att_lgcr |   .1531145   .0297704     5.14   0.000     .0926774    .2135517
    _Iyear_2001 |  -.2594214    .084184    -3.08   0.004     -.430324   -.0885188
  _Ischool_co_2 |  -1.314693   .0367935   -35.73   0.000    -1.389388   -1.239998
  _Ischool_co_4 |  -.4350539   .0880086    -4.94   0.000    -.6137207    -.256387
  _Ischool_co_8 |    .360364   .0624638     5.77   0.000     .2335557    .4871723
  _Ischool_co_9 |  -.7504047   .0440892   -17.02   0.000    -.8399105   -.6608988
 _Ischool_co_10 |   .0052403   .0144268     0.36   0.719    -.0240477    .0345283
 _Ischool_co_12 |  -1.051733   .0460963   -22.82   0.000    -1.145314   -.9581528
 _Ischool_co_15 |  -.6917842    .114556    -6.04   0.000    -.9243451   -.4592232
 _Ischool_co_16 |  -.7260717   .0606359   -11.97   0.000    -.8491691   -.6029743
 _Ischool_co_17 |    .153576   .0958209     1.60   0.118    -.0409508    .3481028
 _Ischool_co_18 |   .4347152   .0710247     6.12   0.000     .2905274    .5789029
 _Ischool_co_19 |  -.7679869   .0456664   -16.82   0.000    -.8606947   -.6752791
 _Ischool_co_20 |  -.9429182   .0029076  -324.29   0.000     -.948821   -.9370154
 _Ischool_co_21 |  -1.302057     .09241   -14.09   0.000    -1.489659   -1.114454
 _Ischool_co_22 |  -.3595902   .0187244   -19.20   0.000    -.3976027   -.3215777
 _Ischool_co_23 |  -1.230118   .0960617   -12.81   0.000    -1.425133   -1.035102
 _Ischool_co_24 |  -.8355548   .0567691   -14.72   0.000    -.9508021   -.7203075
 _Ischool_co_25 |   .0983243    .064031     1.54   0.134    -.0316655    .2283141
 _Ischool_co_26 |  -.4762805   .0541165    -8.80   0.000    -.5861429   -.3664181
 _Ischool_co_27 |    .126403   .1784818     0.71   0.484    -.2359344    .4887404
 _Ischool_co_28 |   -.226882   .0567459    -4.00   0.000    -.3420824   -.1116817
 _Ischool_co_29 |  -1.000641   .0660761   -15.14   0.000    -1.134783   -.8664996
 _Ischool_co_30 |  -.2280123   .0416988    -5.47   0.000    -.3126653   -.1433593
 _Ischool_co_32 |  -1.108659   .0538591   -20.58   0.000    -1.217998   -.9993188
 _Ischool_co_35 |   .2996535    .060405     4.96   0.000     .1770247    .4222822
 _Ischool_co_36 |  -1.167904   .1089701   -10.72   0.000    -1.389125   -.9466827
 _Ischool_co_37 |  -.3672153   .0304086   -12.08   0.000     -.428948   -.3054826
 _Ischool_co_38 |  -1.270093   .1044718   -12.16   0.000    -1.482182   -1.058004
 _Ischool_co_39 |  -.4725634   .0580681    -8.14   0.000    -.5904478   -.3546789
 _Ischool_co_40 |  -.3583112   .0275199   -13.02   0.000    -.4141796   -.3024428
 _Ischool_co_41 |  -.1367318    .055683    -2.46   0.019    -.2497743   -.0236893
 _Ischool_co_42 |  -.3982476   .0629814    -6.32   0.000    -.5261066   -.2703886
 _Ischool_co_44 |  -.6342567    .064625    -9.81   0.000    -.7654523   -.5030611
 _Ischool_co_46 |  -.2093021   .0785922    -2.66   0.012    -.3688527   -.0497515
 _Ischool_co_47 |  -1.061687   .0109203   -97.22   0.000    -1.083857   -1.039518
 _Ischool_co_48 |  -1.099221   .0138449   -79.40   0.000    -1.127328   -1.071114
          _cons |   .5053839   .1446881     3.49   0.001     .2116514    .7991164
---------------------------------------------------------------------------------
.10160664
i.year            _Iyear_2000-2001    (naturally coded; _Iyear_2000 omitted)
i.school_code     _Ischool_co_1-48    (naturally coded; _Ischool_co_1 omitted)

Linear regression                               Number of obs     =     15,903
                                                F(2, 35)          =          .
                                                Prob > F          =          .
                                                R-squared         =     0.0377
                                                Root MSE          =      .3571

                              (Std. Err. adjusted for 36 clusters in school_code)
---------------------------------------------------------------------------------
                |               Robust
B_12_afterSch~l |      Coef.   Std. Err.      t    P>|t|     [95% Conf. Interval]
----------------+----------------------------------------------------------------
afterXtreatment |  -.0275201   .0198313    -1.39   0.174    -.0677798    .0127396
       att_lgcr |   .0085355   .0027095     3.15   0.003     .0030348    .0140361
    _Iyear_2001 |   .0353838   .0143074     2.47   0.018     .0063383    .0644292
  _Ischool_co_2 |  -.1937687   .0033428   -57.97   0.000    -.2005549   -.1869825
  _Ischool_co_4 |  -.1897083   .0079858   -23.76   0.000    -.2059204   -.1734963
  _Ischool_co_8 |   .0247654   .0106232     2.33   0.026     .0031991    .0463317
  _Ischool_co_9 |  -.0876233   .0040481   -21.65   0.000    -.0958413   -.0794052
 _Ischool_co_10 |  -.0588997   .0014416   -40.86   0.000    -.0618263    -.055973
 _Ischool_co_12 |  -.1089406   .0043624   -24.97   0.000    -.1177967   -.1000845
 _Ischool_co_15 |  -.1942908   .0117561   -16.53   0.000    -.2181569   -.1704248
 _Ischool_co_16 |  -.0574844    .006821    -8.43   0.000    -.0713318    -.043637
 _Ischool_co_17 |   .0168576   .0104332     1.62   0.115     -.004323    .0380382
 _Ischool_co_18 |  -.0278738   .0123116    -2.26   0.030    -.0528676   -.0028799
 _Ischool_co_19 |  -.1527781   .0101325   -15.08   0.000    -.1733481    -.132208
 _Ischool_co_20 |   -.036981   .0003945   -93.74   0.000     -.037782   -.0361801
 _Ischool_co_21 |  -.2498583   .0103204   -24.21   0.000    -.2708099   -.2289067
 _Ischool_co_22 |  -.1235298   .0017023   -72.57   0.000    -.1269856   -.1200739
 _Ischool_co_23 |  -.1458194   .0107321   -13.59   0.000    -.1676068    -.124032
 _Ischool_co_24 |  -.1426211   .0100137   -14.24   0.000      -.16295   -.1222921
 _Ischool_co_25 |  -.0266242    .009357    -2.85   0.007      -.04562   -.0076284
 _Ischool_co_26 |    -.09777    .009581   -10.20   0.000    -.1172205   -.0783194
 _Ischool_co_27 |  -.1565371   .0165657    -9.45   0.000    -.1901673   -.1229069
 _Ischool_co_28 |  -.0519051    .009819    -5.29   0.000    -.0718387   -.0319715
 _Ischool_co_29 |  -.0866543   .0060377   -14.35   0.000    -.0989114   -.0743971
 _Ischool_co_30 |   .0665201   .0094692     7.02   0.000     .0472966    .0857435
 _Ischool_co_32 |  -.0632595   .0056109   -11.27   0.000    -.0746501   -.0518688
 _Ischool_co_35 |   -.072219   .0056494   -12.78   0.000    -.0836879     -.06075
 _Ischool_co_36 |  -.1335196   .0112352   -11.88   0.000    -.1563283    -.110711
 _Ischool_co_37 |  -.1078335    .002786   -38.70   0.000    -.1134895   -.1021775
 _Ischool_co_38 |  -.0845512     .01101    -7.68   0.000    -.1069027   -.0621996
 _Ischool_co_39 |  -.1006412   .0052803   -19.06   0.000    -.1113607   -.0899216
 _Ischool_co_40 |     -.1327   .0025246   -52.56   0.000    -.1378253   -.1275747
 _Ischool_co_41 |   .0354594   .0100934     3.51   0.001     .0149687    .0559502
 _Ischool_co_42 |  -.1510265   .0095871   -15.75   0.000    -.1704894   -.1315637
 _Ischool_co_44 |  -.1263356   .0123478   -10.23   0.000     -.151403   -.1012681
 _Ischool_co_46 |  -.0563291    .010237    -5.50   0.000    -.0771113   -.0355469
 _Ischool_co_47 |  -.0187384   .0009988   -18.76   0.000    -.0207661   -.0167107
 _Ischool_co_48 |  -.2340938   .0013401  -174.69   0.000    -.2368143   -.2313733
          _cons |   .2006009   .0142642    14.06   0.000      .171643    .2295587
---------------------------------------------------------------------------------
.0198313
i.year            _Iyear_2000-2001    (naturally coded; _Iyear_2000 omitted)
i.school_code     _Ischool_co_1-48    (naturally coded; _Ischool_co_1 omitted)

Linear regression                               Number of obs     =     15,903
                                                F(2, 35)          =          .
                                                Prob > F          =          .
                                                R-squared         =     0.0355
                                                Root MSE          =     1.0749

                              (Std. Err. adjusted for 36 clusters in school_code)
---------------------------------------------------------------------------------
                |               Robust
col_12_afterS~l |      Coef.   Std. Err.      t    P>|t|     [95% Conf. Interval]
----------------+----------------------------------------------------------------
afterXtreatment |  -.0749291   .0528975    -1.42   0.165    -.1823167    .0324584
       att_lgcr |   .0240004   .0083839     2.86   0.007     .0069803    .0410206
    _Iyear_2001 |   .0968461   .0447003     2.17   0.037     .0060996    .1875926
  _Ischool_co_2 |  -.5713752    .010345   -55.23   0.000    -.5923766   -.5503738
  _Ischool_co_4 |  -.4906523   .0247483   -19.83   0.000    -.5408941   -.4404106
  _Ischool_co_8 |   .2304006   .0285312     8.08   0.000     .1724792     .288322
  _Ischool_co_9 |  -.2136744   .0124643   -17.14   0.000    -.2389782   -.1883705
 _Ischool_co_10 |  -.1129932   .0042305   -26.71   0.000    -.1215815   -.1044048
 _Ischool_co_12 |  -.3106171   .0132008   -23.53   0.000    -.3374162   -.2838181
 _Ischool_co_15 |  -.4820564   .0309269   -15.59   0.000    -.5448413   -.4192716
 _Ischool_co_16 |  -.2270019   .0186657   -12.16   0.000    -.2648953   -.1891086
 _Ischool_co_17 |   .0080738   .0264913     0.30   0.762    -.0457063     .061854
 _Ischool_co_18 |  -.0379059   .0358937    -1.06   0.298    -.1107739    .0349621
 _Ischool_co_19 |  -.4293144   .0274875   -15.62   0.000    -.4851171   -.3735117
 _Ischool_co_20 |  -.1288705   .0009896  -130.23   0.000    -.1308794   -.1268615
 _Ischool_co_21 |  -.6421376   .0261571   -24.55   0.000    -.6952394   -.5890358
 _Ischool_co_22 |  -.3084837   .0052704   -58.53   0.000    -.3191832   -.2977843
 _Ischool_co_23 |  -.4645746   .0276369   -16.81   0.000    -.5206804   -.4084688
 _Ischool_co_24 |  -.3866836   .0263561   -14.67   0.000    -.4401893   -.3331779
 _Ischool_co_25 |  -.0767956   .0233522    -3.29   0.002    -.1242031   -.0293881
 _Ischool_co_26 |  -.3214698   .0247133   -13.01   0.000    -.3716406    -.271299
 _Ischool_co_27 |  -.4508281   .0506917    -8.89   0.000    -.5537377   -.3479185
 _Ischool_co_28 |  -.1160864    .025569    -4.54   0.000    -.1679942   -.0641785
 _Ischool_co_29 |  -.2133431   .0186411   -11.44   0.000    -.2511866   -.1754997
 _Ischool_co_30 |   .3341303   .0251115    13.31   0.000     .2831512    .3851094
 _Ischool_co_32 |   -.119406   .0159973    -7.46   0.000    -.1518822   -.0869297
 _Ischool_co_35 |  -.2404984   .0172117   -13.97   0.000    -.2754401   -.2055567
 _Ischool_co_36 |   -.448981   .0291534   -15.40   0.000    -.5081656   -.3897964
 _Ischool_co_37 |  -.2810441   .0085888   -32.72   0.000    -.2984802   -.2636079
 _Ischool_co_38 |  -.2644926   .0284324    -9.30   0.000    -.3222135   -.2067718
 _Ischool_co_39 |  -.1585227   .0163462    -9.70   0.000    -.1917072   -.1253382
 _Ischool_co_40 |  -.3543941   .0077772   -45.57   0.000    -.3701828   -.3386055
 _Ischool_co_41 |   .1661355   .0267255     6.22   0.000     .1118798    .2203912
 _Ischool_co_42 |  -.4486013   .0243513   -18.42   0.000    -.4980371   -.3991654
 _Ischool_co_44 |  -.3839655   .0359552   -10.68   0.000    -.4569585   -.3109726
 _Ischool_co_46 |  -.1885835   .0263446    -7.16   0.000    -.2420659   -.1351011
 _Ischool_co_47 |  -.0181784   .0030821    -5.90   0.000    -.0244354   -.0119213
 _Ischool_co_48 |  -.6110156   .0039861  -153.29   0.000    -.6191078   -.6029235
          _cons |   .5183654   .0419699    12.35   0.000     .4331619    .6035689
---------------------------------------------------------------------------------
.05289747
i.year            _Iyear_2000-2001    (naturally coded; _Iyear_2000 omitted)
i.school_code     _Ischool_co_1-48    (naturally coded; _Ischool_co_1 omitted)
note: afterXtreatment omitted because of collinearity

Linear regression                               Number of obs     =     15,903
                                                F(2, 35)          =          .
                                                Prob > F          =          .
                                                R-squared         =     0.1411
                                                Root MSE          =     .46381

                              (Std. Err. adjusted for 36 clusters in school_code)
---------------------------------------------------------------------------------
                |               Robust
E_12_afterSch~l |      Coef.   Std. Err.      t    P>|t|     [95% Conf. Interval]
----------------+----------------------------------------------------------------
afterXtreatment |   .0188547    .021763     0.87   0.392    -.0253265    .0630358
afterXtreatment |          0  (omitted)
       att_lgcr |   .0386509   .0086592     4.46   0.000     .0210718      .05623
    _Iyear_2001 |  -.0263541   .0135802    -1.94   0.060    -.0539234    .0012152
  _Ischool_co_2 |  -.0530211   .0106966    -4.96   0.000    -.0747363   -.0313058
  _Ischool_co_4 |  -.1984769   .0255926    -7.76   0.000    -.2504326   -.1465212
  _Ischool_co_8 |   .0464703   .0120588     3.85   0.000     .0219896    .0709509
  _Ischool_co_9 |  -.1770948   .0128303   -13.80   0.000    -.2031417   -.1510479
 _Ischool_co_10 |  -.0925471   .0042143   -21.96   0.000    -.1011025   -.0839916
 _Ischool_co_12 |  -.2718665   .0134331   -20.24   0.000    -.2991372   -.2445957
 _Ischool_co_15 |  -.1918204   .0260851    -7.35   0.000     -.244776   -.1388648
 _Ischool_co_16 |  -.1832189   .0177401   -10.33   0.000    -.2192333   -.1472045
 _Ischool_co_17 |   .0280054   .0229108     1.22   0.230    -.0185061    .0745169
 _Ischool_co_18 |   .0490977   .0237834     2.06   0.046     .0008148    .0973806
 _Ischool_co_19 |  -.3610419   .0123295   -29.28   0.000     -.386072   -.3360117
 _Ischool_co_20 |  -.2394931    .000859  -278.81   0.000    -.2412369   -.2377493
 _Ischool_co_21 |  -.0209962   .0215723    -0.97   0.337    -.0647903    .0227979
 _Ischool_co_22 |  -.1030239   .0054459   -18.92   0.000    -.1140795   -.0919682
 _Ischool_co_23 |  -.1501513   .0215128    -6.98   0.000    -.1938246   -.1064781
 _Ischool_co_24 |  -.3664168   .0114235   -32.08   0.000    -.3896078   -.3432259
 _Ischool_co_25 |  -.0481401   .0136607    -3.52   0.001    -.0758729   -.0204074
 _Ischool_co_26 |  -.2412733   .0111796   -21.58   0.000    -.2639691   -.2185775
 _Ischool_co_27 |  -.1052444   .0519667    -2.03   0.051    -.2107425    .0002537
 _Ischool_co_28 |  -.1147216   .0114792    -9.99   0.000    -.1380256   -.0914175
 _Ischool_co_29 |  -.1386291   .0192238    -7.21   0.000    -.1776555   -.0996027
 _Ischool_co_30 |  -.0064787   .0124781    -0.52   0.607    -.0318106    .0188532
 _Ischool_co_32 |  -.1150681   .0157117    -7.32   0.000    -.1469645   -.0831718
 _Ischool_co_35 |  -.0353796   .0175937    -2.01   0.052    -.0710966    .0003375
 _Ischool_co_36 |  -.2612981   .0257903   -10.13   0.000    -.3136552   -.2089411
 _Ischool_co_37 |  -.1897393   .0088482   -21.44   0.000     -.207702   -.1717765
 _Ischool_co_38 |   -.240926   .0244401    -9.86   0.000    -.2905421   -.1913099
 _Ischool_co_39 |  -.2725941    .016889   -16.14   0.000    -.3068805   -.2383076
 _Ischool_co_40 |  -.0047082   .0080082    -0.59   0.560    -.0209656    .0115493
 _Ischool_co_41 |   .0132248   .0112958     1.17   0.250    -.0097068    .0361565
 _Ischool_co_42 |  -.2931691   .0129883   -22.57   0.000    -.3195367   -.2668015
 _Ischool_co_44 |  -.0209739   .0214896    -0.98   0.336    -.0646002    .0226524
 _Ischool_co_46 |    -.12561   .0163581    -7.68   0.000    -.1588187   -.0924014
 _Ischool_co_47 |  -.1628502   .0031773   -51.25   0.000    -.1693004      -.1564
 _Ischool_co_48 |  -.4924185   .0040298  -122.20   0.000    -.5005994   -.4842376
          _cons |   .4636644   .0421349    11.00   0.000     .3781259    .5492029
---------------------------------------------------------------------------------
.02176296
i.year            _Iyear_2000-2001    (naturally coded; _Iyear_2000 omitted)
i.school_code     _Ischool_co_1-48    (naturally coded; _Ischool_co_1 omitted)

Linear regression                               Number of obs     =     15,903
                                                F(2, 35)          =          .
                                                Prob > F          =          .
                                                R-squared         =     0.1661
                                                Root MSE          =     2.0486

                              (Std. Err. adjusted for 36 clusters in school_code)
---------------------------------------------------------------------------------
                |               Robust
educ_12_after~l |      Coef.   Std. Err.      t    P>|t|     [95% Conf. Interval]
----------------+----------------------------------------------------------------
afterXtreatment |   .1227026    .097316     1.26   0.216    -.0748594    .3202646
       att_lgcr |   .2079433   .0416516     4.99   0.000     .1233862    .2925005
    _Iyear_2001 |  -.1805859   .0699894    -2.58   0.014    -.3226719   -.0384999
  _Ischool_co_2 |  -1.327831   .0512533   -25.91   0.000    -1.431881   -1.223782
  _Ischool_co_4 |  -.3168758   .1229657    -2.58   0.014    -.5665094   -.0672422
  _Ischool_co_8 |    .637065    .058197    10.95   0.000     .5189188    .7552111
  _Ischool_co_9 |  -.9265599   .0618045   -14.99   0.000     -1.05203     -.80109
 _Ischool_co_10 |  -.0689358   .0203642    -3.39   0.002    -.1102774   -.0275943
 _Ischool_co_12 |  -1.414078   .0648403   -21.81   0.000    -1.545711   -1.282445
 _Ischool_co_15 |  -.8010197   .1328898    -6.03   0.000      -1.0708    -.531239
 _Ischool_co_16 |  -.8413731   .0824484   -10.20   0.000    -1.008752    -.673994
 _Ischool_co_17 |   .1912757   .1151291     1.66   0.106    -.0424488    .4250001
 _Ischool_co_18 |   .5290092   .1047289     5.05   0.000     .3163982    .7416202
 _Ischool_co_19 |  -1.373039   .0512739   -26.78   0.000     -1.47713   -1.268947
 _Ischool_co_20 |  -1.094887   .0038898  -281.47   0.000    -1.102784    -1.08699
 _Ischool_co_21 |  -.1434248   .1087781    -1.32   0.196    -.3642561    .0774065
 _Ischool_co_22 |  -.2689107    .026187   -10.27   0.000    -.3220731   -.2157482
 _Ischool_co_23 |   -1.21755    .109454   -11.12   0.000    -1.439753   -.9953463
 _Ischool_co_24 |  -1.538068    .053988   -28.49   0.000     -1.64767   -1.428467
 _Ischool_co_25 |  -.1131801   .0678214    -1.67   0.104     -.250865    .0245047
 _Ischool_co_26 |  -1.050599    .052617   -19.97   0.000    -1.157417   -.9437809
 _Ischool_co_27 |  -.1900761   .2505749    -0.76   0.453    -.6987702     .318618
 _Ischool_co_28 |  -.4316438   .0546631    -7.90   0.000    -.5426158   -.3206719
 _Ischool_co_29 |  -.6662413   .0925414    -7.20   0.000    -.8541104   -.4783723
 _Ischool_co_30 |  -.0866033   .0513131    -1.69   0.100    -.1907745    .0175678
 _Ischool_co_32 |  -.9763026    .073727   -13.24   0.000    -1.125976    -.826629
 _Ischool_co_35 |   .0554697    .084875     0.65   0.518    -.1168357    .2277751
 _Ischool_co_36 |  -1.309183   .1302327   -10.05   0.000    -1.573569   -1.044796
 _Ischool_co_37 |  -.4535229    .042611   -10.64   0.000    -.5400277   -.3670181
 _Ischool_co_38 |   -1.42481    .123598   -11.53   0.000    -1.675728   -1.173893
 _Ischool_co_39 |  -.7757764   .0812178    -9.55   0.000    -.9406573   -.6108955
 _Ischool_co_40 |  -.4060965   .0385721   -10.53   0.000     -.484402   -.3277911
 _Ischool_co_41 |   .0146865   .0526785     0.28   0.782    -.0922565    .1216295
 _Ischool_co_42 |  -1.093494   .0642684   -17.01   0.000    -1.223966   -.9630225
 _Ischool_co_44 |  -.7382674   .0932509    -7.92   0.000    -.9275769   -.5489579
 _Ischool_co_46 |   -.471442   .0832463    -5.66   0.000     -.640441   -.3024431
 _Ischool_co_47 |  -.8209306   .0152974   -53.66   0.000     -.851986   -.7898753
 _Ischool_co_48 |   -1.95969   .0190884  -102.66   0.000    -1.998441   -1.920938
          _cons |   1.386892   .1991012     6.97   0.000     .9826949    1.791089
---------------------------------------------------------------------------------
.09731601
i.year            _Iyear_2000-2001    (naturally coded; _Iyear_2000 omitted)
i.school_code     _Ischool_co_1-48    (naturally coded; _Ischool_co_1 omitted)

Linear regression                               Number of obs     =     15,903
                                                F(2, 35)          =          .
                                                Prob > F          =          .
                                                R-squared         =     0.0440
                                                Root MSE          =      53657

                              (Std. Err. adjusted for 36 clusters in school_code)
---------------------------------------------------------------------------------
                |               Robust
sum_wage_11_a~a |      Coef.   Std. Err.      t    P>|t|     [95% Conf. Interval]
----------------+----------------------------------------------------------------
afterXtreatment |   5312.063   2848.496     1.86   0.071    -470.6916    11094.82
       att_lgcr |   2510.015   373.8125     6.71   0.000     1751.135    3268.895
    _Iyear_2001 |  -4528.397   1628.735    -2.78   0.009    -7834.906   -1221.889
  _Ischool_co_2 |  -6947.534   477.4251   -14.55   0.000    -7916.758   -5978.309
  _Ischool_co_4 |  -15677.06   1113.151   -14.08   0.000    -17936.88   -13417.24
  _Ischool_co_8 |   11591.93   1539.302     7.53   0.000     8466.979    14716.88
  _Ischool_co_9 |  -11969.38   551.0157   -21.72   0.000       -13088   -10850.76
 _Ischool_co_10 |  -6295.768   191.5827   -32.86   0.000    -6684.701   -5906.834
 _Ischool_co_12 |  -20878.27   583.3362   -35.79   0.000     -22062.5   -19694.03
 _Ischool_co_15 |   -16794.1   1884.997    -8.91   0.000    -20620.85   -12967.36
 _Ischool_co_16 |  -4569.397    1116.52    -4.09   0.000    -6836.054   -2302.741
 _Ischool_co_17 |   9708.613   1658.373     5.85   0.000     6341.937    13075.29
 _Ischool_co_18 |   489.4021   1615.113     0.30   0.764    -2789.452    3768.256
 _Ischool_co_19 |     2353.3   1417.715     1.66   0.106    -524.8156    5231.415
 _Ischool_co_20 |  -10863.16    66.4027  -163.60   0.000    -10997.96   -10728.35
 _Ischool_co_21 |  -31677.24   1641.989   -19.29   0.000    -35010.66   -28343.83
 _Ischool_co_22 |  -2360.463   235.5295   -10.02   0.000    -2838.613   -1882.313
 _Ischool_co_23 |   8370.216   1706.578     4.90   0.000     4905.679    11834.75
 _Ischool_co_24 |  -3809.788   1470.283    -2.59   0.014     -6794.62   -824.9554
 _Ischool_co_25 |   2019.024   1452.776     1.39   0.173    -930.2675    4968.315
 _Ischool_co_26 |   -2421.78   1428.808    -1.69   0.099    -5322.414    478.8542
 _Ischool_co_27 |  -23218.41   2234.775   -10.39   0.000    -27755.25   -18681.58
 _Ischool_co_28 |   54.44208   1457.086     0.04   0.970    -2903.599    3012.484
 _Ischool_co_29 |   -3597.27   826.8721    -4.35   0.000     -5275.91    -1918.63
 _Ischool_co_30 |   5512.995   1361.074     4.05   0.000     2749.868    8276.123
 _Ischool_co_32 |  -9750.735   897.3273   -10.87   0.000    -11572.41   -7929.064
 _Ischool_co_35 |  -2346.531   758.9116    -3.09   0.004    -3887.203   -805.8587
 _Ischool_co_36 |  -15557.69   1795.343    -8.67   0.000    -19202.43   -11912.95
 _Ischool_co_37 |  -7156.221    380.162   -18.82   0.000    -7927.991   -6384.451
 _Ischool_co_38 |  -9254.926   1758.511    -5.26   0.000    -12824.89   -5684.958
 _Ischool_co_39 |  -20877.44    730.137   -28.59   0.000    -22359.69   -19395.18
 _Ischool_co_40 |   1723.202   343.9675     5.01   0.000     1024.911    2421.493
 _Ischool_co_41 |  -3777.916   1470.139    -2.57   0.015    -6762.457   -793.3753
 _Ischool_co_42 |  -555.9301   1467.863    -0.38   0.707     -3535.85    2423.989
 _Ischool_co_44 |   -9227.87   1592.711    -5.79   0.000    -12461.24   -5994.495
 _Ischool_co_46 |  -4221.647    1590.15    -2.65   0.012    -7449.822   -993.4714
 _Ischool_co_47 |  -13283.73   136.5961   -97.25   0.000    -13561.03   -13006.42
 _Ischool_co_48 |  -38632.29   206.5603  -187.03   0.000    -39051.63   -38212.95
          _cons |   58499.26   2223.703    26.31   0.000      53984.9    63013.62
---------------------------------------------------------------------------------
2848.4963
i.year            _Iyear_2000-2001    (naturally coded; _Iyear_2000 omitted)
i.school_code     _Ischool_co_1-48    (naturally coded; _Ischool_co_1 omitted)

Linear regression                               Number of obs     =     15,903
                                                F(2, 35)          =          .
                                                Prob > F          =          .
                                                R-squared         =     0.0210
                                                Root MSE          =     .34729

                              (Std. Err. adjusted for 36 clusters in school_code)
---------------------------------------------------------------------------------
                |               Robust
work_11_after~a |      Coef.   Std. Err.      t    P>|t|     [95% Conf. Interval]
----------------+----------------------------------------------------------------
afterXtreatment |   .0084163   .0125402     0.67   0.507    -.0170416    .0338742
       att_lgcr |   .0023274   .0014206     1.64   0.110    -.0005565    .0052113
    _Iyear_2001 |  -.0002312   .0052256    -0.04   0.965    -.0108398    .0103775
  _Ischool_co_2 |  -.0056964   .0017599    -3.24   0.003    -.0092691   -.0021236
  _Ischool_co_4 |   -.092982   .0041754   -22.27   0.000    -.1014585   -.0845055
  _Ischool_co_8 |   .0443111   .0065225     6.79   0.000     .0310697    .0575526
  _Ischool_co_9 |   .0767606   .0021457    35.77   0.000     .0724047    .0811166
 _Ischool_co_10 |   .0350859    .000846    41.47   0.000     .0333684    .0368034
 _Ischool_co_12 |   .0129216   .0024052     5.37   0.000     .0080389    .0178044
 _Ischool_co_15 |   .0168849   .0074115     2.28   0.029     .0018387     .031931
 _Ischool_co_16 |   .0069878   .0045513     1.54   0.134    -.0022518    .0162274
 _Ischool_co_17 |   .0019343   .0070476     0.27   0.785    -.0123732    .0162417
 _Ischool_co_18 |     .00846   .0072036     1.17   0.248     -.006164     .023084
 _Ischool_co_19 |   .0879916   .0063993    13.75   0.000     .0750002    .1009829
 _Ischool_co_20 |    .074879   .0002893   258.86   0.000     .0742918    .0754662
 _Ischool_co_21 |   -.080254   .0069446   -11.56   0.000    -.0943524   -.0661557
 _Ischool_co_22 |   .0410059   .0008914    46.00   0.000     .0391961    .0428156
 _Ischool_co_23 |   .0341213   .0069882     4.88   0.000     .0199345    .0483081
 _Ischool_co_24 |   .0173929   .0063955     2.72   0.010     .0044092    .0303765
 _Ischool_co_25 |   .0436596   .0063939     6.83   0.000     .0306792      .05664
 _Ischool_co_26 |    .049303    .006318     7.80   0.000     .0364767    .0621293
 _Ischool_co_27 |   .0515358   .0089068     5.79   0.000     .0334539    .0696176
 _Ischool_co_28 |   .0102761   .0063677     1.61   0.116     -.002651    .0232032
 _Ischool_co_29 |  -.0211151   .0031805    -6.64   0.000    -.0275719   -.0146583
 _Ischool_co_30 |   .0519898   .0062727     8.29   0.000     .0392556    .0647241
 _Ischool_co_32 |  -.0007525   .0035266    -0.21   0.832    -.0079118    .0064068
 _Ischool_co_35 |   .0322236   .0030681    10.50   0.000     .0259951     .038452
 _Ischool_co_36 |   .0371537   .0073333     5.07   0.000     .0222663     .052041
 _Ischool_co_37 |   .0076932   .0014727     5.22   0.000     .0047036    .0106829
 _Ischool_co_38 |  -.0774701   .0072124   -10.74   0.000    -.0921121   -.0628281
 _Ischool_co_39 |  -.1271557   .0027657   -45.98   0.000    -.1327705    -.121541
 _Ischool_co_40 |   .0342712   .0013367    25.64   0.000     .0315575    .0369849
 _Ischool_co_41 |   .0100519   .0064019     1.57   0.125    -.0029445    .0230484
 _Ischool_co_42 |   .0401176   .0063967     6.27   0.000     .0271316    .0531036
 _Ischool_co_44 |   .0669625   .0071264     9.40   0.000     .0524952    .0814299
 _Ischool_co_46 |   .0285795   .0066427     4.30   0.000     .0150941     .042065
 _Ischool_co_47 |  -.0021983   .0005268    -4.17   0.000    -.0032678   -.0011288
 _Ischool_co_48 |  -.1561406    .000779  -200.43   0.000    -.1577221   -.1545591
          _cons |   .8291364    .008477    97.81   0.000     .8119272    .8463455
---------------------------------------------------------------------------------
.01254015
i.year            _Iyear_2000-2001    (naturally coded; _Iyear_2000 omitted)
i.school_code     _Ischool_co_1-48    (naturally coded; _Ischool_co_1 omitted)

Linear regression                               Number of obs     =     15,903
                                                F(2, 35)          =          .
                                                Prob > F          =          .
                                                R-squared         =     0.0381
                                                Root MSE          =     29.555

                              (Std. Err. adjusted for 36 clusters in school_code)
---------------------------------------------------------------------------------
                |               Robust
psum_wage_2013a |      Coef.   Std. Err.      t    P>|t|     [95% Conf. Interval]
----------------+----------------------------------------------------------------
afterXtreatment |   2.517143    1.23992     2.03   0.050    -.0000282    5.034314
       att_lgcr |   1.043924   .2020851     5.17   0.000     .6336697    1.454179
    _Iyear_2001 |  -2.038444   .7059823    -2.89   0.007    -3.471664   -.6052239
  _Ischool_co_2 |  -1.554303    .256168    -6.07   0.000    -2.074351   -1.034254
  _Ischool_co_4 |  -8.748023   .6010536   -14.55   0.000    -9.968226   -7.527819
  _Ischool_co_8 |   5.573509   .6510518     8.56   0.000     4.251804    6.895214
  _Ischool_co_9 |  -2.895713   .2977185    -9.73   0.000    -3.500114   -2.291313
 _Ischool_co_10 |  -1.507654   .1003695   -15.02   0.000    -1.711415   -1.303893
 _Ischool_co_12 |  -8.733073   .3123448   -27.96   0.000    -9.367167    -8.09898
 _Ischool_co_15 |  -5.388101   .7845582    -6.87   0.000    -6.980839   -3.795363
 _Ischool_co_16 |  -.7353313   .5474313    -1.34   0.188    -1.846676    .3760134
 _Ischool_co_17 |   4.830811   .7044061     6.86   0.000     3.400791    6.260832
 _Ischool_co_18 |    1.14194   .8364266     1.37   0.181    -.5560964    2.839976
 _Ischool_co_19 |   4.812936   .6493423     7.41   0.000     3.494701    6.131171
 _Ischool_co_20 |  -2.221615   .0312773   -71.03   0.000    -2.285111   -2.158118
 _Ischool_co_21 |   -15.6474   .6903643   -22.67   0.000    -17.04891   -14.24588
 _Ischool_co_22 |   .7992158   .1273004     6.28   0.000     .5407823    1.057649
 _Ischool_co_23 |   6.988066   .7071058     9.88   0.000     5.552565    8.423568
 _Ischool_co_24 |  -1.255559   .6254087    -2.01   0.052    -2.525206    .0140884
 _Ischool_co_25 |    2.51801   .6051846     4.16   0.000      1.28942      3.7466
 _Ischool_co_26 |   2.209312   .6074299     3.64   0.001     .9761636     3.44246
 _Ischool_co_27 |  -7.851805   1.204341    -6.52   0.000    -10.29675   -5.406862
 _Ischool_co_28 |   .4968912   .6173483     0.80   0.426    -.7563925    1.750175
 _Ischool_co_29 |  -1.330489   .4470434    -2.98   0.005    -2.238036    -.422943
 _Ischool_co_30 |   4.012265   .6304624     6.36   0.000     2.732358    5.292171
 _Ischool_co_32 |   -.992797   .4500979    -2.21   0.034    -1.906544   -.0790497
 _Ischool_co_35 |   .6207502   .4080247     1.52   0.137     -.207584    1.449084
 _Ischool_co_36 |  -4.253611   .7602874    -5.59   0.000    -5.797076   -2.710145
 _Ischool_co_37 |  -2.171574    .205474   -10.57   0.000    -2.588708   -1.754439
 _Ischool_co_38 |  -4.501575   .7403785    -6.08   0.000    -6.004623   -2.998526
 _Ischool_co_39 |  -12.50573   .3946505   -31.69   0.000    -13.30691   -11.70455
 _Ischool_co_40 |   2.675521    .185875    14.39   0.000     2.298174    3.052867
 _Ischool_co_41 |  -1.814379    .628967    -2.88   0.007    -3.091249   -.5375076
 _Ischool_co_42 |   .9366846   .6118162     1.53   0.135    -.3053683    2.178738
 _Ischool_co_44 |  -1.798351   .8116743    -2.22   0.033    -3.446138   -.1505649
 _Ischool_co_46 |  -1.398305   .6535697    -2.14   0.039    -2.725122   -.0714881
 _Ischool_co_47 |    -5.3952   .0738438   -73.06   0.000    -5.545111   -5.245289
 _Ischool_co_48 |  -22.31291    .106586  -209.34   0.000    -22.52929   -22.09653
          _cons |   45.86668    1.13838    40.29   0.000     43.55564    48.17771
---------------------------------------------------------------------------------
1.2399199
i.year            _Iyear_2000-2001    (naturally coded; _Iyear_2000 omitted)
i.school_code     _Ischool_co_1-48    (naturally coded; _Ischool_co_1 omitted)

Linear regression                               Number of obs     =     15,903
                                                F(2, 35)          =          .
                                                Prob > F          =          .
                                                R-squared         =     0.0079
                                                Root MSE          =     .26482

                              (Std. Err. adjusted for 36 clusters in school_code)
---------------------------------------------------------------------------------
                |               Robust
avt_11_afterS~l |      Coef.   Std. Err.      t    P>|t|     [95% Conf. Interval]
----------------+----------------------------------------------------------------
afterXtreatment |   .0013613   .0148537     0.09   0.928    -.0287933    .0315158
       att_lgcr |   .0012149   .0018681     0.65   0.520    -.0025776    .0050075
    _Iyear_2001 |   .0106333   .0137208     0.77   0.444    -.0172215    .0384881
  _Ischool_co_2 |     .01129   .0023065     4.89   0.000     .0066075    .0159724
  _Ischool_co_4 |  -.0388638   .0055162    -7.05   0.000    -.0500623   -.0276654
  _Ischool_co_8 |  -.0054085   .0078848    -0.69   0.497    -.0214155    .0105985
  _Ischool_co_9 |   .0335142   .0027757    12.07   0.000     .0278792    .0391491
 _Ischool_co_10 |    .036582   .0009378    39.01   0.000     .0346782    .0384858
 _Ischool_co_12 |  -.0070667   .0029346    -2.41   0.021    -.0130243   -.0011092
 _Ischool_co_15 |   .0208605   .0061491     3.39   0.002     .0083773    .0333438
 _Ischool_co_16 |   .0499757     .00413    12.10   0.000     .0415914    .0583601
 _Ischool_co_17 |  -.0180173   .0050619    -3.56   0.001    -.0282936   -.0077411
 _Ischool_co_18 |   .0615511   .0102197     6.02   0.000      .040804    .0822981
 _Ischool_co_19 |   .0320599   .0078907     4.06   0.000     .0160409     .048079
 _Ischool_co_20 |   .0440115   .0002172   202.66   0.000     .0435706    .0444524
 _Ischool_co_21 |   .0167276    .005188     3.22   0.003     .0061953    .0272598
 _Ischool_co_22 |   .0385911   .0011745    32.86   0.000     .0362068    .0409755
 _Ischool_co_23 |  -.0140964   .0057811    -2.44   0.020    -.0258327   -.0023601
 _Ischool_co_24 |   .0109085   .0071964     1.52   0.139     -.003701    .0255179
 _Ischool_co_25 |   .0040414   .0056159     0.72   0.477    -.0073594    .0154423
 _Ischool_co_26 |    .009878   .0066158     1.49   0.144    -.0035528    .0233088
 _Ischool_co_27 |   .0386093   .0112811     3.42   0.002     .0157073    .0615112
 _Ischool_co_28 |   .0293198   .0068794     4.26   0.000     .0153538    .0432858
 _Ischool_co_29 |  -.0072397   .0041525    -1.74   0.090    -.0156698    .0011903
 _Ischool_co_30 |  -.0026011   .0070718    -0.37   0.715    -.0169577    .0117555
 _Ischool_co_32 |   .0595007   .0035508    16.76   0.000     .0522923    .0667091
 _Ischool_co_35 |   -.002529   .0038287    -0.66   0.513    -.0103017    .0052436
 _Ischool_co_36 |   .0083708   .0055215     1.52   0.138    -.0028385    .0195801
 _Ischool_co_37 |   .0381984   .0019129    19.97   0.000      .034315    .0420818
 _Ischool_co_38 |   .0079348   .0055067     1.44   0.158    -.0032443     .019114
 _Ischool_co_39 |  -.0406815   .0036426   -11.17   0.000    -.0480765   -.0332866
 _Ischool_co_40 |    .025581    .001732    14.77   0.000     .0220649    .0290972
 _Ischool_co_41 |   .0132844   .0073754     1.80   0.080    -.0016884    .0282573
 _Ischool_co_42 |   .0296607   .0061243     4.84   0.000     .0172277    .0420938
 _Ischool_co_44 |   .0342872   .0104453     3.28   0.002      .013082    .0554923
 _Ischool_co_46 |   .0440987    .006274     7.03   0.000     .0313617    .0568357
 _Ischool_co_47 |   .0270503   .0006865    39.40   0.000     .0256566    .0284441
 _Ischool_co_48 |  -.0135405   .0008872   -15.26   0.000    -.0153416   -.0117394
          _cons |    .048424   .0093353     5.19   0.000     .0294724    .0673757
---------------------------------------------------------------------------------
.01485368
i.year            _Iyear_2000-2001    (naturally coded; _Iyear_2000 omitted)
i.school_code     _Ischool_co_1-48    (naturally coded; _Ischool_co_1 omitted)

Linear regression                               Number of obs     =     15,903
                                                F(2, 35)          =          .
                                                Prob > F          =          .
                                                R-squared         =     0.0061
                                                Root MSE          =     3358.5

                              (Std. Err. adjusted for 36 clusters in school_code)
---------------------------------------------------------------------------------
                |               Robust
avt_tot_11_af~l |      Coef.   Std. Err.      t    P>|t|     [95% Conf. Interval]
----------------+----------------------------------------------------------------
afterXtreatment |   45.24563   160.0744     0.28   0.779    -279.7227     370.214
       att_lgcr |   20.48192   17.21064     1.19   0.242    -14.45753    55.42137
    _Iyear_2001 |   147.1655   111.6716     1.32   0.196    -79.53984    373.8708
  _Ischool_co_2 |   175.9634   20.79865     8.46   0.000     133.7399    218.1869
  _Ischool_co_4 |  -285.8537   50.28333    -5.68   0.000    -387.9343   -183.7731
  _Ischool_co_8 |  -9.803518   85.31264    -0.11   0.909    -182.9974    163.3903
  _Ischool_co_9 |   68.84708   26.13133     2.63   0.012     15.79767    121.8965
 _Ischool_co_10 |   528.8531   10.13682    52.17   0.000     508.2742    549.4319
 _Ischool_co_12 |  -232.5949   29.24632    -7.95   0.000     -291.968   -173.2217
 _Ischool_co_15 |   239.2328   88.30694     2.71   0.010     59.96023    418.5055
 _Ischool_co_16 |    615.727    46.9518    13.11   0.000     520.4098    711.0442
 _Ischool_co_17 |  -75.70373   80.21221    -0.94   0.352    -238.5432    87.13571
 _Ischool_co_18 |    843.735   92.79834     9.09   0.000     655.3443    1032.126
 _Ischool_co_19 |    222.058   81.15832     2.74   0.010     57.29785    386.8181
 _Ischool_co_20 |   324.0858   2.922081   110.91   0.000     318.1537     330.018
 _Ischool_co_21 |   203.2391   79.86537     2.54   0.016     41.10376    365.3744
 _Ischool_co_22 |    461.181   10.78346    42.77   0.000     439.2895    483.0726
 _Ischool_co_23 |  -67.64174   82.80017    -0.82   0.419     -235.735    100.4515
 _Ischool_co_24 |   40.51759   80.86701     0.50   0.619    -123.6512    204.6864
 _Ischool_co_25 |  -25.88121   75.50758    -0.34   0.734    -179.1698    127.4073
 _Ischool_co_26 |   135.5178   77.69607     1.74   0.090    -22.21357    293.2492
 _Ischool_co_27 |   181.5519   108.5846     1.67   0.103    -38.88647    401.9903
 _Ischool_co_28 |   379.8719   79.40677     4.78   0.000     218.6676    541.0762
 _Ischool_co_29 |  -82.75156   38.65975    -2.14   0.039     -161.235   -4.268101
 _Ischool_co_30 |  -45.21599   75.79593    -0.60   0.555    -199.0899    108.6579
 _Ischool_co_32 |   931.4112   37.15231    25.07   0.000      855.988    1006.834
 _Ischool_co_35 |   12.23172   37.38103     0.33   0.745     -63.6558    88.11924
 _Ischool_co_36 |   52.32439   84.72684     0.62   0.541    -119.6802     224.329
 _Ischool_co_37 |   431.9813   17.92276    24.10   0.000     395.5962    468.3664
 _Ischool_co_38 |    319.598   83.65362     3.82   0.001     149.7721    489.4239
 _Ischool_co_39 |  -464.2045   33.46757   -13.87   0.000    -532.1473   -396.2618
 _Ischool_co_40 |    272.028   16.27547    16.71   0.000      238.987    305.0689
 _Ischool_co_41 |   177.5667   81.48252     2.18   0.036      12.1484     342.985
 _Ischool_co_42 |   323.5099    77.3514     4.18   0.000     166.4782    480.5415
 _Ischool_co_44 |   362.9249   94.62185     3.84   0.001     170.8323    555.0175
 _Ischool_co_46 |   428.2547   81.10571     5.28   0.000     263.6014     592.908
 _Ischool_co_47 |   47.62254   6.406754     7.43   0.000     34.61614    60.62894
 _Ischool_co_48 |  -63.30588   8.518738    -7.43   0.000    -80.59984   -46.01192
          _cons |   469.8007   91.60846     5.13   0.000     283.8256    655.7757
---------------------------------------------------------------------------------
160.07442
i.year            _Iyear_2000-2001    (naturally coded; _Iyear_2000 omitted)
i.school_code     _Ischool_co_1-48    (naturally coded; _Ischool_co_1 omitted)

Linear regression                               Number of obs     =     15,903
                                                F(2, 35)          =          .
                                                Prob > F          =          .
                                                R-squared         =     0.0243
                                                Root MSE          =     4.3738

                              (Std. Err. adjusted for 36 clusters in school_code)
---------------------------------------------------------------------------------
                |               Robust
months_11_aft~a |      Coef.   Std. Err.      t    P>|t|     [95% Conf. Interval]
----------------+----------------------------------------------------------------
afterXtreatment |   .2969279   .1643967     1.81   0.079    -.0368153     .630671
       att_lgcr |   .0367918   .0210605     1.75   0.089    -.0059632    .0795468
    _Iyear_2001 |  -.2899264   .0854792    -3.39   0.002    -.4634584   -.1163944
  _Ischool_co_2 |  -.0112821   .0266373    -0.42   0.674    -.0653587    .0427945
  _Ischool_co_4 |  -1.073148   .0624702   -17.18   0.000     -1.19997   -.9463272
  _Ischool_co_8 |   .5532607    .088007     6.29   0.000     .3745969    .7319245
  _Ischool_co_9 |   .5356178   .0312638    17.13   0.000     .4721489    .5990868
 _Ischool_co_10 |  -.0024464   .0112767    -0.22   0.830    -.0253393    .0204465
 _Ischool_co_12 |  -.1251214   .0336455    -3.72   0.001    -.1934255   -.0568174
 _Ischool_co_15 |  -.0655943    .107213    -0.61   0.545    -.2832483    .1520597
 _Ischool_co_16 |   -.057936   .0634143    -0.91   0.367     -.186674    .0708019
 _Ischool_co_17 |    .268191   .0963441     2.78   0.009     .0726021      .46378
 _Ischool_co_18 |  -.1407507   .0929456    -1.51   0.139    -.3294402    .0479389
 _Ischool_co_19 |   1.183927   .0821861    14.41   0.000      1.01708    1.350774
 _Ischool_co_20 |   .7425588   .0038401   193.37   0.000      .734763    .7503546
 _Ischool_co_21 |  -.7574478    .095164    -7.96   0.000    -.9506411   -.5642546
 _Ischool_co_22 |   .3062269   .0132537    23.10   0.000     .2793204    .3331334
 _Ischool_co_23 |   .8320468   .0979173     8.50   0.000      .633264    1.030829
 _Ischool_co_24 |   .3053898   .0847662     3.60   0.001     .1333052    .4774744
 _Ischool_co_25 |   .3979665    .084605     4.70   0.000     .2262092    .5697238
 _Ischool_co_26 |   .6624836   .0828798     7.99   0.000     .4942288    .8307385
 _Ischool_co_27 |    .078374   .1276438     0.61   0.543    -.1807567    .3375046
 _Ischool_co_28 |   .3178222    .084206     3.77   0.001      .146875    .4887694
 _Ischool_co_29 |  -.0504346   .0467499    -1.08   0.288    -.1453419    .0444728
 _Ischool_co_30 |   1.340162   .0795211    16.85   0.000     1.178726    1.501599
 _Ischool_co_32 |    .273449   .0505248     5.41   0.000     .1708783    .3760198
 _Ischool_co_35 |    .542557   .0435242    12.47   0.000     .4541982    .6309158
 _Ischool_co_36 |   .5550364   .1032379     5.38   0.000     .3454524    .7646203
 _Ischool_co_37 |   .0240615   .0215375     1.12   0.272     -.019662     .067785
 _Ischool_co_38 |  -1.054223   .1011622   -10.42   0.000    -1.259593   -.8488528
 _Ischool_co_39 |  -1.705558   .0410964   -41.50   0.000    -1.788988   -1.622128
 _Ischool_co_40 |   .3721659   .0195049    19.08   0.000     .3325688     .411763
 _Ischool_co_41 |  -.1493464   .0847129    -1.76   0.087    -.3213228    .0226299
 _Ischool_co_42 |   .3945884   .0850808     4.64   0.000     .2218652    .5673116
 _Ischool_co_44 |   .8430217   .0915975     9.20   0.000     .6570689    1.028974
 _Ischool_co_46 |   .2736667   .0913171     3.00   0.005     .0882831    .4590502
 _Ischool_co_47 |  -.1662655   .0077288   -21.51   0.000    -.1819559   -.1505752
 _Ischool_co_48 |  -2.757607   .0115329  -239.11   0.000     -2.78102   -2.734194
          _cons |   8.951635   .1244065    71.95   0.000     8.699076    9.204193
---------------------------------------------------------------------------------
.16439675
i.year            _Iyear_2000-2001    (naturally coded; _Iyear_2000 omitted)
i.school_code     _Ischool_co_1-48    (naturally coded; _Ischool_co_1 omitted)

Linear regression                               Number of obs     =     15,903
                                                F(2, 35)          =          .
                                                Prob > F          =          .
                                                R-squared         =     0.0613
                                                Root MSE          =     .48501

                              (Std. Err. adjusted for 36 clusters in school_code)
---------------------------------------------------------------------------------
                |               Robust
        married |      Coef.   Std. Err.      t    P>|t|     [95% Conf. Interval]
----------------+----------------------------------------------------------------
afterXtreatment |   .0005282   .0190531     0.03   0.978    -.0381517    .0392081
       att_lgcr |   .0015704    .002352     0.67   0.509    -.0032045    .0063452
    _Iyear_2001 |  -.0814017    .008145    -9.99   0.000     -.097937   -.0648663
  _Ischool_co_2 |   .0120321   .0029785     4.04   0.000     .0059853    .0180788
  _Ischool_co_4 |   .2654086   .0069727    38.06   0.000     .2512533    .2795638
  _Ischool_co_8 |  -.2047542   .0099824   -20.51   0.000    -.2250194   -.1844889
  _Ischool_co_9 |   .0717695   .0035006    20.50   0.000     .0646629    .0788761
 _Ischool_co_10 |   -.026196   .0012966   -20.20   0.000    -.0288282   -.0235638
 _Ischool_co_12 |   .0538345   .0038052    14.15   0.000     .0461095    .0615595
 _Ischool_co_15 |   .2849346   .0117371    24.28   0.000     .2611069    .3087622
 _Ischool_co_16 |   .0663387   .0074525     8.90   0.000     .0512094    .0814679
 _Ischool_co_17 |   .1112908   .0108832    10.23   0.000     .0891967    .1333849
 _Ischool_co_18 |  -.0899843    .011122    -8.09   0.000    -.1125632   -.0674053
 _Ischool_co_19 |   .1034359   .0097068    10.66   0.000       .08373    .1231418
 _Ischool_co_20 |   .0478218     .00046   103.97   0.000      .046888    .0487555
 _Ischool_co_21 |   .3830825   .0107311    35.70   0.000     .3612972    .4048678
 _Ischool_co_22 |   .0162951   .0014798    11.01   0.000      .013291    .0192992
 _Ischool_co_23 |   .1447168   .0108957    13.28   0.000     .1225974    .1668363
 _Ischool_co_24 |   .1142483    .009743    11.73   0.000     .0944689    .1340276
 _Ischool_co_25 |  -.1113113   .0097384   -11.43   0.000    -.1310812   -.0915413
 _Ischool_co_26 |   .0221916   .0095998     2.31   0.027     .0027028    .0416803
 _Ischool_co_27 |   .2271508   .0143432    15.84   0.000     .1980326     .256269
 _Ischool_co_28 |   .0342328   .0096956     3.53   0.001     .0145497    .0539159
 _Ischool_co_29 |  -.0412491   .0052268    -7.89   0.000      -.05186   -.0306382
 _Ischool_co_30 |  -.0942336   .0095244    -9.89   0.000    -.1135692    -.074898
 _Ischool_co_32 |    .074916   .0058668    12.77   0.000     .0630058    .0868263
 _Ischool_co_35 |   .2043017   .0049033    41.67   0.000     .1943475    .2142558
 _Ischool_co_36 |   .1441299   .0114782    12.56   0.000     .1208279    .1674318
 _Ischool_co_37 |  -.0190999   .0024099    -7.93   0.000    -.0239923   -.0142075
 _Ischool_co_38 |   .1339971   .0112649    11.90   0.000     .1111282     .156866
 _Ischool_co_39 |   .3010805   .0045887    65.61   0.000     .2917651     .310396
 _Ischool_co_40 |    .056345   .0021834    25.81   0.000     .0519125    .0607775
 _Ischool_co_41 |  -.1257977   .0097478   -12.91   0.000    -.1455868   -.1060086
 _Ischool_co_42 |   .0685457   .0097585     7.02   0.000     .0487349    .0883565
 _Ischool_co_44 |   .0249589   .0109108     2.29   0.028     .0028089     .047109
 _Ischool_co_46 |   .0383997    .010257     3.74   0.001     .0175769    .0592225
 _Ischool_co_47 |   -.195547   .0008644  -226.23   0.000    -.1973017   -.1937922
 _Ischool_co_48 |   .2272254   .0013179   172.41   0.000     .2245499     .229901
          _cons |   .4752961   .0142817    33.28   0.000     .4463027    .5042894
---------------------------------------------------------------------------------
.01905311
i.year            _Iyear_2000-2001    (naturally coded; _Iyear_2000 omitted)
i.school_code     _Ischool_co_1-48    (naturally coded; _Ischool_co_1 omitted)

Linear regression                               Number of obs     =     15,903
                                                F(2, 35)          =          .
                                                Prob > F          =          .
                                                R-squared         =     0.0852
                                                Root MSE          =     .46944

                              (Std. Err. adjusted for 36 clusters in school_code)
---------------------------------------------------------------------------------
                |               Robust
           kids |      Coef.   Std. Err.      t    P>|t|     [95% Conf. Interval]
----------------+----------------------------------------------------------------
afterXtreatment |   .0031705   .0172669     0.18   0.855    -.0318831    .0382241
       att_lgcr |  -.0046503   .0028778    -1.62   0.115    -.0104925    .0011919
    _Iyear_2001 |   -.098935   .0121216    -8.16   0.000    -.1235432   -.0743267
  _Ischool_co_2 |   -.012327    .003555    -3.47   0.001     -.019544     -.00511
  _Ischool_co_4 |   .2888555   .0084919    34.02   0.000      .271616     .306095
  _Ischool_co_8 |   -.163642    .009039   -18.10   0.000     -.181992   -.1452919
  _Ischool_co_9 |   .1671138   .0042861    38.99   0.000     .1584126    .1758149
 _Ischool_co_10 |   .0071387   .0014867     4.80   0.000     .0041206    .0101568
 _Ischool_co_12 |   .2021987   .0045731    44.21   0.000     .1929148    .2114826
 _Ischool_co_15 |   .3896564   .0101262    38.48   0.000     .3690991    .4102137
 _Ischool_co_16 |   .0628194   .0068539     9.17   0.000     .0489052    .0767335
 _Ischool_co_17 |   .0867727   .0092127     9.42   0.000     .0680699    .1054755
 _Ischool_co_18 |  -.0983839   .0121407    -8.10   0.000    -.1230308   -.0737371
 _Ischool_co_19 |   .1565962   .0091622    17.09   0.000     .1379959    .1751964
 _Ischool_co_20 |   .0996853   .0003817   261.19   0.000     .0989105    .1004601
 _Ischool_co_21 |   .5448313   .0089959    60.56   0.000     .5265687    .5630939
 _Ischool_co_22 |   .0445035   .0018088    24.60   0.000     .0408315    .0481755
 _Ischool_co_23 |   .1416046    .009178    15.43   0.000     .1229723    .1602369
 _Ischool_co_24 |   .1898524   .0085798    22.13   0.000     .1724344    .2072704
 _Ischool_co_25 |  -.0863207   .0079669   -10.83   0.000    -.1024944   -.0701471
 _Ischool_co_26 |   .0577143   .0082271     7.02   0.000     .0410123    .0744163
 _Ischool_co_27 |   .3273677   .0174756    18.73   0.000     .2918903    .3628451
 _Ischool_co_28 |   .0912338   .0083992    10.86   0.000     .0741824    .1082851
 _Ischool_co_29 |  -.0022843   .0064034    -0.36   0.723     -.015284    .0107153
 _Ischool_co_30 |  -.1214872   .0086915   -13.98   0.000    -.1391318   -.1038425
 _Ischool_co_32 |   .1715021   .0057449    29.85   0.000     .1598393     .183165
 _Ischool_co_35 |   .2416889   .0059448    40.66   0.000     .2296203    .2537576
 _Ischool_co_36 |   .2089244   .0098901    21.12   0.000     .1888465    .2290023
 _Ischool_co_37 |   .0317063    .002952    10.74   0.000     .0257134    .0376993
 _Ischool_co_38 |   .1767899   .0096211    18.38   0.000     .1572581    .1963218
 _Ischool_co_39 |   .3640285   .0056101    64.89   0.000     .3526394    .3754176
 _Ischool_co_40 |   .0961946   .0026738    35.98   0.000     .0907664    .1016228
 _Ischool_co_41 |  -.0716748   .0086798    -8.26   0.000    -.0892958   -.0540539
 _Ischool_co_42 |   .1189402   .0081342    14.62   0.000     .1024269    .1354534
 _Ischool_co_44 |   .2250196   .0119547    18.82   0.000     .2007502    .2492889
 _Ischool_co_46 |   .0754032   .0086044     8.76   0.000     .0579353    .0928712
 _Ischool_co_47 |  -.1196205    .001059  -112.96   0.000    -.1217703   -.1174707
 _Ischool_co_48 |   .3270792   .0013996   233.69   0.000     .3242378    .3299206
          _cons |   .3562456    .014822    24.03   0.000     .3261553    .3863358
---------------------------------------------------------------------------------
.01726688
i.year            _Iyear_2000-2001    (naturally coded; _Iyear_2000 omitted)
i.school_code     _Ischool_co_1-48    (naturally coded; _Ischool_co_1 omitted)

Linear regression                               Number of obs     =     15,903
                                                F(2, 35)          =          .
                                                Prob > F          =          .
                                                R-squared         =     0.1265
                                                Root MSE          =     .94913

                              (Std. Err. adjusted for 36 clusters in school_code)
---------------------------------------------------------------------------------
                |               Robust
        yeladim |      Coef.   Std. Err.      t    P>|t|     [95% Conf. Interval]
----------------+----------------------------------------------------------------
afterXtreatment |  -.0035338   .0537362    -0.07   0.948     -.112624    .1055565
       att_lgcr |  -.0045203    .006081    -0.74   0.462    -.0168655    .0078248
    _Iyear_2001 |  -.2149105   .0421329    -5.10   0.000    -.3004448   -.1293762
  _Ischool_co_2 |   .0995592   .0074522    13.36   0.000     .0844305     .114688
  _Ischool_co_4 |   .8151636   .0178745    45.60   0.000     .7788765    .8514508
  _Ischool_co_8 |  -.2404699   .0290178    -8.29   0.000    -.2993792   -.1815606
  _Ischool_co_9 |   .4073481   .0091292    44.62   0.000     .3888149    .4258814
 _Ischool_co_10 |   .0711249   .0033359    21.32   0.000     .0643527    .0778972
 _Ischool_co_12 |   .4270281   .0099493    42.92   0.000     .4068299    .4472263
 _Ischool_co_15 |   1.140789   .0296962    38.42   0.000     1.080503    1.201076
 _Ischool_co_16 |   .1933491   .0155602    12.43   0.000     .1617602     .224938
 _Ischool_co_17 |   .3156445   .0258475    12.21   0.000     .2631713    .3681177
 _Ischool_co_18 |  -.1442484   .0317281    -4.55   0.000    -.2086599   -.0798369
 _Ischool_co_19 |   .3045758   .0271783    11.21   0.000      .249401    .3597507
 _Ischool_co_20 |   .2027612   .0009203   220.33   0.000     .2008929    .2046294
 _Ischool_co_21 |   1.896065   .0258854    73.25   0.000     1.843515    1.948615
 _Ischool_co_22 |   .0994617   .0038173    26.06   0.000     .0917121    .1072112
 _Ischool_co_23 |   .2882128    .027422    10.51   0.000     .2325431    .3438825
 _Ischool_co_24 |   .3312714   .0270774    12.23   0.000     .2763014    .3862414
 _Ischool_co_25 |  -.1313044   .0245009    -5.36   0.000    -.1810439    -.081565
 _Ischool_co_26 |   .2093759   .0256654     8.16   0.000     .1572724    .2614794
 _Ischool_co_27 |   .8757164   .0375289    23.33   0.000     .7995288    .9519041
 _Ischool_co_28 |   .1674225   .0264256     6.34   0.000     .1137757    .2210693
 _Ischool_co_29 |   .0197395   .0135832     1.45   0.155    -.0078359    .0473149
 _Ischool_co_30 |  -.1845591   .0248934    -7.41   0.000    -.2350954   -.1340228
 _Ischool_co_32 |   .3371224   .0126662    26.62   0.000     .3114086    .3628361
 _Ischool_co_35 |   .6074036   .0128344    47.33   0.000     .5813484    .6334588
 _Ischool_co_36 |   .7056387   .0278453    25.34   0.000     .6491096    .7621677
 _Ischool_co_37 |   .0743124   .0062766    11.84   0.000     .0615701    .0870546
 _Ischool_co_38 |    .536911   .0274869    19.53   0.000     .4811096    .5927124
 _Ischool_co_39 |   1.153538   .0118428    97.40   0.000     1.129496    1.177581
 _Ischool_co_40 |   .2627886   .0056913    46.17   0.000     .2512347    .2743426
 _Ischool_co_41 |  -.0732772     .02735    -2.68   0.011    -.1288005   -.0177538
 _Ischool_co_42 |   .2265977     .02542     8.91   0.000     .1749924    .2782031
 _Ischool_co_44 |   .6078285   .0324907    18.71   0.000      .541869     .673788
 _Ischool_co_46 |   .1407185   .0270022     5.21   0.000     .0859012    .1955358
 _Ischool_co_47 |  -.1814995   .0022483   -80.73   0.000    -.1860637   -.1769353
 _Ischool_co_48 |   .7500938   .0029956   250.40   0.000     .7440124    .7561752
          _cons |    .531771   .0319599    16.64   0.000      .466889     .596653
---------------------------------------------------------------------------------
.05373617
i.year            _Iyear_2000-2001    (naturally coded; _Iyear_2000 omitted)
i.school_code     _Ischool_co_1-48    (naturally coded; _Ischool_co_1 omitted)

Linear regression                               Number of obs     =      8,408
                                                F(2, 35)          =          .
                                                Prob > F          =          .
                                                R-squared         =     0.1371
                                                Root MSE          =     2.4708

                              (Std. Err. adjusted for 36 clusters in school_code)
---------------------------------------------------------------------------------
                |               Robust
age_at_marria~s |      Coef.   Std. Err.      t    P>|t|     [95% Conf. Interval]
----------------+----------------------------------------------------------------
afterXtreatment |  -.3175969   .2235619    -1.42   0.164    -.7714517    .1362579
       att_lgcr |   -.008723   .0267739    -0.33   0.747    -.0630769    .0456308
    _Iyear_2001 |  -.0023541    .157025    -0.01   0.988    -.3211318    .3164237
  _Ischool_co_2 |   .1179402   .0411025     2.87   0.007     .0344977    .2013827
  _Ischool_co_4 |  -2.216855    .081449   -27.22   0.000    -2.382205   -2.051505
  _Ischool_co_8 |   .5694946   .1007321     5.65   0.000     .3649976    .7739916
  _Ischool_co_9 |  -1.118718   .0474249   -23.59   0.000    -1.214996   -1.022441
 _Ischool_co_10 |  -.5153936   .0150211   -34.31   0.000    -.5458879   -.4848992
 _Ischool_co_12 |  -1.113703    .041526   -26.82   0.000    -1.198005   -1.029401
 _Ischool_co_15 |  -2.179274   .1008561   -21.61   0.000    -2.384023   -1.974525
 _Ischool_co_16 |  -.1881078   .0872286    -2.16   0.038    -.3651913   -.0110243
 _Ischool_co_17 |  -.6323402     .09139    -6.92   0.000    -.8178719   -.4468086
 _Ischool_co_18 |   .1872364   .1386614     1.35   0.186    -.0942611     .468734
 _Ischool_co_19 |  -1.173184   .1146672   -10.23   0.000    -1.405971   -.9403976
 _Ischool_co_20 |  -.4855276   .0139458   -34.82   0.000    -.5138391   -.4572162
 _Ischool_co_21 |  -3.349141   .0934261   -35.85   0.000    -3.538806   -3.159476
 _Ischool_co_22 |  -.3519999   .0163429   -21.54   0.000    -.3851777    -.318822
 _Ischool_co_23 |  -.1615969    .096043    -1.68   0.101    -.3565746    .0333808
 _Ischool_co_24 |  -.7188024   .1055425    -6.81   0.000     -.933065   -.5045397
 _Ischool_co_25 |   .0646301   .0853542     0.76   0.454     -.108648    .2379083
 _Ischool_co_26 |  -.8659115   .0988202    -8.76   0.000    -1.066527   -.6652958
 _Ischool_co_27 |  -2.117906   .1657534   -12.78   0.000    -2.454403   -1.781409
 _Ischool_co_28 |  -.6206723   .1034377    -6.00   0.000     -.830662   -.4106827
 _Ischool_co_29 |   .0956624   .0574386     1.67   0.105    -.0209441     .212269
 _Ischool_co_30 |   -.110474      .0928    -1.19   0.242    -.2988681    .0779201
 _Ischool_co_32 |    .362675   .0583727     6.21   0.000     .2441722    .4811778
 _Ischool_co_35 |  -.8891132   .0566604   -15.69   0.000     -1.00414   -.7740864
 _Ischool_co_36 |  -2.081573   .1007912   -20.65   0.000     -2.28619   -1.876956
 _Ischool_co_37 |  -.4858506   .0277487   -17.51   0.000    -.5421834   -.4295178
 _Ischool_co_38 |  -.6688608    .100674    -6.64   0.000    -.8732398   -.4644817
 _Ischool_co_39 |  -3.587063   .0453068   -79.17   0.000    -3.679041   -3.495085
 _Ischool_co_40 |  -.6171485   .0200614   -30.76   0.000    -.6578754   -.5764216
 _Ischool_co_41 |  -.0220321    .106258    -0.21   0.837    -.2377472     .193683
 _Ischool_co_42 |  -.9060857    .101476    -8.93   0.000    -1.112093   -.7000784
 _Ischool_co_44 |  -2.033876   .1368345   -14.86   0.000    -2.311665   -1.756087
 _Ischool_co_46 |  -.3380112   .0984651    -3.43   0.002     -.537906   -.1381164
 _Ischool_co_47 |   .3349457   .0271633    12.33   0.000     .2798013    .3900901
 _Ischool_co_48 |  -2.947927   .0163252  -180.58   0.000    -2.981069   -2.914785
          _cons |   25.48181   .1591944   160.07   0.000     25.15863    25.80499
---------------------------------------------------------------------------------
i.year            _Iyear_2000-2001    (naturally coded; _Iyear_2000 omitted)
i.school_code     _Ischool_co_1-48    (naturally coded; _Ischool_co_1 omitted)

Linear regression                               Number of obs     =      8,408
                                                F(2, 35)          =          .
                                                Prob > F          =          .
                                                R-squared         =     0.1371
                                                Root MSE          =     2.4708

                              (Std. Err. adjusted for 36 clusters in school_code)
---------------------------------------------------------------------------------
                |               Robust
age_at_marria~s |      Coef.   Std. Err.      t    P>|t|     [95% Conf. Interval]
----------------+----------------------------------------------------------------
afterXtreatment |  -.3175969   .2235619    -1.42   0.164    -.7714517    .1362579
       att_lgcr |   -.008723   .0267739    -0.33   0.747    -.0630769    .0456308
    _Iyear_2001 |  -.0023541    .157025    -0.01   0.988    -.3211318    .3164237
  _Ischool_co_2 |   .1179402   .0411025     2.87   0.007     .0344977    .2013827
  _Ischool_co_4 |  -2.216855    .081449   -27.22   0.000    -2.382205   -2.051505
  _Ischool_co_8 |   .5694946   .1007321     5.65   0.000     .3649976    .7739916
  _Ischool_co_9 |  -1.118718   .0474249   -23.59   0.000    -1.214996   -1.022441
 _Ischool_co_10 |  -.5153936   .0150211   -34.31   0.000    -.5458879   -.4848992
 _Ischool_co_12 |  -1.113703    .041526   -26.82   0.000    -1.198005   -1.029401
 _Ischool_co_15 |  -2.179274   .1008561   -21.61   0.000    -2.384023   -1.974525
 _Ischool_co_16 |  -.1881078   .0872286    -2.16   0.038    -.3651913   -.0110243
 _Ischool_co_17 |  -.6323402     .09139    -6.92   0.000    -.8178719   -.4468086
 _Ischool_co_18 |   .1872364   .1386614     1.35   0.186    -.0942611     .468734
 _Ischool_co_19 |  -1.173184   .1146672   -10.23   0.000    -1.405971   -.9403976
 _Ischool_co_20 |  -.4855276   .0139458   -34.82   0.000    -.5138391   -.4572162
 _Ischool_co_21 |  -3.349141   .0934261   -35.85   0.000    -3.538806   -3.159476
 _Ischool_co_22 |  -.3519999   .0163429   -21.54   0.000    -.3851777    -.318822
 _Ischool_co_23 |  -.1615969    .096043    -1.68   0.101    -.3565746    .0333808
 _Ischool_co_24 |  -.7188024   .1055425    -6.81   0.000     -.933065   -.5045397
 _Ischool_co_25 |   .0646301   .0853542     0.76   0.454     -.108648    .2379083
 _Ischool_co_26 |  -.8659115   .0988202    -8.76   0.000    -1.066527   -.6652958
 _Ischool_co_27 |  -2.117906   .1657534   -12.78   0.000    -2.454403   -1.781409
 _Ischool_co_28 |  -.6206723   .1034377    -6.00   0.000     -.830662   -.4106827
 _Ischool_co_29 |   .0956624   .0574386     1.67   0.105    -.0209441     .212269
 _Ischool_co_30 |   -.110474      .0928    -1.19   0.242    -.2988681    .0779201
 _Ischool_co_32 |    .362675   .0583727     6.21   0.000     .2441722    .4811778
 _Ischool_co_35 |  -.8891132   .0566604   -15.69   0.000     -1.00414   -.7740864
 _Ischool_co_36 |  -2.081573   .1007912   -20.65   0.000     -2.28619   -1.876956
 _Ischool_co_37 |  -.4858506   .0277487   -17.51   0.000    -.5421834   -.4295178
 _Ischool_co_38 |  -.6688608    .100674    -6.64   0.000    -.8732398   -.4644817
 _Ischool_co_39 |  -3.587063   .0453068   -79.17   0.000    -3.679041   -3.495085
 _Ischool_co_40 |  -.6171485   .0200614   -30.76   0.000    -.6578754   -.5764216
 _Ischool_co_41 |  -.0220321    .106258    -0.21   0.837    -.2377472     .193683
 _Ischool_co_42 |  -.9060857    .101476    -8.93   0.000    -1.112093   -.7000784
 _Ischool_co_44 |  -2.033876   .1368345   -14.86   0.000    -2.311665   -1.756087
 _Ischool_co_46 |  -.3380112   .0984651    -3.43   0.002     -.537906   -.1381164
 _Ischool_co_47 |   .3349457   .0271633    12.33   0.000     .2798013    .3900901
 _Ischool_co_48 |  -2.947927   .0163252  -180.58   0.000    -2.981069   -2.914785
          _cons |   25.48181   .1591944   160.07   0.000     25.15863    25.80499
---------------------------------------------------------------------------------
.22356191
i.year            _Iyear_2000-2001    (naturally coded; _Iyear_2000 omitted)
i.school_code     _Ischool_co_1-48    (naturally coded; _Ischool_co_1 omitted)

Linear regression                               Number of obs     =      6,385
                                                F(2, 35)          =          .
                                                Prob > F          =          .
                                                R-squared         =     0.1149
                                                Root MSE          =     2.4137

                              (Std. Err. adjusted for 36 clusters in school_code)
---------------------------------------------------------------------------------
                |               Robust
age_at_first_~s |      Coef.   Std. Err.      t    P>|t|     [95% Conf. Interval]
----------------+----------------------------------------------------------------
afterXtreatment |  -.2736432   .2490988    -1.10   0.279    -.7793407    .2320543
       att_lgcr |   .0174736   .0262815     0.66   0.510    -.0358807    .0708279
    _Iyear_2001 |  -.1736758   .1754893    -0.99   0.329    -.5299381    .1825864
  _Ischool_co_2 |  -.6782974   .0518507   -13.08   0.000    -.7835599    -.573035
  _Ischool_co_4 |  -1.818577   .0682468   -26.65   0.000    -1.957125   -1.680028
  _Ischool_co_8 |   .3891068   .1008667     3.86   0.000     .1843366     .593877
  _Ischool_co_9 |  -1.089713   .0538257   -20.25   0.000    -1.198985   -.9804415
 _Ischool_co_10 |  -.2130266   .0151214   -14.09   0.000    -.2437246   -.1823286
 _Ischool_co_12 |   -.928124   .0416092   -22.31   0.000    -1.012595   -.8436528
 _Ischool_co_15 |  -1.746146   .1231909   -14.17   0.000    -1.996237   -1.496056
 _Ischool_co_16 |  -.1508276    .085432    -1.77   0.086    -.3242639    .0226087
 _Ischool_co_17 |  -.6480763   .1081353    -5.99   0.000    -.8676027   -.4285499
 _Ischool_co_18 |   .1354129   .1247872     1.09   0.285    -.1179185    .3887444
 _Ischool_co_19 |  -.9474778   .1103721    -8.58   0.000    -1.171545   -.7234105
 _Ischool_co_20 |  -.1078555   .0067491   -15.98   0.000    -.1215569   -.0941541
 _Ischool_co_21 |  -2.799796    .112752   -24.83   0.000    -3.028694   -2.570897
 _Ischool_co_22 |  -.1287138   .0195148    -6.60   0.000     -.168331   -.0890966
 _Ischool_co_23 |   .0412929   .1149034     0.36   0.721    -.1919734    .2745592
 _Ischool_co_24 |  -.5930218   .1124287    -5.27   0.000    -.8212642   -.3647794
 _Ischool_co_25 |   .2908178   .0965728     3.01   0.005     .0947645    .4868711
 _Ischool_co_26 |  -.6880038   .1055609    -6.52   0.000    -.9023039   -.4737037
 _Ischool_co_27 |  -1.546338   .1720138    -8.99   0.000    -1.895544   -1.197131
 _Ischool_co_28 |  -.3868197   .1110892    -3.48   0.001    -.6123428   -.1612965
 _Ischool_co_29 |   .2149188   .0546663     3.93   0.000     .1039403    .3258973
 _Ischool_co_30 |  -.1654362   .0961227    -1.72   0.094    -.3605755    .0297032
 _Ischool_co_32 |   .7106976   .0753858     9.43   0.000     .5576563    .8637389
 _Ischool_co_35 |  -.5824694   .0697629    -8.35   0.000    -.7240955   -.4408432
 _Ischool_co_36 |  -2.079623   .1216033   -17.10   0.000    -2.326491   -1.832756
 _Ischool_co_37 |  -.2734536   .0304484    -8.98   0.000    -.3352673     -.21164
 _Ischool_co_38 |  -.7599976    .132079    -5.75   0.000    -1.028132   -.4918629
 _Ischool_co_39 |  -3.131749   .0329952   -94.92   0.000    -3.198733   -3.064766
 _Ischool_co_40 |  -.4067354     .00931   -43.69   0.000    -.4256358    -.387835
 _Ischool_co_41 |   .0579969   .1075412     0.54   0.593    -.1603234    .2763171
 _Ischool_co_42 |  -.6189884   .1079273    -5.74   0.000    -.8380924   -.3998843
 _Ischool_co_44 |  -1.574434   .1281944   -12.28   0.000    -1.834683   -1.314186
 _Ischool_co_46 |  -.3537002   .1118997    -3.16   0.003    -.5808687   -.1265316
 _Ischool_co_47 |   .4236477   .0268836    15.76   0.000     .3690711    .4782243
 _Ischool_co_48 |  -2.223314    .009079  -244.89   0.000    -2.241745   -2.204883
          _cons |   26.13696   .1389263   188.14   0.000     25.85493      26.419
---------------------------------------------------------------------------------
i.year            _Iyear_2000-2001    (naturally coded; _Iyear_2000 omitted)
i.school_code     _Ischool_co_1-48    (naturally coded; _Ischool_co_1 omitted)

Linear regression                               Number of obs     =      6,385
                                                F(2, 35)          =          .
                                                Prob > F          =          .
                                                R-squared         =     0.1149
                                                Root MSE          =     2.4137

                              (Std. Err. adjusted for 36 clusters in school_code)
---------------------------------------------------------------------------------
                |               Robust
age_at_first_~s |      Coef.   Std. Err.      t    P>|t|     [95% Conf. Interval]
----------------+----------------------------------------------------------------
afterXtreatment |  -.2736432   .2490988    -1.10   0.279    -.7793407    .2320543
       att_lgcr |   .0174736   .0262815     0.66   0.510    -.0358807    .0708279
    _Iyear_2001 |  -.1736758   .1754893    -0.99   0.329    -.5299381    .1825864
  _Ischool_co_2 |  -.6782974   .0518507   -13.08   0.000    -.7835599    -.573035
  _Ischool_co_4 |  -1.818577   .0682468   -26.65   0.000    -1.957125   -1.680028
  _Ischool_co_8 |   .3891068   .1008667     3.86   0.000     .1843366     .593877
  _Ischool_co_9 |  -1.089713   .0538257   -20.25   0.000    -1.198985   -.9804415
 _Ischool_co_10 |  -.2130266   .0151214   -14.09   0.000    -.2437246   -.1823286
 _Ischool_co_12 |   -.928124   .0416092   -22.31   0.000    -1.012595   -.8436528
 _Ischool_co_15 |  -1.746146   .1231909   -14.17   0.000    -1.996237   -1.496056
 _Ischool_co_16 |  -.1508276    .085432    -1.77   0.086    -.3242639    .0226087
 _Ischool_co_17 |  -.6480763   .1081353    -5.99   0.000    -.8676027   -.4285499
 _Ischool_co_18 |   .1354129   .1247872     1.09   0.285    -.1179185    .3887444
 _Ischool_co_19 |  -.9474778   .1103721    -8.58   0.000    -1.171545   -.7234105
 _Ischool_co_20 |  -.1078555   .0067491   -15.98   0.000    -.1215569   -.0941541
 _Ischool_co_21 |  -2.799796    .112752   -24.83   0.000    -3.028694   -2.570897
 _Ischool_co_22 |  -.1287138   .0195148    -6.60   0.000     -.168331   -.0890966
 _Ischool_co_23 |   .0412929   .1149034     0.36   0.721    -.1919734    .2745592
 _Ischool_co_24 |  -.5930218   .1124287    -5.27   0.000    -.8212642   -.3647794
 _Ischool_co_25 |   .2908178   .0965728     3.01   0.005     .0947645    .4868711
 _Ischool_co_26 |  -.6880038   .1055609    -6.52   0.000    -.9023039   -.4737037
 _Ischool_co_27 |  -1.546338   .1720138    -8.99   0.000    -1.895544   -1.197131
 _Ischool_co_28 |  -.3868197   .1110892    -3.48   0.001    -.6123428   -.1612965
 _Ischool_co_29 |   .2149188   .0546663     3.93   0.000     .1039403    .3258973
 _Ischool_co_30 |  -.1654362   .0961227    -1.72   0.094    -.3605755    .0297032
 _Ischool_co_32 |   .7106976   .0753858     9.43   0.000     .5576563    .8637389
 _Ischool_co_35 |  -.5824694   .0697629    -8.35   0.000    -.7240955   -.4408432
 _Ischool_co_36 |  -2.079623   .1216033   -17.10   0.000    -2.326491   -1.832756
 _Ischool_co_37 |  -.2734536   .0304484    -8.98   0.000    -.3352673     -.21164
 _Ischool_co_38 |  -.7599976    .132079    -5.75   0.000    -1.028132   -.4918629
 _Ischool_co_39 |  -3.131749   .0329952   -94.92   0.000    -3.198733   -3.064766
 _Ischool_co_40 |  -.4067354     .00931   -43.69   0.000    -.4256358    -.387835
 _Ischool_co_41 |   .0579969   .1075412     0.54   0.593    -.1603234    .2763171
 _Ischool_co_42 |  -.6189884   .1079273    -5.74   0.000    -.8380924   -.3998843
 _Ischool_co_44 |  -1.574434   .1281944   -12.28   0.000    -1.834683   -1.314186
 _Ischool_co_46 |  -.3537002   .1118997    -3.16   0.003    -.5808687   -.1265316
 _Ischool_co_47 |   .4236477   .0268836    15.76   0.000     .3690711    .4782243
 _Ischool_co_48 |  -2.223314    .009079  -244.89   0.000    -2.241745   -2.204883
          _cons |   26.13696   .1389263   188.14   0.000     25.85493      26.419
---------------------------------------------------------------------------------
2
4
6
8
10
12
14
16
18

.                         
.                         
.                         
.                                 
. 
. 
. 
.         log close
      name:  <unnamed>
       log:  C:\Users\peleg\OneDrive\Documents\Victor\Other\Teacher Bonuses\For publication\Reproduction\logs\R
> eplication_DID_T2_4_5_uncontolled_19Oct19NE4q.log
  log type:  text
 closed on:  19 Oct 2019, 11:17:14
---------------------------------------------------------------------------------------------------------------
