---------------------------------------------------------------------------------------------------------------
      name:  <unnamed>
       log:  C:\Users\peleg\OneDrive\Documents\Victor\Other\Teacher Bonuses\For publication\Reproduction\logs\T
> able_T3_cross_sections_2000_2001_19Oct19.log
  log type:  text
 opened on:  19 Oct 2019, 11:20:45

. 
. 
. use data\PublicationDataSet, clear      

. 
. rename A_12_afterSchool A_12_after

. rename B_12_afterSchool B_12_after

. rename uni_12_afterSchool uni_12_after

. rename col_12_afterSchool col_12_after

. rename work_11_afterSchoola work_11_after

. rename months_11_afterSchoola months_11_after

. rename sum_wage_11_afterSchoola wage_11_after

. rename pctle_wage_11_afterSchool pctle_11_after

. 
. local depvars "A_12_after B_12_after uni_12_after col_12_after work_11_after months_11_after wage_11_after pc
> tle_11_after"

. 
. 
. local controls "att_lgcr att_lgsc awr_lgcr e_awr_lgcr asiafr ole boy educav educem m_ahim"

. 
. 
.  
.    
. *local controls "slrate99 asiafr ole boy educav educem m_ahim att_lgsc att_lgcr awr_lgcr m_awr_lgcr e_awr_lgc
> r i.year i.school_code"
. 
. foreach sample in NE RD  {  
  2. 
.         
.         postfile values str50 rowKey   no_weights00 weights00 no_weights01 weights01  using "results\automati
> c\\${name}", replace
  3.         
.                 preserve
  4.                         
.                         keep if `sample' == 1
  5. 
.                         di "***************************************************************"
  6.                         di "***************************************************************"
  7.                         di ""
  8.                         di "Sample: `sample'"
  9.                         di ""
 10.                         di "***************************************************************"
 11.                         di "***************************************************************"
 12.                         
.                         foreach var of varlist `depvars' {
 13.                         
.                                 
.                                 // SUMMARY STATISTICS
.                                 di ""
 14.                                 di "*********************************************************"
 15.                                 di ""
 16.                                 di "COMPUTING SAMPLE MEAN AND STANDARD DEVIATIONS FOR T AND C"
 17.                                 di ""
 18.                                 di "Outcome: `var'"
 19.                                 di ""
 20.                                 di "Cohorts: 2000 and 2001"
 21.                                 di ""
 22.                                 di "Sample: All Observations"
 23.                                 di ""
 24.                                 di "*********************************************************"
 25.                                 di ""
 26.                                 
. 
.                                 
.                                 *after==0 means 2000
.                                 regress `var' treatment      if after == 0 & q4==1, vce(cluster school_code)
 27. 
.                                 local Ndif_00_`var'_q4 = _b[treatment]
 28.                                 local Nse_dif_00_`var'_q4 = _se[treatment]              
 29. 
.                                 *after==0 means 2000
.                                 regress `var' treatment    [fweight = hoodWeight]  if after == 0 & q4==1, vce
> (cluster school_code)
 30.         
.                                 
.                                 local dif_00_`var'_q4 = _b[treatment]
 31.                                 local se_dif_00_`var'_q4 = _se[treatment]
 32.                                 
.                                 *after==1 means 2001
.                                 regress `var' treatment    if after == 1 & q4==1, vce(cluster school_code)
 33. 
.                                 local Ndif_01_`var'_q4 = _b[treatment]
 34.                                 local Nse_dif_01_`var'_q4 = _se[treatment]              
 35. 
.                                 *after==1 means 2001
.                                 regress `var' treatment     [fweight = hoodWeight] if after == 1 & q4==1, vce
> (cluster school_code)
 36.         
.                                 
.                                 local dif_01_`var'_q4 = _b[treatment]
 37.                                 local se_dif_01_`var'_q4 = _se[treatment]       
 38.                                 
.                                 *after==0 means 2000
.                                 regress `var' treatment   `controls'    if after == 0 & q4==1, vce(cluster sc
> hool_code)
 39. 
.                                 local CNdif_00_`var'_q4 = _b[treatment]
 40.                                 local CNse_dif_00_`var'_q4 = _se[treatment]             
 41. 
.                                 *after==0 means 2000
.                                 regress `var' treatment  `controls'    [fweight = hoodWeight] if after == 0 &
>  q4==1, vce(cluster school_code)
 42.         
.                                 
.                                 local Cdif_00_`var'_q4 = _b[treatment]
 43.                                 local Cse_dif_00_`var'_q4 = _se[treatment]
 44.                                 
.                                 *after==1 means 2001
.                                 regress `var' treatment  `controls'    if after == 1 & q4==1, vce(cluster sch
> ool_code)
 45. 
.                                 local CNdif_01_`var'_q4 = _b[treatment]
 46.                                 local CNse_dif_01_`var'_q4 = _se[treatment]             
 47. 
.                                 *after==1 means 2001
.                                 regress `var' treatment  `controls'    [fweight = hoodWeight] if after == 1 &
>  q4==1, vce(cluster school_code)
 48.         
.                                 
.                                 local Cdif_01_`var'_q4 = _b[treatment]
 49.                                 local Cse_dif_01_`var'_q4 = _se[treatment]      
 50.                                 
.                                 
.                                 *uncomment this section for uncontrolled results
.                                 *post values ("MEAN `var' without controls")                                 
>            (`Ndif_00_`var'_q4')  (`dif_00_`var'_q4') (`Ndif_01_`var'_q4')  (`dif_01_`var'_q4')      
.                                 *post values ("CLUSTERED SCHOOL SE `var' without controls")                  
>          (`Nse_dif_00_`var'_q4') (`se_dif_00_`var'_q4') (`Nse_dif_01_`var'_q4') (`se_dif_01_`var'_q4')
.                                 post values ("MEAN `var' with controls")                       (`CNdif_00_`va
> r'_q4')  (`Cdif_00_`var'_q4') (`CNdif_01_`var'_q4')  (`Cdif_01_`var'_q4')      
 51.                                 post values ("CLUSTERED SCHOOL SE `var' with controls")    (`CNse_dif_00_`
> var'_q4') (`Cse_dif_00_`var'_q4') (`CNse_dif_01_`var'_q4') (`Cse_dif_01_`var'_q4')
 52.                                 
.                         
.                                                 
.                                 }
 53. 
.                                 
.                                 
.                                 postclose values
 54.                                 
.                                 /**************************************************
>                                 V. REFORMAT DATA TO CSV 
>                                 ***************************************************/
. 
.                                 use "results\automatic\\${name}", clear
 55. 
.                                 outsheet using "results\automatic\\${name}_`sample'.csv", replace comma
 56. 
.                                 erase "results\automatic\\${name}.dta"
 57. 
.                                 cap log close
 58.                                 
.                                 restore
 59.                 
.                 
. }
(note: file results\automatic\Table_T3_cross_sections_2000_2001.dta not found)
(3,361 observations deleted)
***************************************************************
***************************************************************

Sample: NE

***************************************************************
***************************************************************

*********************************************************

COMPUTING SAMPLE MEAN AND STANDARD DEVIATIONS FOR T AND C

Outcome: A_12_after

Cohorts: 2000 and 2001

Sample: All Observations

*********************************************************


Linear regression                               Number of obs     =      5,127
                                                F(1, 35)          =       0.38
                                                Prob > F          =     0.5439
                                                R-squared         =     0.0008
                                                Root MSE          =     .40686

                           (Std. Err. adjusted for 36 clusters in school_code)
------------------------------------------------------------------------------
             |               Robust
  A_12_after |      Coef.   Std. Err.      t    P>|t|     [95% Conf. Interval]
-------------+----------------------------------------------------------------
   treatment |  -.0228665    .037304    -0.61   0.544    -.0985977    .0528647
       _cons |   .2215347   .0297483     7.45   0.000     .1611424    .2819269
------------------------------------------------------------------------------

Linear regression                               Number of obs     =      8,151
                                                F(1, 35)          =       0.30
                                                Prob > F          =     0.5856
                                                R-squared         =     0.0010
                                                Root MSE          =     .40265

                           (Std. Err. adjusted for 36 clusters in school_code)
------------------------------------------------------------------------------
             |               Robust
  A_12_after |      Coef.   Std. Err.      t    P>|t|     [95% Conf. Interval]
-------------+----------------------------------------------------------------
   treatment |   .0255516    .046436     0.55   0.586    -.0687185    .1198217
       _cons |   .1907035   .0296634     6.43   0.000     .1304836    .2509234
------------------------------------------------------------------------------

Linear regression                               Number of obs     =      4,950
                                                F(1, 35)          =       0.00
                                                Prob > F          =     0.9855
                                                R-squared         =     0.0000
                                                Root MSE          =     .40053

                           (Std. Err. adjusted for 36 clusters in school_code)
------------------------------------------------------------------------------
             |               Robust
  A_12_after |      Coef.   Std. Err.      t    P>|t|     [95% Conf. Interval]
-------------+----------------------------------------------------------------
   treatment |  -.0006499   .0354078    -0.02   0.985    -.0725315    .0712317
       _cons |   .2009528   .0256299     7.84   0.000     .1489214    .2529842
------------------------------------------------------------------------------

Linear regression                               Number of obs     =      7,752
                                                F(1, 35)          =       0.62
                                                Prob > F          =     0.4357
                                                R-squared         =     0.0020
                                                Root MSE          =     .38425

                           (Std. Err. adjusted for 36 clusters in school_code)
------------------------------------------------------------------------------
             |               Robust
  A_12_after |      Coef.   Std. Err.      t    P>|t|     [95% Conf. Interval]
-------------+----------------------------------------------------------------
   treatment |   .0340022   .0431198     0.79   0.436    -.0535357    .1215401
       _cons |   .1636965   .0316441     5.17   0.000     .0994556    .2279374
------------------------------------------------------------------------------

Linear regression                               Number of obs     =      5,127
                                                F(11, 35)         =      35.02
                                                Prob > F          =     0.0000
                                                R-squared         =     0.1561
                                                Root MSE          =     .37426

                           (Std. Err. adjusted for 36 clusters in school_code)
------------------------------------------------------------------------------
             |               Robust
  A_12_after |      Coef.   Std. Err.      t    P>|t|     [95% Conf. Interval]
-------------+----------------------------------------------------------------
   treatment |   .0069542   .0285958     0.24   0.809    -.0510984    .0650068
    att_lgcr |  -.0284807    .004596    -6.20   0.000     -.037811   -.0191504
    att_lgsc |    .002255   .0005353     4.21   0.000     .0011683    .0033418
    awr_lgcr |   .0531272   .0053234     9.98   0.000     .0423201    .0639343
  e_awr_lgcr |   .0188546   .0123503     1.53   0.136    -.0062179    .0439271
      asiafr |  -.0504663   .0146241    -3.45   0.001    -.0801549   -.0207778
         ole |   .1080026   .0468813     2.30   0.027     .0128284    .2031767
         boy |  -.0032406   .0188008    -0.17   0.864    -.0414083    .0349271
      educav |   .0071316   .0023097     3.09   0.004     .0024426    .0118205
      educem |   .0026756   .0024959     1.07   0.291    -.0023913    .0077425
      m_ahim |  -.0104426   .0050454    -2.07   0.046    -.0206854   -.0001998
       _cons |  -.0853819   .0399128    -2.14   0.039    -.1664092   -.0043546
------------------------------------------------------------------------------

Linear regression                               Number of obs     =      8,151
                                                F(11, 35)         =      23.80
                                                Prob > F          =     0.0000
                                                R-squared         =     0.1739
                                                Root MSE          =     .36638

                           (Std. Err. adjusted for 36 clusters in school_code)
------------------------------------------------------------------------------
             |               Robust
  A_12_after |      Coef.   Std. Err.      t    P>|t|     [95% Conf. Interval]
-------------+----------------------------------------------------------------
   treatment |   .0168343   .0323149     0.52   0.606    -.0487684    .0824371
    att_lgcr |  -.0240184   .0037257    -6.45   0.000    -.0315819   -.0164548
    att_lgsc |      .0022    .000636     3.46   0.001      .000909    .0034911
    awr_lgcr |   .0554762   .0069682     7.96   0.000     .0413299    .0696224
  e_awr_lgcr |   .0076888   .0161089     0.48   0.636     -.025014    .0403916
      asiafr |  -.0312111   .0170043    -1.84   0.075    -.0657316    .0033095
         ole |   .1379413   .0535881     2.57   0.014     .0291518    .2467309
         boy |  -.0169388   .0256644    -0.66   0.514    -.0690402    .0351627
      educav |   .0039862   .0022271     1.79   0.082     -.000535    .0085074
      educem |   .0032562   .0033058     0.99   0.331    -.0034549    .0099674
      m_ahim |  -.0034324    .006764    -0.51   0.615    -.0171641    .0102993
       _cons |  -.1090153   .0600021    -1.82   0.078    -.2308261    .0127955
------------------------------------------------------------------------------

Linear regression                               Number of obs     =      4,950
                                                F(11, 35)         =      55.79
                                                Prob > F          =     0.0000
                                                R-squared         =     0.1848
                                                Root MSE          =     .36199

                           (Std. Err. adjusted for 36 clusters in school_code)
------------------------------------------------------------------------------
             |               Robust
  A_12_after |      Coef.   Std. Err.      t    P>|t|     [95% Conf. Interval]
-------------+----------------------------------------------------------------
   treatment |   .0407711   .0298604     1.37   0.181    -.0198487    .1013909
    att_lgcr |  -.0242601   .0048581    -4.99   0.000    -.0341226   -.0143976
    att_lgsc |   .0014666   .0004866     3.01   0.005     .0004787    .0024545
    awr_lgcr |   .0570699   .0040371    14.14   0.000     .0488742    .0652655
  e_awr_lgcr |   .0176092   .0140982     1.25   0.220    -.0110117    .0462301
      asiafr |  -.0326545   .0118505    -2.76   0.009    -.0567122   -.0085967
         ole |   .0263344   .0922615     0.29   0.777    -.1609664    .2136351
         boy |  -.0231921   .0117118    -1.98   0.056    -.0469683     .000584
      educav |   .0104225    .001775     5.87   0.000     .0068192    .0140259
      educem |   .0028263   .0013452     2.10   0.043     .0000955    .0055571
      m_ahim |  -.0043817   .0059983    -0.73   0.470     -.016559    .0077955
       _cons |  -.1513227   .0307618    -4.92   0.000    -.2137724    -.088873
------------------------------------------------------------------------------

Linear regression                               Number of obs     =      7,752
                                                F(11, 35)         =      45.19
                                                Prob > F          =     0.0000
                                                R-squared         =     0.1700
                                                Root MSE          =     .35065

                           (Std. Err. adjusted for 36 clusters in school_code)
------------------------------------------------------------------------------
             |               Robust
  A_12_after |      Coef.   Std. Err.      t    P>|t|     [95% Conf. Interval]
-------------+----------------------------------------------------------------
   treatment |   .0552133   .0387768     1.42   0.163    -.0235078    .1339343
    att_lgcr |  -.0270845   .0053844    -5.03   0.000    -.0380154   -.0161536
    att_lgsc |   .0015333   .0006012     2.55   0.015     .0003129    .0027537
    awr_lgcr |    .055845   .0050713    11.01   0.000     .0455497    .0661404
  e_awr_lgcr |   .0155663   .0163781     0.95   0.348    -.0176829    .0488155
      asiafr |  -.0230804   .0127196    -1.81   0.078    -.0489025    .0027416
         ole |   .0008354   .0776012     0.01   0.991    -.1567034    .1583743
         boy |  -.0092817   .0195696    -0.47   0.638    -.0490101    .0304466
      educav |   .0098943   .0021102     4.69   0.000     .0056103    .0141783
      educem |   .0037033   .0021618     1.71   0.096    -.0006855     .008092
      m_ahim |   .0004037   .0054855     0.07   0.942    -.0107325    .0115399
       _cons |  -.1825626   .0658768    -2.77   0.009    -.3162995   -.0488257
------------------------------------------------------------------------------

*********************************************************

COMPUTING SAMPLE MEAN AND STANDARD DEVIATIONS FOR T AND C

Outcome: B_12_after

Cohorts: 2000 and 2001

Sample: All Observations

*********************************************************


Linear regression                               Number of obs     =      5,127
                                                F(1, 35)          =       0.48
                                                Prob > F          =     0.4936
                                                R-squared         =     0.0006
                                                Root MSE          =     .36433

                           (Std. Err. adjusted for 36 clusters in school_code)
------------------------------------------------------------------------------
             |               Robust
  B_12_after |      Coef.   Std. Err.      t    P>|t|     [95% Conf. Interval]
-------------+----------------------------------------------------------------
   treatment |  -.0172031   .0248667    -0.69   0.494    -.0676852     .033279
       _cons |   .1666667   .0171722     9.71   0.000     .1318052    .2015281
------------------------------------------------------------------------------

Linear regression                               Number of obs     =      8,151
                                                F(1, 35)          =       0.00
                                                Prob > F          =     0.9632
                                                R-squared         =     0.0000
                                                Root MSE          =     .35104

                           (Std. Err. adjusted for 36 clusters in school_code)
------------------------------------------------------------------------------
             |               Robust
  B_12_after |      Coef.   Std. Err.      t    P>|t|     [95% Conf. Interval]
-------------+----------------------------------------------------------------
   treatment |   .0013536   .0290946     0.05   0.963    -.0577117    .0604188
       _cons |   .1432161   .0236164     6.06   0.000     .0952723    .1911599
------------------------------------------------------------------------------

Linear regression                               Number of obs     =      4,950
                                                F(1, 35)          =       3.02
                                                Prob > F          =     0.0908
                                                R-squared         =     0.0043
                                                Root MSE          =     .38343

                           (Std. Err. adjusted for 36 clusters in school_code)
------------------------------------------------------------------------------
             |               Robust
  B_12_after |      Coef.   Std. Err.      t    P>|t|     [95% Conf. Interval]
-------------+----------------------------------------------------------------
   treatment |  -.0506359   .0291167    -1.74   0.091     -.109746    .0084742
       _cons |    .207016   .0245902     8.42   0.000     .1570952    .2569369
------------------------------------------------------------------------------

Linear regression                               Number of obs     =      7,752
                                                F(1, 35)          =       1.58
                                                Prob > F          =     0.2165
                                                R-squared         =     0.0018
                                                Root MSE          =     .37558

                           (Std. Err. adjusted for 36 clusters in school_code)
------------------------------------------------------------------------------
             |               Robust
  B_12_after |      Coef.   Std. Err.      t    P>|t|     [95% Conf. Interval]
-------------+----------------------------------------------------------------
   treatment |  -.0320726   .0254802    -1.26   0.216    -.0838001    .0196549
       _cons |   .1860998   .0193892     9.60   0.000     .1467377    .2254619
------------------------------------------------------------------------------

Linear regression                               Number of obs     =      5,127
                                                F(11, 35)         =      27.84
                                                Prob > F          =     0.0000
                                                R-squared         =     0.0282
                                                Root MSE          =     .35961

                           (Std. Err. adjusted for 36 clusters in school_code)
------------------------------------------------------------------------------
             |               Robust
  B_12_after |      Coef.   Std. Err.      t    P>|t|     [95% Conf. Interval]
-------------+----------------------------------------------------------------
   treatment |  -.0021294   .0241356    -0.09   0.930    -.0511274    .0468685
    att_lgcr |  -.0059523   .0037552    -1.59   0.122    -.0135758    .0016713
    att_lgsc |   .0013491   .0003198     4.22   0.000        .0007    .0019983
    awr_lgcr |   .0129077   .0038791     3.33   0.002     .0050327    .0207827
  e_awr_lgcr |  -.0295748   .0090898    -3.25   0.003    -.0480281   -.0111214
      asiafr |  -.0163323   .0115927    -1.41   0.168    -.0398668    .0072022
         ole |  -.0514232   .0341614    -1.51   0.141    -.1207746    .0179282
         boy |   .0038054   .0115657     0.33   0.744    -.0196741    .0272849
      educav |   .0022329    .002053     1.09   0.284     -.001935    .0064008
      educem |   .0023393     .00283     0.83   0.414    -.0034059    .0080845
      m_ahim |  -.0053914   .0042028    -1.28   0.208    -.0139235    .0031406
       _cons |   .0210849   .0378028     0.56   0.581    -.0556588    .0978286
------------------------------------------------------------------------------

Linear regression                               Number of obs     =      8,151
                                                F(11, 35)         =      14.04
                                                Prob > F          =     0.0000
                                                R-squared         =     0.0238
                                                Root MSE          =     .34705

                           (Std. Err. adjusted for 36 clusters in school_code)
------------------------------------------------------------------------------
             |               Robust
  B_12_after |      Coef.   Std. Err.      t    P>|t|     [95% Conf. Interval]
-------------+----------------------------------------------------------------
   treatment |   .0037802   .0279102     0.14   0.893    -.0528805    .0604409
    att_lgcr |  -.0099021   .0043032    -2.30   0.027     -.018638   -.0011661
    att_lgsc |   .0013565   .0003566     3.80   0.001     .0006325    .0020806
    awr_lgcr |   .0147514   .0052022     2.84   0.008     .0041904    .0253125
  e_awr_lgcr |  -.0169857   .0121148    -1.40   0.170    -.0415801    .0076087
      asiafr |   -.007314   .0110689    -0.66   0.513     -.029785    .0151571
         ole |  -.0360385    .033865    -1.06   0.295     -.104788     .032711
         boy |  -.0058417    .011953    -0.49   0.628    -.0301076    .0184242
      educav |   .0014935   .0020484     0.73   0.471    -.0026649     .005652
      educem |   .0016224   .0026274     0.62   0.541    -.0037114    .0069562
      m_ahim |  -.0019818   .0048148    -0.41   0.683    -.0117563    .0077927
       _cons |   .0237082   .0431935     0.55   0.587    -.0639792    .1113957
------------------------------------------------------------------------------

Linear regression                               Number of obs     =      4,950
                                                F(11, 35)         =      20.48
                                                Prob > F          =     0.0000
                                                R-squared         =     0.0389
                                                Root MSE          =     .37709

                           (Std. Err. adjusted for 36 clusters in school_code)
------------------------------------------------------------------------------
             |               Robust
  B_12_after |      Coef.   Std. Err.      t    P>|t|     [95% Conf. Interval]
-------------+----------------------------------------------------------------
   treatment |  -.0295852   .0282904    -1.05   0.303    -.0870177    .0278472
    att_lgcr |  -.0083839   .0041939    -2.00   0.053    -.0168979    .0001301
    att_lgsc |    .001719   .0003635     4.73   0.000      .000981     .002457
    awr_lgcr |   .0151345    .004635     3.27   0.002     .0057249    .0245441
  e_awr_lgcr |  -.0381935   .0089046    -4.29   0.000    -.0562707   -.0201163
      asiafr |   .0165592    .013687     1.21   0.234    -.0112268    .0443452
         ole |   .0620451   .0654706     0.95   0.350    -.0708673    .1949576
         boy |   .0287527   .0150126     1.92   0.064    -.0017246    .0592299
      educav |   .0047637   .0018413     2.59   0.014     .0010255    .0085018
      educem |   .0012568   .0019537     0.64   0.524    -.0027095    .0052231
      m_ahim |  -.0030745   .0034291    -0.90   0.376     -.010036    .0038869
       _cons |  -.0078163   .0283629    -0.28   0.784     -.065396    .0497634
------------------------------------------------------------------------------

Linear regression                               Number of obs     =      7,752
                                                F(11, 35)         =      16.71
                                                Prob > F          =     0.0000
                                                R-squared         =     0.0428
                                                Root MSE          =     .36803

                           (Std. Err. adjusted for 36 clusters in school_code)
------------------------------------------------------------------------------
             |               Robust
  B_12_after |      Coef.   Std. Err.      t    P>|t|     [95% Conf. Interval]
-------------+----------------------------------------------------------------
   treatment |  -.0189451   .0254178    -0.75   0.461    -.0705459    .0326557
    att_lgcr |  -.0147303   .0061916    -2.38   0.023    -.0272998   -.0021607
    att_lgsc |    .001799   .0004428     4.06   0.000     .0009001    .0026979
    awr_lgcr |   .0204131   .0056727     3.60   0.001     .0088969    .0319294
  e_awr_lgcr |   -.039661   .0086375    -4.59   0.000    -.0571961   -.0221259
      asiafr |   .0268228   .0128946     2.08   0.045     .0006455    .0530002
         ole |   .0638304   .0924708     0.69   0.495    -.1238953    .2515561
         boy |   .0471641   .0149375     3.16   0.003     .0168394    .0774889
      educav |   .0063631   .0020614     3.09   0.004     .0021781     .010548
      educem |  -.0004313   .0026607    -0.16   0.872    -.0058328    .0049702
      m_ahim |  -.0028486   .0033866    -0.84   0.406    -.0097237    .0040265
       _cons |  -.0296833   .0294182    -1.01   0.320    -.0894054    .0300388
------------------------------------------------------------------------------

*********************************************************

COMPUTING SAMPLE MEAN AND STANDARD DEVIATIONS FOR T AND C

Outcome: uni_12_after

Cohorts: 2000 and 2001

Sample: All Observations

*********************************************************


Linear regression                               Number of obs     =      5,127
                                                F(1, 35)          =       0.43
                                                Prob > F          =     0.5171
                                                R-squared         =     0.0008
                                                Root MSE          =     1.8707

                           (Std. Err. adjusted for 36 clusters in school_code)
------------------------------------------------------------------------------
             |               Robust
uni_12_after |      Coef.   Std. Err.      t    P>|t|     [95% Conf. Interval]
-------------+----------------------------------------------------------------
   treatment |  -.1051174   .1606024    -0.65   0.517    -.4311576    .2209227
       _cons |   .8642739   .1242685     6.95   0.000     .6119954    1.116552
------------------------------------------------------------------------------

Linear regression                               Number of obs     =      8,151
                                                F(1, 35)          =       0.27
                                                Prob > F          =     0.6080
                                                R-squared         =     0.0009
                                                Root MSE          =      1.815

                           (Std. Err. adjusted for 36 clusters in school_code)
------------------------------------------------------------------------------
             |               Robust
uni_12_after |      Coef.   Std. Err.      t    P>|t|     [95% Conf. Interval]
-------------+----------------------------------------------------------------
   treatment |   .1091529   .2108642     0.52   0.608    -.3189241    .5372299
       _cons |   .7158291   .1330539     5.38   0.000     .4457155    .9859428
------------------------------------------------------------------------------

Linear regression                               Number of obs     =      4,950
                                                F(1, 35)          =       0.05
                                                Prob > F          =     0.8224
                                                R-squared         =     0.0001
                                                Root MSE          =     1.8417

                           (Std. Err. adjusted for 36 clusters in school_code)
------------------------------------------------------------------------------
             |               Robust
uni_12_after |      Coef.   Std. Err.      t    P>|t|     [95% Conf. Interval]
-------------+----------------------------------------------------------------
   treatment |   .0348094   .1539116     0.23   0.822    -.2776478    .3472665
       _cons |   .7652663   .1135672     6.74   0.000     .5347127      .99582
------------------------------------------------------------------------------

Linear regression                               Number of obs     =      7,752
                                                F(1, 35)          =       0.82
                                                Prob > F          =     0.3717
                                                R-squared         =     0.0026
                                                Root MSE          =     1.7035

                           (Std. Err. adjusted for 36 clusters in school_code)
------------------------------------------------------------------------------
             |               Robust
uni_12_after |      Coef.   Std. Err.      t    P>|t|     [95% Conf. Interval]
-------------+----------------------------------------------------------------
   treatment |   .1729393    .191117     0.90   0.372     -.215049    .5609275
       _cons |    .589613   .1503272     3.92   0.000     .2844325    .8947935
------------------------------------------------------------------------------

Linear regression                               Number of obs     =      5,127
                                                F(11, 35)         =      25.11
                                                Prob > F          =     0.0000
                                                R-squared         =     0.1525
                                                Root MSE          =     1.7245

                           (Std. Err. adjusted for 36 clusters in school_code)
------------------------------------------------------------------------------
             |               Robust
uni_12_after |      Coef.   Std. Err.      t    P>|t|     [95% Conf. Interval]
-------------+----------------------------------------------------------------
   treatment |   .0242461   .1215859     0.20   0.843    -.2225865    .2710786
    att_lgcr |  -.1229395   .0200251    -6.14   0.000    -.1635927   -.0822864
    att_lgsc |   .0088679   .0023875     3.71   0.001      .004021    .0137149
    awr_lgcr |   .2384444   .0269802     8.84   0.000     .1836716    .2932172
  e_awr_lgcr |   .1438238   .0706642     2.04   0.049     .0003679    .2872797
      asiafr |  -.2446447   .0556391    -4.40   0.000     -.357598   -.1316913
         ole |   .6238599   .2864451     2.18   0.036     .0423454    1.205374
         boy |  -.0295217   .0777975    -0.38   0.707     -.187459    .1284156
      educav |   .0311852   .0113315     2.75   0.009     .0081811    .0541892
      educem |   .0151226   .0102504     1.48   0.149    -.0056868    .0359319
      m_ahim |  -.0469629   .0216864    -2.17   0.037    -.0909887   -.0029372
       _cons |  -.4801478   .1852318    -2.59   0.014    -.8561883   -.1041074
------------------------------------------------------------------------------

Linear regression                               Number of obs     =      8,151
                                                F(11, 35)         =      19.05
                                                Prob > F          =     0.0000
                                                R-squared         =     0.1728
                                                Root MSE          =     1.6526

                           (Std. Err. adjusted for 36 clusters in school_code)
------------------------------------------------------------------------------
             |               Robust
uni_12_after |      Coef.   Std. Err.      t    P>|t|     [95% Conf. Interval]
-------------+----------------------------------------------------------------
   treatment |   .0576472   .1457004     0.40   0.695    -.2381404    .3534348
    att_lgcr |  -.0998672   .0182322    -5.48   0.000    -.1368806   -.0628539
    att_lgsc |   .0076768   .0025502     3.01   0.005     .0024997    .0128539
    awr_lgcr |   .2511762   .0369527     6.80   0.000     .1761582    .3261941
  e_awr_lgcr |    .079232   .0788748     1.00   0.322    -.0808924    .2393565
      asiafr |   -.168144   .0721926    -2.33   0.026    -.3147027   -.0215853
         ole |   .7638585   .2994633     2.55   0.015     .1559156    1.371801
         boy |  -.0340372   .0991972    -0.34   0.734    -.2354183    .1673438
      educav |   .0197622   .0096057     2.06   0.047     .0002616    .0392628
      educem |   .0161907   .0124387     1.30   0.202    -.0090611    .0414426
      m_ahim |  -.0192857    .030923    -0.62   0.537    -.0820628    .0434914
       _cons |  -.5792075   .2646356    -2.19   0.035    -1.116446   -.0419687
------------------------------------------------------------------------------

Linear regression                               Number of obs     =      4,950
                                                F(11, 35)         =      26.58
                                                Prob > F          =     0.0000
                                                R-squared         =     0.1835
                                                Root MSE          =      1.666

                           (Std. Err. adjusted for 36 clusters in school_code)
------------------------------------------------------------------------------
             |               Robust
uni_12_after |      Coef.   Std. Err.      t    P>|t|     [95% Conf. Interval]
-------------+----------------------------------------------------------------
   treatment |   .2195626    .133149     1.65   0.108    -.0507442    .4898694
    att_lgcr |   -.107947   .0186964    -5.77   0.000    -.1459027   -.0699913
    att_lgsc |   .0044936   .0023045     1.95   0.059    -.0001848    .0091721
    awr_lgcr |   .2688823   .0255267    10.53   0.000     .2170603    .3207043
  e_awr_lgcr |   .1321112   .0748266     1.77   0.086    -.0197948    .2840173
      asiafr |  -.2222082   .0667998    -3.33   0.002     -.357819   -.0865974
         ole |    .084272   .3440083     0.24   0.808    -.6141021     .782646
         boy |  -.1000338   .0649459    -1.54   0.132    -.2318809    .0318134
      educav |    .044915   .0084735     5.30   0.000     .0277128    .0621171
      educem |   .0113303   .0055709     2.03   0.050     .0000208    .0226399
      m_ahim |  -.0271368   .0246073    -1.10   0.278    -.0770922    .0228186
       _cons |  -.6795738   .1541023    -4.41   0.000    -.9924181   -.3667295
------------------------------------------------------------------------------

Linear regression                               Number of obs     =      7,752
                                                F(11, 35)         =      26.22
                                                Prob > F          =     0.0000
                                                R-squared         =     0.1680
                                                Root MSE          =     1.5569

                           (Std. Err. adjusted for 36 clusters in school_code)
------------------------------------------------------------------------------
             |               Robust
uni_12_after |      Coef.   Std. Err.      t    P>|t|     [95% Conf. Interval]
-------------+----------------------------------------------------------------
   treatment |   .2543215   .1705838     1.49   0.145     -.091982    .6006251
    att_lgcr |  -.1111266    .017093    -6.50   0.000    -.1458273   -.0764259
    att_lgsc |   .0043068   .0023726     1.82   0.078    -.0005098    .0091235
    awr_lgcr |   .2508601   .0290429     8.64   0.000     .1918998    .3098204
  e_awr_lgcr |   .1196371   .0859942     1.39   0.173    -.0549404    .2942145
      asiafr |  -.2133385   .0666412    -3.20   0.003    -.3486274   -.0780497
         ole |   .0320868   .2872258     0.11   0.912    -.5510126    .6151862
         boy |  -.0574357   .0790591    -0.73   0.472    -.2179343    .1030628
      educav |   .0411337   .0087531     4.70   0.000      .023364    .0589034
      educem |   .0157705   .0085048     1.85   0.072    -.0014952    .0330362
      m_ahim |   .0012719   .0230197     0.06   0.956    -.0454605    .0480043
       _cons |  -.7744875   .2632482    -2.94   0.006     -1.30891   -.2400652
------------------------------------------------------------------------------

*********************************************************

COMPUTING SAMPLE MEAN AND STANDARD DEVIATIONS FOR T AND C

Outcome: col_12_after

Cohorts: 2000 and 2001

Sample: All Observations

*********************************************************


Linear regression                               Number of obs     =      5,127
                                                F(1, 35)          =       0.31
                                                Prob > F          =     0.5820
                                                R-squared         =     0.0003
                                                Root MSE          =     1.0991

                           (Std. Err. adjusted for 36 clusters in school_code)
------------------------------------------------------------------------------
             |               Robust
col_12_after |      Coef.   Std. Err.      t    P>|t|     [95% Conf. Interval]
-------------+----------------------------------------------------------------
   treatment |  -.0383499   .0690232    -0.56   0.582    -.1784743    .1017746
       _cons |   .4360561   .0548306     7.95   0.000      .324744    .5473682
------------------------------------------------------------------------------

Linear regression                               Number of obs     =      8,151
                                                F(1, 35)          =       0.03
                                                Prob > F          =     0.8598
                                                R-squared         =     0.0000
                                                Root MSE          =     1.0365

                           (Std. Err. adjusted for 36 clusters in school_code)
------------------------------------------------------------------------------
             |               Robust
col_12_after |      Coef.   Std. Err.      t    P>|t|     [95% Conf. Interval]
-------------+----------------------------------------------------------------
   treatment |   .0142102   .0798453     0.18   0.860    -.1478844    .1763047
       _cons |   .3650754   .0678305     5.38   0.000      .227372    .5027787
------------------------------------------------------------------------------

Linear regression                               Number of obs     =      4,950
                                                F(1, 35)          =       1.77
                                                Prob > F          =     0.1925
                                                R-squared         =     0.0027
                                                Root MSE          =     1.1819

                           (Std. Err. adjusted for 36 clusters in school_code)
------------------------------------------------------------------------------
             |               Robust
col_12_after |      Coef.   Std. Err.      t    P>|t|     [95% Conf. Interval]
-------------+----------------------------------------------------------------
   treatment |  -.1235047   .0929416    -1.33   0.192    -.3121862    .0651769
       _cons |   .5487224   .0814426     6.74   0.000     .3833851    .7140597
------------------------------------------------------------------------------

Linear regression                               Number of obs     =      7,752
                                                F(1, 35)          =       0.99
                                                Prob > F          =     0.3266
                                                R-squared         =     0.0010
                                                Root MSE          =     1.1481

                           (Std. Err. adjusted for 36 clusters in school_code)
------------------------------------------------------------------------------
             |               Robust
col_12_after |      Coef.   Std. Err.      t    P>|t|     [95% Conf. Interval]
-------------+----------------------------------------------------------------
   treatment |  -.0741463   .0745191    -0.99   0.327    -.2254281    .0771354
       _cons |   .4852342   .0591622     8.20   0.000     .3651286    .6053399
------------------------------------------------------------------------------

Linear regression                               Number of obs     =      5,127
                                                F(11, 35)         =      21.43
                                                Prob > F          =     0.0000
                                                R-squared         =     0.0272
                                                Root MSE          =     1.0853

                           (Std. Err. adjusted for 36 clusters in school_code)
------------------------------------------------------------------------------
             |               Robust
col_12_after |      Coef.   Std. Err.      t    P>|t|     [95% Conf. Interval]
-------------+----------------------------------------------------------------
   treatment |   .0063994   .0664629     0.10   0.924    -.1285274    .1413262
    att_lgcr |  -.0294506   .0107367    -2.74   0.010    -.0512472    -.007654
    att_lgsc |   .0038812   .0008921     4.35   0.000     .0020702    .0056922
    awr_lgcr |   .0445612   .0130585     3.41   0.002     .0180511    .0710713
  e_awr_lgcr |  -.0629861   .0240909    -2.61   0.013    -.1118932   -.0140789
      asiafr |  -.0275042   .0329719    -0.83   0.410    -.0944407    .0394323
         ole |  -.1635632   .0898673    -1.82   0.077    -.3460036    .0188772
         boy |   .0021593   .0367789     0.06   0.954    -.0725059    .0768244
      educav |   .0064193   .0057033     1.13   0.268     -.005159    .0179976
      educem |   .0116431   .0076925     1.51   0.139    -.0039735    .0272597
      m_ahim |  -.0149968   .0112479    -1.33   0.191    -.0378313    .0078376
       _cons |   -.009376   .1124637    -0.08   0.934    -.2376895    .2189375
------------------------------------------------------------------------------

Linear regression                               Number of obs     =      8,151
                                                F(11, 35)         =      11.56
                                                Prob > F          =     0.0000
                                                R-squared         =     0.0235
                                                Root MSE          =     1.0249

                           (Std. Err. adjusted for 36 clusters in school_code)
------------------------------------------------------------------------------
             |               Robust
col_12_after |      Coef.   Std. Err.      t    P>|t|     [95% Conf. Interval]
-------------+----------------------------------------------------------------
   treatment |   .0238899   .0745583     0.32   0.751    -.1274715    .1752513
    att_lgcr |   -.036324   .0091222    -3.98   0.000     -.054843    -.017805
    att_lgsc |   .0038917   .0010722     3.63   0.001     .0017151    .0060684
    awr_lgcr |   .0462427    .015816     2.92   0.006     .0141346    .0783508
  e_awr_lgcr |  -.0413602   .0268331    -1.54   0.132    -.0958342    .0131138
      asiafr |  -.0096919   .0306267    -0.32   0.754    -.0718675    .0524836
         ole |  -.1087915    .092134    -1.18   0.246    -.2958335    .0782504
         boy |  -.0123999   .0329687    -0.38   0.709      -.07933    .0545301
      educav |    .005284   .0053468     0.99   0.330    -.0055706    .0161385
      educem |   .0069395    .007066     0.98   0.333    -.0074052    .0212842
      m_ahim |    -.00572   .0131828    -0.43   0.667    -.0324825    .0210425
       _cons |   .0042962   .1227502     0.03   0.972       -.2449    .2534923
------------------------------------------------------------------------------

Linear regression                               Number of obs     =      4,950
                                                F(11, 35)         =      16.08
                                                Prob > F          =     0.0000
                                                R-squared         =     0.0361
                                                Root MSE          =     1.1631

                           (Std. Err. adjusted for 36 clusters in school_code)
------------------------------------------------------------------------------
             |               Robust
col_12_after |      Coef.   Std. Err.      t    P>|t|     [95% Conf. Interval]
-------------+----------------------------------------------------------------
   treatment |  -.0676237   .0901333    -0.75   0.458     -.250604    .1153566
    att_lgcr |  -.0368109   .0126235    -2.92   0.006    -.0624381   -.0111838
    att_lgsc |    .004569   .0012384     3.69   0.001      .002055     .007083
    awr_lgcr |   .0574514   .0141735     4.05   0.000     .0286776    .0862251
  e_awr_lgcr |  -.1271117   .0250733    -5.07   0.000    -.1780133   -.0762101
      asiafr |   .0410311   .0434578     0.94   0.352    -.0471929    .1292551
         ole |   .1033028   .2845786     0.36   0.719    -.4744225    .6810281
         boy |    .046669   .0473142     0.99   0.331    -.0493839    .1427218
      educav |   .0133202   .0054069     2.46   0.019     .0023437    .0242968
      educem |    .008306   .0067148     1.24   0.224    -.0053259    .0219378
      m_ahim |  -.0013475   .0099261    -0.14   0.893    -.0214987    .0188037
       _cons |   -.076716   .0807403    -0.95   0.349    -.2406275    .0871954
------------------------------------------------------------------------------

Linear regression                               Number of obs     =      7,752
                                                F(11, 35)         =      18.96
                                                Prob > F          =     0.0000
                                                R-squared         =     0.0376
                                                Root MSE          =     1.1276

                           (Std. Err. adjusted for 36 clusters in school_code)
------------------------------------------------------------------------------
             |               Robust
col_12_after |      Coef.   Std. Err.      t    P>|t|     [95% Conf. Interval]
-------------+----------------------------------------------------------------
   treatment |  -.0305124   .0777852    -0.39   0.697    -.1884248       .1274
    att_lgcr |  -.0518759   .0157826    -3.29   0.002    -.0839162   -.0198356
    att_lgsc |   .0038875   .0014822     2.62   0.013     .0008784    .0068966
    awr_lgcr |   .0714043   .0156493     4.56   0.000     .0396346    .1031741
  e_awr_lgcr |   -.132184   .0222879    -5.93   0.000    -.1774308   -.0869372
      asiafr |   .1090372   .0457894     2.38   0.023     .0160798    .2019946
         ole |   .2165372   .3979823     0.54   0.590    -.5914098    1.024484
         boy |   .0701199   .0382622     1.83   0.075    -.0075564    .1477962
      educav |   .0206729   .0074092     2.79   0.008     .0056313    .0357144
      educem |   -.000534   .0084409    -0.06   0.950    -.0176701     .016602
      m_ahim |  -.0092786   .0099459    -0.93   0.357    -.0294699    .0109126
       _cons |  -.0622352   .1047541    -0.59   0.556    -.2748975     .150427
------------------------------------------------------------------------------

*********************************************************

COMPUTING SAMPLE MEAN AND STANDARD DEVIATIONS FOR T AND C

Outcome: work_11_after

Cohorts: 2000 and 2001

Sample: All Observations

*********************************************************


Linear regression                               Number of obs     =      5,127
                                                F(1, 35)          =       2.29
                                                Prob > F          =     0.1388
                                                R-squared         =     0.0018
                                                Root MSE          =     .35373

                           (Std. Err. adjusted for 36 clusters in school_code)
------------------------------------------------------------------------------
             |               Robust
work_11_af~r |      Coef.   Std. Err.      t    P>|t|     [95% Conf. Interval]
-------------+----------------------------------------------------------------
   treatment |  -.0297442   .0196364    -1.51   0.139    -.0696082    .0101199
       _cons |   .8688119   .0102522    84.74   0.000     .8479988    .8896249
------------------------------------------------------------------------------

Linear regression                               Number of obs     =      8,151
                                                F(1, 35)          =       1.81
                                                Prob > F          =     0.1874
                                                R-squared         =     0.0015
                                                Root MSE          =     .35276

                           (Std. Err. adjusted for 36 clusters in school_code)
------------------------------------------------------------------------------
             |               Robust
work_11_af~r |      Coef.   Std. Err.      t    P>|t|     [95% Conf. Interval]
-------------+----------------------------------------------------------------
   treatment |  -.0272849   .0202918    -1.34   0.187    -.0684794    .0139096
       _cons |   .8680905   .0084073   103.25   0.000     .8510228    .8851581
------------------------------------------------------------------------------

Linear regression                               Number of obs     =      4,950
                                                F(1, 35)          =       1.76
                                                Prob > F          =     0.1937
                                                R-squared         =     0.0009
                                                Root MSE          =     .34647

                           (Std. Err. adjusted for 36 clusters in school_code)
------------------------------------------------------------------------------
             |               Robust
work_11_af~r |      Coef.   Std. Err.      t    P>|t|     [95% Conf. Interval]
-------------+----------------------------------------------------------------
   treatment |  -.0213705   .0161282    -1.33   0.194    -.0541126    .0113715
       _cons |    .871806   .0092509    94.24   0.000     .8530257    .8905863
------------------------------------------------------------------------------

Linear regression                               Number of obs     =      7,752
                                                F(1, 35)          =       2.33
                                                Prob > F          =     0.1358
                                                R-squared         =     0.0010
                                                Root MSE          =     .34789

                           (Std. Err. adjusted for 36 clusters in school_code)
------------------------------------------------------------------------------
             |               Robust
work_11_af~r |      Coef.   Std. Err.      t    P>|t|     [95% Conf. Interval]
-------------+----------------------------------------------------------------
   treatment |   -.022105   .0144781    -1.53   0.136    -.0514972    .0072872
       _cons |   .8699084   .0063274   137.48   0.000     .8570631    .8827536
------------------------------------------------------------------------------

Linear regression                               Number of obs     =      5,127
                                                F(11, 35)         =       3.30
                                                Prob > F          =     0.0035
                                                R-squared         =     0.0088
                                                Root MSE          =     .35282

                           (Std. Err. adjusted for 36 clusters in school_code)
------------------------------------------------------------------------------
             |               Robust
work_11_af~r |      Coef.   Std. Err.      t    P>|t|     [95% Conf. Interval]
-------------+----------------------------------------------------------------
   treatment |   -.024739   .0176185    -1.40   0.169    -.0605064    .0110283
    att_lgcr |   .0055185   .0037178     1.48   0.147     -.002029    .0130661
    att_lgsc |   .0007124   .0003149     2.26   0.030     .0000731    .0013518
    awr_lgcr |  -.0057391   .0042102    -1.36   0.182    -.0142864    .0028081
  e_awr_lgcr |   .0059469   .0057387     1.04   0.307    -.0057032    .0175971
      asiafr |   .0168266   .0110667     1.52   0.137    -.0056399    .0392932
         ole |  -.1010397   .0279278    -3.62   0.001    -.1577361   -.0443433
         boy |    .012599   .0225014     0.56   0.579    -.0330813    .0582793
      educav |   -.002648   .0014945    -1.77   0.085    -.0056821     .000386
      educem |   .0001246   .0017317     0.07   0.943    -.0033911    .0036402
      m_ahim |  -.0086077   .0050879    -1.69   0.100    -.0189367    .0017214
       _cons |   .8573871   .0383807    22.34   0.000     .7794701    .9353041
------------------------------------------------------------------------------

Linear regression                               Number of obs     =      8,151
                                                F(11, 35)         =       3.34
                                                Prob > F          =     0.0032
                                                R-squared         =     0.0090
                                                Root MSE          =     .35165

                           (Std. Err. adjusted for 36 clusters in school_code)
------------------------------------------------------------------------------
             |               Robust
work_11_af~r |      Coef.   Std. Err.      t    P>|t|     [95% Conf. Interval]
-------------+----------------------------------------------------------------
   treatment |  -.0209748   .0190479    -1.10   0.278    -.0596441    .0176945
    att_lgcr |     .00323   .0044882     0.72   0.477    -.0058815    .0123414
    att_lgsc |   .0006622   .0004101     1.61   0.115    -.0001703    .0014948
    awr_lgcr |  -.0006555   .0059698    -0.11   0.913    -.0127748    .0114639
  e_awr_lgcr |   .0060526   .0058013     1.04   0.304    -.0057247    .0178298
      asiafr |   .0201977   .0101417     1.99   0.054    -.0003911    .0407864
         ole |  -.0971387   .0326994    -2.97   0.005    -.1635219   -.0307554
         boy |   .0183491   .0230078     0.80   0.431    -.0283591    .0650574
      educav |  -.0022939   .0018542    -1.24   0.224    -.0060581    .0014703
      educem |  -.0000294   .0023296    -0.01   0.990    -.0047588       .0047
      m_ahim |  -.0073804   .0043939    -1.68   0.102    -.0163005    .0015397
       _cons |   .8389815   .0437942    19.16   0.000     .7500746    .9278885
------------------------------------------------------------------------------

Linear regression                               Number of obs     =      4,950
                                                F(11, 35)         =       1.32
                                                Prob > F          =     0.2548
                                                R-squared         =     0.0032
                                                Root MSE          =     .34644

                           (Std. Err. adjusted for 36 clusters in school_code)
------------------------------------------------------------------------------
             |               Robust
work_11_af~r |      Coef.   Std. Err.      t    P>|t|     [95% Conf. Interval]
-------------+----------------------------------------------------------------
   treatment |  -.0150235   .0146121    -1.03   0.311    -.0446876    .0146406
    att_lgcr |   .0048673   .0040653     1.20   0.239    -.0033856    .0131203
    att_lgsc |  -.0001408   .0002335    -0.60   0.550    -.0006149    .0003333
    awr_lgcr |  -.0018705   .0044401    -0.42   0.676    -.0108843    .0071433
  e_awr_lgcr |  -.0044057    .007671    -0.57   0.569    -.0199786    .0111672
      asiafr |   .0201606   .0118285     1.70   0.097    -.0038525    .0441736
         ole |   .0152741   .0473051     0.32   0.749    -.0807604    .1113087
         boy |   .0031519   .0160544     0.20   0.845    -.0294402     .035744
      educav |   .0009999   .0014717     0.68   0.501    -.0019879    .0039877
      educem |  -.0005648   .0015682    -0.36   0.721    -.0037484    .0026188
      m_ahim |  -.0045822   .0042181    -1.09   0.285    -.0131453    .0039809
       _cons |   .8600105   .0293087    29.34   0.000     .8005107    .9195103
------------------------------------------------------------------------------

Linear regression                               Number of obs     =      7,752
                                                F(11, 35)         =       1.75
                                                Prob > F          =     0.1027
                                                R-squared         =     0.0048
                                                Root MSE          =     .34745

                           (Std. Err. adjusted for 36 clusters in school_code)
------------------------------------------------------------------------------
             |               Robust
work_11_af~r |      Coef.   Std. Err.      t    P>|t|     [95% Conf. Interval]
-------------+----------------------------------------------------------------
   treatment |  -.0102635   .0144078    -0.71   0.481    -.0395128    .0189858
    att_lgcr |   .0031399   .0049672     0.63   0.531     -.006944    .0132239
    att_lgsc |  -.0004363   .0003588    -1.22   0.232    -.0011647    .0002921
    awr_lgcr |   .0007048   .0056713     0.12   0.902    -.0108086    .0122181
  e_awr_lgcr |   .0015072   .0074307     0.20   0.840    -.0135779    .0165923
      asiafr |   .0215952   .0119419     1.81   0.079    -.0026481    .0458386
         ole |   .0487089   .0416731     1.17   0.250     -.035892    .1333098
         boy |  -.0147803   .0252431    -0.59   0.562    -.0660264    .0364659
      educav |   .0000292   .0016538     0.02   0.986    -.0033281    .0033865
      educem |  -.0011406   .0014208    -0.80   0.428    -.0040249    .0017438
      m_ahim |  -.0076695   .0038996    -1.97   0.057    -.0155861    .0002471
       _cons |   .9021917   .0381782    23.63   0.000     .8246859    .9796975
------------------------------------------------------------------------------

*********************************************************

COMPUTING SAMPLE MEAN AND STANDARD DEVIATIONS FOR T AND C

Outcome: months_11_after

Cohorts: 2000 and 2001

Sample: All Observations

*********************************************************


Linear regression                               Number of obs     =      5,127
                                                F(1, 35)          =       3.60
                                                Prob > F          =     0.0659
                                                R-squared         =     0.0026
                                                Root MSE          =     4.4522

                           (Std. Err. adjusted for 36 clusters in school_code)
------------------------------------------------------------------------------
             |               Robust
months_11_~r |      Coef.   Std. Err.      t    P>|t|     [95% Conf. Interval]
-------------+----------------------------------------------------------------
   treatment |  -.4585783   .2415281    -1.90   0.066    -.9489065    .0317499
       _cons |    9.44637   .1206984    78.26   0.000     9.201339      9.6914
------------------------------------------------------------------------------

Linear regression                               Number of obs     =      8,151
                                                F(1, 35)          =       4.05
                                                Prob > F          =     0.0518
                                                R-squared         =     0.0033
                                                Root MSE          =     4.4203

                           (Std. Err. adjusted for 36 clusters in school_code)
------------------------------------------------------------------------------
             |               Robust
months_11_~r |      Coef.   Std. Err.      t    P>|t|     [95% Conf. Interval]
-------------+----------------------------------------------------------------
   treatment |  -.5071005    .251855    -2.01   0.052    -1.018393    .0041923
       _cons |    9.49799   .0842812   112.69   0.000      9.32689     9.66909
------------------------------------------------------------------------------

Linear regression                               Number of obs     =      4,950
                                                F(1, 35)          =       1.34
                                                Prob > F          =     0.2551
                                                R-squared         =     0.0008
                                                Root MSE          =     4.3978

                           (Std. Err. adjusted for 36 clusters in school_code)
------------------------------------------------------------------------------
             |               Robust
months_11_~r |      Coef.   Std. Err.      t    P>|t|     [95% Conf. Interval]
-------------+----------------------------------------------------------------
   treatment |  -.2558138   .2210753    -1.16   0.255    -.7046205     .192993
       _cons |    9.28194   .1529895    60.67   0.000     8.971355    9.592526
------------------------------------------------------------------------------

Linear regression                               Number of obs     =      7,752
                                                F(1, 35)          =       1.49
                                                Prob > F          =     0.2306
                                                R-squared         =     0.0007
                                                Root MSE          =     4.4159

                           (Std. Err. adjusted for 36 clusters in school_code)
------------------------------------------------------------------------------
             |               Robust
months_11_~r |      Coef.   Std. Err.      t    P>|t|     [95% Conf. Interval]
-------------+----------------------------------------------------------------
   treatment |  -.2359703   .1934023    -1.22   0.231    -.6285977    .1566572
       _cons |   9.237016    .101781    90.75   0.000      9.03039    9.443643
------------------------------------------------------------------------------

Linear regression                               Number of obs     =      5,127
                                                F(11, 35)         =       4.66
                                                Prob > F          =     0.0002
                                                R-squared         =     0.0125
                                                Root MSE          =     4.4345

                           (Std. Err. adjusted for 36 clusters in school_code)
------------------------------------------------------------------------------
             |               Robust
months_11_~r |      Coef.   Std. Err.      t    P>|t|     [95% Conf. Interval]
-------------+----------------------------------------------------------------
   treatment |  -.3883442   .2100085    -1.85   0.073    -.8146841    .0379958
    att_lgcr |   .0133159   .0449853     0.30   0.769    -.0780092    .1046409
    att_lgsc |   .0067797   .0037585     1.80   0.080    -.0008505    .0144098
    awr_lgcr |    .019599   .0474332     0.41   0.682    -.0766956    .1158936
  e_awr_lgcr |  -.0142498   .0829916    -0.17   0.865    -.1827316     .154232
      asiafr |   .1682525   .1381831     1.22   0.232    -.1122741    .4487791
         ole |  -1.225687   .3734328    -3.28   0.002    -1.983795   -.4675779
         boy |   .4475525   .2880827     1.55   0.129    -.1372865    1.032391
      educav |  -.0308913   .0170266    -1.81   0.078    -.0654571    .0036745
      educem |  -.0031295   .0214913    -0.15   0.885    -.0467591    .0405001
      m_ahim |  -.1356469   .0581759    -2.33   0.026    -.2537503   -.0175435
       _cons |   9.322856   .5031026    18.53   0.000     8.301503    10.34421
------------------------------------------------------------------------------

Linear regression                               Number of obs     =      8,151
                                                F(11, 35)         =       5.77
                                                Prob > F          =     0.0000
                                                R-squared         =     0.0158
                                                Root MSE          =     4.3951

                           (Std. Err. adjusted for 36 clusters in school_code)
------------------------------------------------------------------------------
             |               Robust
months_11_~r |      Coef.   Std. Err.      t    P>|t|     [95% Conf. Interval]
-------------+----------------------------------------------------------------
   treatment |  -.4054678   .2275414    -1.78   0.083    -.8674014    .0564659
    att_lgcr |  -.0668191    .084875    -0.79   0.436    -.2391245    .1054863
    att_lgsc |   .0072667   .0047508     1.53   0.135    -.0023779    .0169113
    awr_lgcr |   .0995587   .0794449     1.25   0.218    -.0617229    .2608403
  e_awr_lgcr |   .0127621   .0752913     0.17   0.866    -.1400874    .1656116
      asiafr |   .3436101   .1352745     2.54   0.016     .0689883    .6182319
         ole |  -1.257196   .4335722    -2.90   0.006    -2.137394   -.3769971
         boy |   .5702334    .278484     2.05   0.048     .0048808    1.135586
      educav |  -.0257271   .0241039    -1.07   0.293    -.0746607    .0232064
      educem |  -.0007149   .0295813    -0.02   0.981    -.0607682    .0593383
      m_ahim |  -.1235007   .0548123    -2.25   0.031    -.2347755   -.0122258
       _cons |   9.161856   .5736582    15.97   0.000     7.997267    10.32644
------------------------------------------------------------------------------

Linear regression                               Number of obs     =      4,950
                                                F(11, 35)         =       1.89
                                                Prob > F          =     0.0759
                                                R-squared         =     0.0076
                                                Root MSE          =     4.3873

                           (Std. Err. adjusted for 36 clusters in school_code)
------------------------------------------------------------------------------
             |               Robust
months_11_~r |      Coef.   Std. Err.      t    P>|t|     [95% Conf. Interval]
-------------+----------------------------------------------------------------
   treatment |  -.1264283   .2040557    -0.62   0.540    -.5406835    .2878269
    att_lgcr |   .0749974    .045114     1.66   0.105    -.0165889    .1665838
    att_lgsc |   .0031053   .0033043     0.94   0.354    -.0036028    .0098134
    awr_lgcr |  -.0168752   .0499203    -0.34   0.737    -.1182189    .0844684
  e_awr_lgcr |  -.1988488   .1173577    -1.69   0.099    -.4370975       .0394
      asiafr |   .3235695    .151173     2.14   0.039      .016672     .630467
         ole |   .4239019   .5079094     0.83   0.410     -.607209    1.455013
         boy |   .3109012   .2133552     1.46   0.154    -.1222328    .7440353
      educav |  -.0067952   .0209236    -0.32   0.747    -.0492725     .035682
      educem |    .020122   .0210389     0.96   0.345    -.0225892    .0628332
      m_ahim |  -.0677093   .0483012    -1.40   0.170     -.165766    .0303474
       _cons |   8.492246   .3785149    22.44   0.000      7.72382    9.260672
------------------------------------------------------------------------------

Linear regression                               Number of obs     =      7,752
                                                F(11, 35)         =       2.59
                                                Prob > F          =     0.0159
                                                R-squared         =     0.0070
                                                Root MSE          =     4.4047

                           (Std. Err. adjusted for 36 clusters in school_code)
------------------------------------------------------------------------------
             |               Robust
months_11_~r |      Coef.   Std. Err.      t    P>|t|     [95% Conf. Interval]
-------------+----------------------------------------------------------------
   treatment |  -.1021147   .1970448    -0.52   0.608     -.502137    .2979075
    att_lgcr |   .0405155   .0620903     0.65   0.518    -.0855344    .1665655
    att_lgsc |  -.0005659   .0045416    -0.12   0.902    -.0097858     .008654
    awr_lgcr |    .016068   .0728321     0.22   0.827    -.1317889     .163925
  e_awr_lgcr |  -.0574868   .1376728    -0.42   0.679    -.3369774    .2220039
      asiafr |   .3837662   .1521207     2.52   0.016     .0749448    .6925875
         ole |   .6509949   .5724776     1.14   0.263    -.5111965    1.813186
         boy |   .2845183   .2507113     1.13   0.264    -.2244528    .7934893
      educav |  -.0201311    .024335    -0.83   0.414    -.0695337    .0292716
      educem |   .0264563   .0257427     1.03   0.311    -.0258042    .0787168
      m_ahim |  -.0878696   .0492981    -1.78   0.083      -.18795    .0122107
       _cons |    8.80089   .4424579    19.89   0.000     7.902653    9.699128
------------------------------------------------------------------------------

*********************************************************

COMPUTING SAMPLE MEAN AND STANDARD DEVIATIONS FOR T AND C

Outcome: wage_11_after

Cohorts: 2000 and 2001

Sample: All Observations

*********************************************************


Linear regression                               Number of obs     =      5,127
                                                F(1, 35)          =       3.22
                                                Prob > F          =     0.0813
                                                R-squared         =     0.0028
                                                Root MSE          =      55434

                           (Std. Err. adjusted for 36 clusters in school_code)
------------------------------------------------------------------------------
             |               Robust
wage_11_af~r |      Coef.   Std. Err.      t    P>|t|     [95% Conf. Interval]
-------------+----------------------------------------------------------------
   treatment |  -5878.073    3275.29    -1.79   0.081    -12527.27    771.1203
       _cons |   68868.74   1698.819    40.54   0.000     65419.95    72317.52
------------------------------------------------------------------------------

Linear regression                               Number of obs     =      8,151
                                                F(1, 35)          =       3.03
                                                Prob > F          =     0.0907
                                                R-squared         =     0.0027
                                                Root MSE          =      54534

                           (Std. Err. adjusted for 36 clusters in school_code)
------------------------------------------------------------------------------
             |               Robust
wage_11_af~r |      Coef.   Std. Err.      t    P>|t|     [95% Conf. Interval]
-------------+----------------------------------------------------------------
   treatment |  -5681.374    3265.96    -1.74   0.091    -12311.63     948.877
       _cons |   67682.35   1523.244    44.43   0.000        64590     70774.7
------------------------------------------------------------------------------

Linear regression                               Number of obs     =      4,950
                                                F(1, 35)          =       1.99
                                                Prob > F          =     0.1675
                                                R-squared         =     0.0014
                                                Root MSE          =      55210

                           (Std. Err. adjusted for 36 clusters in school_code)
------------------------------------------------------------------------------
             |               Robust
wage_11_af~r |      Coef.   Std. Err.      t    P>|t|     [95% Conf. Interval]
-------------+----------------------------------------------------------------
   treatment |   -4154.85   2947.422    -1.41   0.167    -10138.43    1828.734
       _cons |   67605.87   1987.731    34.01   0.000     63570.56    71641.18
------------------------------------------------------------------------------

Linear regression                               Number of obs     =      7,752
                                                F(1, 35)          =       0.32
                                                Prob > F          =     0.5770
                                                R-squared         =     0.0003
                                                Root MSE          =      55028

                           (Std. Err. adjusted for 36 clusters in school_code)
------------------------------------------------------------------------------
             |               Robust
wage_11_af~r |      Coef.   Std. Err.      t    P>|t|     [95% Conf. Interval]
-------------+----------------------------------------------------------------
   treatment |  -1843.844   3274.602    -0.56   0.577     -8491.64    4803.951
       _cons |   65366.48   1750.983    37.33   0.000      61811.8    68921.16
------------------------------------------------------------------------------

Linear regression                               Number of obs     =      5,127
                                                F(11, 35)         =      51.59
                                                Prob > F          =     0.0000
                                                R-squared         =     0.0774
                                                Root MSE          =      53372

                           (Std. Err. adjusted for 36 clusters in school_code)
------------------------------------------------------------------------------
             |               Robust
wage_11_af~r |      Coef.   Std. Err.      t    P>|t|     [95% Conf. Interval]
-------------+----------------------------------------------------------------
   treatment |  -4203.851   2467.198    -1.70   0.097    -9212.529    804.8259
    att_lgcr |    -565.21   591.9186    -0.95   0.346    -1766.869    636.4486
    att_lgsc |   166.1166   38.37433     4.33   0.000     88.21258    244.0206
    awr_lgcr |    3014.48   593.2307     5.08   0.000     1810.157    4218.802
  e_awr_lgcr |  -879.4958   1220.929    -0.72   0.476    -3358.114    1599.123
      asiafr |  -701.9197   1833.436    -0.38   0.704    -4423.993    3020.153
         ole |  -7743.211   5555.087    -1.39   0.172    -19020.64    3534.216
         boy |   21109.82   2407.248     8.77   0.000     16222.85    25996.79
      educav |   127.6665   255.7506     0.50   0.621    -391.5349    646.8679
      educem |  -109.7679   262.2653    -0.42   0.678    -642.1947    422.6589
      m_ahim |  -1733.687   551.8551    -3.14   0.003    -2854.012   -613.3618
       _cons |   42260.18   4259.001     9.92   0.000     33613.95    50906.41
------------------------------------------------------------------------------

Linear regression                               Number of obs     =      8,151
                                                F(11, 35)         =      49.19
                                                Prob > F          =     0.0000
                                                R-squared         =     0.0845
                                                Root MSE          =      52283

                           (Std. Err. adjusted for 36 clusters in school_code)
------------------------------------------------------------------------------
             |               Robust
wage_11_af~r |      Coef.   Std. Err.      t    P>|t|     [95% Conf. Interval]
-------------+----------------------------------------------------------------
   treatment |   -5943.75   2325.242    -2.56   0.015    -10664.24   -1223.257
    att_lgcr |  -1166.684   908.2612    -1.28   0.207    -3010.552    677.1845
    att_lgsc |   172.6575   53.35595     3.24   0.003     64.33916    280.9758
    awr_lgcr |   3423.235   862.7875     3.97   0.000     1671.683    5174.786
  e_awr_lgcr |  -97.36586   1390.828    -0.07   0.945    -2920.897    2726.165
      asiafr |   2708.974   1795.389     1.51   0.140    -935.8597    6353.807
         ole |  -6694.918   5829.096    -1.15   0.259    -18528.61    5138.775
         boy |   22185.84    2535.98     8.75   0.000     17037.53    27334.15
      educav |   84.09125   302.3578     0.28   0.783    -529.7278    697.9103
      educem |  -145.3575   386.9127    -0.38   0.709    -930.8321    640.1171
      m_ahim |  -2061.105   481.6904    -4.28   0.000    -3038.989   -1083.222
       _cons |   43282.05   5180.077     8.36   0.000     32765.93    53798.16
------------------------------------------------------------------------------

Linear regression                               Number of obs     =      4,950
                                                F(11, 35)         =      23.54
                                                Prob > F          =     0.0000
                                                R-squared         =     0.0710
                                                Root MSE          =      53305

                           (Std. Err. adjusted for 36 clusters in school_code)
------------------------------------------------------------------------------
             |               Robust
wage_11_af~r |      Coef.   Std. Err.      t    P>|t|     [95% Conf. Interval]
-------------+----------------------------------------------------------------
   treatment |  -1212.661   2565.346    -0.47   0.639     -6420.59    3995.268
    att_lgcr |  -400.4835   637.4665    -0.63   0.534    -1694.609    893.6423
    att_lgsc |   122.5044   46.10715     2.66   0.012     28.90191    216.1069
    awr_lgcr |   2578.366   840.7092     3.07   0.004      871.636    4285.097
  e_awr_lgcr |  -741.9247   1490.706    -0.50   0.622    -3768.219    2284.369
      asiafr |   3126.263   1428.565     2.19   0.035      226.122    6026.403
         ole |   11125.54   9764.118     1.14   0.262    -8696.679    30947.75
         boy |    19917.6   1946.124    10.23   0.000     15966.76    23868.44
      educav |   527.7678   241.3999     2.19   0.036     37.69999    1017.836
      educem |   483.8067    267.029     1.81   0.079    -58.29101    1025.904
      m_ahim |   -858.935   494.0183    -1.74   0.091    -1861.845    143.9755
       _cons |   29399.54   3246.514     9.06   0.000     22808.76    35990.31
------------------------------------------------------------------------------

Linear regression                               Number of obs     =      7,752
                                                F(11, 35)         =      37.10
                                                Prob > F          =     0.0000
                                                R-squared         =     0.0743
                                                Root MSE          =      52985

                           (Std. Err. adjusted for 36 clusters in school_code)
------------------------------------------------------------------------------
             |               Robust
wage_11_af~r |      Coef.   Std. Err.      t    P>|t|     [95% Conf. Interval]
-------------+----------------------------------------------------------------
   treatment |  -1025.881   2390.098    -0.43   0.670    -5878.039    3826.276
    att_lgcr |  -633.3491   835.3934    -0.76   0.453    -2329.288     1062.59
    att_lgsc |   143.5336   59.45301     2.41   0.021     22.83755    264.2296
    awr_lgcr |    2325.35   1303.465     1.78   0.083    -320.8251    4971.525
  e_awr_lgcr |   1409.763   2300.418     0.61   0.544    -3260.335    6079.861
      asiafr |    4108.94   1939.163     2.12   0.041     172.2291    8045.651
         ole |   10688.57   10765.43     0.99   0.328    -11166.42    32543.57
         boy |   21608.47   2275.255     9.50   0.000     16989.45    26227.48
      educav |   540.9082   361.3837     1.50   0.143    -192.7398    1274.556
      educem |   568.7668   332.5913     1.71   0.096    -106.4294    1243.963
      m_ahim |  -875.0791   675.3553    -1.30   0.204    -2246.123    495.9649
       _cons |      26933   4878.948     5.52   0.000     17028.21    36837.79
------------------------------------------------------------------------------

*********************************************************

COMPUTING SAMPLE MEAN AND STANDARD DEVIATIONS FOR T AND C

Outcome: pctle_11_after

Cohorts: 2000 and 2001

Sample: All Observations

*********************************************************


Linear regression                               Number of obs     =      5,127
                                                F(1, 35)          =       3.98
                                                Prob > F          =     0.0540
                                                R-squared         =     0.0036
                                                Root MSE          =     30.092

                           (Std. Err. adjusted for 36 clusters in school_code)
------------------------------------------------------------------------------
             |               Robust
pctle_11_a~r |      Coef.   Std. Err.      t    P>|t|     [95% Conf. Interval]
-------------+----------------------------------------------------------------
   treatment |  -3.598085   1.804389    -1.99   0.054    -7.261189    .0650183
       _cons |     52.375    .827561    63.29   0.000     50.69496    54.05504
------------------------------------------------------------------------------

Linear regression                               Number of obs     =      8,151
                                                F(1, 35)          =       2.71
                                                Prob > F          =     0.1088
                                                R-squared         =     0.0026
                                                Root MSE          =     29.885

                           (Std. Err. adjusted for 36 clusters in school_code)
------------------------------------------------------------------------------
             |               Robust
pctle_11_a~r |      Coef.   Std. Err.      t    P>|t|     [95% Conf. Interval]
-------------+----------------------------------------------------------------
   treatment |  -3.032553   1.842825    -1.65   0.109    -6.773686    .7085798
       _cons |   51.52764    .785767    65.58   0.000     49.93245    53.12283
------------------------------------------------------------------------------

Linear regression                               Number of obs     =      4,950
                                                F(1, 35)          =       1.58
                                                Prob > F          =     0.2169
                                                R-squared         =     0.0011
                                                Root MSE          =     29.936

                           (Std. Err. adjusted for 36 clusters in school_code)
------------------------------------------------------------------------------
             |               Robust
pctle_11_a~r |      Coef.   Std. Err.      t    P>|t|     [95% Conf. Interval]
-------------+----------------------------------------------------------------
   treatment |  -2.023148   1.608881    -1.26   0.217    -5.289349    1.243053
       _cons |   51.79558   1.066856    48.55   0.000     49.62975    53.96141
------------------------------------------------------------------------------

Linear regression                               Number of obs     =      7,752
                                                F(1, 35)          =       0.54
                                                Prob > F          =     0.4674
                                                R-squared         =     0.0004
                                                Root MSE          =     29.853

                           (Std. Err. adjusted for 36 clusters in school_code)
------------------------------------------------------------------------------
             |               Robust
pctle_11_a~r |      Coef.   Std. Err.      t    P>|t|     [95% Conf. Interval]
-------------+----------------------------------------------------------------
   treatment |  -1.205188    1.64038    -0.73   0.467    -4.535337    2.124962
       _cons |   50.78233   .8149015    62.32   0.000     49.12799    52.43667
------------------------------------------------------------------------------

Linear regression                               Number of obs     =      5,127
                                                F(11, 35)         =      29.19
                                                Prob > F          =     0.0000
                                                R-squared         =     0.0568
                                                Root MSE          =     29.305

                           (Std. Err. adjusted for 36 clusters in school_code)
------------------------------------------------------------------------------
             |               Robust
pctle_11_a~r |      Coef.   Std. Err.      t    P>|t|     [95% Conf. Interval]
-------------+----------------------------------------------------------------
   treatment |  -2.711615    1.45693    -1.86   0.071     -5.66934    .2461107
    att_lgcr |  -.2394011   .3437077    -0.70   0.491    -.9371648    .4583625
    att_lgsc |   .0919525   .0218086     4.22   0.000     .0476786    .1362263
    awr_lgcr |   1.231666   .3547631     3.47   0.001     .5114588    1.951874
  e_awr_lgcr |  -.6271097   .5474583    -1.15   0.260    -1.738509    .4842897
      asiafr |   .4136971   1.045715     0.40   0.695    -1.709218    2.536612
         ole |   -5.17796   3.306774    -1.57   0.126    -11.89107    1.535147
         boy |   9.844332   1.611331     6.11   0.000     6.573157    13.11551
      educav |  -.1491131   .1391166    -1.07   0.291    -.4315349    .1333086
      educem |   .0401522   .1427946     0.28   0.780    -.2497363    .3300407
      m_ahim |  -.9812214   .3499709    -2.80   0.008      -1.6917   -.2707427
       _cons |   41.17961   2.674995    15.39   0.000     35.74908    46.61014
------------------------------------------------------------------------------

Linear regression                               Number of obs     =      8,151
                                                F(11, 35)         =      21.85
                                                Prob > F          =     0.0000
                                                R-squared         =     0.0651
                                                Root MSE          =      28.95

                           (Std. Err. adjusted for 36 clusters in school_code)
------------------------------------------------------------------------------
             |               Robust
pctle_11_a~r |      Coef.   Std. Err.      t    P>|t|     [95% Conf. Interval]
-------------+----------------------------------------------------------------
   treatment |  -2.932542   1.486325    -1.97   0.056    -5.949943    .0848587
    att_lgcr |  -.6375453   .5071827    -1.26   0.217    -1.667181    .3920904
    att_lgsc |   .0984586   .0319837     3.08   0.004     .0335282     .163389
    awr_lgcr |   1.588943   .5090389     3.12   0.004     .5555392    2.622347
  e_awr_lgcr |  -.3572769   .5966561    -0.60   0.553    -1.568553    .8539994
      asiafr |   1.964187   1.022707     1.92   0.063    -.1120185    4.040392
         ole |   -4.71265   3.360216    -1.40   0.170    -11.53425    2.108951
         boy |   10.85063   1.495954     7.25   0.000     7.813683    13.88758
      educav |  -.1226372   .1726901    -0.71   0.482    -.4732167    .2279423
      educem |    .006916   .2160485     0.03   0.975    -.4316858    .4455178
      m_ahim |   -1.03705   .2838714    -3.65   0.001    -1.613339   -.4607599
       _cons |   40.14789   3.447086    11.65   0.000     33.14993    47.14585
------------------------------------------------------------------------------

Linear regression                               Number of obs     =      4,950
                                                F(11, 35)         =      12.64
                                                Prob > F          =     0.0000
                                                R-squared         =     0.0453
                                                Root MSE          =     29.297

                           (Std. Err. adjusted for 36 clusters in school_code)
------------------------------------------------------------------------------
             |               Robust
pctle_11_a~r |      Coef.   Std. Err.      t    P>|t|     [95% Conf. Interval]
-------------+----------------------------------------------------------------
   treatment |  -.5784701   1.400217    -0.41   0.682    -3.421061    2.264121
    att_lgcr |   .0832105   .3365543     0.25   0.806     -.600031     .766452
    att_lgsc |   .0647512   .0255797     2.53   0.016     .0128217    .1166808
    awr_lgcr |   .8372579   .4193603     2.00   0.054    -.0140888    1.688605
  e_awr_lgcr |  -1.154385   .6717282    -1.72   0.095    -2.518066    .2092953
      asiafr |    2.88149   .8025812     3.59   0.001     1.252163    4.510816
         ole |   5.295649   4.688471     1.13   0.266    -4.222453    14.81375
         boy |   8.489886   1.249988     6.79   0.000     5.952275     11.0275
      educav |    .160176   .1335983     1.20   0.239     -.111043     .431395
      educem |   .2484793   .1370309     1.81   0.078    -.0297083    .5266669
      m_ahim |  -.4500621   .2954852    -1.52   0.137    -1.049929    .1498048
       _cons |   34.56096   1.994576    17.33   0.000     30.51175    38.61016
------------------------------------------------------------------------------

Linear regression                               Number of obs     =      7,752
                                                F(11, 35)         =      19.74
                                                Prob > F          =     0.0000
                                                R-squared         =     0.0460
                                                Root MSE          =     29.182

                           (Std. Err. adjusted for 36 clusters in school_code)
------------------------------------------------------------------------------
             |               Robust
pctle_11_a~r |      Coef.   Std. Err.      t    P>|t|     [95% Conf. Interval]
-------------+----------------------------------------------------------------
   treatment |   -.493026   1.370156    -0.36   0.721    -3.274591    2.288539
    att_lgcr |   -.102064   .4418595    -0.23   0.819    -.9990865    .7949585
    att_lgsc |   .0651481   .0259433     2.51   0.017     .0124804    .1178158
    awr_lgcr |   .8132644   .6505107     1.25   0.220    -.5073425    2.133871
  e_awr_lgcr |  -.3222795   .7687854    -0.42   0.678    -1.882997    1.238438
      asiafr |   3.975634   1.251446     3.18   0.003     1.435064    6.516205
         ole |   6.030912   5.561589     1.08   0.286    -5.259713    17.32154
         boy |   8.887843   1.327146     6.70   0.000     6.193593    11.58209
      educav |   .1103464   .1767457     0.62   0.536    -.2484665    .4691594
      educem |   .3266572   .1805394     1.81   0.079    -.0398572    .6931716
      m_ahim |   -.504567   .3223911    -1.57   0.127    -1.159056    .1499217
       _cons |   34.17243    2.31397    14.77   0.000     29.47482    38.87004
------------------------------------------------------------------------------
