---------------------------------------------------------------------------------------------------------------
      name:  <unnamed>
       log:  C:\Users\peleg\OneDrive\Documents\Victor\Other\Teacher Bonuses\For publication\Reproduction\logs\\
> table t1.log
  log type:  text
 opened on:  19 Oct 2019, 11:07:21

. 
. ***summary statistics
. 
. *~~~~~~~NE SAMPLE~~~~~~~
. *(sample is selected for each line using the "if" command)
. 
. 
. di "this is the NE sample" 
this is the NE sample

. 
.         bysort treatment:  sum A_12_afterSchool   B_12_afterSchool   uni_12_afterSchool col_12_afterSchool wo
> rk_11_afterSchoola months_11_afterSchoola sum_wage_11_afterSchoola avt_11_afterSchool avt_tot_11_afterSchool 
> [fweight = hoodWeight] if after == 0 & q4==1 & NE==1 

---------------------------------------------------------------------------------------------------------------
-> treatment = 0

    Variable |        Obs        Mean    Std. Dev.       Min        Max
-------------+---------------------------------------------------------
A_12_after~l |      3,980    .1907035    .3929052          0          1
B_12_after~l |      3,980    .1432161    .3503371          0          1
uni_12_aft~l |      3,980    .7158291    1.747838          0         13
col_12_aft~l |      3,980    .3650754    1.021329          0          8
work_11_af~a |      3,980    .8680905    .3384349          0          1
-------------+---------------------------------------------------------
months_11_~a |      3,980     9.49799    4.251605          0         12
s~1_afterS~a |      3,980    67682.35    55371.25          0   374266.3
avt_11_aft~l |      3,980    .0733668    .2607704          0          1
avt_tot_11~l |      3,980    754.3319    3259.073          0      36872

---------------------------------------------------------------------------------------------------------------
-> treatment = 1

    Variable |        Obs        Mean    Std. Dev.       Min        Max
-------------+---------------------------------------------------------
A_12_after~l |      4,171    .2162551    .4117396          0          1
B_12_after~l |      4,171    .1445696    .3517086          0          1
uni_12_aft~l |      4,171     .824982    1.876923          0         11
col_12_aft~l |      4,171    .3792855    1.050747          0          7
work_11_af~a |      4,171    .8408056    .3659012          0          1
-------------+---------------------------------------------------------
months_11_~a |      4,171    8.990889    4.575549          0         12
s~1_afterS~a |      4,171    62000.98    53723.78          0   370303.6
avt_11_aft~l |      4,171    .0683289    .2523398          0          1
avt_tot_11~l |      4,171    693.0585     3075.97          0      25622


.         bysort treatment:  sum   married kids yeladim age_at_first_birth_years age_at_marriage_years [fweight
>  = hoodWeight] if after == 0 & q4==1 & NE==1

---------------------------------------------------------------------------------------------------------------
-> treatment = 0

    Variable |        Obs        Mean    Std. Dev.       Min        Max
-------------+---------------------------------------------------------
     married |      3,980    .5371859    .4986779          0          1
        kids |      3,980    .4542714    .4979671          0          1
     yeladim |      3,980    .7917085    1.057332          0          6
age_at_fir~s |      1,808    25.46681    2.650872         17         30
age_at_mar~s |      2,254    24.59095    2.532948         17         30

---------------------------------------------------------------------------------------------------------------
-> treatment = 1

    Variable |        Obs        Mean    Std. Dev.       Min        Max
-------------+---------------------------------------------------------
     married |      4,171     .553824    .4971541          0          1
        kids |      4,171    .4512107    .4976736          0          1
     yeladim |      4,171    .8357708    1.109422          0          8
age_at_fir~s |      1,882    25.30181    2.744534         17         31
age_at_mar~s |      2,434    24.33813    2.965116         16         31


.         bysort treatment:  sum   av_avwage00_02 em_avwage00_02 [fweight = hoodWeight] if after == 0 & q4==1 &
>  NE==1

---------------------------------------------------------------------------------------------------------------
-> treatment = 0

    Variable |        Obs        Mean    Std. Dev.       Min        Max
-------------+---------------------------------------------------------
av_avwage~02 |      3,634    96211.81    115543.1          0    1346960
em_avwage~02 |      3,862    45484.15     55753.1          0    1125401

---------------------------------------------------------------------------------------------------------------
-> treatment = 1

    Variable |        Obs        Mean    Std. Dev.       Min        Max
-------------+---------------------------------------------------------
av_avwage~02 |      3,877    102212.4    122669.4          0    1135886
em_avwage~02 |      4,080    47714.76    76499.18          0    1264779


. 
. **this counts unweighted observations
. 
. di "count # of observations"
count # of observations

.         bysort treatment: sum A_12_afterSchool   B_12_afterSchool   uni_12_afterSchool col_12_afterSchool wor
> k_11_afterSchoola months_11_afterSchoola sum_wage_11_afterSchoola avt_11_afterSchool avt_tot_11_afterSchool  
> if after == 0 & q4==1 & NE==1 

---------------------------------------------------------------------------------------------------------------
-> treatment = 0

    Variable |        Obs        Mean    Std. Dev.       Min        Max
-------------+---------------------------------------------------------
A_12_after~l |      2,424    .2215347    .4153652          0          1
B_12_after~l |      2,424    .1666667    .3727549          0          1
uni_12_aft~l |      2,424    .8642739    1.916364          0         13
col_12_aft~l |      2,424    .4360561    1.126005          0          8
work_11_af~a |      2,424    .8688119    .3376756          0          1
-------------+---------------------------------------------------------
months_11_~a |      2,424     9.44637    4.274961          0         12
s~1_afterS~a |      2,424    68868.74    55664.42          0   374266.3
avt_11_aft~l |      2,424    .0697195    .2547262          0          1
avt_tot_11~l |      2,424      776.67    3427.308          0      36872

---------------------------------------------------------------------------------------------------------------
-> treatment = 1

    Variable |        Obs        Mean    Std. Dev.       Min        Max
-------------+---------------------------------------------------------
A_12_after~l |      2,703    .1986681    .3990715          0          1
B_12_after~l |      2,703    .1494636    .3566108          0          1
uni_12_aft~l |      2,703    .7591565    1.828734          0         11
col_12_aft~l |      2,703    .3977063    1.074478          0          7
work_11_af~a |      2,703    .8390677    .3675365          0          1
-------------+---------------------------------------------------------
months_11_~a |      2,703    8.987791    4.605318          0         12
s~1_afterS~a |      2,703    62990.67    55226.12          0   370303.6
avt_11_aft~l |      2,703    .0680725    .2519169          0          1
avt_tot_11~l |      2,703    704.7236    3119.154          0      25622


.         bysort treatment: sum   married kids yeladim age_at_first_birth_years age_at_marriage_years  if after
>  == 1 & q4==1 & NE==1

---------------------------------------------------------------------------------------------------------------
-> treatment = 0

    Variable |        Obs        Mean    Std. Dev.       Min        Max
-------------+---------------------------------------------------------
     married |      2,309    .4330879    .4956099          0          1
        kids |      2,309    .3131226    .4638642          0          1
     yeladim |      2,309    .5227371    .9044604          0          5
age_at_fir~s |        723    25.17566     2.26337         18         30
age_at_mar~s |      1,053    24.49193    2.381643         17         30

---------------------------------------------------------------------------------------------------------------
-> treatment = 1

    Variable |        Obs        Mean    Std. Dev.       Min        Max
-------------+---------------------------------------------------------
     married |      2,641    .4562666     .498178          0          1
        kids |      2,641    .3351003    .4721149          0          1
     yeladim |      2,641    .5649375    .9238246          0          6
age_at_fir~s |        885     24.8339    2.565562         18         32
age_at_mar~s |      1,257    24.06921     2.70335         17         30


.         bysort treatment: sum   av_avwage00_02 em_avwage00_02  if after == 0 & q4==1 & NE==1

---------------------------------------------------------------------------------------------------------------
-> treatment = 0

    Variable |        Obs        Mean    Std. Dev.       Min        Max
-------------+---------------------------------------------------------
av_avwage~02 |      2,217    110799.6    134761.6          0    1346960
em_avwage~02 |      2,348    51316.29    62488.92          0    1125401

---------------------------------------------------------------------------------------------------------------
-> treatment = 1

    Variable |        Obs        Mean    Std. Dev.       Min        Max
-------------+---------------------------------------------------------
av_avwage~02 |      2,506    95684.32    112476.6          0    1135886
em_avwage~02 |      2,636    44707.36    63356.66          0    1264779


.         
. *~~~~~~~RD SAMPLE~~~~~~~
. di "this is the RD sample" 
this is the RD sample

.         bysort treatment:  sum A_12_afterSchool   B_12_afterSchool   uni_12_afterSchool col_12_afterSchool wo
> rk_11_afterSchoola months_11_afterSchoola sum_wage_11_afterSchoola avt_11_afterSchool avt_tot_11_afterSchool 
> [fweight = hoodWeight] if after == 0 & q4==1 & RD==1 

---------------------------------------------------------------------------------------------------------------
-> treatment = 0

    Variable |        Obs        Mean    Std. Dev.       Min        Max
-------------+---------------------------------------------------------
A_12_after~l |      2,843    .1477313    .3548958          0          1
B_12_after~l |      2,843    .1273303    .3334012          0          1
uni_12_aft~l |      2,843     .523039    1.482865          0         13
col_12_aft~l |      2,843    .3169187    .9366748          0          8
work_11_af~a |      2,843    .8684488    .3380616          0          1
-------------+---------------------------------------------------------
months_11_~a |      2,843    9.558917    4.222309          0         12
s~1_afterS~a |      2,843    66954.25    53958.47          0   328314.2
avt_11_aft~l |      2,843    .0728104    .2598708          0          1
avt_tot_11~l |      2,843     710.669    3129.595          0      36872

---------------------------------------------------------------------------------------------------------------
-> treatment = 1

    Variable |        Obs        Mean    Std. Dev.       Min        Max
-------------+---------------------------------------------------------
A_12_after~l |      3,064    .2092037    .4068065          0          1
B_12_after~l |      3,064    .1599217    .3665932          0          1
uni_12_aft~l |      3,064    .7934073     1.85556          0         11
col_12_aft~l |      3,064    .4226501    1.106722          0          7
work_11_af~a |      3,064    .8417102    .3650721          0          1
-------------+---------------------------------------------------------
months_11_~a |      3,064    9.076697     4.54588          0         12
s~1_afterS~a |      3,064    63822.97    54846.31          0   340768.1
avt_11_aft~l |      3,064    .0691906    .2538194          0          1
avt_tot_11~l |      3,064    725.4912    3193.258          0      25622


.         bysort treatment:  sum   married kids yeladim age_at_marriage_years age_at_first_birth_years  [fweigh
> t = hoodWeight] if after == 0 & q4==1 & RD ==1

---------------------------------------------------------------------------------------------------------------
-> treatment = 0

    Variable |        Obs        Mean    Std. Dev.       Min        Max
-------------+---------------------------------------------------------
     married |      2,843    .5518818    .4973885          0          1
        kids |      2,843    .4868097    .4999139          0          1
     yeladim |      2,843    .8304608    1.033616          0          5
age_at_mar~s |      1,660    24.49518    2.540683         17         30
age_at_fir~s |      1,384    25.40535    2.707959         17         30

---------------------------------------------------------------------------------------------------------------
-> treatment = 1

    Variable |        Obs        Mean    Std. Dev.       Min        Max
-------------+---------------------------------------------------------
     married |      3,064     .537859     .498646          0          1
        kids |      3,064    .4265666    .4946589          0          1
     yeladim |      3,064    .7601175    1.042155          0          6
age_at_mar~s |      1,740    24.58563    2.882822         16         30
age_at_fir~s |      1,307    25.52257    2.659331         17         30


.         bysort treatment:  sum   av_avwage00_02 em_avwage00_02 [fweight = hoodWeight] if after == 0 & q4==1 &
>  RD==1

---------------------------------------------------------------------------------------------------------------
-> treatment = 0

    Variable |        Obs        Mean    Std. Dev.       Min        Max
-------------+---------------------------------------------------------
av_avwage~02 |      2,573    81923.89    96741.02          0    1240394
em_avwage~02 |      2,760    39383.46    46608.53          0   470190.7

---------------------------------------------------------------------------------------------------------------
-> treatment = 1

    Variable |        Obs        Mean    Std. Dev.       Min        Max
-------------+---------------------------------------------------------
av_avwage~02 |      2,879    103816.2    117853.3          0    1135886
em_avwage~02 |      3,001     49082.3    56036.15          0   594719.3


. 
. di "count # of observations"
count # of observations

.         bysort treatment: sum A_12_afterSchool   B_12_afterSchool   uni_12_afterSchool col_12_afterSchool wor
> k_11_afterSchoola months_11_afterSchoola sum_wage_11_afterSchoola avt_11_afterSchool avt_tot_11_afterSchool  
> if after == 0 & q4==1 & RD==1 

---------------------------------------------------------------------------------------------------------------
-> treatment = 0

    Variable |        Obs        Mean    Std. Dev.       Min        Max
-------------+---------------------------------------------------------
A_12_after~l |      1,697    .1673542    .3734018          0          1
B_12_after~l |      1,697    .1549794    .3619917          0          1
uni_12_aft~l |      1,697    .6246317     1.63862          0         13
col_12_aft~l |      1,697    .4042428    1.085575          0          8
work_11_af~a |      1,697    .8697702    .3366553          0          1
-------------+---------------------------------------------------------
months_11_~a |      1,697    9.434296    4.274135          0         12
s~1_afterS~a |      1,697    67519.49    54603.27          0   328314.2
avt_11_aft~l |      1,697    .0766058    .2660433          0          1
avt_tot_11~l |      1,697    818.6818    3517.171          0      36872

---------------------------------------------------------------------------------------------------------------
-> treatment = 1

    Variable |        Obs        Mean    Std. Dev.       Min        Max
-------------+---------------------------------------------------------
A_12_after~l |      2,471    .2019425    .4015308          0          1
B_12_after~l |      2,471    .1732092    .3785046          0          1
uni_12_aft~l |      2,471    .7940105     1.89311          0         11
col_12_aft~l |      2,471     .446378    1.116792          0          7
work_11_af~a |      2,471    .8458114    .3612025          0          1
-------------+---------------------------------------------------------
months_11_~a |      2,471    9.078106    4.548699          0         12
s~1_afterS~a |      2,471    65149.26    56756.24          0   340768.1
avt_11_aft~l |      2,471    .0683934    .2524708          0          1
avt_tot_11~l |      2,471    714.9207    3164.256          0      28227


.         bysort treatment: sum   married kids yeladim age_at_first_birth_years age_at_marriage_years  if after
>  == 1 & q4==1 & RD==1

---------------------------------------------------------------------------------------------------------------
-> treatment = 0

    Variable |        Obs        Mean    Std. Dev.       Min        Max
-------------+---------------------------------------------------------
     married |      1,595    .4595611    .4985183          0          1
        kids |      1,595    .3460815    .4758688          0          1
     yeladim |      1,595    .5661442    .9023084          0          5
age_at_fir~s |        552    25.18659    2.282968         18         30
age_at_mar~s |        774    24.45866    2.392901         17         30

---------------------------------------------------------------------------------------------------------------
-> treatment = 1

    Variable |        Obs        Mean    Std. Dev.       Min        Max
-------------+---------------------------------------------------------
     married |      2,467     .436968    .4961116          0          1
        kids |      2,467    .3117146    .4632878          0          1
     yeladim |      2,467    .5200649    .8964553          0          6
age_at_fir~s |        769    24.80494    2.616241         18         30
age_at_mar~s |      1,126    24.18917    2.726774         17         29


.         bysort treatment: sum   av_avwage00_02 em_avwage00_02  if after == 0 & q4==1 & RD==1

---------------------------------------------------------------------------------------------------------------
-> treatment = 0

    Variable |        Obs        Mean    Std. Dev.       Min        Max
-------------+---------------------------------------------------------
av_avwage~02 |      1,533    91696.34    114077.7          0    1240394
em_avwage~02 |      1,636    42935.86    50758.19          0   470190.7

---------------------------------------------------------------------------------------------------------------
-> treatment = 1

    Variable |        Obs        Mean    Std. Dev.       Min        Max
-------------+---------------------------------------------------------
av_avwage~02 |      2,314    98507.02    121180.5          0    2143817
em_avwage~02 |      2,416    50469.44    61549.66          0     656891


.         
.         
. 
. *~~~~~~~~Regressions - find out the difference and the s.d. of the difference~~~~~~~
.          
. *~~~~~~~NE SAMPLE~~~~~~~
. di "this is the NE sample" 
this is the NE sample

. 
.         reg A_12_afterSchool treatment [fweight = hoodWeight] if after == 0 & q4==1 & NE==1 ,vce(cluster scho
> ol_code)

Linear regression                               Number of obs     =      8,151
                                                F(1, 35)          =       0.30
                                                Prob > F          =     0.5856
                                                R-squared         =     0.0010
                                                Root MSE          =     .40265

                           (Std. Err. adjusted for 36 clusters in school_code)
------------------------------------------------------------------------------
             |               Robust
A_12_after~l |      Coef.   Std. Err.      t    P>|t|     [95% Conf. Interval]
-------------+----------------------------------------------------------------
   treatment |   .0255516    .046436     0.55   0.586    -.0687185    .1198217
       _cons |   .1907035   .0296634     6.43   0.000     .1304836    .2509234
------------------------------------------------------------------------------

.         reg B_12_afterSchool treatment [fweight = hoodWeight] if after == 0 & q4==1 & NE==1 ,vce(cluster scho
> ol_code)

Linear regression                               Number of obs     =      8,151
                                                F(1, 35)          =       0.00
                                                Prob > F          =     0.9632
                                                R-squared         =     0.0000
                                                Root MSE          =     .35104

                           (Std. Err. adjusted for 36 clusters in school_code)
------------------------------------------------------------------------------
             |               Robust
B_12_after~l |      Coef.   Std. Err.      t    P>|t|     [95% Conf. Interval]
-------------+----------------------------------------------------------------
   treatment |   .0013536   .0290946     0.05   0.963    -.0577117    .0604188
       _cons |   .1432161   .0236164     6.06   0.000     .0952723    .1911599
------------------------------------------------------------------------------

.         reg uni_12_afterSchool treatment [fweight = hoodWeight] if after == 0 & q4==1 & NE==1 ,vce(cluster sc
> hool_code)

Linear regression                               Number of obs     =      8,151
                                                F(1, 35)          =       0.27
                                                Prob > F          =     0.6080
                                                R-squared         =     0.0009
                                                Root MSE          =      1.815

                           (Std. Err. adjusted for 36 clusters in school_code)
------------------------------------------------------------------------------
             |               Robust
uni_12_aft~l |      Coef.   Std. Err.      t    P>|t|     [95% Conf. Interval]
-------------+----------------------------------------------------------------
   treatment |   .1091529   .2108642     0.52   0.608    -.3189241    .5372299
       _cons |   .7158291   .1330539     5.38   0.000     .4457155    .9859428
------------------------------------------------------------------------------

.         reg col_12_afterSchool treatment [fweight = hoodWeight] if after == 0 & q4==1 & NE==1 ,vce(cluster sc
> hool_code)

Linear regression                               Number of obs     =      8,151
                                                F(1, 35)          =       0.03
                                                Prob > F          =     0.8598
                                                R-squared         =     0.0000
                                                Root MSE          =     1.0365

                           (Std. Err. adjusted for 36 clusters in school_code)
------------------------------------------------------------------------------
             |               Robust
col_12_aft~l |      Coef.   Std. Err.      t    P>|t|     [95% Conf. Interval]
-------------+----------------------------------------------------------------
   treatment |   .0142102   .0798453     0.18   0.860    -.1478844    .1763047
       _cons |   .3650754   .0678305     5.38   0.000      .227372    .5027787
------------------------------------------------------------------------------

.  
.         reg work_11_afterSchoola treatment [fweight = hoodWeight] if after == 0 & q4==1 & NE==1 ,vce(cluster 
> school_code)

Linear regression                               Number of obs     =      8,151
                                                F(1, 35)          =       1.81
                                                Prob > F          =     0.1874
                                                R-squared         =     0.0015
                                                Root MSE          =     .35276

                           (Std. Err. adjusted for 36 clusters in school_code)
------------------------------------------------------------------------------
             |               Robust
work_11_af~a |      Coef.   Std. Err.      t    P>|t|     [95% Conf. Interval]
-------------+----------------------------------------------------------------
   treatment |  -.0272849   .0202918    -1.34   0.187    -.0684794    .0139096
       _cons |   .8680905   .0084073   103.25   0.000     .8510228    .8851581
------------------------------------------------------------------------------

.         reg months_11_afterSchoola treatment [fweight = hoodWeight] if after == 0 & q4==1 & NE==1 ,vce(cluste
> r school_code)

Linear regression                               Number of obs     =      8,151
                                                F(1, 35)          =       4.05
                                                Prob > F          =     0.0518
                                                R-squared         =     0.0033
                                                Root MSE          =     4.4203

                           (Std. Err. adjusted for 36 clusters in school_code)
------------------------------------------------------------------------------
             |               Robust
months_11_~a |      Coef.   Std. Err.      t    P>|t|     [95% Conf. Interval]
-------------+----------------------------------------------------------------
   treatment |  -.5071005    .251855    -2.01   0.052    -1.018393    .0041923
       _cons |    9.49799   .0842812   112.69   0.000      9.32689     9.66909
------------------------------------------------------------------------------

.         reg sum_wage_11_afterSchoola treatment [fweight = hoodWeight] if after == 0 & q4==1 & NE==1 ,vce(clus
> ter school_code)

Linear regression                               Number of obs     =      8,151
                                                F(1, 35)          =       3.03
                                                Prob > F          =     0.0907
                                                R-squared         =     0.0027
                                                Root MSE          =      54534

                           (Std. Err. adjusted for 36 clusters in school_code)
------------------------------------------------------------------------------
             |               Robust
s~1_afterS~a |      Coef.   Std. Err.      t    P>|t|     [95% Conf. Interval]
-------------+----------------------------------------------------------------
   treatment |  -5681.374    3265.96    -1.74   0.091    -12311.63     948.877
       _cons |   67682.35   1523.244    44.43   0.000        64590     70774.7
------------------------------------------------------------------------------

. 
.         reg avt_11_afterSchool treatment [fweight = hoodWeight] if after == 0 & q4==1 & NE==1 ,vce(cluster sc
> hool_code)

Linear regression                               Number of obs     =      8,151
                                                F(1, 35)          =       0.33
                                                Prob > F          =     0.5718
                                                R-squared         =     0.0001
                                                Root MSE          =     .25649

                           (Std. Err. adjusted for 36 clusters in school_code)
------------------------------------------------------------------------------
             |               Robust
avt_11_aft~l |      Coef.   Std. Err.      t    P>|t|     [95% Conf. Interval]
-------------+----------------------------------------------------------------
   treatment |  -.0050379   .0088255    -0.57   0.572    -.0229547    .0128789
       _cons |   .0733668   .0053004    13.84   0.000     .0626064    .0841273
------------------------------------------------------------------------------

.         reg avt_tot_11_afterSchool treatment [fweight = hoodWeight] if after == 0 & q4==1 & NE==1 ,vce(cluste
> r school_code)

Linear regression                               Number of obs     =      8,151
                                                F(1, 35)          =       0.33
                                                Prob > F          =     0.5691
                                                R-squared         =     0.0001
                                                Root MSE          =     3166.7

                           (Std. Err. adjusted for 36 clusters in school_code)
------------------------------------------------------------------------------
             |               Robust
avt_tot_11~l |      Coef.   Std. Err.      t    P>|t|     [95% Conf. Interval]
-------------+----------------------------------------------------------------
   treatment |  -61.27341   106.6079    -0.57   0.569    -277.6989     155.152
       _cons |   754.3319   69.80051    10.81   0.000     612.6293    896.0345
------------------------------------------------------------------------------

. 
.         reg married treatment [fweight = hoodWeight] if after == 0 & q4==1 & NE==1 ,vce(cluster school_code)

Linear regression                               Number of obs     =      8,151
                                                F(1, 35)          =       0.15
                                                Prob > F          =     0.6997
                                                R-squared         =     0.0003
                                                Root MSE          =      .4979

                           (Std. Err. adjusted for 36 clusters in school_code)
------------------------------------------------------------------------------
             |               Robust
     married |      Coef.   Std. Err.      t    P>|t|     [95% Conf. Interval]
-------------+----------------------------------------------------------------
   treatment |   .0166381   .0427768     0.39   0.700    -.0702035    .1034797
       _cons |   .5371859   .0262305    20.48   0.000     .4839352    .5904367
------------------------------------------------------------------------------

.         reg kids treatment [fweight = hoodWeight] if after == 0 & q4==1 & NE==1 ,vce(cluster school_code)

Linear regression                               Number of obs     =      8,151
                                                F(1, 35)          =       0.00
                                                Prob > F          =     0.9522
                                                R-squared         =     0.0000
                                                Root MSE          =     .49782

                           (Std. Err. adjusted for 36 clusters in school_code)
------------------------------------------------------------------------------
             |               Robust
        kids |      Coef.   Std. Err.      t    P>|t|     [95% Conf. Interval]
-------------+----------------------------------------------------------------
   treatment |  -.0030606   .0507375    -0.06   0.952    -.1060633     .099942
       _cons |   .4542714   .0342797    13.25   0.000     .3846798    .5238629
------------------------------------------------------------------------------

.         reg yeladim treatment [fweight = hoodWeight] if after == 0 & q4==1 & NE==1 ,vce(cluster school_code)

Linear regression                               Number of obs     =      8,151
                                                F(1, 35)          =       0.12
                                                Prob > F          =     0.7303
                                                R-squared         =     0.0004
                                                Root MSE          =     1.0843

                           (Std. Err. adjusted for 36 clusters in school_code)
------------------------------------------------------------------------------
             |               Robust
     yeladim |      Coef.   Std. Err.      t    P>|t|     [95% Conf. Interval]
-------------+----------------------------------------------------------------
   treatment |   .0440623   .1268018     0.35   0.730     -.213359    .3014835
       _cons |   .7917085   .0715315    11.07   0.000     .6464918    .9369253
------------------------------------------------------------------------------

.         reg age_at_marriage_years treatment [fweight = hoodWeight] if after == 0 & q4==1 & NE==1 ,vce(cluster
>  school_code)

Linear regression                               Number of obs     =      4,688
                                                F(1, 35)          =       0.45
                                                Prob > F          =     0.5087
                                                R-squared         =     0.0021
                                                Root MSE          =     2.7658

                           (Std. Err. adjusted for 36 clusters in school_code)
------------------------------------------------------------------------------
             |               Robust
age_at_mar~s |      Coef.   Std. Err.      t    P>|t|     [95% Conf. Interval]
-------------+----------------------------------------------------------------
   treatment |  -.2528229   .3786692    -0.67   0.509    -1.021562    .5159164
       _cons |   24.59095   .2069462   118.83   0.000     24.17083    25.01107
------------------------------------------------------------------------------

.         reg age_at_first_birth_years treatment [fweight = hoodWeight] if after == 0 & q4==1 & NE==1 ,vce(clus
> ter school_code)

Linear regression                               Number of obs     =      3,690
                                                F(1, 35)          =       0.21
                                                Prob > F          =     0.6469
                                                R-squared         =     0.0009
                                                Root MSE          =      2.699

                           (Std. Err. adjusted for 36 clusters in school_code)
------------------------------------------------------------------------------
             |               Robust
age_at_fir~s |      Coef.   Std. Err.      t    P>|t|     [95% Conf. Interval]
-------------+----------------------------------------------------------------
   treatment |  -.1650076    .357092    -0.46   0.647    -.8899428    .5599277
       _cons |   25.46681    .203898   124.90   0.000     25.05288    25.88075
------------------------------------------------------------------------------

. 
.         reg av_avwage00_02 treatment [fweight = hoodWeight] if after == 0 & q4==1 & NE==1 ,vce(cluster school
> _code)

Linear regression                               Number of obs     =      7,511
                                                F(1, 35)          =       0.13
                                                Prob > F          =     0.7214
                                                R-squared         =     0.0006
                                                Root MSE          =     1.2e+05

                           (Std. Err. adjusted for 36 clusters in school_code)
------------------------------------------------------------------------------
             |               Robust
av_avwage~02 |      Coef.   Std. Err.      t    P>|t|     [95% Conf. Interval]
-------------+----------------------------------------------------------------
   treatment |   6000.586   16692.96     0.36   0.721    -27887.92    39889.09
       _cons |   96211.81   11416.29     8.43   0.000     73035.51    119388.1
------------------------------------------------------------------------------

.         reg em_avwage00_02 treatment [fweight = hoodWeight] if after == 0 & q4==1 & NE==1 ,vce(cluster school
> _code)

Linear regression                               Number of obs     =      7,942
                                                F(1, 35)          =       0.08
                                                Prob > F          =     0.7765
                                                R-squared         =     0.0003
                                                Root MSE          =      67216

                           (Std. Err. adjusted for 36 clusters in school_code)
------------------------------------------------------------------------------
             |               Robust
em_avwage~02 |      Coef.   Std. Err.      t    P>|t|     [95% Conf. Interval]
-------------+----------------------------------------------------------------
   treatment |   2230.604   7798.398     0.29   0.777    -13600.99    18062.19
       _cons |   45484.15   4669.325     9.74   0.000     36004.92    54963.39
------------------------------------------------------------------------------

.  
. *~~~~~~~RD SAMPLE~~~~~~~
. 
.   reg A_12_afterSchool treatment [fweight = hoodWeight] if after == 0 & q4==1 & RD==1 ,vce(cluster school_cod
> e)

Linear regression                               Number of obs     =      5,907
                                                F(1, 20)          =       2.46
                                                Prob > F          =     0.1324
                                                R-squared         =     0.0064
                                                Root MSE          =      .3827

                           (Std. Err. adjusted for 21 clusters in school_code)
------------------------------------------------------------------------------
             |               Robust
A_12_after~l |      Coef.   Std. Err.      t    P>|t|     [95% Conf. Interval]
-------------+----------------------------------------------------------------
   treatment |   .0614724   .0391875     1.57   0.132    -.0202714    .1432161
       _cons |   .1477313   .0218896     6.75   0.000     .1020704    .1933921
------------------------------------------------------------------------------

.   reg B_12_afterSchool treatment [fweight = hoodWeight] if after == 0 & q4==1 & RD==1 ,vce(cluster school_cod
> e)

Linear regression                               Number of obs     =      5,907
                                                F(1, 20)          =       1.06
                                                Prob > F          =     0.3157
                                                R-squared         =     0.0021
                                                Root MSE          =     .35101

                           (Std. Err. adjusted for 21 clusters in school_code)
------------------------------------------------------------------------------
             |               Robust
B_12_after~l |      Coef.   Std. Err.      t    P>|t|     [95% Conf. Interval]
-------------+----------------------------------------------------------------
   treatment |   .0325914    .031668     1.03   0.316    -.0334668    .0986496
       _cons |   .1273303   .0250348     5.09   0.000     .0751086     .179552
------------------------------------------------------------------------------

.   reg uni_12_afterSchool treatment [fweight = hoodWeight] if after == 0 & q4==1 & RD==1 ,vce(cluster school_c
> ode)

Linear regression                               Number of obs     =      5,907
                                                F(1, 20)          =       2.15
                                                Prob > F          =     0.1581
                                                R-squared         =     0.0064
                                                Root MSE          =     1.6865

                           (Std. Err. adjusted for 21 clusters in school_code)
------------------------------------------------------------------------------
             |               Robust
uni_12_aft~l |      Coef.   Std. Err.      t    P>|t|     [95% Conf. Interval]
-------------+----------------------------------------------------------------
   treatment |   .2703683   .1843884     1.47   0.158    -.1142592    .6549957
       _cons |    .523039   .1000349     5.23   0.000     .3143699    .7317081
------------------------------------------------------------------------------

.   reg col_12_afterSchool treatment [fweight = hoodWeight] if after == 0 & q4==1 & RD==1 ,vce(cluster school_c
> ode)

Linear regression                               Number of obs     =      5,907
                                                F(1, 20)          =       1.58
                                                Prob > F          =     0.2236
                                                R-squared         =     0.0026
                                                Root MSE          =     1.0284

                           (Std. Err. adjusted for 21 clusters in school_code)
------------------------------------------------------------------------------
             |               Robust
col_12_aft~l |      Coef.   Std. Err.      t    P>|t|     [95% Conf. Interval]
-------------+----------------------------------------------------------------
   treatment |   .1057314   .0841895     1.26   0.224    -.0698849    .2813477
       _cons |   .3169187   .0709097     4.47   0.000     .1690036    .4648338
------------------------------------------------------------------------------

.  
.   reg work_11_afterSchoola treatment [fweight = hoodWeight] if after == 0 & q4==1 & RD==1 ,vce(cluster school
> _code)

Linear regression                               Number of obs     =      5,907
                                                F(1, 20)          =       1.69
                                                Prob > F          =     0.2088
                                                R-squared         =     0.0014
                                                Root MSE          =     .35233

                           (Std. Err. adjusted for 21 clusters in school_code)
------------------------------------------------------------------------------
             |               Robust
work_11_af~a |      Coef.   Std. Err.      t    P>|t|     [95% Conf. Interval]
-------------+----------------------------------------------------------------
   treatment |  -.0267386    .020589    -1.30   0.209    -.0696864    .0162092
       _cons |   .8684488   .0112024    77.52   0.000      .845081    .8918166
------------------------------------------------------------------------------

.   reg months_11_afterSchoola treatment [fweight = hoodWeight] if after == 0 & q4==1 & RD==1 ,vce(cluster scho
> ol_code)

Linear regression                               Number of obs     =      5,907
                                                F(1, 20)          =       4.17
                                                Prob > F          =     0.0545
                                                R-squared         =     0.0030
                                                Root MSE          =     4.3931

                           (Std. Err. adjusted for 21 clusters in school_code)
------------------------------------------------------------------------------
             |               Robust
months_11_~a |      Coef.   Std. Err.      t    P>|t|     [95% Conf. Interval]
-------------+----------------------------------------------------------------
   treatment |  -.4822195   .2361165    -2.04   0.055      -.97475     .010311
       _cons |   9.558917   .1069567    89.37   0.000     9.335809    9.782024
------------------------------------------------------------------------------

.   reg sum_wage_11_afterSchoola treatment  [fweight = hoodWeight] if after == 0 & q4==1 & RD==1 ,vce(cluster s
> chool_code)

Linear regression                               Number of obs     =      5,907
                                                F(1, 20)          =       0.96
                                                Prob > F          =     0.3400
                                                R-squared         =     0.0008
                                                Root MSE          =      54421

                           (Std. Err. adjusted for 21 clusters in school_code)
------------------------------------------------------------------------------
             |               Robust
s~1_afterS~a |      Coef.   Std. Err.      t    P>|t|     [95% Conf. Interval]
-------------+----------------------------------------------------------------
   treatment |  -3131.275   3203.643    -0.98   0.340    -9813.957    3551.407
       _cons |   66954.25   1507.383    44.42   0.000      63809.9    70098.59
------------------------------------------------------------------------------

. 
.   reg avt_11_afterSchool treatment [fweight = hoodWeight] if after == 0 & q4==1 & RD==1 ,vce(cluster school_c
> ode)

Linear regression                               Number of obs     =      5,907
                                                F(1, 20)          =       0.12
                                                Prob > F          =     0.7286
                                                R-squared         =     0.0000
                                                Root MSE          =     .25675

                           (Std. Err. adjusted for 21 clusters in school_code)
------------------------------------------------------------------------------
             |               Robust
avt_11_aft~l |      Coef.   Std. Err.      t    P>|t|     [95% Conf. Interval]
-------------+----------------------------------------------------------------
   treatment |  -.0036198   .0102883    -0.35   0.729    -.0250807    .0178411
       _cons |   .0728104   .0048817    14.92   0.000     .0626275    .0829934
------------------------------------------------------------------------------

.   reg avt_tot_11_afterSchool treatment [fweight = hoodWeight] if after == 0 & q4==1 & RD==1 ,vce(cluster scho
> ol_code)

Linear regression                               Number of obs     =      5,907
                                                F(1, 20)          =       0.02
                                                Prob > F          =     0.8991
                                                R-squared         =     0.0000
                                                Root MSE          =     3162.8

                           (Std. Err. adjusted for 21 clusters in school_code)
------------------------------------------------------------------------------
             |               Robust
avt_tot_11~l |      Coef.   Std. Err.      t    P>|t|     [95% Conf. Interval]
-------------+----------------------------------------------------------------
   treatment |   14.82218   115.4742     0.13   0.899    -226.0528    255.6972
       _cons |    710.669   45.86124    15.50   0.000     615.0041    806.3339
------------------------------------------------------------------------------

.   
.   reg married treatment [fweight = hoodWeight] if after == 0 & q4==1 & RD==1 ,vce(cluster school_code)

Linear regression                               Number of obs     =      5,907
                                                F(1, 20)          =       0.08
                                                Prob > F          =     0.7825
                                                R-squared         =     0.0002
                                                Root MSE          =     .49804

                           (Std. Err. adjusted for 21 clusters in school_code)
------------------------------------------------------------------------------
             |               Robust
     married |      Coef.   Std. Err.      t    P>|t|     [95% Conf. Interval]
-------------+----------------------------------------------------------------
   treatment |  -.0140228   .0501167    -0.28   0.783    -.1185643    .0905187
       _cons |   .5518818   .0275497    20.03   0.000     .4944142    .6093494
------------------------------------------------------------------------------

.   reg kids treatment [fweight = hoodWeight] if after == 0 & q4==1 & RD==1 ,vce(cluster school_code)

Linear regression                               Number of obs     =      5,907
                                                F(1, 20)          =       1.30
                                                Prob > F          =     0.2669
                                                R-squared         =     0.0037
                                                Root MSE          =     .49719

                           (Std. Err. adjusted for 21 clusters in school_code)
------------------------------------------------------------------------------
             |               Robust
        kids |      Coef.   Std. Err.      t    P>|t|     [95% Conf. Interval]
-------------+----------------------------------------------------------------
   treatment |  -.0602431   .0527458    -1.14   0.267    -.1702689    .0497826
       _cons |   .4868097   .0306505    15.88   0.000     .4228739    .5507455
------------------------------------------------------------------------------

.   reg yeladim treatment [fweight = hoodWeight] if after == 0 & q4==1 & RD==1 ,vce(cluster school_code)

Linear regression                               Number of obs     =      5,907
                                                F(1, 20)          =       0.26
                                                Prob > F          =     0.6155
                                                R-squared         =     0.0011
                                                Root MSE          =     1.0381

                           (Std. Err. adjusted for 21 clusters in school_code)
------------------------------------------------------------------------------
             |               Robust
     yeladim |      Coef.   Std. Err.      t    P>|t|     [95% Conf. Interval]
-------------+----------------------------------------------------------------
   treatment |  -.0703433   .1378773    -0.51   0.616    -.3579504    .2172638
       _cons |   .8304608   .0710821    11.68   0.000     .6821862    .9787354
------------------------------------------------------------------------------

.   reg age_at_marriage_years treatment [fweight = hoodWeight] if after == 0 & q4==1 & RD==1 ,vce(cluster schoo
> l_code)

Linear regression                               Number of obs     =      3,400
                                                F(1, 20)          =       0.05
                                                Prob > F          =     0.8270
                                                R-squared         =     0.0003
                                                Root MSE          =     2.7212

                           (Std. Err. adjusted for 21 clusters in school_code)
------------------------------------------------------------------------------
             |               Robust
age_at_mar~s |      Coef.   Std. Err.      t    P>|t|     [95% Conf. Interval]
-------------+----------------------------------------------------------------
   treatment |   .0904515   .4085298     0.22   0.827    -.7617268    .9426297
       _cons |   24.49518   .2378648   102.98   0.000       23.999    24.99136
------------------------------------------------------------------------------

.   reg age_at_first_birth_years treatment [fweight = hoodWeight] if after == 0 & q4==1 & RD==1 ,vce(cluster sc
> hool_code)

Linear regression                               Number of obs     =      2,691
                                                F(1, 20)          =       0.08
                                                Prob > F          =     0.7804
                                                R-squared         =     0.0005
                                                Root MSE          =     2.6845

                           (Std. Err. adjusted for 21 clusters in school_code)
------------------------------------------------------------------------------
             |               Robust
age_at_fir~s |      Coef.   Std. Err.      t    P>|t|     [95% Conf. Interval]
-------------+----------------------------------------------------------------
   treatment |    .117224   .4149145     0.28   0.780    -.7482725    .9827204
       _cons |   25.40535   .2369208   107.23   0.000     24.91114    25.89955
------------------------------------------------------------------------------

. 
.   reg av_avwage00_02 treatment [fweight = hoodWeight] if after == 0 & q4==1 & RD==1 ,vce(cluster school_code)

Linear regression                               Number of obs     =      5,452
                                                F(1, 20)          =       1.73
                                                Prob > F          =     0.2039
                                                R-squared         =     0.0101
                                                Root MSE          =     1.1e+05

                           (Std. Err. adjusted for 21 clusters in school_code)
------------------------------------------------------------------------------
             |               Robust
av_avwage~02 |      Coef.   Std. Err.      t    P>|t|     [95% Conf. Interval]
-------------+----------------------------------------------------------------
   treatment |   21892.28   16667.69     1.31   0.204    -12875.92    56660.47
       _cons |   81923.89   9035.656     9.07   0.000     63075.85    100771.9
------------------------------------------------------------------------------

.   reg em_avwage00_02 treatment [fweight = hoodWeight] if after == 0 & q4==1 & RD==1 ,vce(cluster school_code)

Linear regression                               Number of obs     =      5,761
                                                F(1, 20)          =       1.95
                                                Prob > F          =     0.1779
                                                R-squared         =     0.0087
                                                Root MSE          =      51734

                           (Std. Err. adjusted for 21 clusters in school_code)
------------------------------------------------------------------------------
             |               Robust
em_avwage~02 |      Coef.   Std. Err.      t    P>|t|     [95% Conf. Interval]
-------------+----------------------------------------------------------------
   treatment |   9698.842   6945.396     1.40   0.178    -4789.001    24186.69
       _cons |   39383.46   3300.238    11.93   0.000     32499.29    46267.64
------------------------------------------------------------------------------

.          
.  
.  log close
      name:  <unnamed>
       log:  C:\Users\peleg\OneDrive\Documents\Victor\Other\Teacher Bonuses\For publication\Reproduction\logs\\
> table t1.log
  log type:  text
 closed on:  19 Oct 2019, 11:07:23
---------------------------------------------------------------------------------------------------------------
