-------------------------------------------------------------------------------
      name:  <unnamed>
       log:  W:\victor_lavi\Incoming\olim1\elior\Teachers Bonuses\logs\DID_T2_N
> E_25JulNE4q.log
  log type:  text
 opened on:  25 Jul 2019, 13:25:16
(15,100 observations deleted)
i.year            _Iyear_2000-2001    (naturally coded; _Iyear_2000 omitted)
i.school_code     _Ischool_co_3-97    (naturally coded; _Ischool_co_3 omitted)

Linear regression                               Number of obs     =     15,959
                                                F(11, 35)         =          .
                                                Prob > F          =          .
                                                R-squared         =     0.1020
                                                Root MSE          =     .47452

                           (Std. Err. adjusted for 36 clusters in school_code)
------------------------------------------------------------------------------
             |               Robust
     married |      Coef.   Std. Err.      t    P>|t|     [95% Conf. Interval]
-------------+----------------------------------------------------------------
afterXtrea~t |  -.0037078   .0184709    -0.20   0.842    -.0412057    .0337901
    att_lgcr |   .0054748   .0071522     0.77   0.449    -.0090449    .0199946
    att_lgsc |  -.0009536   .0003337    -2.86   0.007     -.001631   -.0002761
    awr_lgcr |  -.0008407   .0081016    -0.10   0.918    -.0172879    .0156065
  e_awr_lgcr |  -.0119802   .0101035    -1.19   0.244    -.0324915    .0085311
      asiafr |   .0182825   .0120637     1.52   0.139    -.0062083    .0427732
         ole |  -.0033553   .0561974    -0.06   0.953    -.1174421    .1107315
         boy |  -.2204719   .0133955   -16.46   0.000    -.2476662   -.1932775
      educav |   .0021053   .0021952     0.96   0.344    -.0023511    .0065617
      educem |   .0003192    .002094     0.15   0.880    -.0039319    .0045703
      m_ahim |   .0040592   .0045218     0.90   0.375    -.0051205    .0132389
 _Iyear_2001 |  -.0720023   .0084415    -8.53   0.000    -.0891395   -.0548652
_Ischool_~_8 |   .0121907   .0039893     3.06   0.004      .004092    .0202893
_Ischool_~_9 |  -.1350253   .0138583    -9.74   0.000    -.1631592   -.1068915
_Ischool_~11 |  -.1673267   .0180728    -9.26   0.000    -.2040165   -.1306369
_Ischool_~13 |  -.0615787   .0216802    -2.84   0.007    -.1055919   -.0175655
_Ischool_~24 |  -.0157481   .0188595    -0.84   0.409     -.054035    .0225388
_Ischool_~27 |     .07335   .0102855     7.13   0.000     .0524694    .0942306
_Ischool_~28 |  -.2748176   .0136847   -20.08   0.000    -.3025989   -.2470362
_Ischool_~29 |  -.1352585   .0171939    -7.87   0.000     -.170164   -.1003531
_Ischool_~30 |  -.2689546   .0110266   -24.39   0.000    -.2913398   -.2465694
_Ischool_~33 |  -.3030474   .0192082   -15.78   0.000     -.342042   -.2640528
_Ischool_~34 |  -.2937124   .0243792   -12.05   0.000    -.3432047     -.24422
_Ischool_~41 |  -.2245335     .01718   -13.07   0.000    -.2594108   -.1896562
_Ischool_~42 |  -.3699028   .0106862   -34.61   0.000     -.391597   -.3482085
_Ischool_~43 |  -.3468965   .0100517   -34.51   0.000    -.3673025   -.3264905
_Ischool_~46 |  -.0072669   .0075419    -0.96   0.342    -.0225778    .0080439
_Ischool_~53 |  -.2434884   .0115826   -21.02   0.000    -.2670023   -.2199745
_Ischool_~55 |  -.1112013   .0181492    -6.13   0.000    -.1480462   -.0743564
_Ischool_~56 |  -.1248452   .0142442    -8.76   0.000    -.1537625   -.0959278
_Ischool_~57 |  -.1223637   .0220086    -5.56   0.000    -.1670435   -.0776839
_Ischool_~69 |  -.4371302   .0122586   -35.66   0.000    -.4620166   -.4122439
_Ischool_~70 |   -.453822   .0141373   -32.10   0.000    -.4825222   -.4251217
_Ischool_~71 |  -.1376943   .0114925   -11.98   0.000    -.1610253   -.1143633
_Ischool_~73 |  -.2434121   .0300174    -8.11   0.000    -.3043506   -.1824736
_Ischool_~74 |  -.2191508   .0108526   -20.19   0.000    -.2411827    -.197119
_Ischool_~75 |   -.182283   .0123804   -14.72   0.000    -.2074165   -.1571494
_Ischool_~78 |  -.1820659   .0165181   -11.02   0.000    -.2155995   -.1485323
_Ischool_~79 |  -.0635433   .0142464    -4.46   0.000     -.092465   -.0346215
_Ischool_~80 |   .0332353   .0137304     2.42   0.021     .0053611    .0611094
_Ischool_~82 |  -.1980059   .0074212   -26.68   0.000    -.2130717   -.1829401
_Ischool_~86 |  -.2327962   .0144245   -16.14   0.000    -.2620795    -.203513
_Ischool_~87 |  -.1381427   .0135331   -10.21   0.000    -.1656164   -.1106691
_Ischool_~93 |  -.1959036   .0155154   -12.63   0.000    -.2274015   -.1644057
_Ischool_~94 |  -.2106247   .0155742   -13.52   0.000     -.242242   -.1790074
_Ischool_~96 |   .0313542   .0217585     1.44   0.158     -.012818    .0755263
_Ischool_~97 |   .0500846    .021308     2.35   0.025      .006827    .0933422
       _cons |    .821152   .0532533    15.42   0.000      .713042     .929262
------------------------------------------------------------------------------

    Variable |        Obs        Mean    Std. Dev.       Min        Max
-------------+---------------------------------------------------------
     married |      4,181    .5539345     .497142          0          1
.01847089
i.year            _Iyear_2000-2001    (naturally coded; _Iyear_2000 omitted)
i.school_code     _Ischool_co_3-97    (naturally coded; _Ischool_co_3 omitted)

Linear regression                               Number of obs     =     15,959
                                                F(11, 35)         =          .
                                                Prob > F          =          .
                                                R-squared         =     0.1415
                                                Root MSE          =     .45482

                           (Std. Err. adjusted for 36 clusters in school_code)
------------------------------------------------------------------------------
             |               Robust
        kids |      Coef.   Std. Err.      t    P>|t|     [95% Conf. Interval]
-------------+----------------------------------------------------------------
afterXtrea~t |  -.0015336   .0157468    -0.10   0.923    -.0335012    .0304341
    att_lgcr |   .0071875   .0050618     1.42   0.164    -.0030884    .0174635
    att_lgsc |  -.0011831   .0003718    -3.18   0.003    -.0019379   -.0004284
    awr_lgcr |  -.0091205   .0061397    -1.49   0.146    -.0215847    .0033437
  e_awr_lgcr |  -.0038398   .0097772    -0.39   0.697    -.0236886    .0160091
      asiafr |   .0172629   .0144495     1.19   0.240    -.0120713     .046597
         ole |   .0065112   .0512126     0.13   0.900    -.0974558    .1104782
         boy |   -.252929   .0162379   -15.58   0.000    -.2858937   -.2199643
      educav |  -.0016328   .0041291    -0.40   0.695    -.0100153    .0067496
      educem |   .0031749   .0029121     1.09   0.283     -.002737    .0090867
      m_ahim |   .0051899   .0044577     1.16   0.252    -.0038597    .0142396
 _Iyear_2001 |   -.088526   .0101986    -8.68   0.000    -.1092302   -.0678218
_Ischool_~_8 |  -.0334268   .0045261    -7.39   0.000    -.0426153   -.0242384
_Ischool_~_9 |  -.1894175   .0142942   -13.25   0.000    -.2184364   -.1603987
_Ischool_~11 |  -.1884535   .0150751   -12.50   0.000    -.2190576   -.1578495
_Ischool_~13 |   -.015852   .0168611    -0.94   0.354    -.0500818    .0183779
_Ischool_~24 |   .0179107   .0151568     1.18   0.245    -.0128592    .0486806
_Ischool_~27 |   .0783108   .0114194     6.86   0.000     .0551282    .1014934
_Ischool_~28 |   -.296825   .0140136   -21.18   0.000    -.3252742   -.2683759
_Ischool_~29 |  -.1029405   .0248468    -4.14   0.000    -.1533822   -.0524989
_Ischool_~30 |   -.279069    .011547   -24.17   0.000    -.3025107   -.2556273
_Ischool_~33 |  -.3716466   .0205997   -18.04   0.000    -.4134662    -.329827
_Ischool_~34 |  -.3475254     .02951   -11.78   0.000    -.4074339    -.287617
_Ischool_~41 |  -.2438839   .0148725   -16.40   0.000    -.2740766   -.2136912
_Ischool_~42 |  -.3709126    .012018   -30.86   0.000    -.3953105   -.3465147
_Ischool_~43 |  -.3757964   .0132725   -28.31   0.000    -.4027411   -.3488517
_Ischool_~46 |  -.0667662    .010459    -6.38   0.000     -.087999   -.0455333
_Ischool_~53 |   -.262398   .0119023   -22.05   0.000    -.2865608   -.2382351
_Ischool_~55 |  -.1862533   .0141765   -13.14   0.000    -.2150331   -.1574736
_Ischool_~56 |  -.1188695   .0136066    -8.74   0.000    -.1464923   -.0912468
_Ischool_~57 |   -.139896   .0169674    -8.25   0.000    -.1743416   -.1054505
_Ischool_~69 |  -.4419948   .0167187   -26.44   0.000    -.4759355   -.4080541
_Ischool_~70 |  -.4348163   .0187091   -23.24   0.000    -.4727977   -.3968349
_Ischool_~71 |  -.1413027    .011444   -12.35   0.000    -.1645354   -.1180701
_Ischool_~73 |  -.1159105   .0290102    -4.00   0.000    -.1748044   -.0570166
_Ischool_~74 |   -.223206   .0129239   -17.27   0.000    -.2494429   -.1969691
_Ischool_~75 |  -.1897022   .0138044   -13.74   0.000    -.2177265   -.1616778
_Ischool_~78 |  -.1541635   .0115785   -13.31   0.000     -.177669    -.130658
_Ischool_~79 |  -.0247715   .0146866    -1.69   0.101    -.0545869    .0050439
_Ischool_~80 |   .1251518   .0143273     8.74   0.000      .096066    .1542377
_Ischool_~82 |  -.2197292   .0077403   -28.39   0.000    -.2354429   -.2040155
_Ischool_~86 |  -.2845916   .0148193   -19.20   0.000    -.3146763   -.2545068
_Ischool_~87 |  -.1195356   .0144408    -8.28   0.000    -.1488521   -.0902192
_Ischool_~93 |  -.1154578   .0126965    -9.09   0.000    -.1412331   -.0896825
_Ischool_~94 |  -.2343899   .0151077   -15.51   0.000    -.2650602   -.2037197
_Ischool_~96 |   .0038749   .0175573     0.22   0.827    -.0317684    .0395181
_Ischool_~97 |   .0556922   .0166967     3.34   0.002     .0217961    .0895883
       _cons |   .7880088   .0562714    14.00   0.000     .6737717    .9022458
------------------------------------------------------------------------------

    Variable |        Obs        Mean    Std. Dev.       Min        Max
-------------+---------------------------------------------------------
        kids |      4,181    .4506099    .4976142          0          1
.01574675
i.year            _Iyear_2000-2001    (naturally coded; _Iyear_2000 omitted)
i.school_code     _Ischool_co_3-97    (naturally coded; _Ischool_co_3 omitted)

Linear regression                               Number of obs     =     15,959
                                                F(11, 35)         =          .
                                                Prob > F          =          .
                                                R-squared         =     0.1851
                                                Root MSE          =      .9164

                           (Std. Err. adjusted for 36 clusters in school_code)
------------------------------------------------------------------------------
             |               Robust
     yeladim |      Coef.   Std. Err.      t    P>|t|     [95% Conf. Interval]
-------------+----------------------------------------------------------------
afterXtrea~t |  -.0153554   .0470418    -0.33   0.746    -.1108553    .0801444
    att_lgcr |   .0150794   .0093015     1.62   0.114    -.0038036    .0339625
    att_lgsc |  -.0029535   .0010711    -2.76   0.009    -.0051279   -.0007791
    awr_lgcr |  -.0116995   .0130814    -0.89   0.377    -.0382561    .0148572
  e_awr_lgcr |  -.0025822   .0211542    -0.12   0.904    -.0455275     .040363
      asiafr |   -.013876   .0272861    -0.51   0.614    -.0692697    .0415177
         ole |  -.0273467   .1168801    -0.23   0.816    -.2646259    .2099325
         boy |  -.5318472   .0517709   -10.27   0.000    -.6369477   -.4267468
      educav |   .0024293   .0062079     0.39   0.698    -.0101734     .015032
      educem |   .0013706     .00375     0.37   0.717    -.0062424    .0089836
      m_ahim |   .0207598   .0093665     2.22   0.033     .0017448    .0397749
 _Iyear_2001 |  -.1918066   .0353466    -5.43   0.000    -.2635639   -.1200493
_Ischool_~_8 |  -.2584663   .0086294   -29.95   0.000     -.275985   -.2409476
_Ischool_~_9 |  -.5311361   .0383233   -13.86   0.000    -.6089365   -.4533357
_Ischool_~11 |  -.5807331   .0331792   -17.50   0.000    -.6480905   -.5133756
_Ischool_~13 |  -.2435723   .0373361    -6.52   0.000    -.3193687   -.1677759
_Ischool_~24 |  -.1119522   .0364901    -3.07   0.004    -.1860311   -.0378733
_Ischool_~27 |   .0719724   .0272043     2.65   0.012     .0167448    .1272001
_Ischool_~28 |  -.7514602   .0406181   -18.50   0.000    -.8339193   -.6690011
_Ischool_~29 |  -.2234602   .0723782    -3.09   0.004    -.3703958   -.0765247
_Ischool_~30 |  -.7673107   .0347759   -22.06   0.000    -.8379096   -.6967119
_Ischool_~33 |     -.8933   .0446014   -20.03   0.000    -.9838456   -.8027543
_Ischool_~34 |  -.8187676   .0722286   -11.34   0.000    -.9653996   -.6721357
_Ischool_~41 |  -.6300107   .0361898   -17.41   0.000    -.7034799   -.5565414
_Ischool_~42 |  -.8895094   .0316737   -28.08   0.000    -.9538104   -.8252083
_Ischool_~43 |   -.928283   .0343631   -27.01   0.000    -.9980438   -.8585222
_Ischool_~46 |  -.1938555   .0188533   -10.28   0.000    -.2321297   -.1555814
_Ischool_~53 |  -.6973094    .032718   -21.31   0.000    -.7637305   -.6308883
_Ischool_~55 |  -.4608497   .0318535   -14.47   0.000    -.5255156   -.3961837
_Ischool_~56 |  -.1536832   .0345688    -4.45   0.000    -.2238617   -.0835048
_Ischool_~57 |  -.4293978   .0393777   -10.90   0.000    -.5093388   -.3494568
_Ischool_~69 |   -1.01115   .0408061   -24.78   0.000    -1.093991   -.9283094
_Ischool_~70 |  -1.018626   .0546053   -18.65   0.000    -1.129481   -.9077716
_Ischool_~71 |  -.5007228   .0279509   -17.91   0.000    -.5574662   -.4439794
_Ischool_~73 |  -.2921575   .0641202    -4.56   0.000    -.4223285   -.1619866
_Ischool_~74 |  -.6601519   .0352395   -18.73   0.000    -.7316918    -.588612
_Ischool_~75 |  -.5780176   .0345365   -16.74   0.000    -.6481304   -.5079048
_Ischool_~78 |  -.4599518    .031007   -14.83   0.000    -.5228994   -.3970042
_Ischool_~79 |   .0897569   .0489947     1.83   0.075    -.0097075    .1892214
_Ischool_~80 |   .8214608   .0497371    16.52   0.000     .7204891    .9224325
_Ischool_~82 |  -.6555185   .0217086   -30.20   0.000    -.6995892   -.6114477
_Ischool_~86 |  -.7732461   .0419184   -18.45   0.000     -.858345   -.6881472
_Ischool_~87 |  -.4768312   .0357389   -13.34   0.000    -.5493851   -.4042774
_Ischool_~93 |  -.4186965   .0316423   -13.23   0.000    -.4829337   -.3544593
_Ischool_~94 |  -.6643761   .0408075   -16.28   0.000    -.7472198   -.5815324
_Ischool_~96 |  -.0072984   .0393592    -0.19   0.854    -.0872018    .0726049
_Ischool_~97 |   .2652927   .0398974     6.65   0.000     .1842966    .3462887
       _cons |   1.629726   .1068019    15.26   0.000     1.412907    1.846546
------------------------------------------------------------------------------

    Variable |        Obs        Mean    Std. Dev.       Min        Max
-------------+---------------------------------------------------------
     yeladim |      4,181    .8342502    1.108701          0          8
.04704176
i.year            _Iyear_2000-2001    (naturally coded; _Iyear_2000 omitted)
i.school_code     _Ischool_co_3-97    (naturally coded; _Ischool_co_3 omitted)

Linear regression                               Number of obs     =      8,438
                                                F(11, 35)         =          .
                                                Prob > F          =          .
                                                R-squared         =     0.2396
                                                Root MSE          =     2.3194

                           (Std. Err. adjusted for 36 clusters in school_code)
------------------------------------------------------------------------------
             |               Robust
age_at_mar~y |      Coef.   Std. Err.      t    P>|t|     [95% Conf. Interval]
-------------+----------------------------------------------------------------
afterXtrea~t |  -.3465086   .1967933    -1.76   0.087    -.7460203     .053003
    att_lgcr |  -.0593257   .0305158    -1.94   0.060    -.1212762    .0026247
    att_lgsc |   .0062193   .0035967     1.73   0.093    -.0010824    .0135211
    awr_lgcr |   .0509935   .0279266     1.83   0.076    -.0057006    .1076876
  e_awr_lgcr |   -.031673   .0719103    -0.44   0.662    -.1776587    .1143126
      asiafr |   .0145869   .0744929     0.20   0.846    -.1366417    .1658156
         ole |   .0639352   .5126322     0.12   0.901    -.9767636    1.104634
         boy |   2.014989   .2380972     8.46   0.000     1.531626    2.498352
      educav |  -.0163021   .0273926    -0.60   0.556     -.071912    .0393079
      educem |  -.0151842   .0241599    -0.63   0.534    -.0642313     .033863
      m_ahim |   .0142244   .0376137     0.38   0.708    -.0621355    .0905842
 _Iyear_2001 |    .022694   .1406078     0.16   0.873     -.262755     .308143
_Ischool_~_8 |   .5295952   .0369104    14.35   0.000     .4546631    .6045273
_Ischool_~_9 |   1.626397    .159077    10.22   0.000     1.303453     1.94934
_Ischool_~11 |   1.248113   .1434057     8.70   0.000     .9569837    1.539242
_Ischool_~13 |   .9750786   .1538694     6.34   0.000     .6627071     1.28745
_Ischool_~24 |  -1.210589   .2045339    -5.92   0.000    -1.625815    -.795363
_Ischool_~27 |  -.2255134   .0826831    -2.73   0.010    -.3933689   -.0576578
_Ischool_~28 |   1.736981    .196061     8.86   0.000     1.338956    2.135006
_Ischool_~29 |   .5831001   .3026695     1.93   0.062    -.0313517    1.197552
_Ischool_~30 |    1.66184   .1815928     9.15   0.000     1.293187    2.030493
_Ischool_~33 |   1.541597   .2989906     5.16   0.000     .9346138     2.14858
_Ischool_~34 |   2.075459    .301584     6.88   0.000      1.46321    2.687707
_Ischool_~41 |   .9842126   .2283176     4.31   0.000     .5207033    1.447722
_Ischool_~42 |   2.155519   .1851194    11.64   0.000     1.779706    2.531331
_Ischool_~43 |   2.082157   .1626248    12.80   0.000     1.752011    2.412303
_Ischool_~46 |   .0360789   .0708319     0.51   0.614    -.1077175    .1798752
_Ischool_~53 |   1.674263   .1418176    11.81   0.000     1.386358    1.962169
_Ischool_~55 |   .7035722   .1441409     4.88   0.000     .4109506    .9961937
_Ischool_~56 |  -.0944939    .176005    -0.54   0.595     -.451803    .2628152
_Ischool_~57 |   .7157504   .1617583     4.42   0.000     .3873636    1.044137
_Ischool_~69 |   2.590955   .1955817    13.25   0.000     2.193903    2.988007
_Ischool_~70 |   2.602346   .2099521    12.39   0.000      2.17612    3.028571
_Ischool_~71 |   .8062259   .1707293     4.72   0.000     .4596271    1.152825
_Ischool_~73 |   .2937218   .2922137     1.01   0.322    -.2995036    .8869471
_Ischool_~74 |   1.506088   .1742794     8.64   0.000     1.152282    1.859894
_Ischool_~75 |   1.109312   .1745529     6.36   0.000     .7549505    1.463673
_Ischool_~78 |    .794329   .1879865     4.23   0.000     .4126962    1.175962
_Ischool_~79 |   .3360392   .2525102     1.33   0.192    -.1765838    .8486621
_Ischool_~80 |  -.7487938   .2428769    -3.08   0.004     -1.24186   -.2557275
_Ischool_~82 |   1.440382   .1300543    11.08   0.000     1.176358    1.704407
_Ischool_~86 |   1.941523   .1768001    10.98   0.000       1.5826    2.300446
_Ischool_~87 |   1.324169   .1748381     7.57   0.000     .9692286    1.679109
_Ischool_~93 |   .8877549   .1751457     5.07   0.000     .5321901     1.24332
_Ischool_~94 |   1.539616   .1667769     9.23   0.000     1.201041    1.878191
_Ischool_~96 |  -.3890448   .2206529    -1.76   0.087    -.8369939    .0589043
_Ischool_~97 |  -1.688573   .2221862    -7.60   0.000    -2.139635   -1.237511
       _cons |   22.77207   .3819715    59.62   0.000     21.99663    23.54752
------------------------------------------------------------------------------

    Variable |        Obs        Mean    Std. Dev.       Min        Max
-------------+---------------------------------------------------------
age_at_mar~y |      2,440    24.34631    2.966422         16         31
i.year            _Iyear_2000-2001    (naturally coded; _Iyear_2000 omitted)
i.school_code     _Ischool_co_3-97    (naturally coded; _Ischool_co_3 omitted)

Linear regression                               Number of obs     =      8,438
                                                F(11, 35)         =          .
                                                Prob > F          =          .
                                                R-squared         =     0.2476
                                                Root MSE          =     27.666

                           (Std. Err. adjusted for 36 clusters in school_code)
------------------------------------------------------------------------------
             |               Robust
age_at_mar~e |      Coef.   Std. Err.      t    P>|t|     [95% Conf. Interval]
-------------+----------------------------------------------------------------
afterXtrea~t |  -4.627833   2.446417    -1.89   0.067    -9.594323    .3386568
    att_lgcr |  -.8077189   .3616145    -2.23   0.032    -1.541835   -.0736024
    att_lgsc |   .0749347   .0411806     1.82   0.077    -.0086664    .1585357
    awr_lgcr |   .6969372   .3342179     2.09   0.044     .0184388    1.375436
  e_awr_lgcr |  -.4045626   .8497732    -0.48   0.637    -2.129694    1.320569
      asiafr |    .057688   .9254066     0.06   0.951    -1.820987    1.936363
         ole |   .6789712   6.204805     0.11   0.913    -11.91745     13.2754
         boy |   24.63444   2.782916     8.85   0.000     18.98482    30.28406
      educav |  -.2476391   .3001036    -0.83   0.415    -.8568819    .3616037
      educem |  -.1729206   .2720599    -0.64   0.529    -.7252315    .3793903
      m_ahim |   .0946063   .4483309     0.21   0.834    -.8155538    1.004766
 _Iyear_2001 |   .6373924   1.813062     0.35   0.727    -3.043319    4.318104
_Ischool_~_8 |   6.623766   .4436272    14.93   0.000     5.723155    7.524377
_Ischool_~_9 |   20.03518   1.931151    10.37   0.000     16.11473    23.95562
_Ischool_~11 |   15.23046   1.744591     8.73   0.000     11.68875    18.77217
_Ischool_~13 |   11.69334    1.83471     6.37   0.000     7.968677    15.41799
_Ischool_~24 |  -15.05308   2.451562    -6.14   0.000    -20.03002   -10.07614
_Ischool_~27 |  -3.139691   1.029724    -3.05   0.004    -5.230143    -1.04924
_Ischool_~28 |   21.20122    2.37109     8.94   0.000     16.38765    26.01479
_Ischool_~29 |   8.179409   3.583418     2.28   0.029     .9046839    15.45413
_Ischool_~30 |   20.73313   2.193357     9.45   0.000     16.28037    25.18588
_Ischool_~33 |   19.87897   3.584722     5.55   0.000     12.60159    27.15634
_Ischool_~34 |   25.16426   3.608897     6.97   0.000     17.83781    32.49071
_Ischool_~41 |   12.72467   2.660384     4.78   0.000     7.323805    18.12554
_Ischool_~42 |   26.55005   2.198129    12.08   0.000     22.08761    31.01249
_Ischool_~43 |   25.57776   1.935439    13.22   0.000     21.64861    29.50691
_Ischool_~46 |   .0878785   .7726483     0.11   0.910    -1.480681    1.656438
_Ischool_~53 |   20.60313   1.751151    11.77   0.000      17.0481    24.15815
_Ischool_~55 |   8.770058   1.733268     5.06   0.000     5.251336    12.28878
_Ischool_~56 |  -1.210857   2.065657    -0.59   0.562    -5.404363     2.98265
_Ischool_~57 |   8.882636   1.947666     4.56   0.000     4.928664    12.83661
_Ischool_~69 |   30.50346   2.277877    13.39   0.000     25.87912     35.1278
_Ischool_~70 |   31.22258   2.540347    12.29   0.000      26.0654    36.37976
_Ischool_~71 |    9.64455   2.047533     4.71   0.000     5.487837    13.80126
_Ischool_~73 |   3.301082    3.50928     0.94   0.353    -3.823135     10.4253
_Ischool_~74 |   18.54032     2.0614     8.99   0.000     14.35546    22.72518
_Ischool_~75 |   13.08142   2.079161     6.29   0.000     8.860499    17.30234
_Ischool_~78 |   10.26976   2.230477     4.60   0.000     5.741653    14.79787
_Ischool_~79 |   4.061741   2.949869     1.38   0.177    -1.926811    10.05029
_Ischool_~80 |  -10.00582   2.853279    -3.51   0.001    -15.79829   -4.213356
_Ischool_~82 |   17.73584   1.545174    11.48   0.000     14.59897    20.87271
_Ischool_~86 |   24.10309   2.143893    11.24   0.000     19.75075    28.45542
_Ischool_~87 |   15.20845   2.078521     7.32   0.000     10.98882    19.42807
_Ischool_~93 |   11.17901   2.107383     5.30   0.000     6.900791    15.45722
_Ischool_~94 |   18.81044   2.026233     9.28   0.000     14.69697    22.92391
_Ischool_~96 |  -4.876109   2.639306    -1.85   0.073    -10.23418    .4819674
_Ischool_~97 |  -19.84007   2.653294    -7.48   0.000    -25.22654   -14.45359
       _cons |   273.9028   4.573886    59.88   0.000     264.6173    283.1883
------------------------------------------------------------------------------

    Variable |        Obs        Mean    Std. Dev.       Min        Max
-------------+---------------------------------------------------------
age_at_mar~e |      2,440    292.4873    35.57845        198        368
2.4464166
i.year            _Iyear_2000-2001    (naturally coded; _Iyear_2000 omitted)
i.school_code     _Ischool_co_3-97    (naturally coded; _Ischool_co_3 omitted)

Linear regression                               Number of obs     =      6,403
                                                F(11, 35)         =          .
                                                Prob > F          =          .
                                                R-squared         =     0.2058
                                                Root MSE          =      2.286

                           (Std. Err. adjusted for 36 clusters in school_code)
------------------------------------------------------------------------------
             |               Robust
age_at_fir~y |      Coef.   Std. Err.      t    P>|t|     [95% Conf. Interval]
-------------+----------------------------------------------------------------
afterXtrea~t |  -.3119978   .2137282    -1.46   0.153    -.7458892    .1218937
    att_lgcr |  -.0503297   .0343876    -1.46   0.152    -.1201402    .0194808
    att_lgsc |   .0092934   .0033772     2.75   0.009     .0024374    .0161495
    awr_lgcr |   .0503756   .0321189     1.57   0.126    -.0148293    .1155805
  e_awr_lgcr |  -.0809746   .0654638    -1.24   0.224    -.2138732    .0519239
      asiafr |   .1516213   .0761513     1.99   0.054    -.0029742    .3062167
         ole |   .4188234   .6641548     0.63   0.532    -.9294824    1.767129
         boy |   1.863249   .2227306     8.37   0.000     1.411081    2.315416
      educav |  -.0212069   .0211545    -1.00   0.323    -.0641529     .021739
      educem |   .0122659   .0192706     0.64   0.529    -.0268554    .0513873
      m_ahim |    .022759    .040716     0.56   0.580    -.0598989     .105417
 _Iyear_2001 |  -.1177257   .1395339    -0.84   0.405    -.4009947    .1655432
_Ischool_~_8 |   .9031109   .0480766    18.78   0.000     .8055102    1.000712
_Ischool_~_9 |   1.780403   .1566349    11.37   0.000     1.462417    2.098389
_Ischool_~11 |   1.836647   .1678343    10.94   0.000     1.495925    2.177369
_Ischool_~13 |   1.592082   .1938283     8.21   0.000      1.19859    1.985575
_Ischool_~24 |  -.2263473   .1982374    -1.14   0.261    -.6287907    .1760961
_Ischool_~27 |   .1762533   .0946498     1.86   0.071     -.015896    .3684025
_Ischool_~28 |   2.168945   .1960744    11.06   0.000     1.770893    2.566997
_Ischool_~29 |   1.183007   .2559545     4.62   0.000     .6633913    1.702622
_Ischool_~30 |   2.071226   .1840534    11.25   0.000     1.697578    2.444875
_Ischool_~33 |   1.419364   .4435231     3.20   0.003     .5189642    2.319764
_Ischool_~34 |   2.135621   .4005266     5.33   0.000     1.322509    2.948734
_Ischool_~41 |   1.350447   .1912315     7.06   0.000     .9622262    1.738667
_Ischool_~42 |    2.35732   .2013473    11.71   0.000     1.948563    2.766077
_Ischool_~43 |   2.467823   .1712968    14.41   0.000     2.120072    2.815574
_Ischool_~46 |   .1737784   .0629885     2.76   0.009      .045905    .3016518
_Ischool_~53 |    2.15482   .1805706    11.93   0.000     1.788242    2.521398
_Ischool_~55 |   .2191255   .1607909     1.36   0.182    -.1072975    .5455485
_Ischool_~56 |   .2004866   .1990077     1.01   0.321    -.2035205    .6044936
_Ischool_~57 |   1.148172   .1795847     6.39   0.000     .7835959    1.512749
_Ischool_~69 |   2.490305   .1822294    13.67   0.000      2.12036     2.86025
_Ischool_~70 |   2.728827   .2129483    12.81   0.000     2.296519    3.161135
_Ischool_~71 |   1.162003   .1662401     6.99   0.000     .8245182    1.499489
_Ischool_~73 |   .9343451   .2914453     3.21   0.003     .3426797    1.526011
_Ischool_~74 |   1.912278   .1886634    10.14   0.000     1.529271    2.295285
_Ischool_~75 |   1.507461   .1916011     7.87   0.000      1.11849    1.896432
_Ischool_~78 |   1.011863   .1725158     5.87   0.000      .661637    1.362089
_Ischool_~79 |   .7589777   .2233341     3.40   0.002     .3055855     1.21237
_Ischool_~80 |  -.1681254   .2146746    -0.78   0.439    -.6039379    .2676871
_Ischool_~82 |   1.508777   .1279976    11.79   0.000     1.248928    1.768626
_Ischool_~86 |   2.071954   .1828102    11.33   0.000      1.70083    2.443078
_Ischool_~87 |   1.529371   .1911127     8.00   0.000     1.141392    1.917351
_Ischool_~93 |   1.265621    .179038     7.07   0.000     .9021549    1.629088
_Ischool_~94 |   1.915955    .171045    11.20   0.000     1.568716    2.263195
_Ischool_~96 |   .3054947   .2069324     1.48   0.149    -.1146005    .7255898
_Ischool_~97 |  -.9883624   .2175547    -4.54   0.000    -1.430022   -.5467029
       _cons |   22.99389   .4058909    56.65   0.000     22.16989    23.81789
------------------------------------------------------------------------------

    Variable |        Obs        Mean    Std. Dev.       Min        Max
-------------+---------------------------------------------------------
age_at_fir~y |      1,884    25.30361    2.743634         17         31
i.year            _Iyear_2000-2001    (naturally coded; _Iyear_2000 omitted)
i.school_code     _Ischool_co_3-97    (naturally coded; _Ischool_co_3 omitted)

Linear regression                               Number of obs     =      6,403
                                                F(11, 35)         =          .
                                                Prob > F          =          .
                                                R-squared         =     0.2130
                                                Root MSE          =     27.009

                           (Std. Err. adjusted for 36 clusters in school_code)
------------------------------------------------------------------------------
             |               Robust
age_at_fir~h |      Coef.   Std. Err.      t    P>|t|     [95% Conf. Interval]
-------------+----------------------------------------------------------------
afterXtrea~t |  -3.848881   2.557014    -1.51   0.141    -9.039895    1.342133
    att_lgcr |  -.5830299   .4069066    -1.43   0.161    -1.409094    .2430344
    att_lgsc |   .1141065   .0424185     2.69   0.011     .0279924    .2002206
    awr_lgcr |   .5620928   .3974989     1.41   0.166    -.2448728    1.369058
  e_awr_lgcr |  -1.346814   .7589051    -1.77   0.085    -2.887473    .1938455
      asiafr |   1.544574   1.098694     1.41   0.169    -.6858935    3.775042
         ole |   4.130643   8.501418     0.49   0.630    -13.12815    21.38944
         boy |   22.16812   2.565588     8.64   0.000      16.9597    27.37654
      educav |  -.3189093   .2413038    -1.32   0.195    -.8087822    .1709635
      educem |   .1262263   .2241454     0.56   0.577    -.3288129    .5812656
      m_ahim |   .1730672   .4692168     0.37   0.714    -.7794936    1.125628
 _Iyear_2001 |  -1.449177   1.655172    -0.88   0.387    -4.809355    1.911001
_Ischool_~_8 |   10.67063   .6169152    17.30   0.000     9.418225    11.92303
_Ischool_~_9 |   20.57931   1.913108    10.76   0.000     16.69549    24.46312
_Ischool_~11 |   20.97642   2.098715     9.99   0.000      16.7158    25.23703
_Ischool_~13 |    18.4743   2.313444     7.99   0.000     13.77776    23.17084
_Ischool_~24 |  -5.004591   2.439444    -2.05   0.048    -9.956925   -.0522574
_Ischool_~27 |   1.463044   1.128075     1.30   0.203    -.8270696    3.753158
_Ischool_~28 |   25.60018   2.379958    10.76   0.000      20.7686    30.43175
_Ischool_~29 |   13.84215   2.957341     4.68   0.000     7.838432    19.84587
_Ischool_~30 |   24.60174   2.221749    11.07   0.000     20.09135    29.11213
_Ischool_~33 |   17.61131   5.491661     3.21   0.003     6.462641    28.75997
_Ischool_~34 |   25.55734   4.915551     5.20   0.000     15.57824    35.53644
_Ischool_~41 |    15.9102   2.252505     7.06   0.000     11.33737    20.48303
_Ischool_~42 |   27.90831   2.402248    11.62   0.000     23.03149    32.78514
_Ischool_~43 |   28.70915   2.064115    13.91   0.000     24.51878    32.89953
_Ischool_~46 |    3.22079   .7323905     4.40   0.000     1.733958    4.707621
_Ischool_~53 |   24.78968   2.198882    11.27   0.000     20.32571    29.25364
_Ischool_~55 |   3.269632   1.977718     1.65   0.107    -.7453492    7.284613
_Ischool_~56 |   1.879512   2.333611     0.81   0.426    -2.857971    6.616995
_Ischool_~57 |   12.93487   2.167858     5.97   0.000     8.533888    17.33586
_Ischool_~69 |   27.29329   2.121381    12.87   0.000     22.98666    31.59992
_Ischool_~70 |   31.31962   2.518179    12.44   0.000     26.20745     36.4318
_Ischool_~71 |   13.28438   2.020733     6.57   0.000     9.182077    17.38669
_Ischool_~73 |   9.897399   3.543057     2.79   0.008     2.704612    17.09019
_Ischool_~74 |   22.77488   2.234523    10.19   0.000     18.23856    27.31121
_Ischool_~75 |   16.93684   2.264581     7.48   0.000      12.3395    21.53418
_Ischool_~78 |   11.69835   2.054552     5.69   0.000     7.527385    15.86931
_Ischool_~79 |   8.653612   2.588243     3.34   0.002       3.3992    13.90802
_Ischool_~80 |  -3.896831   2.506718    -1.55   0.129     -8.98574    1.192078
_Ischool_~82 |   17.37675   1.548876    11.22   0.000     14.23236    20.52113
_Ischool_~86 |    23.9978   2.200899    10.90   0.000     19.52974    28.46587
_Ischool_~87 |   17.60017   2.252177     7.81   0.000     13.02801    22.17234
_Ischool_~93 |   14.79841   2.177966     6.79   0.000     10.37691    19.21992
_Ischool_~94 |   22.62835   2.058129    10.99   0.000     18.45013    26.80658
_Ischool_~96 |   1.915112    2.55388     0.75   0.458    -3.269539    7.099764
_Ischool_~97 |  -12.73467   2.665671    -4.78   0.000    -18.14627   -7.323071
       _cons |    277.919    5.08359    54.67   0.000     267.5988    288.2392
------------------------------------------------------------------------------

    Variable |        Obs        Mean    Std. Dev.       Min        Max
-------------+---------------------------------------------------------
age_at_fir~h |      1,884     303.457    32.63708        203        369
i.year            _Iyear_2000-2001    (naturally coded; _Iyear_2000 omitted)
i.school_code     _Ischool_co_3-97    (naturally coded; _Ischool_co_3 omitted)

Linear regression                               Number of obs     =     15,959
                                                F(11, 35)         =          .
                                                Prob > F          =          .
                                                R-squared         =     0.6171
                                                Root MSE          =     13.091

                           (Std. Err. adjusted for 36 clusters in school_code)
------------------------------------------------------------------------------
             |               Robust
      wbonus |      Coef.   Std. Err.      t    P>|t|     [95% Conf. Interval]
-------------+----------------------------------------------------------------
afterXtrea~t |   2.945788   1.302626     2.26   0.030     .3013154     5.59026
    att_lgcr |  -.5351434   .3750284    -1.43   0.162    -1.296492    .2262048
    att_lgsc |   .5576653   .0722522     7.72   0.000     .4109854    .7043451
    awr_lgcr |   1.773665   .4027473     4.40   0.000     .9560442    2.591285
  e_awr_lgcr |  -.7192059   .2998559    -2.40   0.022    -1.327946    -.110466
      asiafr |  -.0839483   .6699688    -0.13   0.901    -1.444057    1.276161
         ole |  -1.037347   1.558734    -0.67   0.510    -4.201746    2.127051
         boy |  -1.385925   .5898954    -2.35   0.025    -2.583476   -.1883739
      educav |    .333102   .1049335     3.17   0.003     .1200756    .5461284
      educem |   .0806155   .0779533     1.03   0.308    -.0776381     .238869
      m_ahim |  -.3655703   .0829676    -4.41   0.000    -.5340035   -.1971372
 _Iyear_2001 |  -1.873021    1.14198    -1.64   0.110    -4.191363    .4453213
_Ischool_~_8 |  -2.255399    .132333   -17.04   0.000    -2.524049   -1.986748
_Ischool_~_9 |   4.067839   1.306758     3.11   0.004      1.41498    6.720698
_Ischool_~11 |    1.19922   .9031587     1.33   0.193    -.6342897    3.032729
_Ischool_~13 |   3.308579   .7384017     4.48   0.000     1.809544    4.807614
_Ischool_~24 |  -3.901855   .8657912    -4.51   0.000    -5.659504   -2.144205
_Ischool_~27 |   5.348233   .9414403     5.68   0.000     3.437008    7.259459
_Ischool_~28 |   -.645671   1.007384    -0.64   0.526    -2.690769    1.399427
_Ischool_~29 |   1.918975   .8250461     2.33   0.026     .2440423    3.593908
_Ischool_~30 |   -3.48278   .6791087    -5.13   0.000    -4.861444   -2.104116
_Ischool_~33 |   1.615666   .8090859     2.00   0.054    -.0268654    3.258198
_Ischool_~34 |   4.819318   1.483309     3.25   0.003     1.808041    7.830596
_Ischool_~41 |   3.554722   .6303253     5.64   0.000     2.275094     4.83435
_Ischool_~42 |   5.270374   .4885599    10.79   0.000     4.278544    6.262203
_Ischool_~43 |   4.665582   .4464489    10.45   0.000     3.759242    5.571921
_Ischool_~46 |   9.959682     .49525    20.11   0.000     8.954272    10.96509
_Ischool_~53 |  -2.352736   .4649223    -5.06   0.000    -3.296578   -1.408893
_Ischool_~55 |  -.4603628   .7089296    -0.65   0.520    -1.899566    .9788408
_Ischool_~56 |   .6831759   .4619357     1.48   0.148    -.2546033    1.620955
_Ischool_~57 |   .2865258   .9334654     0.31   0.761     -1.60851    2.181561
_Ischool_~69 |    6.39162   .9388972     6.81   0.000     4.485557    8.297683
_Ischool_~70 |  -6.507432   1.129757    -5.76   0.000    -8.800961   -4.213902
_Ischool_~71 |   1.509183   .6234084     2.42   0.021     .2435967    2.774769
_Ischool_~73 |   7.281556   1.092175     6.67   0.000     5.064323    9.498789
_Ischool_~74 |  -.0586101   .4177696    -0.14   0.889    -.9067274    .7895073
_Ischool_~75 |  -2.473091   .3832202    -6.45   0.000    -3.251069   -1.695112
_Ischool_~78 |   2.356735   .6582652     3.58   0.001     1.020385    3.693084
_Ischool_~79 |   3.181805   .4888129     6.51   0.000     2.189462    4.174148
_Ischool_~80 |   1.143493   .5235497     2.18   0.036     .0806306    2.206356
_Ischool_~82 |   -1.80559    .390688    -4.62   0.000    -2.598729   -1.012451
_Ischool_~86 |   .0104764   .9764475     0.01   0.992    -1.971817     1.99277
_Ischool_~87 |  -4.840122   .4347289   -11.13   0.000    -5.722669   -3.957575
_Ischool_~93 |   .1174333   .6276348     0.19   0.853    -1.156733      1.3916
_Ischool_~94 |  -2.853119   1.137356    -2.51   0.017    -5.162074   -.5441641
_Ischool_~96 |  -3.552152   1.400825    -2.54   0.016    -6.395978   -.7083273
_Ischool_~97 |  -1.809212   1.620529    -1.12   0.272     -5.09906    1.480637
       _cons |   31.39342   4.597454     6.83   0.000     22.06009    40.72675
------------------------------------------------------------------------------

    Variable |        Obs        Mean    Std. Dev.       Min        Max
-------------+---------------------------------------------------------
      wbonus |      4,181     73.3434    22.94139          0     113.73
i.year            _Iyear_2000-2001    (naturally coded; _Iyear_2000 omitted)
i.school_code     _Ischool_co_3-97    (naturally coded; _Ischool_co_3 omitted)

Linear regression                               Number of obs     =     15,959
                                                F(11, 35)         =          .
                                                Prob > F          =          .
                                                R-squared         =     0.4176
                                                Root MSE          =     .38004

                           (Std. Err. adjusted for 36 clusters in school_code)
------------------------------------------------------------------------------
             |               Robust
    zakaibag |      Coef.   Std. Err.      t    P>|t|     [95% Conf. Interval]
-------------+----------------------------------------------------------------
afterXtrea~t |   .0240707   .0249644     0.96   0.342    -.0266097     .074751
    att_lgcr |  -.0436741   .0069579    -6.28   0.000    -.0577994   -.0295488
    att_lgsc |   .0061521   .0006773     9.08   0.000     .0047771    .0075271
    awr_lgcr |   .1015435   .0064095    15.84   0.000     .0885314    .1145555
  e_awr_lgcr |  -.0634317   .0079317    -8.00   0.000     -.079534   -.0473294
      asiafr |  -.0265277    .005732    -4.63   0.000    -.0381643   -.0148912
         ole |   .1281331    .039414     3.25   0.003     .0481184    .2081479
         boy |  -.0430258   .0108577    -3.96   0.000    -.0650682   -.0209834
      educav |   .0084764   .0033286     2.55   0.015     .0017189    .0152339
      educem |  -.0000618   .0027204    -0.02   0.982    -.0055844    .0054609
      m_ahim |   .0019596   .0025496     0.77   0.447    -.0032165    .0071356
 _Iyear_2001 |   .0118398   .0163811     0.72   0.475    -.0214156    .0450952
_Ischool_~_8 |   .0310337   .0035209     8.81   0.000      .023886    .0381814
_Ischool_~_9 |  -.0106559   .0201708    -0.53   0.601    -.0516047    .0302929
_Ischool_~11 |   .1892764   .0196077     9.65   0.000     .1494706    .2290822
_Ischool_~13 |  -.0089737    .022805    -0.39   0.696    -.0552702    .0373229
_Ischool_~24 |   .1231248   .0194266     6.34   0.000     .0836867    .1625629
_Ischool_~27 |   .0442124   .0136769     3.23   0.003     .0164467    .0719781
_Ischool_~28 |   .0341191   .0178699     1.91   0.064    -.0021586    .0703968
_Ischool_~29 |  -.1738658   .0212749    -8.17   0.000    -.2170562   -.1306754
_Ischool_~30 |  -.0672726   .0137465    -4.89   0.000    -.0951795   -.0393657
_Ischool_~33 |  -.1018836    .024289    -4.19   0.000    -.1511928   -.0525743
_Ischool_~34 |   .1565371    .033426     4.68   0.000     .0886788    .2243955
_Ischool_~41 |   .1641756   .0183893     8.93   0.000     .1268433     .201508
_Ischool_~42 |  -.0316069   .0108162    -2.92   0.006    -.0535649   -.0096489
_Ischool_~43 |   .0747096   .0107945     6.92   0.000     .0527956    .0966236
_Ischool_~46 |   .0568747   .0104674     5.43   0.000     .0356247    .0781247
_Ischool_~53 |  -.0391415    .015914    -2.46   0.019    -.0714487   -.0068343
_Ischool_~55 |   .1282284    .019136     6.70   0.000     .0893803    .1670765
_Ischool_~56 |  -.1952211   .0083086   -23.50   0.000    -.2120886   -.1783537
_Ischool_~57 |    .080548    .021056     3.83   0.001      .037802     .123294
_Ischool_~69 |   .2107826   .0211385     9.97   0.000     .1678691     .253696
_Ischool_~70 |  -.1620228   .0169227    -9.57   0.000    -.1963778   -.1276679
_Ischool_~71 |  -.0344103    .011621    -2.96   0.005    -.0580021   -.0108185
_Ischool_~73 |   .1199011   .0193458     6.20   0.000      .080627    .1591751
_Ischool_~74 |  -.0052129   .0106532    -0.49   0.628      -.02684    .0164142
_Ischool_~75 |  -.1034544   .0088477   -11.69   0.000    -.1214162   -.0854927
_Ischool_~78 |   .0102199   .0166932     0.61   0.544     -.023669    .0441088
_Ischool_~79 |   .0680509   .0094224     7.22   0.000     .0489224    .0871794
_Ischool_~80 |   .0484648   .0089387     5.42   0.000     .0303182    .0666114
_Ischool_~82 |  -.0596004   .0058736   -10.15   0.000    -.0715245   -.0476764
_Ischool_~86 |   .0259257   .0159889     1.62   0.114    -.0065335    .0583848
_Ischool_~87 |  -.0382081   .0103047    -3.71   0.001    -.0591278   -.0172884
_Ischool_~93 |   .0876052   .0179284     4.89   0.000     .0512086    .1240019
_Ischool_~94 |   -.058494   .0176738    -3.31   0.002    -.0943737   -.0226143
_Ischool_~96 |   .1354279   .0268283     5.05   0.000     .0809635    .1898923
_Ischool_~97 |   .1158411   .0223014     5.19   0.000     .0705668    .1611155
       _cons |  -.1279926   .0385729    -3.32   0.002    -.2062997   -.0496855
------------------------------------------------------------------------------

    Variable |        Obs        Mean    Std. Dev.       Min        Max
-------------+---------------------------------------------------------
    zakaibag |      4,181    .5379096    .4986204          0          1
i.year            _Iyear_2000-2001    (naturally coded; _Iyear_2000 omitted)
i.school_code     _Ischool_co_3-97    (naturally coded; _Ischool_co_3 omitted)

Linear regression                               Number of obs     =     15,959
                                                F(11, 35)         =          .
                                                Prob > F          =          .
                                                R-squared         =     0.6183
                                                Root MSE          =     5.8067

                           (Std. Err. adjusted for 36 clusters in school_code)
------------------------------------------------------------------------------
             |               Robust
       units |      Coef.   Std. Err.      t    P>|t|     [95% Conf. Interval]
-------------+----------------------------------------------------------------
afterXtrea~t |    .890387   .4459668     2.00   0.054    -.0149738    1.795748
    att_lgcr |   .8107137   .2165801     3.74   0.001     .3710328    1.250395
    att_lgsc |   .1763134   .0216358     8.15   0.000     .1323904    .2202364
    awr_lgcr |   .5240807   .1626951     3.22   0.003     .1937921    .8543692
  e_awr_lgcr |  -1.306053   .1836366    -7.11   0.000    -1.678855   -.9332506
      asiafr |  -.7172083   .1613676    -4.44   0.000    -1.044802   -.3896146
         ole |   1.875032   .7418555     2.53   0.016     .3689852    3.381079
         boy |   .0016298   .4076089     0.00   0.997    -.8258604    .8291199
      educav |    .072005   .0325532     2.21   0.034     .0059184    .1380916
      educem |   .0738976   .0501281     1.47   0.149    -.0278679     .175663
      m_ahim |  -.0789341   .0472679    -1.67   0.104    -.1748931    .0170248
 _Iyear_2001 |  -.7043124   .3906461    -1.80   0.080    -1.497366    .0887414
_Ischool_~_8 |  -2.778219   .0849311   -32.71   0.000    -2.950639     -2.6058
_Ischool_~_9 |   .0349182   .7454454     0.05   0.963    -1.478416    1.548253
_Ischool_~11 |  -4.286082   .4365464    -9.82   0.000    -5.172318   -3.399846
_Ischool_~13 |  -1.415635   .3480266    -4.07   0.000    -2.122166   -.7091034
_Ischool_~24 |  -5.499713    .496103   -11.09   0.000    -6.506855    -4.49257
_Ischool_~27 |   .0368655   .4625597     0.08   0.937    -.9021805    .9759116
_Ischool_~28 |  -3.603446    .535843    -6.72   0.000    -4.691265   -2.515627
_Ischool_~29 |  -8.145947   .5496978   -14.82   0.000    -9.261893   -7.030002
_Ischool_~30 |  -5.452663   .2953583   -18.46   0.000    -6.052272   -4.853054
_Ischool_~33 |  -4.923293    .526154    -9.36   0.000    -5.991443   -3.855144
_Ischool_~34 |  -2.270508   .8594007    -2.64   0.012    -4.015184   -.5258317
_Ischool_~41 |   -3.62956   .4411063    -8.23   0.000    -4.525053   -2.734066
_Ischool_~42 |  -5.440279   .3414047   -15.93   0.000    -6.133368   -4.747191
_Ischool_~43 |  -5.144569   .2932503   -17.54   0.000    -5.739899    -4.54924
_Ischool_~46 |  -2.201622   .2476221    -8.89   0.000    -2.704321   -1.698922
_Ischool_~53 |  -3.389162   .1762593   -19.23   0.000    -3.746987   -3.031337
_Ischool_~55 |   1.717326   .3379004     5.08   0.000     1.031352      2.4033
_Ischool_~56 |  -7.175449   .3513992   -20.42   0.000    -7.888828   -6.462071
_Ischool_~57 |  -2.125116   .5553934    -3.83   0.001    -3.252624   -.9976073
_Ischool_~69 |  -5.133542   .5153192    -9.96   0.000    -6.179695   -4.087388
_Ischool_~70 |  -4.835745   .5181913    -9.33   0.000     -5.88773   -3.783761
_Ischool_~71 |  -5.688003   .4197696   -13.55   0.000    -6.540181   -4.835825
_Ischool_~73 |   3.430925   .6829157     5.02   0.000     2.044532    4.817317
_Ischool_~74 |  -3.910788   .3091989   -12.65   0.000    -4.538496   -3.283081
_Ischool_~75 |  -7.728778   .2501005   -30.90   0.000    -8.236509   -7.221048
_Ischool_~78 |  -1.341489    .324023    -4.14   0.000    -1.999291   -.6836878
_Ischool_~79 |  -4.159038   .3813952   -10.90   0.000    -4.933311   -3.384764
_Ischool_~80 |  -2.890611   .3631791    -7.96   0.000    -3.627904   -2.153318
_Ischool_~82 |  -7.419267   .2421019   -30.65   0.000     -7.91076   -6.927774
_Ischool_~86 |  -5.581989    .461846   -12.09   0.000    -6.519586   -4.644392
_Ischool_~87 |  -6.698363   .3109547   -21.54   0.000    -7.329635   -6.067091
_Ischool_~93 |  -4.349416   .3308737   -13.15   0.000    -5.021125   -3.677707
_Ischool_~94 |  -6.875442   .5710799   -12.04   0.000    -8.034795   -5.716088
_Ischool_~96 |  -3.047641   .8459854    -3.60   0.001    -4.765083   -1.330199
_Ischool_~97 |  -5.004558    .724644    -6.91   0.000    -6.475664   -3.533453
       _cons |   7.503852   1.545322     4.86   0.000     4.366682    10.64102
------------------------------------------------------------------------------

    Variable |        Obs        Mean    Std. Dev.       Min        Max
-------------+---------------------------------------------------------
       units |      4,181    22.38771    10.18236          0         45
i.year            _Iyear_2000-2001    (naturally coded; _Iyear_2000 omitted)
i.school_code     _Ischool_co_3-97    (naturally coded; _Ischool_co_3 omitted)

Linear regression                               Number of obs     =     15,959
                                                F(11, 35)         =          .
                                                Prob > F          =          .
                                                R-squared         =     0.5694
                                                Root MSE          =     1.1005

                           (Std. Err. adjusted for 36 clusters in school_code)
------------------------------------------------------------------------------
             |               Robust
     mik_mug |      Coef.   Std. Err.      t    P>|t|     [95% Conf. Interval]
-------------+----------------------------------------------------------------
afterXtrea~t |   .2170936   .1146172     1.89   0.067    -.0155917    .4497789
    att_lgcr |   -.030128   .0482239    -0.62   0.536    -.1280276    .0677717
    att_lgsc |   .0207164   .0041765     4.96   0.000     .0122376    .0291953
    awr_lgcr |   .2587231   .0246155    10.51   0.000     .2087508    .3086953
  e_awr_lgcr |  -.2405566   .0378559    -6.35   0.000    -.3174081    -.163705
      asiafr |  -.1426481   .0299876    -4.76   0.000    -.2035262     -.08177
         ole |   .4330392   .1205594     3.59   0.001     .1882906    .6777879
         boy |  -.0439612   .0395052    -1.11   0.273     -.124161    .0362386
      educav |     .03178   .0072501     4.38   0.000     .0170614    .0464985
      educem |   .0193711   .0078464     2.47   0.019      .003442    .0353002
      m_ahim |  -.0409034   .0086158    -4.75   0.000    -.0583944   -.0234124
 _Iyear_2001 |  -.1612864   .0991912    -1.63   0.113    -.3626553    .0400826
_Ischool_~_8 |  -.9410121   .0219786   -42.81   0.000     -.985631   -.8963933
_Ischool_~_9 |  -.2791555   .2541963    -1.10   0.280    -.7952015    .2368905
_Ischool_~11 |   -.112614   .1121978    -1.00   0.322    -.3403876    .1151596
_Ischool_~13 |  -.2128141   .0686574    -3.10   0.004    -.3521959   -.0734322
_Ischool_~24 |  -.5726022    .149545    -3.83   0.001    -.8761947   -.2690096
_Ischool_~27 |   1.127471   .1148588     9.82   0.000     .8942957    1.360647
_Ischool_~28 |  -.5544888   .2003764    -2.77   0.009    -.9612746    -.147703
_Ischool_~29 |  -.2355126   .0760246    -3.10   0.004    -.3898507   -.0811744
_Ischool_~30 |  -.4433119    .116691    -3.80   0.001    -.6802072   -.2064166
_Ischool_~33 |  -.4312851   .1703751    -2.53   0.016    -.7771648   -.0854053
_Ischool_~34 |  -.2043487   .2723813    -0.75   0.458    -.7573121    .3486146
_Ischool_~41 |   -.361302   .1056773    -3.42   0.002    -.5758384   -.1467656
_Ischool_~42 |  -.3766409    .111483    -3.38   0.002    -.6029635   -.1503183
_Ischool_~43 |  -.3975687   .1148294    -3.46   0.001    -.6306848   -.1644526
_Ischool_~46 |   .7878634   .0637183    12.36   0.000     .6585084    .9172184
_Ischool_~53 |  -.3085934   .0627409    -4.92   0.000    -.4359642   -.1812225
_Ischool_~55 |   -.146222   .0858985    -1.70   0.098    -.3206053    .0281612
_Ischool_~56 |  -1.218627   .0307487   -39.63   0.000    -1.281051   -1.156204
_Ischool_~57 |  -.2920365   .1739794    -1.68   0.102    -.6452335    .0611606
_Ischool_~69 |  -.4870391   .1726523    -2.82   0.008    -.8375419   -.1365363
_Ischool_~70 |  -.7262944   .1995592    -3.64   0.001    -1.131421   -.3211677
_Ischool_~71 |  -.5231459   .1323147    -3.95   0.000    -.7917589   -.2545329
_Ischool_~73 |  -.2823119   .1430166    -1.97   0.056    -.5726509    .0080272
_Ischool_~74 |  -.1007333   .1069771    -0.94   0.353    -.3179083    .1164417
_Ischool_~75 |  -.8555661   .0953927    -8.97   0.000    -1.049224   -.6619087
_Ischool_~78 |   .4419396   .0792012     5.58   0.000     .2811525    .6027266
_Ischool_~79 |  -.1883359    .050845    -3.70   0.001    -.2915568    -.085115
_Ischool_~80 |  -.2070443   .0592649    -3.49   0.001    -.3273584   -.0867301
_Ischool_~82 |  -.7604046   .0435392   -17.46   0.000    -.8487938   -.6720154
_Ischool_~86 |  -.6312178   .1766179    -3.57   0.001    -.9897711   -.2726645
_Ischool_~87 |  -1.047223   .1068625    -9.80   0.000    -1.264165   -.8302805
_Ischool_~93 |  -.7394547   .0679296   -10.89   0.000    -.8773591   -.6015504
_Ischool_~94 |  -.7982072   .2027392    -3.94   0.000     -1.20979   -.3866247
_Ischool_~96 |    .692789    .263759     2.63   0.013     .1573298    1.228248
_Ischool_~97 |   .1679048   .1963939     0.85   0.398    -.2307961    .5666057
       _cons |   .0921243   .1962063     0.47   0.642    -.3061957    .4904442
------------------------------------------------------------------------------

    Variable |        Obs        Mean    Std. Dev.       Min        Max
-------------+---------------------------------------------------------
     mik_mug |      4,181    2.518058    1.820661          0          7
i.year            _Iyear_2000-2001    (naturally coded; _Iyear_2000 omitted)
i.school_code     _Ischool_co_3-97    (naturally coded; _Ischool_co_3 omitted)

Linear regression                               Number of obs     =     15,958
                                                F(11, 35)         =          .
                                                Prob > F          =          .
                                                R-squared         =     0.3318
                                                Root MSE          =      .6601

                           (Std. Err. adjusted for 36 clusters in school_code)
------------------------------------------------------------------------------
             |               Robust
      madmug |      Coef.   Std. Err.      t    P>|t|     [95% Conf. Interval]
-------------+----------------------------------------------------------------
afterXtrea~t |   .1486138   .0708456     2.10   0.043     .0047896     .292438
    att_lgcr |  -.0633041   .0181007    -3.50   0.001    -.1000505   -.0265577
    att_lgsc |   .0051858   .0020807     2.49   0.018     .0009617    .0094098
    awr_lgcr |   .1441336   .0117969    12.22   0.000     .1201846    .1680826
  e_awr_lgcr |  -.0374639   .0277851    -1.35   0.186    -.0938707     .018943
      asiafr |  -.0564925   .0217209    -2.60   0.014    -.1005882   -.0123968
         ole |   .2833533   .0739034     3.83   0.001     .1333214    .4333853
         boy |   .0176725   .0221559     0.80   0.430    -.0273064    .0626515
      educav |   .0161015   .0041819     3.85   0.000     .0076118    .0245912
      educem |   .0077928   .0035675     2.18   0.036     .0005505    .0150351
      m_ahim |  -.0210362   .0046383    -4.54   0.000    -.0304524     -.01162
 _Iyear_2001 |  -.1122485   .0632793    -1.77   0.085    -.2407122    .0162152
_Ischool_~_8 |   .0813908     .01363     5.97   0.000     .0537205    .1090612
_Ischool_~_9 |  -.0492679   .1265819    -0.39   0.699    -.3062429     .207707
_Ischool_~11 |   .2299628   .0627091     3.67   0.001     .1026565    .3572691
_Ischool_~13 |   .4188491   .0387422    10.81   0.000     .3401982    .4974999
_Ischool_~24 |   .2961723   .0707853     4.18   0.000     .1524704    .4398741
_Ischool_~27 |   .8264464   .0558453    14.80   0.000     .7130745    .9398183
_Ischool_~28 |   .1817463    .098127     1.85   0.072    -.0174622    .3809548
_Ischool_~29 |   .2162201   .0547121     3.95   0.000     .1051487    .3272915
_Ischool_~30 |   .3730022   .0576245     6.47   0.000     .2560182    .4899862
_Ischool_~33 |   .0467396   .0804619     0.58   0.565    -.1166067    .2100858
_Ischool_~34 |    .069469   .1309056     0.53   0.599    -.1962835    .3352216
_Ischool_~41 |   .1990657   .0529753     3.76   0.001     .0915202    .3066112
_Ischool_~42 |   .1685354   .0470469     3.58   0.001     .0730252    .2640457
_Ischool_~43 |   .4611809   .0524093     8.80   0.000     .3547844    .5675774
_Ischool_~46 |   .4615535   .0300648    15.35   0.000     .4005187    .5225883
_Ischool_~53 |   .1158568   .0363242     3.19   0.003     .0421148    .1895989
_Ischool_~55 |   .1721461   .0502647     3.42   0.002     .0701032    .2741889
_Ischool_~56 |  -.1385907   .0134187   -10.33   0.000     -.165832   -.1113494
_Ischool_~57 |   .1888966   .0851547     2.22   0.033     .0160233    .3617699
_Ischool_~69 |   .5499591   .0808003     6.81   0.000     .3859256    .7139925
_Ischool_~70 |  -.2170009   .0996468    -2.18   0.036    -.4192945   -.0147072
_Ischool_~71 |    .182808   .0628023     2.91   0.006     .0553127    .3103034
_Ischool_~73 |   .2926337   .0711864     4.11   0.000     .1481177    .4371496
_Ischool_~74 |   .5650368   .0557913    10.13   0.000     .4517744    .6782992
_Ischool_~75 |   .1090142   .0467488     2.33   0.026     .0141091    .2039193
_Ischool_~78 |   .5609439   .0434416    12.91   0.000     .4727527     .649135
_Ischool_~79 |   .2396218   .0267762     8.95   0.000     .1852632    .2939805
_Ischool_~80 |  -.1641696   .0279171    -5.88   0.000    -.2208443   -.1074948
_Ischool_~82 |    .253128   .0217447    11.64   0.000     .2089839    .2972722
_Ischool_~86 |   .1690567   .0895729     1.89   0.067     -.012786    .3508994
_Ischool_~87 |   .1801153   .0549057     3.28   0.002     .0686509    .2915797
_Ischool_~93 |   .0870538   .0410458     2.12   0.041     .0037263    .1703812
_Ischool_~94 |   .0831843   .1025021     0.81   0.423     -.124906    .2912745
_Ischool_~96 |   .5125191   .1190386     4.31   0.000     .2708578    .7541804
_Ischool_~97 |   .5897147   .0820721     7.19   0.000     .4230995    .7563299
       _cons |  -.5565235   .0740934    -7.51   0.000    -.7069411   -.4061059
------------------------------------------------------------------------------

    Variable |        Obs        Mean    Std. Dev.       Min        Max
-------------+---------------------------------------------------------
      madmug |      4,181    .5180579    .8166753          0          4
14
16
18

.                         
.                         
.                         
.                                 
. 
. 
. 
.         log close
      name:  <unnamed>
       log:  W:\victor_lavi\Incoming\olim1\elior\Teachers Bonuses\logs\DID_T2_N
> E_25JulNE4q.log
  log type:  text
 closed on:  25 Jul 2019, 13:25:19
-------------------------------------------------------------------------------
