-------------------------------------------------------------------------------
      name:  <unnamed>
       log:  W:\victor_lavi\Incoming\olim1\elior\Teachers Bonuses\logs\DID_T2_N
> E_25JulRD4q.log
  log type:  text
 opened on:  25 Jul 2019, 13:25:14
(16,955 observations deleted)
i.year            _Iyear_2000-2001    (naturally coded; _Iyear_2000 omitted)
i.school_code     _Ischool_co_1-97    (naturally coded; _Ischool_co_1 omitted)
note: _Ischool_co_12 omitted because of collinearity
note: _Ischool_co_33 omitted because of collinearity
note: _Ischool_co_37 omitted because of collinearity
note: _Ischool_co_76 omitted because of collinearity
note: _Ischool_co_88 omitted because of collinearity
note: _Ischool_co_91 omitted because of collinearity

Linear regression                               Number of obs     =     11,599
                                                F(11, 20)         =          .
                                                Prob > F          =          .
                                                R-squared         =     0.1016
                                                Root MSE          =     .47458

                           (Std. Err. adjusted for 21 clusters in school_code)
------------------------------------------------------------------------------
             |               Robust
     married |      Coef.   Std. Err.      t    P>|t|     [95% Conf. Interval]
-------------+----------------------------------------------------------------
afterXtrea~t |   -.021642   .0216638    -1.00   0.330    -.0668318    .0235478
    att_lgcr |   .0084855   .0089292     0.95   0.353    -.0101405    .0271115
    att_lgsc |  -.0009099   .0003214    -2.83   0.010    -.0015803   -.0002395
    awr_lgcr |  -.0037183   .0104506    -0.36   0.726    -.0255178    .0180812
  e_awr_lgcr |   -.023768   .0151044    -1.57   0.131    -.0552753    .0077393
      asiafr |    .023003   .0155159     1.48   0.154    -.0093626    .0553686
         ole |   .0553808   .0595358     0.93   0.363    -.0688086    .1795702
         boy |  -.2382803   .0138845   -17.16   0.000    -.2672429   -.2093177
      educav |   .0018024   .0026768     0.67   0.508    -.0037814    .0073861
      educem |  -.0006127   .0025462    -0.24   0.812    -.0059239    .0046985
      m_ahim |   .0056495   .0060977     0.93   0.365    -.0070701    .0183692
 _Iyear_2001 |  -.0639663   .0101181    -6.32   0.000    -.0850724   -.0428602
_Ischool_~_3 |   .3190797   .0206621    15.44   0.000     .2759793    .3621802
_Ischool_~_8 |   .3323623   .0205916    16.14   0.000     .2894089    .3753157
_Ischool_c~9 |   .1876333   .0170809    10.98   0.000     .1520032    .2232634
_Ischool_~11 |   .1492482   .0130057    11.48   0.000     .1221188    .1763777
_Ischool_~12 |          0  (omitted)
_Ischool_~27 |   .4047844   .0232462    17.41   0.000     .3562936    .4532752
_Ischool_~30 |   .0511483   .0158622     3.22   0.004     .0180602    .0842363
_Ischool_~33 |          0  (omitted)
_Ischool_~37 |          0  (omitted)
_Ischool_~42 |  -.0579135   .0153527    -3.77   0.001    -.0899387   -.0258884
_Ischool_~53 |   .0783041   .0143171     5.47   0.000     .0484391    .1081691
_Ischool_~56 |   .1818097    .017084    10.64   0.000      .146173    .2174464
_Ischool_~70 |  -.1311991   .0203029    -6.46   0.000    -.1735501    -.088848
_Ischool_~71 |   .1737144    .014581    11.91   0.000      .143299    .2041298
_Ischool_~73 |   .0558798    .024182     2.31   0.032      .005437    .1063226
_Ischool_~74 |   .0944201   .0178743     5.28   0.000     .0571349    .1317054
_Ischool_~75 |   .1278025   .0148732     8.59   0.000     .0967775    .1588275
_Ischool_~76 |          0  (omitted)
_Ischool_~78 |   .1302939   .0155241     8.39   0.000     .0979112    .1626766
_Ischool_~86 |   .0910727   .0135932     6.70   0.000     .0627179    .1194276
_Ischool_~87 |   .1739991   .0154801    11.24   0.000     .1417081    .2062901
_Ischool_~88 |          0  (omitted)
_Ischool_~91 |          0  (omitted)
_Ischool_~94 |   .1177621   .0140472     8.38   0.000     .0884602    .1470641
_Ischool_~96 |   .3493043   .0178022    19.62   0.000     .3121694    .3864391
_Ischool_~97 |   .3676422   .0202545    18.15   0.000     .3253921    .4098923
       _cons |   .5164771   .0581306     8.88   0.000     .3952188    .6377355
------------------------------------------------------------------------------

    Variable |        Obs        Mean    Std. Dev.       Min        Max
-------------+---------------------------------------------------------
     married |      3,074    .5380612    .4986304          0          1
.02166376
i.year            _Iyear_2000-2001    (naturally coded; _Iyear_2000 omitted)
i.school_code     _Ischool_co_1-97    (naturally coded; _Ischool_co_1 omitted)
note: _Ischool_co_12 omitted because of collinearity
note: _Ischool_co_33 omitted because of collinearity
note: _Ischool_co_37 omitted because of collinearity
note: _Ischool_co_76 omitted because of collinearity
note: _Ischool_co_88 omitted because of collinearity
note: _Ischool_co_91 omitted because of collinearity

Linear regression                               Number of obs     =     11,599
                                                F(11, 20)         =          .
                                                Prob > F          =          .
                                                R-squared         =     0.1383
                                                Root MSE          =     .45633

                           (Std. Err. adjusted for 21 clusters in school_code)
------------------------------------------------------------------------------
             |               Robust
        kids |      Coef.   Std. Err.      t    P>|t|     [95% Conf. Interval]
-------------+----------------------------------------------------------------
afterXtrea~t |  -.0036931   .0180133    -0.21   0.840    -.0412682     .033882
    att_lgcr |   .0114091   .0062626     1.82   0.083    -.0016545    .0244727
    att_lgsc |  -.0013031   .0003992    -3.26   0.004    -.0021359   -.0004703
    awr_lgcr |  -.0116132   .0083477    -1.39   0.179    -.0290262    .0057998
  e_awr_lgcr |  -.0197728   .0119327    -1.66   0.113    -.0446639    .0051183
      asiafr |   .0283275   .0167779     1.69   0.107    -.0066705    .0633255
         ole |   .0622726   .0585742     1.06   0.300     -.059911    .1844562
         boy |  -.2771518   .0155393   -17.84   0.000    -.3095663   -.2447373
      educav |  -.0023722   .0056034    -0.42   0.677    -.0140607    .0093163
      educem |   .0028222   .0039744     0.71   0.486    -.0054683    .0111128
      m_ahim |   .0053776   .0059461     0.90   0.377    -.0070257    .0177809
 _Iyear_2001 |  -.0928636   .0122166    -7.60   0.000     -.118347   -.0673802
_Ischool_~_3 |   .3811691   .0274266    13.90   0.000     .3239582      .43838
_Ischool_~_8 |    .350411   .0229314    15.28   0.000      .302577     .398245
_Ischool_c~9 |   .1950797   .0200082     9.75   0.000     .1533432    .2368161
_Ischool_~11 |   .1847455   .0206475     8.95   0.000     .1416757    .2278153
_Ischool_~12 |          0  (omitted)
_Ischool_~27 |    .468412   .0301547    15.53   0.000     .4055105    .5313135
_Ischool_~30 |   .0959964   .0216095     4.44   0.000     .0509199    .1410729
_Ischool_~33 |          0  (omitted)
_Ischool_~37 |          0  (omitted)
_Ischool_~42 |   .0053789   .0181937     0.30   0.771    -.0325726    .0433303
_Ischool_~53 |   .1123005   .0214523     5.23   0.000     .0675517    .1570493
_Ischool_~56 |   .2454369   .0239063    10.27   0.000     .1955691    .2953046
_Ischool_~70 |  -.0565167   .0232734    -2.43   0.025    -.1050641   -.0079693
_Ischool_~71 |   .2338042   .0204685    11.42   0.000     .1911076    .2765008
_Ischool_~73 |   .2497893   .0335849     7.44   0.000     .1797324    .3198463
_Ischool_~74 |   .1523606   .0177295     8.59   0.000     .1153775    .1893437
_Ischool_~75 |   .1804344   .0241076     7.48   0.000     .1301469    .2307219
_Ischool_~76 |          0  (omitted)
_Ischool_~78 |   .2136725   .0232018     9.21   0.000     .1652743    .2620707
_Ischool_~86 |   .0954823   .0179609     5.32   0.000     .0580165    .1329481
_Ischool_~87 |   .2531561   .0198165    12.78   0.000     .2118196    .2944926
_Ischool_~88 |          0  (omitted)
_Ischool_~91 |          0  (omitted)
_Ischool_~94 |    .151984   .0184171     8.25   0.000     .1135667    .1904013
_Ischool_~96 |   .3865265   .0219096    17.64   0.000     .3408238    .4322292
_Ischool_~97 |   .4359104   .0267455    16.30   0.000     .3801202    .4917005
       _cons |   .4319727   .0681776     6.34   0.000     .2897567    .5741887
------------------------------------------------------------------------------

    Variable |        Obs        Mean    Std. Dev.       Min        Max
-------------+---------------------------------------------------------
        kids |      3,074    .4258295    .4945486          0          1
.0180133
i.year            _Iyear_2000-2001    (naturally coded; _Iyear_2000 omitted)
i.school_code     _Ischool_co_1-97    (naturally coded; _Ischool_co_1 omitted)
note: _Ischool_co_12 omitted because of collinearity
note: _Ischool_co_33 omitted because of collinearity
note: _Ischool_co_37 omitted because of collinearity
note: _Ischool_co_76 omitted because of collinearity
note: _Ischool_co_88 omitted because of collinearity
note: _Ischool_co_91 omitted because of collinearity

Linear regression                               Number of obs     =     11,599
                                                F(11, 20)         =          .
                                                Prob > F          =          .
                                                R-squared         =     0.1771
                                                Root MSE          =     .89451

                           (Std. Err. adjusted for 21 clusters in school_code)
------------------------------------------------------------------------------
             |               Robust
     yeladim |      Coef.   Std. Err.      t    P>|t|     [95% Conf. Interval]
-------------+----------------------------------------------------------------
afterXtrea~t |   .0110008   .0574503     0.19   0.850    -.1088385    .1308401
    att_lgcr |   .0230769   .0129957     1.78   0.091    -.0040316    .0501854
    att_lgsc |  -.0032221   .0012191    -2.64   0.016    -.0057651    -.000679
    awr_lgcr |  -.0155876   .0180151    -0.87   0.397    -.0531666    .0219913
  e_awr_lgcr |  -.0352235   .0255601    -1.38   0.183    -.0885409    .0180939
      asiafr |  -.0132629   .0340408    -0.39   0.701    -.0842709     .057745
         ole |   .1302514   .1253893     1.04   0.311    -.1313061     .391809
         boy |  -.5790374   .0619038    -9.35   0.000    -.7081663   -.4499084
      educav |   .0029411   .0080611     0.36   0.719    -.0138741    .0197563
      educem |  -.0012524    .004619    -0.27   0.789    -.0108875    .0083827
      m_ahim |    .025546   .0108527     2.35   0.029     .0029076    .0481844
 _Iyear_2001 |  -.1983086   .0465012    -4.26   0.000    -.2953085   -.1013087
_Ischool_~_3 |   .9296968   .0536278    17.34   0.000     .8178311    1.041563
_Ischool_~_8 |   .6770977   .0480339    14.10   0.000     .5769007    .7772947
_Ischool_c~9 |   .3986764   .0340606    11.70   0.000     .3276272    .4697255
_Ischool_~11 |   .3170564   .0374497     8.47   0.000     .2389377    .3951751
_Ischool_~12 |          0  (omitted)
_Ischool_~27 |   .9983275   .0556485    17.94   0.000     .8822467    1.114408
_Ischool_~30 |   .1299544   .0333937     3.89   0.001     .0602964    .1996124
_Ischool_~33 |          0  (omitted)
_Ischool_~37 |          0  (omitted)
_Ischool_~42 |   .0248073   .0290039     0.86   0.403    -.0356938    .0853085
_Ischool_~53 |   .2048163   .0293644     6.97   0.000     .1435633    .2660694
_Ischool_~56 |    .745017   .0409911    18.18   0.000      .659511     .830523
_Ischool_~70 |  -.1109787   .0437432    -2.54   0.020    -.2022253    -.019732
_Ischool_~71 |   .4166304    .035326    11.79   0.000     .3429417    .4903191
_Ischool_~73 |   .6026674   .0758559     7.94   0.000     .4444348    .7609001
_Ischool_~74 |   .2629521   .0269219     9.77   0.000      .206794    .3191102
_Ischool_~75 |    .335947   .0273586    12.28   0.000      .278878    .3930159
_Ischool_~76 |          0  (omitted)
_Ischool_~78 |   .4210061   .0393237    10.71   0.000     .3389783    .5030338
_Ischool_~86 |   .1391282   .0285638     4.87   0.000     .0795451    .1987112
_Ischool_~87 |   .4446012   .0236994    18.76   0.000     .3951651    .4940373
_Ischool_~88 |          0  (omitted)
_Ischool_~91 |          0  (omitted)
_Ischool_~94 |   .2616609   .0289687     9.03   0.000     .2012331    .3220886
_Ischool_~96 |   .8928612   .0491024    18.18   0.000     .7904353    .9952871
_Ischool_~97 |   1.156806   .0578907    19.98   0.000     1.036048    1.277564
       _cons |   .7439942   .1240723     6.00   0.000     .4851839    1.002805
------------------------------------------------------------------------------

    Variable |        Obs        Mean    Std. Dev.       Min        Max
-------------+---------------------------------------------------------
     yeladim |      3,074    .7582954    1.041197          0          6
.05745034
i.year            _Iyear_2000-2001    (naturally coded; _Iyear_2000 omitted)
i.school_code     _Ischool_co_1-97    (naturally coded; _Ischool_co_1 omitted)
note: _Ischool_co_11 omitted because of collinearity
note: _Ischool_co_12 omitted because of collinearity
note: _Ischool_co_37 omitted because of collinearity
note: _Ischool_co_76 omitted because of collinearity
note: _Ischool_co_88 omitted because of collinearity
note: _Ischool_co_91 omitted because of collinearity

Linear regression                               Number of obs     =      6,149
                                                F(11, 20)         =          .
                                                Prob > F          =          .
                                                R-squared         =     0.2405
                                                Root MSE          =     2.2958

                           (Std. Err. adjusted for 21 clusters in school_code)
------------------------------------------------------------------------------
             |               Robust
age_at_mar~y |      Coef.   Std. Err.      t    P>|t|     [95% Conf. Interval]
-------------+----------------------------------------------------------------
afterXtrea~t |  -.5319594   .2223724    -2.39   0.027      -.99582   -.0680988
    att_lgcr |  -.0616505   .0373893    -1.65   0.115    -.1396431    .0163421
    att_lgsc |   .0058404   .0041845     1.40   0.178    -.0028884    .0145692
    awr_lgcr |   .0522535   .0323721     1.61   0.122    -.0152735    .1197805
  e_awr_lgcr |   .0194764    .082873     0.24   0.817    -.1533936    .1923464
      asiafr |   .0204211   .0897652     0.23   0.822    -.1668258     .207668
         ole |  -.5770937   .5341328    -1.08   0.293    -1.691275    .5370877
         boy |   2.146329   .2698822     7.95   0.000     1.583364    2.709293
      educav |  -.0007007   .0364608    -0.02   0.985    -.0767566    .0753551
      educem |  -.0178935     .03233    -0.55   0.586    -.0853326    .0495457
      m_ahim |   .0042593   .0510248     0.08   0.934    -.1021766    .1106952
 _Iyear_2001 |   .1371872   .1712876     0.80   0.433    -.2201125     .494487
_Ischool_~_3 |  -1.405563   .1923234    -7.31   0.000    -1.806743   -1.004384
_Ischool_~_8 |  -.8865071   .1732555    -5.12   0.000    -1.247912   -.5251025
_Ischool_c~9 |   .3514088   .0743745     4.72   0.000     .1962662    .5065513
_Ischool_~11 |          0  (omitted)
_Ischool_~12 |          0  (omitted)
_Ischool_~27 |  -1.572341   .2004896    -7.84   0.000    -1.990555   -1.154127
_Ischool_~30 |   .4345503   .0940453     4.62   0.000     .2383753    .6307253
_Ischool_~33 |     .50866   .2161802     2.35   0.029     .0577161     .959604
_Ischool_~37 |          0  (omitted)
_Ischool_~42 |   .8849515   .0900502     9.83   0.000     .6971101    1.072793
_Ischool_~53 |   .4317628   .1243545     3.47   0.002     .1723638    .6911619
_Ischool_~56 |  -1.394091    .118763   -11.74   0.000    -1.641827   -1.146356
_Ischool_~70 |   1.389963   .1381717    10.06   0.000     1.101742    1.678184
_Ischool_~71 |  -.4942189   .1040398    -4.75   0.000    -.7112422   -.2771957
_Ischool_~73 |  -.8938765   .2513126    -3.56   0.002    -1.418105   -.3696476
_Ischool_~74 |   .1794017   .0757619     2.37   0.028     .0213652    .3374383
_Ischool_~75 |  -.1723831     .08691    -1.98   0.061    -.3536743     .008908
_Ischool_~76 |          0  (omitted)
_Ischool_~78 |  -.4046433   .0883714    -4.58   0.000    -.5889829   -.2203037
_Ischool_~86 |    .711101   .0926076     7.68   0.000     .5179249    .9042771
_Ischool_~87 |   .0057184   .0931432     0.06   0.952    -.1885748    .2000117
_Ischool_~88 |          0  (omitted)
_Ischool_~91 |          0  (omitted)
_Ischool_~94 |   .2772266   .0702985     3.94   0.001     .1305865    .4238667
_Ischool_~96 |  -1.596913   .1681082    -9.50   0.000    -1.947581   -1.246246
_Ischool_~97 |  -2.880442   .1718186   -16.76   0.000    -3.238849   -2.522035
       _cons |   23.90247   .4080807    58.57   0.000     23.05123    24.75371
------------------------------------------------------------------------------

    Variable |        Obs        Mean    Std. Dev.       Min        Max
-------------+---------------------------------------------------------
age_at_mar~y |      1,746    24.59622    2.884037         16         30
i.year            _Iyear_2000-2001    (naturally coded; _Iyear_2000 omitted)
i.school_code     _Ischool_co_1-97    (naturally coded; _Ischool_co_1 omitted)
note: _Ischool_co_11 omitted because of collinearity
note: _Ischool_co_12 omitted because of collinearity
note: _Ischool_co_37 omitted because of collinearity
note: _Ischool_co_76 omitted because of collinearity
note: _Ischool_co_88 omitted because of collinearity
note: _Ischool_co_91 omitted because of collinearity

Linear regression                               Number of obs     =      6,149
                                                F(11, 20)         =          .
                                                Prob > F          =          .
                                                R-squared         =     0.2472
                                                Root MSE          =     27.403

                           (Std. Err. adjusted for 21 clusters in school_code)
------------------------------------------------------------------------------
             |               Robust
age_at_mar~e |      Coef.   Std. Err.      t    P>|t|     [95% Conf. Interval]
-------------+----------------------------------------------------------------
afterXtrea~t |  -6.976742   2.722874    -2.56   0.019    -12.65656   -1.296926
    att_lgcr |   -.777521   .4444185    -1.75   0.096    -1.704562    .1495199
    att_lgsc |   .0695971   .0477488     1.46   0.160    -.0300051    .1691992
    awr_lgcr |   .6744322    .398426     1.69   0.106    -.1566699    1.505534
  e_awr_lgcr |   .0434608   .9859169     0.04   0.965    -2.013126    2.100047
      asiafr |   .0961578   1.133221     0.08   0.933      -2.2677    2.460016
         ole |  -7.404545     6.1979    -1.19   0.246    -20.33314    5.524049
         boy |   26.21221   3.106289     8.44   0.000      19.7326    32.69181
      educav |  -.0425307   .3936374    -0.11   0.915     -.863644    .7785826
      educem |  -.1996663   .3598382    -0.55   0.585    -.9502756    .5509431
      m_ahim |  -.0042448   .6393385    -0.01   0.995    -1.337882    1.329392
 _Iyear_2001 |   2.138164   2.179755     0.98   0.338    -2.408727    6.685054
_Ischool_~_3 |  -17.29214    2.31009    -7.49   0.000    -22.11091   -12.47338
_Ischool_~_8 |  -10.75999   2.071334    -5.19   0.000    -15.08072   -6.439266
_Ischool_c~9 |   4.545861   .9158779     4.96   0.000     2.635374    6.456349
_Ischool_~11 |          0  (omitted)
_Ischool_~12 |          0  (omitted)
_Ischool_~27 |  -19.67518   2.421606    -8.12   0.000    -24.72656    -14.6238
_Ischool_~30 |   5.698421   1.130527     5.04   0.000     3.340183    8.056659
_Ischool_~33 |    7.48836    2.49999     3.00   0.007     2.273473    12.70325
_Ischool_~37 |          0  (omitted)
_Ischool_~42 |   11.05209   1.081676    10.22   0.000     8.795753    13.30843
_Ischool_~53 |   5.382598   1.508928     3.57   0.002     2.235028    8.530167
_Ischool_~56 |  -17.15607   1.437977   -11.93   0.000    -20.15564   -14.15651
_Ischool_~70 |   16.40756    1.67287     9.81   0.000     12.91801     19.8971
_Ischool_~71 |  -6.242807   1.265772    -4.93   0.000    -8.883162   -3.602452
_Ischool_~73 |  -11.06776    3.00932    -3.68   0.001    -17.34509   -4.790424
_Ischool_~74 |   2.318614   .9260186     2.50   0.021     .3869735    4.250255
_Ischool_~75 |  -2.567391   1.066637    -2.41   0.026    -4.792356   -.3424254
_Ischool_~76 |          0  (omitted)
_Ischool_~78 |  -4.402392   1.041421    -4.23   0.000    -6.574759   -2.230025
_Ischool_~86 |   9.123664   1.139726     8.01   0.000     6.746237    11.50109
_Ischool_~87 |  -.8776008    1.19001    -0.74   0.469    -3.359917    1.604716
_Ischool_~88 |          0  (omitted)
_Ischool_~91 |          0  (omitted)
_Ischool_~94 |   3.518314   .8634267     4.07   0.001     1.717238    5.319391
_Ischool_~96 |  -19.54523    2.00488    -9.75   0.000    -23.72734   -15.36313
_Ischool_~97 |  -34.34696   2.071254   -16.58   0.000    -38.66752    -30.0264
       _cons |   287.3389   4.844072    59.32   0.000     277.2344    297.4435
------------------------------------------------------------------------------

    Variable |        Obs        Mean    Std. Dev.       Min        Max
-------------+---------------------------------------------------------
age_at_mar~e |      1,746    295.4937    34.66007        198        357
2.7228744
i.year            _Iyear_2000-2001    (naturally coded; _Iyear_2000 omitted)
i.school_code     _Ischool_co_1-97    (naturally coded; _Ischool_co_1 omitted)
note: _Ischool_co_11 omitted because of collinearity
note: _Ischool_co_12 omitted because of collinearity
note: _Ischool_co_37 omitted because of collinearity
note: _Ischool_co_76 omitted because of collinearity
note: _Ischool_co_88 omitted because of collinearity
note: _Ischool_co_91 omitted because of collinearity

Linear regression                               Number of obs     =      4,698
                                                F(11, 20)         =          .
                                                Prob > F          =          .
                                                R-squared         =     0.2144
                                                Root MSE          =     2.2697

                           (Std. Err. adjusted for 21 clusters in school_code)
------------------------------------------------------------------------------
             |               Robust
age_at_fir~y |      Coef.   Std. Err.      t    P>|t|     [95% Conf. Interval]
-------------+----------------------------------------------------------------
afterXtrea~t |  -.5470463   .2258316    -2.42   0.025    -1.018123   -.0759699
    att_lgcr |  -.0667131   .0412839    -1.62   0.122    -.1528298    .0194035
    att_lgsc |   .0086978   .0038132     2.28   0.034     .0007436     .016652
    awr_lgcr |   .0769579   .0380742     2.02   0.057    -.0024634    .1563792
  e_awr_lgcr |  -.1468445   .0546696    -2.69   0.014    -.2608832   -.0328058
      asiafr |    .206782   .0754248     2.74   0.013     .0494487    .3641154
         ole |  -.2044622   .6520519    -0.31   0.757    -1.564619    1.155694
         boy |   1.928439   .2468052     7.81   0.000     1.413612    2.443265
      educav |  -.0139628   .0265913    -0.53   0.605    -.0694312    .0415056
      educem |   .0154524   .0234634     0.66   0.518    -.0334913    .0643962
      m_ahim |    .016793   .0544938     0.31   0.761     -.096879     .130465
 _Iyear_2001 |  -.0217723   .1701354    -0.13   0.899    -.3766686     .333124
_Ischool_~_3 |  -2.080784   .2064172   -10.08   0.000    -2.511362   -1.650205
_Ischool_~_8 |   -1.12929   .1735859    -6.51   0.000    -1.491384    -.767196
_Ischool_c~9 |  -.1293612   .0879016    -1.47   0.157    -.3127208    .0539984
_Ischool_~11 |          0  (omitted)
_Ischool_~12 |          0  (omitted)
_Ischool_~27 |  -1.813465   .2248607    -8.06   0.000    -2.282516   -1.344414
_Ischool_~30 |   .1991617   .1133491     1.76   0.094    -.0372805    .4356038
_Ischool_~33 |  -.1814216   .3674704    -0.49   0.627    -.9479515    .5851082
_Ischool_~37 |          0  (omitted)
_Ischool_~42 |   .4465478   .1147411     3.89   0.001     .2072019    .6858936
_Ischool_~53 |   .2822655   .1432674     1.97   0.063    -.0165852    .5811161
_Ischool_~56 |  -1.784723   .1733964   -10.29   0.000    -2.146422   -1.423025
_Ischool_~70 |   .8242125   .1868975     4.41   0.000     .4343512    1.214074
_Ischool_~71 |  -.8089001   .0968302    -8.35   0.000    -1.010884   -.6069158
_Ischool_~73 |  -.9260836   .2048259    -4.52   0.000    -1.353343   -.4988243
_Ischool_~74 |  -.0485601   .1186468    -0.41   0.687    -.2960531    .1989329
_Ischool_~75 |  -.4678924   .1324105    -3.53   0.002    -.7440958   -.1916889
_Ischool_~76 |          0  (omitted)
_Ischool_~78 |  -.8466955   .1148956    -7.37   0.000    -1.086364   -.6070274
_Ischool_~86 |   .2077498   .1256711     1.65   0.114    -.0543956    .4698951
_Ischool_~87 |  -.4729412   .1476799    -3.20   0.004    -.7809962   -.1648862
_Ischool_~88 |          0  (omitted)
_Ischool_~91 |          0  (omitted)
_Ischool_~94 |   .0440528   .0997903     0.44   0.664    -.1641061    .2522116
_Ischool_~96 |  -1.532462   .1431658   -10.70   0.000    -1.831101   -1.233823
_Ischool_~97 |  -2.816986   .1606198   -17.54   0.000    -3.152033   -2.481939
       _cons |   24.81951    .346661    71.60   0.000     24.09639    25.54264
------------------------------------------------------------------------------

    Variable |        Obs        Mean    Std. Dev.       Min        Max
-------------+---------------------------------------------------------
age_at_fir~y |      1,309    25.52483    2.657924         17         30
i.year            _Iyear_2000-2001    (naturally coded; _Iyear_2000 omitted)
i.school_code     _Ischool_co_1-97    (naturally coded; _Ischool_co_1 omitted)
note: _Ischool_co_11 omitted because of collinearity
note: _Ischool_co_12 omitted because of collinearity
note: _Ischool_co_37 omitted because of collinearity
note: _Ischool_co_76 omitted because of collinearity
note: _Ischool_co_88 omitted because of collinearity
note: _Ischool_co_91 omitted because of collinearity

Linear regression                               Number of obs     =      4,698
                                                F(11, 20)         =          .
                                                Prob > F          =          .
                                                R-squared         =     0.2193
                                                Root MSE          =     26.857

                           (Std. Err. adjusted for 21 clusters in school_code)
------------------------------------------------------------------------------
             |               Robust
age_at_fir~h |      Coef.   Std. Err.      t    P>|t|     [95% Conf. Interval]
-------------+----------------------------------------------------------------
afterXtrea~t |   -6.70908   2.646297    -2.54   0.020    -12.22916      -1.189
    att_lgcr |  -.7040258   .5157264    -1.37   0.187    -1.779812    .3717605
    att_lgsc |   .1058731   .0484563     2.18   0.041     .0047951    .2069511
    awr_lgcr |   .8171731   .5174916     1.58   0.130    -.2622954    1.896642
  e_awr_lgcr |  -2.173319   .7936664    -2.74   0.013    -3.828879   -.5177602
      asiafr |   2.171461   1.146559     1.89   0.073    -.2202189     4.56314
         ole |  -3.504359   8.420812    -0.42   0.682    -21.06987    14.06115
         boy |   22.98249   2.867211     8.02   0.000     17.00159    28.96339
      educav |  -.2052312   .3022865    -0.68   0.505    -.8357897    .4253273
      educem |   .1518108   .2715119     0.56   0.582    -.4145531    .7181748
      m_ahim |   .1119118   .6505218     0.17   0.865    -1.245053    1.468877
 _Iyear_2001 |  -.3309232   2.047334    -0.16   0.873    -4.601588    3.939742
_Ischool_~_3 |  -23.95911   2.566347    -9.34   0.000    -29.31241    -18.6058
_Ischool_~_8 |   -12.6989   2.105188    -6.03   0.000    -17.09024   -8.307552
_Ischool_c~9 |  -1.205581   1.074009    -1.12   0.275    -3.445924    1.034762
_Ischool_~11 |          0  (omitted)
_Ischool_~12 |          0  (omitted)
_Ischool_~27 |  -21.36577   2.796025    -7.64   0.000    -27.19818   -15.53336
_Ischool_~30 |   3.214475   1.358686     2.37   0.028     .3803063    6.048643
_Ischool_~33 |  -.2878321   4.757648    -0.06   0.952    -10.21211    9.636447
_Ischool_~37 |          0  (omitted)
_Ischool_~42 |   6.152646   1.393346     4.42   0.000     3.246177    9.059116
_Ischool_~53 |   3.378133   1.750472     1.93   0.068    -.2732887    7.029554
_Ischool_~56 |  -20.86707   2.107367    -9.90   0.000    -25.26296   -16.47118
_Ischool_~70 |   9.600463   2.290034     4.19   0.000     4.823537    14.37739
_Ischool_~71 |    -9.2395   1.177396    -7.85   0.000    -11.69551   -6.783494
_Ischool_~73 |   -11.2144   2.488753    -4.51   0.000    -16.40585    -6.02295
_Ischool_~74 |     .33505   1.423643     0.24   0.816    -2.634618    3.304718
_Ischool_~75 |  -5.614775   1.643071    -3.42   0.003     -9.04216   -2.187389
_Ischool_~76 |          0  (omitted)
_Ischool_~78 |  -9.534853   1.412349    -6.75   0.000    -12.48096   -6.588744
_Ischool_~86 |    2.77138   1.544336     1.79   0.088    -.4500476    5.992809
_Ischool_~87 |   -5.26504   1.819382    -2.89   0.009    -9.060204   -1.469876
_Ischool_~88 |          0  (omitted)
_Ischool_~91 |          0  (omitted)
_Ischool_~94 |   1.356412    1.23604     1.10   0.286    -1.221922    3.934745
_Ischool_~96 |  -18.97036   1.713559   -11.07   0.000    -22.54478   -15.39593
_Ischool_~97 |  -33.51463   1.925696   -17.40   0.000    -37.53156    -29.4977
       _cons |   298.5039   4.348219    68.65   0.000     289.4337    307.5741
------------------------------------------------------------------------------

    Variable |        Obs        Mean    Std. Dev.       Min        Max
-------------+---------------------------------------------------------
age_at_fir~h |      1,309    306.1551    31.70373        203        360
i.year            _Iyear_2000-2001    (naturally coded; _Iyear_2000 omitted)
i.school_code     _Ischool_co_1-97    (naturally coded; _Ischool_co_1 omitted)
note: _Ischool_co_12 omitted because of collinearity
note: _Ischool_co_33 omitted because of collinearity
note: _Ischool_co_37 omitted because of collinearity
note: _Ischool_co_76 omitted because of collinearity
note: _Ischool_co_88 omitted because of collinearity
note: _Ischool_co_91 omitted because of collinearity

Linear regression                               Number of obs     =     11,599
                                                F(11, 20)         =          .
                                                Prob > F          =          .
                                                R-squared         =     0.5916
                                                Root MSE          =     13.586

                           (Std. Err. adjusted for 21 clusters in school_code)
------------------------------------------------------------------------------
             |               Robust
      wbonus |      Coef.   Std. Err.      t    P>|t|     [95% Conf. Interval]
-------------+----------------------------------------------------------------
afterXtrea~t |   3.823542   1.308551     2.92   0.008     1.093954    6.553131
    att_lgcr |   -.606165    .458039    -1.32   0.201    -1.561618    .3492876
    att_lgsc |   .5679479   .0887186     6.40   0.000     .3828841    .7530116
    awr_lgcr |   1.703661     .49609     3.43   0.003     .6688358    2.738487
  e_awr_lgcr |  -.6709738   .4519009    -1.48   0.153    -1.613623    .2716751
      asiafr |   .2987511   .7607985     0.39   0.699    -1.288247    1.885749
         ole |  -1.030376   1.901863    -0.54   0.594    -4.997593    2.936841
         boy |  -1.187069   .7218811    -1.64   0.116    -2.692887    .3187485
      educav |   .3387442   .1251902     2.71   0.014     .0776021    .5998864
      educem |   .0930011   .0974887     0.95   0.351    -.1103568    .2963591
      m_ahim |  -.4612941   .1000285    -4.61   0.000    -.6699498   -.2526384
 _Iyear_2001 |  -2.906372   1.054693    -2.76   0.012    -5.106423   -.7063211
_Ischool_~_3 |   -1.23923   .9975077    -1.24   0.228    -3.319995    .8415347
_Ischool_~_8 |  -3.559822   .8724558    -4.08   0.001    -5.379733   -1.739911
_Ischool_c~9 |   1.968495   .6186932     3.18   0.005     .6779232    3.259066
_Ischool_~11 |  -.4938727   1.364552    -0.36   0.721    -3.340279    2.352533
_Ischool_~12 |          0  (omitted)
_Ischool_~27 |   3.670475   .7007278     5.24   0.000     2.208783    5.132168
_Ischool_~30 |  -5.085279   .9956418    -5.11   0.000    -7.162151   -3.008406
_Ischool_~33 |          0  (omitted)
_Ischool_~37 |          0  (omitted)
_Ischool_~42 |   3.992858   1.077633     3.71   0.001     1.744955    6.240762
_Ischool_~53 |  -3.968883    1.08645    -3.65   0.002    -6.235178   -1.702588
_Ischool_~56 |  -.4504395   1.358021    -0.33   0.744    -3.283223    2.382343
_Ischool_~70 |  -8.397015   .6447107   -13.02   0.000    -9.741858   -7.052173
_Ischool_~71 |   .0732636   1.078502     0.07   0.947    -2.176452    2.322979
_Ischool_~73 |   5.960238   1.723942     3.46   0.002     2.364158    9.556318
_Ischool_~74 |  -1.510368   .8165277    -1.85   0.079    -3.213615    .1928788
_Ischool_~75 |  -3.916485   .7660065    -5.11   0.000    -5.514346   -2.318623
_Ischool_~76 |          0  (omitted)
_Ischool_~78 |   .9167896   1.152091     0.80   0.436    -1.486429    3.320009
_Ischool_~86 |  -1.890481   .5706083    -3.31   0.003    -3.080749   -.7002131
_Ischool_~87 |  -6.342075   .7693151    -8.24   0.000    -7.946838   -4.737312
_Ischool_~88 |          0  (omitted)
_Ischool_~91 |          0  (omitted)
_Ischool_~94 |  -4.812376   .7375171    -6.53   0.000     -6.35081   -3.273942
_Ischool_~96 |  -5.288087   1.366306    -3.87   0.001    -8.138151   -2.438022
_Ischool_~97 |  -3.242227   2.181401    -1.49   0.153    -7.792551    1.308097
       _cons |   33.06899   6.062603     5.45   0.000     20.42262    45.71536
------------------------------------------------------------------------------

    Variable |        Obs        Mean    Std. Dev.       Min        Max
-------------+---------------------------------------------------------
      wbonus |      3,074    73.02118    23.26425          0     113.73
i.year            _Iyear_2000-2001    (naturally coded; _Iyear_2000 omitted)
i.school_code     _Ischool_co_1-97    (naturally coded; _Ischool_co_1 omitted)
note: _Ischool_co_12 omitted because of collinearity
note: _Ischool_co_33 omitted because of collinearity
note: _Ischool_co_37 omitted because of collinearity
note: _Ischool_co_76 omitted because of collinearity
note: _Ischool_co_88 omitted because of collinearity
note: _Ischool_co_91 omitted because of collinearity

Linear regression                               Number of obs     =     11,599
                                                F(11, 20)         =          .
                                                Prob > F          =          .
                                                R-squared         =     0.3954
                                                Root MSE          =     .38895

                           (Std. Err. adjusted for 21 clusters in school_code)
------------------------------------------------------------------------------
             |               Robust
    zakaibag |      Coef.   Std. Err.      t    P>|t|     [95% Conf. Interval]
-------------+----------------------------------------------------------------
afterXtrea~t |   .0276073   .0325042     0.85   0.406    -.0401953    .0954099
    att_lgcr |  -.0454761   .0093577    -4.86   0.000    -.0649959   -.0259564
    att_lgsc |   .0060922    .000826     7.38   0.000     .0043693    .0078152
    awr_lgcr |   .1038636   .0081814    12.70   0.000     .0867976    .1209297
  e_awr_lgcr |  -.0561444   .0112241    -5.00   0.000    -.0795574   -.0327314
      asiafr |    -.03245   .0068758    -4.72   0.000    -.0467927   -.0181072
         ole |   .1040672   .0538482     1.93   0.068    -.0082582    .2163926
         boy |  -.0490767   .0145928    -3.36   0.003    -.0795167   -.0186367
      educav |   .0102462   .0044422     2.31   0.032       .00098    .0195124
      educem |   .0007336   .0035035     0.21   0.836    -.0065747    .0080419
      m_ahim |  -.0000585   .0036445    -0.02   0.987    -.0076607    .0075437
 _Iyear_2001 |  -.0031211   .0222638    -0.14   0.890    -.0495626    .0433204
_Ischool_~_3 |   .1015776   .0297953     3.41   0.003     .0394256    .1637296
_Ischool_~_8 |   .1321027   .0273837     4.82   0.000     .0749812    .1892241
_Ischool_c~9 |    .082728   .0204498     4.05   0.001     .0400704    .1253856
_Ischool_~11 |   .2985931   .0435372     6.86   0.000     .2077761    .3894102
_Ischool_~12 |          0  (omitted)
_Ischool_~27 |   .1374266   .0255108     5.39   0.000     .0842121    .1906412
_Ischool_~30 |   .0287113   .0348059     0.82   0.419    -.0438925    .1013151
_Ischool_~33 |          0  (omitted)
_Ischool_~37 |          0  (omitted)
_Ischool_~42 |   .0642173   .0202908     3.16   0.005     .0218915     .106543
_Ischool_~53 |   .0594583   .0446169     1.33   0.198     -.033611    .1525275
_Ischool_~56 |  -.0937611   .0357011    -2.63   0.016    -.1682323   -.0192899
_Ischool_~70 |  -.0730008   .0270026    -2.70   0.014    -.1293272   -.0166744
_Ischool_~71 |   .0666676   .0230708     2.89   0.009     .0185428    .1147925
_Ischool_~73 |   .2362486   .0320752     7.37   0.000     .1693409    .3031563
_Ischool_~74 |   .0903396    .026027     3.47   0.002     .0360482     .144631
_Ischool_~75 |  -.0040312    .028261    -0.14   0.888    -.0629826    .0549203
_Ischool_~76 |          0  (omitted)
_Ischool_~78 |   .1176547   .0397209     2.96   0.008     .0347984    .2005111
_Ischool_~86 |   .1197736   .0272724     4.39   0.000     .0628843    .1766629
_Ischool_~87 |    .059091   .0257853     2.29   0.033     .0053037    .1128783
_Ischool_~88 |          0  (omitted)
_Ischool_~91 |          0  (omitted)
_Ischool_~94 |   .0338125   .0249023     1.36   0.190    -.0181329    .0857579
_Ischool_~96 |   .2403888   .0251046     9.58   0.000     .1880215     .292756
_Ischool_~97 |    .221683   .0324084     6.84   0.000     .1540802    .2892858
       _cons |  -.2353346   .0705027    -3.34   0.003    -.3824007   -.0882686
------------------------------------------------------------------------------

    Variable |        Obs        Mean    Std. Dev.       Min        Max
-------------+---------------------------------------------------------
    zakaibag |      3,074      .52635    .4993864          0          1
i.year            _Iyear_2000-2001    (naturally coded; _Iyear_2000 omitted)
i.school_code     _Ischool_co_1-97    (naturally coded; _Ischool_co_1 omitted)
note: _Ischool_co_12 omitted because of collinearity
note: _Ischool_co_33 omitted because of collinearity
note: _Ischool_co_37 omitted because of collinearity
note: _Ischool_co_76 omitted because of collinearity
note: _Ischool_co_88 omitted because of collinearity
note: _Ischool_co_91 omitted because of collinearity

Linear regression                               Number of obs     =     11,599
                                                F(11, 20)         =          .
                                                Prob > F          =          .
                                                R-squared         =     0.6164
                                                Root MSE          =     6.0048

                           (Std. Err. adjusted for 21 clusters in school_code)
------------------------------------------------------------------------------
             |               Robust
       units |      Coef.   Std. Err.      t    P>|t|     [95% Conf. Interval]
-------------+----------------------------------------------------------------
afterXtrea~t |   1.241322     .50838     2.44   0.024     .1808599    2.301784
    att_lgcr |   .7203863   .2848572     2.53   0.020     .1261845    1.314588
    att_lgsc |   .1787389   .0263271     6.79   0.000     .1238216    .2336563
    awr_lgcr |   .6326704   .2033509     3.11   0.006     .2084879    1.056853
  e_awr_lgcr |  -1.328899   .2839251    -4.68   0.000    -1.921156   -.7366411
      asiafr |  -.6684657   .2195548    -3.04   0.006    -1.126449   -.2104824
         ole |   1.384208   .9813254     1.41   0.174    -.6628012    3.431217
         boy |   -.038921   .5631007    -0.07   0.946    -1.213528    1.135686
      educav |   .0729092   .0382756     1.90   0.071    -.0069322    .1527506
      educem |   .1232464   .0613839     2.01   0.058    -.0047983    .2512911
      m_ahim |  -.1355698    .060003    -2.26   0.035    -.2607338   -.0104058
 _Iyear_2001 |  -.9909762   .4496501    -2.20   0.039     -1.92893   -.0530224
_Ischool_~_3 |   4.792023   .5834966     8.21   0.000     3.574871    6.009176
_Ischool_~_8 |   2.064538   .5487217     3.76   0.001     .9199244    3.209151
_Ischool_c~9 |   4.722234   .3996884    11.81   0.000     3.888499     5.55597
_Ischool_~11 |   .7282021   .6723488     1.08   0.292    -.6742929    2.130697
_Ischool_~12 |          0  (omitted)
_Ischool_~27 |    4.55048   .5186916     8.77   0.000     3.468508    5.632452
_Ischool_~30 |  -.7759023   .4628851    -1.68   0.109    -1.741464    .1896592
_Ischool_~33 |          0  (omitted)
_Ischool_~37 |          0  (omitted)
_Ischool_~42 |  -.6700847   .3748502    -1.79   0.089    -1.452008    .1118391
_Ischool_~53 |    1.28217    .642234     2.00   0.060    -.0575065    2.621847
_Ischool_~56 |  -2.340994   .8642338    -2.71   0.014    -4.143754   -.5382337
_Ischool_~70 |  -.3578851   .3318765    -1.08   0.294    -1.050167    .3343971
_Ischool_~71 |  -.8178919   .3896382    -2.10   0.049    -1.630663   -.0051208
_Ischool_~73 |   8.694327   .7942121    10.95   0.000     7.037629    10.35102
_Ischool_~74 |   .8692228   .4491967     1.94   0.067    -.0677851    1.806231
_Ischool_~75 |  -3.008136   .4259845    -7.06   0.000    -3.896725   -2.119548
_Ischool_~76 |          0  (omitted)
_Ischool_~78 |   3.586314   .6788084     5.28   0.000     2.170345    5.002284
_Ischool_~86 |  -.9991323   .2639518    -3.79   0.001    -1.549726   -.4485386
_Ischool_~87 |  -1.961792   .4356603    -4.50   0.000    -2.870564   -1.053021
_Ischool_~88 |          0  (omitted)
_Ischool_~91 |          0  (omitted)
_Ischool_~94 |  -2.307234   .2730591    -8.45   0.000    -2.876825   -1.737642
_Ischool_~96 |   1.890497   .6107425     3.10   0.006     .6165109    3.164484
_Ischool_~97 |  -.0151487   .6995463    -0.02   0.983    -1.474377    1.444079
       _cons |   2.259428   2.044678     1.11   0.282    -2.005696    6.524551
------------------------------------------------------------------------------

    Variable |        Obs        Mean    Std. Dev.       Min        Max
-------------+---------------------------------------------------------
       units |      3,074    22.04164    10.55182          0         45
i.year            _Iyear_2000-2001    (naturally coded; _Iyear_2000 omitted)
i.school_code     _Ischool_co_1-97    (naturally coded; _Ischool_co_1 omitted)
note: _Ischool_co_12 omitted because of collinearity
note: _Ischool_co_33 omitted because of collinearity
note: _Ischool_co_37 omitted because of collinearity
note: _Ischool_co_76 omitted because of collinearity
note: _Ischool_co_88 omitted because of collinearity
note: _Ischool_co_91 omitted because of collinearity

Linear regression                               Number of obs     =     11,599
                                                F(11, 20)         =          .
                                                Prob > F          =          .
                                                R-squared         =     0.5538
                                                Root MSE          =     1.1274

                           (Std. Err. adjusted for 21 clusters in school_code)
------------------------------------------------------------------------------
             |               Robust
     mik_mug |      Coef.   Std. Err.      t    P>|t|     [95% Conf. Interval]
-------------+----------------------------------------------------------------
afterXtrea~t |   .3016785   .1148719     2.63   0.016       .06206     .541297
    att_lgcr |  -.0422346    .059039    -0.72   0.483    -.1653877    .0809186
    att_lgsc |    .022646   .0050399     4.49   0.000      .012133     .033159
    awr_lgcr |   .2550922   .0303348     8.41   0.000      .191815    .3183694
  e_awr_lgcr |  -.2809362   .0578788    -4.85   0.000    -.4016694   -.1602031
      asiafr |  -.1491782   .0408508    -3.65   0.002    -.2343914    -.063965
         ole |   .3710031    .134209     2.76   0.012     .0910481    .6509581
         boy |  -.0915541   .0431325    -2.12   0.046    -.1815268   -.0015814
      educav |   .0303956   .0082094     3.70   0.001     .0132712      .04752
      educem |   .0232948   .0100372     2.32   0.031     .0023575    .0442321
      m_ahim |  -.0435763   .0094304    -4.62   0.000    -.0632478   -.0239047
 _Iyear_2001 |  -.2428079   .0926652    -2.62   0.016     -.436104   -.0495118
_Ischool_~_3 |   .4935962   .2061685     2.39   0.027     .0635362    .9236562
_Ischool_~_8 |  -.4470897   .1826487    -2.45   0.024    -.8280882   -.0660912
_Ischool_c~9 |   .1005256   .0996418     1.01   0.325    -.1073237    .3083748
_Ischool_~11 |   .3268319   .1318848     2.48   0.022     .0517251    .6019387
_Ischool_~12 |          0  (omitted)
_Ischool_~27 |   1.561953   .1027054    15.21   0.000     1.347713    1.776193
_Ischool_~30 |  -.0263815   .1010897    -0.26   0.797    -.2372509    .1844879
_Ischool_~33 |          0  (omitted)
_Ischool_~37 |          0  (omitted)
_Ischool_~42 |   .0672358   .0813208     0.83   0.418    -.1023965     .236868
_Ischool_~53 |   .1248803   .1668268     0.75   0.463    -.2231143     .472875
_Ischool_~56 |  -.7503376   .2267525    -3.31   0.004    -1.223335   -.2773403
_Ischool_~70 |  -.3544794   .0506078    -7.00   0.000    -.4600455   -.2489133
_Ischool_~71 |  -.0884925   .0677588    -1.31   0.206     -.229835    .0528499
_Ischool_~73 |   .1482975   .0910589     1.63   0.119     -.041648     .338243
_Ischool_~74 |   .3430515   .0897553     3.82   0.001     .1558253    .5302777
_Ischool_~75 |  -.4251036   .1052455    -4.04   0.001    -.6446418   -.2055653
_Ischool_~76 |          0  (omitted)
_Ischool_~78 |    .880019   .1594773     5.52   0.000     .5473553    1.212683
_Ischool_~86 |  -.2335634   .0450358    -5.19   0.000    -.3275065   -.1396203
_Ischool_~87 |  -.6118266   .0899165    -6.80   0.000    -.7993891   -.4242641
_Ischool_~88 |          0  (omitted)
_Ischool_~91 |          0  (omitted)
_Ischool_~94 |  -.3942269   .0491595    -8.02   0.000    -.4967719   -.2916819
_Ischool_~96 |   1.075127   .1287175     8.35   0.000     .8066265    1.343627
_Ischool_~97 |   .5862286   .1043226     5.62   0.000     .3686154    .8038418
       _cons |  -.3526225   .2498408    -1.41   0.173    -.8737812    .1685363
------------------------------------------------------------------------------

    Variable |        Obs        Mean    Std. Dev.       Min        Max
-------------+---------------------------------------------------------
     mik_mug |      3,074    2.544242    1.825844          0          7
i.year            _Iyear_2000-2001    (naturally coded; _Iyear_2000 omitted)
i.school_code     _Ischool_co_1-97    (naturally coded; _Ischool_co_1 omitted)
note: _Ischool_co_12 omitted because of collinearity
note: _Ischool_co_37 omitted because of collinearity
note: _Ischool_co_56 omitted because of collinearity
note: _Ischool_co_76 omitted because of collinearity
note: _Ischool_co_88 omitted because of collinearity
note: _Ischool_co_91 omitted because of collinearity

Linear regression                               Number of obs     =     11,598
                                                F(11, 20)         =          .
                                                Prob > F          =          .
                                                R-squared         =     0.3132
                                                Root MSE          =     .67198

                           (Std. Err. adjusted for 21 clusters in school_code)
------------------------------------------------------------------------------
             |               Robust
      madmug |      Coef.   Std. Err.      t    P>|t|     [95% Conf. Interval]
-------------+----------------------------------------------------------------
afterXtrea~t |   .1953003   .0807115     2.42   0.025     .0269391    .3636614
    att_lgcr |   -.068533   .0207831    -3.30   0.004    -.1118857   -.0251802
    att_lgsc |   .0056786   .0025841     2.20   0.040     .0002884    .0110689
    awr_lgcr |   .1429555   .0176412     8.10   0.000     .1061567    .1797543
  e_awr_lgcr |  -.0497559   .0420693    -1.18   0.251    -.1375109    .0379992
      asiafr |  -.0558915   .0265804    -2.10   0.048    -.1113372   -.0004458
         ole |   .2175297   .0866613     2.51   0.021     .0367573    .3983021
         boy |    .001142   .0248184     0.05   0.964    -.0506282    .0529122
      educav |   .0150537   .0049204     3.06   0.006     .0047899    .0253175
      educem |   .0111901   .0042133     2.66   0.015     .0024014    .0199789
      m_ahim |  -.0219464    .005727    -3.83   0.001    -.0338926   -.0100002
 _Iyear_2001 |  -.1486147   .0693995    -2.14   0.045    -.2933796   -.0038499
_Ischool_~_3 |   .1427042   .0171472     8.32   0.000     .1069359    .1784725
_Ischool_~_8 |   .2239653   .0302127     7.41   0.000     .1609428    .2869879
_Ischool_c~9 |   .0436265   .1579206     0.28   0.785    -.2857901    .3730432
_Ischool_~11 |   .3463877   .0825816     4.19   0.000     .1741256    .5186498
_Ischool_~12 |          0  (omitted)
_Ischool_~27 |    .939439    .068898    13.64   0.000     .7957202    1.083158
_Ischool_~30 |   .4796747   .0688568     6.97   0.000     .3360418    .6233076
_Ischool_~33 |   .1819163   .1081315     1.68   0.108     -.043642    .4074746
_Ischool_~37 |          0  (omitted)
_Ischool_~42 |   .2953373    .065132     4.53   0.000     .1594744    .4312003
_Ischool_~53 |   .2300886   .0443159     5.19   0.000     .1376472    .3225299
_Ischool_~56 |          0  (omitted)
_Ischool_~70 |  -.1274316   .1206706    -1.06   0.304    -.3791461    .1242829
_Ischool_~71 |   .3033245   .0866462     3.50   0.002     .1225837    .4840653
_Ischool_~73 |   .4213785   .1007856     4.18   0.000     .2111435    .6316136
_Ischool_~74 |    .688471    .075667     9.10   0.000     .5306324    .8463096
_Ischool_~75 |   .2303999   .0622892     3.70   0.001      .100467    .3603329
_Ischool_~76 |          0  (omitted)
_Ischool_~78 |   .6807083   .0527301    12.91   0.000     .5707152    .7907013
_Ischool_~86 |   .2691591   .1087225     2.48   0.022      .042368    .4959503
_Ischool_~87 |   .3020586    .073497     4.11   0.001     .1487467    .4553706
_Ischool_~88 |          0  (omitted)
_Ischool_~91 |          0  (omitted)
_Ischool_~94 |   .1835222   .1240215     1.48   0.155    -.0751821    .4422265
_Ischool_~96 |   .6094597   .1512844     4.03   0.001      .293886    .9250335
_Ischool_~97 |   .6976554    .104519     6.67   0.000     .4796325    .9156783
       _cons |  -.6785524   .0878491    -7.72   0.000    -.8618025   -.4953023
------------------------------------------------------------------------------

    Variable |        Obs        Mean    Std. Dev.       Min        Max
-------------+---------------------------------------------------------
      madmug |      3,074    .5322056    .8448292          0          4
14
16
18
